SLF4J: Class path contains multiple SLF4J bindings.
SLF4J: Found binding in [jar:file:/failslow/kafka/tools/build/dependant-libs-2.13.11/slf4j-reload4j-1.7.36.jar!/org/slf4j/impl/StaticLoggerBinder.class]
SLF4J: Found binding in [jar:file:/failslow/kafka/trogdor/build/dependant-libs-2.13.11/slf4j-reload4j-1.7.36.jar!/org/slf4j/impl/StaticLoggerBinder.class]
SLF4J: See http://www.slf4j.org/codes.html#multiple_bindings for an explanation.
SLF4J: Actual binding is of type [org.slf4j.impl.Reload4jLoggerFactory]
[2024-07-05 02:11:13,403] INFO Registered kafka:type=kafka.Log4jController MBean (kafka.utils.Log4jControllerRegistration$)
[2024-07-05 02:11:13,675] INFO Setting -D jdk.tls.rejectClientInitiatedRenegotiation=true to disable client-initiated TLS renegotiation (org.apache.zookeeper.common.X509Util)
[2024-07-05 02:11:13,844] INFO Registered signal handlers for TERM, INT, HUP (org.apache.kafka.common.utils.LoggingSignalHandler)
[2024-07-05 02:11:13,846] INFO starting (kafka.server.KafkaServer)
[2024-07-05 02:11:13,846] INFO Connecting to zookeeper on 172.30.0.2:2181,172.30.0.3:2181,172.30.0.4:2181 (kafka.server.KafkaServer)
[2024-07-05 02:11:13,859] INFO [ZooKeeperClient Kafka server] Initializing a new session to 172.30.0.2:2181,172.30.0.3:2181,172.30.0.4:2181. (kafka.zookeeper.ZooKeeperClient)
[2024-07-05 02:11:13,863] INFO Client environment:zookeeper.version=3.8.2-139d619b58292d7734b4fc83a0f44be4e7b0c986, built on 2023-07-05 19:24 UTC (org.apache.zookeeper.ZooKeeper)
[2024-07-05 02:11:13,863] INFO Client environment:host.name=e4164e6548dd (org.apache.zookeeper.ZooKeeper)
[2024-07-05 02:11:13,863] INFO Client environment:java.version=1.8.0_362 (org.apache.zookeeper.ZooKeeper)
[2024-07-05 02:11:13,863] INFO Client environment:java.vendor=Private Build (org.apache.zookeeper.ZooKeeper)
[2024-07-05 02:11:13,863] INFO Client environment:java.home=/usr/lib/jvm/java-8-openjdk-amd64/jre (org.apache.zookeeper.ZooKeeper)
[2024-07-05 02:11:13,863] INFO Client environment:java.class.path=/failslow/kafka/bin/../core/build/dependant-libs-2.13.11/commons-collections-3.2.2.jar:/failslow/kafka/bin/../core/build/dependant-libs-2.13.11/scala-library-2.13.11.jar:/failslow/kafka/bin/../core/build/dependant-libs-2.13.11/lz4-java-1.8.0.jar:/failslow/kafka/bin/../core/build/dependant-libs-2.13.11/kafka-storage-3.6.0.jar:/failslow/kafka/bin/../core/build/dependant-libs-2.13.11/audience-annotations-0.12.0.jar:/failslow/kafka/bin/../core/build/dependant-libs-2.13.11/snappy-java-1.1.10.4.jar:/failslow/kafka/bin/../core/build/dependant-libs-2.13.11/metrics-core-2.2.0.jar:/failslow/kafka/bin/../core/build/dependant-libs-2.13.11/netty-transport-classes-epoll-4.1.94.Final.jar:/failslow/kafka/bin/../core/build/dependant-libs-2.13.11/netty-common-4.1.94.Final.jar:/failslow/kafka/bin/../core/build/dependant-libs-2.13.11/commons-digester-2.1.jar:/failslow/kafka/bin/../core/build/dependant-libs-2.13.11/jose4j-0.9.3.jar:/failslow/kafka/bin/../core/build/dependant-libs-2.13.11/scala-reflect-2.13.11.jar:/failslow/kafka/bin/../core/build/dependant-libs-2.13.11/netty-transport-4.1.94.Final.jar:/failslow/kafka/bin/../core/build/dependant-libs-2.13.11/netty-transport-native-epoll-4.1.94.Final.jar:/failslow/kafka/bin/../core/build/dependant-libs-2.13.11/jackson-core-2.13.5.jar:/failslow/kafka/bin/../core/build/dependant-libs-2.13.11/kafka-metadata-3.6.0.jar:/failslow/kafka/bin/../core/build/dependant-libs-2.13.11/paranamer-2.8.jar:/failslow/kafka/bin/../core/build/dependant-libs-2.13.11/kafka-storage-api-3.6.0.jar:/failslow/kafka/bin/../core/build/dependant-libs-2.13.11/jackson-dataformat-csv-2.13.5.jar:/failslow/kafka/bin/../core/build/dependant-libs-2.13.11/zookeeper-jute-3.8.2.jar:/failslow/kafka/bin/../core/build/dependant-libs-2.13.11/jackson-databind-2.13.5.jar:/failslow/kafka/bin/../core/build/dependant-libs-2.13.11/commons-validator-1.7.jar:/failslow/kafka/bin/../core/build/dependant-libs-2.13.11/scala-java8-compat_2.13-1.0.2.jar:/failslow/kafka/bin/../core/build/dependant-libs-2.13.11/kafka-raft-3.6.0.jar:/failslow/kafka/bin/../core/build/dependant-libs-2.13.11/argparse4j-0.7.0.jar:/failslow/kafka/bin/../core/build/dependant-libs-2.13.11/kafka-server-common-3.6.0.jar:/failslow/kafka/bin/../core/build/dependant-libs-2.13.11/kafka-group-coordinator-3.6.0.jar:/failslow/kafka/bin/../core/build/dependant-libs-2.13.11/jackson-annotations-2.13.5.jar:/failslow/kafka/bin/../core/build/dependant-libs-2.13.11/checker-qual-3.19.0.jar:/failslow/kafka/bin/../core/build/dependant-libs-2.13.11/caffeine-2.9.3.jar:/failslow/kafka/bin/../core/build/dependant-libs-2.13.11/netty-buffer-4.1.94.Final.jar:/failslow/kafka/bin/../core/build/dependant-libs-2.13.11/kafka-tools-api-3.6.0.jar:/failslow/kafka/bin/../core/build/dependant-libs-2.13.11/commons-cli-1.4.jar:/failslow/kafka/bin/../core/build/dependant-libs-2.13.11/commons-logging-1.2.jar:/failslow/kafka/bin/../core/build/dependant-libs-2.13.11/netty-codec-4.1.94.Final.jar:/failslow/kafka/bin/../core/build/dependant-libs-2.13.11/netty-transport-native-unix-common-4.1.94.Final.jar:/failslow/kafka/bin/../core/build/dependant-libs-2.13.11/commons-io-2.11.0.jar:/failslow/kafka/bin/../core/build/dependant-libs-2.13.11/jackson-module-scala_2.13-2.13.5.jar:/failslow/kafka/bin/../core/build/dependant-libs-2.13.11/netty-handler-4.1.94.Final.jar:/failslow/kafka/bin/../core/build/dependant-libs-2.13.11/netty-resolver-4.1.94.Final.jar:/failslow/kafka/bin/../core/build/dependant-libs-2.13.11/jackson-datatype-jdk8-2.13.5.jar:/failslow/kafka/bin/../core/build/dependant-libs-2.13.11/zstd-jni-1.5.5-1.jar:/failslow/kafka/bin/../core/build/dependant-libs-2.13.11/zookeeper-3.8.2.jar:/failslow/kafka/bin/../core/build/dependant-libs-2.13.11/error_prone_annotations-2.10.0.jar:/failslow/kafka/bin/../core/build/dependant-libs-2.13.11/slf4j-api-1.7.36.jar:/failslow/kafka/bin/../core/build/dependant-libs-2.13.11/metrics-core-4.1.12.1.jar:/failslow/kafka/bin/../core/build/dependant-libs-2.13.11/jopt-simple-5.0.4.jar:/failslow/kafka/bin/../core/build/dependant-libs-2.13.11/pcollections-4.0.1.jar:/failslow/kafka/bin/../core/build/dependant-libs-2.13.11/scala-logging_2.13-3.9.4.jar:/failslow/kafka/bin/../core/build/dependant-libs-2.13.11/scala-collection-compat_2.13-2.10.0.jar:/failslow/kafka/bin/../core/build/dependant-libs-2.13.11/commons-beanutils-1.9.4.jar:/failslow/kafka/bin/../core/build/dependant-libs-2.13.11/reload4j-1.2.25.jar:/failslow/kafka/bin/../examples/build/libs/kafka-examples-3.6.0.jar:/failslow/kafka/bin/../clients/build/libs/kafka-clients-3.6.0.jar:/failslow/kafka/bin/../streams/build/libs/kafka-streams-3.6.0.jar:/failslow/kafka/bin/../streams/examples/build/libs/kafka-streams-examples-3.6.0.jar:/failslow/kafka/bin/../streams/build/dependant-libs-2.13.11/rocksdbjni-7.9.2.jar:/failslow/kafka/bin/../shell/build/libs/kafka-shell-3.6.0.jar:/failslow/kafka/bin/../shell/build/dependant-libs-2.13.11/jline-3.22.0.jar:/failslow/kafka/bin/../tools/build/libs/kafka-tools-3.6.0.jar:/failslow/kafka/bin/../tools/build/dependant-libs-2.13.11/jetty-util-9.4.52.v20230823.jar:/failslow/kafka/bin/../tools/build/dependant-libs-2.13.11/lz4-java-1.8.0.jar:/failslow/kafka/bin/../tools/build/dependant-libs-2.13.11/jersey-client-2.39.1.jar:/failslow/kafka/bin/../tools/build/dependant-libs-2.13.11/jersey-common-2.39.1.jar:/failslow/kafka/bin/../tools/build/dependant-libs-2.13.11/snappy-java-1.1.10.4.jar:/failslow/kafka/bin/../tools/build/dependant-libs-2.13.11/jakarta.ws.rs-api-2.1.6.jar:/failslow/kafka/bin/../tools/build/dependant-libs-2.13.11/metrics-core-2.2.0.jar:/failslow/kafka/bin/../tools/build/dependant-libs-2.13.11/aopalliance-repackaged-2.6.1.jar:/failslow/kafka/bin/../tools/build/dependant-libs-2.13.11/javax.servlet-api-3.1.0.jar:/failslow/kafka/bin/../tools/build/dependant-libs-2.13.11/jakarta.xml.bind-api-2.3.3.jar:/failslow/kafka/bin/../tools/build/dependant-libs-2.13.11/jackson-jaxrs-json-provider-2.13.5.jar:/failslow/kafka/bin/../tools/build/dependant-libs-2.13.11/commons-lang3-3.8.1.jar:/failslow/kafka/bin/../tools/build/dependant-libs-2.13.11/connect-api-3.6.0.jar:/failslow/kafka/bin/../tools/build/dependant-libs-2.13.11/jetty-http-9.4.52.v20230823.jar:/failslow/kafka/bin/../tools/build/dependant-libs-2.13.11/jetty-security-9.4.52.v20230823.jar:/failslow/kafka/bin/../tools/build/dependant-libs-2.13.11/jose4j-0.9.3.jar:/failslow/kafka/bin/../tools/build/dependant-libs-2.13.11/jaxb-api-2.3.1.jar:/failslow/kafka/bin/../tools/build/dependant-libs-2.13.11/connect-transforms-3.6.0.jar:/failslow/kafka/bin/../tools/build/dependant-libs-2.13.11/jetty-util-ajax-9.4.52.v20230823.jar:/failslow/kafka/bin/../tools/build/dependant-libs-2.13.11/reflections-0.10.2.jar:/failslow/kafka/bin/../tools/build/dependant-libs-2.13.11/jetty-continuation-9.4.52.v20230823.jar:/failslow/kafka/bin/../tools/build/dependant-libs-2.13.11/jakarta.inject-2.6.1.jar:/failslow/kafka/bin/../tools/build/dependant-libs-2.13.11/jackson-core-2.13.5.jar:/failslow/kafka/bin/../tools/build/dependant-libs-2.13.11/activation-1.1.1.jar:/failslow/kafka/bin/../tools/build/dependant-libs-2.13.11/jakarta.validation-api-2.0.2.jar:/failslow/kafka/bin/../tools/build/dependant-libs-2.13.11/javassist-3.29.2-GA.jar:/failslow/kafka/bin/../tools/build/dependant-libs-2.13.11/jsr305-3.0.2.jar:/failslow/kafka/bin/../tools/build/dependant-libs-2.13.11/jetty-io-9.4.52.v20230823.jar:/failslow/kafka/bin/../tools/build/dependant-libs-2.13.11/jakarta.activation-api-1.2.2.jar:/failslow/kafka/bin/../tools/build/dependant-libs-2.13.11/jackson-jaxrs-base-2.13.5.jar:/failslow/kafka/bin/../tools/build/dependant-libs-2.13.11/jetty-servlets-9.4.52.v20230823.jar:/failslow/kafka/bin/../tools/build/dependant-libs-2.13.11/jersey-server-2.39.1.jar:/failslow/kafka/bin/../tools/build/dependant-libs-2.13.11/jetty-servlet-9.4.52.v20230823.jar:/failslow/kafka/bin/../tools/build/dependant-libs-2.13.11/jackson-databind-2.13.5.jar:/failslow/kafka/bin/../tools/build/dependant-libs-2.13.11/hk2-utils-2.6.1.jar:/failslow/kafka/bin/../tools/build/dependant-libs-2.13.11/javax.activation-api-1.2.0.jar:/failslow/kafka/bin/../tools/build/dependant-libs-2.13.11/jetty-server-9.4.52.v20230823.jar:/failslow/kafka/bin/../tools/build/dependant-libs-2.13.11/jersey-container-servlet-core-2.39.1.jar:/failslow/kafka/bin/../tools/build/dependant-libs-2.13.11/jakarta.annotation-api-1.3.5.jar:/failslow/kafka/bin/../tools/build/dependant-libs-2.13.11/argparse4j-0.7.0.jar:/failslow/kafka/bin/../tools/build/dependant-libs-2.13.11/kafka-server-common-3.6.0.jar:/failslow/kafka/bin/../tools/build/dependant-libs-2.13.11/kafka-log4j-appender-3.6.0.jar:/failslow/kafka/bin/../tools/build/dependant-libs-2.13.11/jersey-hk2-2.39.1.jar:/failslow/kafka/bin/../tools/build/dependant-libs-2.13.11/connect-json-3.6.0.jar:/failslow/kafka/bin/../tools/build/dependant-libs-2.13.11/jackson-annotations-2.13.5.jar:/failslow/kafka/bin/../tools/build/dependant-libs-2.13.11/kafka-tools-api-3.6.0.jar:/failslow/kafka/bin/../tools/build/dependant-libs-2.13.11/jetty-client-9.4.52.v20230823.jar:/failslow/kafka/bin/../tools/build/dependant-libs-2.13.11/connect-runtime-3.6.0.jar:/failslow/kafka/bin/../tools/build/dependant-libs-2.13.11/maven-artifact-3.8.8.jar:/failslow/kafka/bin/../tools/build/dependant-libs-2.13.11/hk2-locator-2.6.1.jar:/failslow/kafka/bin/../tools/build/dependant-libs-2.13.11/swagger-annotations-2.2.8.jar:/failslow/kafka/bin/../tools/build/dependant-libs-2.13.11/jackson-module-jaxb-annotations-2.13.5.jar:/failslow/kafka/bin/../tools/build/dependant-libs-2.13.11/jackson-datatype-jdk8-2.13.5.jar:/failslow/kafka/bin/../tools/build/dependant-libs-2.13.11/zstd-jni-1.5.5-1.jar:/failslow/kafka/bin/../tools/build/dependant-libs-2.13.11/slf4j-reload4j-1.7.36.jar:/failslow/kafka/bin/../tools/build/dependant-libs-2.13.11/plexus-utils-3.3.1.jar:/failslow/kafka/bin/../tools/build/dependant-libs-2.13.11/slf4j-api-1.7.36.jar:/failslow/kafka/bin/../tools/build/dependant-libs-2.13.11/hk2-api-2.6.1.jar:/failslow/kafka/bin/../tools/build/dependant-libs-2.13.11/jopt-simple-5.0.4.jar:/failslow/kafka/bin/../tools/build/dependant-libs-2.13.11/pcollections-4.0.1.jar:/failslow/kafka/bin/../tools/build/dependant-libs-2.13.11/jersey-container-servlet-2.39.1.jar:/failslow/kafka/bin/../tools/build/dependant-libs-2.13.11/osgi-resource-locator-1.0.3.jar:/failslow/kafka/bin/../tools/build/dependant-libs-2.13.11/reload4j-1.2.25.jar:/failslow/kafka/bin/../tools/build/dependant-libs-2.13.11/javax.ws.rs-api-2.1.1.jar:/failslow/kafka/bin/../trogdor/build/libs/trogdor-3.6.0.jar:/failslow/kafka/bin/../trogdor/build/dependant-libs-2.13.11/jetty-util-9.4.52.v20230823.jar:/failslow/kafka/bin/../trogdor/build/dependant-libs-2.13.11/lz4-java-1.8.0.jar:/failslow/kafka/bin/../trogdor/build/dependant-libs-2.13.11/jersey-client-2.39.1.jar:/failslow/kafka/bin/../trogdor/build/dependant-libs-2.13.11/jersey-common-2.39.1.jar:/failslow/kafka/bin/../trogdor/build/dependant-libs-2.13.11/snappy-java-1.1.10.4.jar:/failslow/kafka/bin/../trogdor/build/dependant-libs-2.13.11/jakarta.ws.rs-api-2.1.6.jar:/failslow/kafka/bin/../trogdor/build/dependant-libs-2.13.11/aopalliance-repackaged-2.6.1.jar:/failslow/kafka/bin/../trogdor/build/dependant-libs-2.13.11/javax.servlet-api-3.1.0.jar:/failslow/kafka/bin/../trogdor/build/dependant-libs-2.13.11/jakarta.xml.bind-api-2.3.3.jar:/failslow/kafka/bin/../trogdor/build/dependant-libs-2.13.11/jackson-jaxrs-json-provider-2.13.5.jar:/failslow/kafka/bin/../trogdor/build/dependant-libs-2.13.11/jetty-http-9.4.52.v20230823.jar:/failslow/kafka/bin/../trogdor/build/dependant-libs-2.13.11/jetty-security-9.4.52.v20230823.jar:/failslow/kafka/bin/../trogdor/build/dependant-libs-2.13.11/jaxb-api-2.3.1.jar:/failslow/kafka/bin/../trogdor/build/dependant-libs-2.13.11/jetty-util-ajax-9.4.52.v20230823.jar:/failslow/kafka/bin/../trogdor/build/dependant-libs-2.13.11/jetty-continuation-9.4.52.v20230823.jar:/failslow/kafka/bin/../trogdor/build/dependant-libs-2.13.11/jakarta.inject-2.6.1.jar:/failslow/kafka/bin/../trogdor/build/dependant-libs-2.13.11/jackson-core-2.13.5.jar:/failslow/kafka/bin/../trogdor/build/dependant-libs-2.13.11/activation-1.1.1.jar:/failslow/kafka/bin/../trogdor/build/dependant-libs-2.13.11/jakarta.validation-api-2.0.2.jar:/failslow/kafka/bin/../trogdor/build/dependant-libs-2.13.11/javassist-3.29.2-GA.jar:/failslow/kafka/bin/../trogdor/build/dependant-libs-2.13.11/jetty-io-9.4.52.v20230823.jar:/failslow/kafka/bin/../trogdor/build/dependant-libs-2.13.11/jakarta.activation-api-1.2.2.jar:/failslow/kafka/bin/../trogdor/build/dependant-libs-2.13.11/jackson-jaxrs-base-2.13.5.jar:/failslow/kafka/bin/../trogdor/build/dependant-libs-2.13.11/jetty-servlets-9.4.52.v20230823.jar:/failslow/kafka/bin/../trogdor/build/dependant-libs-2.13.11/jersey-server-2.39.1.jar:/failslow/kafka/bin/../trogdor/build/dependant-libs-2.13.11/jetty-servlet-9.4.52.v20230823.jar:/failslow/kafka/bin/../trogdor/build/dependant-libs-2.13.11/jackson-databind-2.13.5.jar:/failslow/kafka/bin/../trogdor/build/dependant-libs-2.13.11/hk2-utils-2.6.1.jar:/failslow/kafka/bin/../trogdor/build/dependant-libs-2.13.11/javax.activation-api-1.2.0.jar:/failslow/kafka/bin/../trogdor/build/dependant-libs-2.13.11/jetty-server-9.4.52.v20230823.jar:/failslow/kafka/bin/../trogdor/build/dependant-libs-2.13.11/jersey-container-servlet-core-2.39.1.jar:/failslow/kafka/bin/../trogdor/build/dependant-libs-2.13.11/jakarta.annotation-api-1.3.5.jar:/failslow/kafka/bin/../trogdor/build/dependant-libs-2.13.11/argparse4j-0.7.0.jar:/failslow/kafka/bin/../trogdor/build/dependant-libs-2.13.11/kafka-log4j-appender-3.6.0.jar:/failslow/kafka/bin/../trogdor/build/dependant-libs-2.13.11/jersey-hk2-2.39.1.jar:/failslow/kafka/bin/../trogdor/build/dependant-libs-2.13.11/jackson-annotations-2.13.5.jar:/failslow/kafka/bin/../trogdor/build/dependant-libs-2.13.11/hk2-locator-2.6.1.jar:/failslow/kafka/bin/../trogdor/build/dependant-libs-2.13.11/jackson-module-jaxb-annotations-2.13.5.jar:/failslow/kafka/bin/../trogdor/build/dependant-libs-2.13.11/jackson-datatype-jdk8-2.13.5.jar:/failslow/kafka/bin/../trogdor/build/dependant-libs-2.13.11/zstd-jni-1.5.5-1.jar:/failslow/kafka/bin/../trogdor/build/dependant-libs-2.13.11/slf4j-reload4j-1.7.36.jar:/failslow/kafka/bin/../trogdor/build/dependant-libs-2.13.11/slf4j-api-1.7.36.jar:/failslow/kafka/bin/../trogdor/build/dependant-libs-2.13.11/hk2-api-2.6.1.jar:/failslow/kafka/bin/../trogdor/build/dependant-libs-2.13.11/jersey-container-servlet-2.39.1.jar:/failslow/kafka/bin/../trogdor/build/dependant-libs-2.13.11/osgi-resource-locator-1.0.3.jar:/failslow/kafka/bin/../trogdor/build/dependant-libs-2.13.11/reload4j-1.2.25.jar:/failslow/kafka/bin/../connect/api/build/libs/connect-api-3.6.0.jar:/failslow/kafka/bin/../connect/api/build/dependant-libs/lz4-java-1.8.0.jar:/failslow/kafka/bin/../connect/api/build/dependant-libs/snappy-java-1.1.10.4.jar:/failslow/kafka/bin/../connect/api/build/dependant-libs/zstd-jni-1.5.5-1.jar:/failslow/kafka/bin/../connect/api/build/dependant-libs/slf4j-api-1.7.36.jar:/failslow/kafka/bin/../connect/api/build/dependant-libs/reload4j-1.2.25.jar:/failslow/kafka/bin/../connect/api/build/dependant-libs/javax.ws.rs-api-2.1.1.jar:/failslow/kafka/bin/../connect/transforms/build/libs/connect-transforms-3.6.0.jar:/failslow/kafka/bin/../connect/transforms/build/dependant-libs/lz4-java-1.8.0.jar:/failslow/kafka/bin/../connect/transforms/build/dependant-libs/snappy-java-1.1.10.4.jar:/failslow/kafka/bin/../connect/transforms/build/dependant-libs/zstd-jni-1.5.5-1.jar:/failslow/kafka/bin/../connect/transforms/build/dependant-libs/slf4j-api-1.7.36.jar:/failslow/kafka/bin/../connect/transforms/build/dependant-libs/reload4j-1.2.25.jar:/failslow/kafka/bin/../connect/transforms/build/dependant-libs/javax.ws.rs-api-2.1.1.jar:/failslow/kafka/bin/../connect/runtime/build/libs/connect-runtime-3.6.0.jar:/failslow/kafka/bin/../connect/runtime/build/dependant-libs/jetty-util-9.4.52.v20230823.jar:/failslow/kafka/bin/../connect/runtime/build/dependant-libs/lz4-java-1.8.0.jar:/failslow/kafka/bin/../connect/runtime/build/dependant-libs/jersey-client-2.39.1.jar:/failslow/kafka/bin/../connect/runtime/build/dependant-libs/jersey-common-2.39.1.jar:/failslow/kafka/bin/../connect/runtime/build/dependant-libs/snappy-java-1.1.10.4.jar:/failslow/kafka/bin/../connect/runtime/build/dependant-libs/jakarta.ws.rs-api-2.1.6.jar:/failslow/kafka/bin/../connect/runtime/build/dependant-libs/aopalliance-repackaged-2.6.1.jar:/failslow/kafka/bin/../connect/runtime/build/dependant-libs/javax.servlet-api-3.1.0.jar:/failslow/kafka/bin/../connect/runtime/build/dependant-libs/jakarta.xml.bind-api-2.3.3.jar:/failslow/kafka/bin/../connect/runtime/build/dependant-libs/jackson-jaxrs-json-provider-2.13.5.jar:/failslow/kafka/bin/../connect/runtime/build/dependant-libs/commons-lang3-3.8.1.jar:/failslow/kafka/bin/../connect/runtime/build/dependant-libs/jetty-http-9.4.52.v20230823.jar:/failslow/kafka/bin/../connect/runtime/build/dependant-libs/jetty-security-9.4.52.v20230823.jar:/failslow/kafka/bin/../connect/runtime/build/dependant-libs/jose4j-0.9.3.jar:/failslow/kafka/bin/../connect/runtime/build/dependant-libs/jaxb-api-2.3.1.jar:/failslow/kafka/bin/../connect/runtime/build/dependant-libs/jetty-util-ajax-9.4.52.v20230823.jar:/failslow/kafka/bin/../connect/runtime/build/dependant-libs/reflections-0.10.2.jar:/failslow/kafka/bin/../connect/runtime/build/dependant-libs/jetty-continuation-9.4.52.v20230823.jar:/failslow/kafka/bin/../connect/runtime/build/dependant-libs/jakarta.inject-2.6.1.jar:/failslow/kafka/bin/../connect/runtime/build/dependant-libs/jackson-core-2.13.5.jar:/failslow/kafka/bin/../connect/runtime/build/dependant-libs/activation-1.1.1.jar:/failslow/kafka/bin/../connect/runtime/build/dependant-libs/jakarta.validation-api-2.0.2.jar:/failslow/kafka/bin/../connect/runtime/build/dependant-libs/javassist-3.29.2-GA.jar:/failslow/kafka/bin/../connect/runtime/build/dependant-libs/jsr305-3.0.2.jar:/failslow/kafka/bin/../connect/runtime/build/dependant-libs/jetty-io-9.4.52.v20230823.jar:/failslow/kafka/bin/../connect/runtime/build/dependant-libs/jakarta.activation-api-1.2.2.jar:/failslow/kafka/bin/../connect/runtime/build/dependant-libs/jackson-jaxrs-base-2.13.5.jar:/failslow/kafka/bin/../connect/runtime/build/dependant-libs/jetty-servlets-9.4.52.v20230823.jar:/failslow/kafka/bin/../connect/runtime/build/dependant-libs/jersey-server-2.39.1.jar:/failslow/kafka/bin/../connect/runtime/build/dependant-libs/jetty-servlet-9.4.52.v20230823.jar:/failslow/kafka/bin/../connect/runtime/build/dependant-libs/jackson-databind-2.13.5.jar:/failslow/kafka/bin/../connect/runtime/build/dependant-libs/hk2-utils-2.6.1.jar:/failslow/kafka/bin/../connect/runtime/build/dependant-libs/javax.activation-api-1.2.0.jar:/failslow/kafka/bin/../connect/runtime/build/dependant-libs/jetty-server-9.4.52.v20230823.jar:/failslow/kafka/bin/../connect/runtime/build/dependant-libs/jersey-container-servlet-core-2.39.1.jar:/failslow/kafka/bin/../connect/runtime/build/dependant-libs/jakarta.annotation-api-1.3.5.jar:/failslow/kafka/bin/../connect/runtime/build/dependant-libs/jersey-hk2-2.39.1.jar:/failslow/kafka/bin/../connect/runtime/build/dependant-libs/jackson-annotations-2.13.5.jar:/failslow/kafka/bin/../connect/runtime/build/dependant-libs/jetty-client-9.4.52.v20230823.jar:/failslow/kafka/bin/../connect/runtime/build/dependant-libs/maven-artifact-3.8.8.jar:/failslow/kafka/bin/../connect/runtime/build/dependant-libs/hk2-locator-2.6.1.jar:/failslow/kafka/bin/../connect/runtime/build/dependant-libs/swagger-annotations-2.2.8.jar:/failslow/kafka/bin/../connect/runtime/build/dependant-libs/jackson-module-jaxb-annotations-2.13.5.jar:/failslow/kafka/bin/../connect/runtime/build/dependant-libs/jackson-datatype-jdk8-2.13.5.jar:/failslow/kafka/bin/../connect/runtime/build/dependant-libs/zstd-jni-1.5.5-1.jar:/failslow/kafka/bin/../connect/runtime/build/dependant-libs/plexus-utils-3.3.1.jar:/failslow/kafka/bin/../connect/runtime/build/dependant-libs/slf4j-api-1.7.36.jar:/failslow/kafka/bin/../connect/runtime/build/dependant-libs/hk2-api-2.6.1.jar:/failslow/kafka/bin/../connect/runtime/build/dependant-libs/jersey-container-servlet-2.39.1.jar:/failslow/kafka/bin/../connect/runtime/build/dependant-libs/osgi-resource-locator-1.0.3.jar:/failslow/kafka/bin/../connect/runtime/build/dependant-libs/reload4j-1.2.25.jar:/failslow/kafka/bin/../connect/runtime/build/dependant-libs/javax.ws.rs-api-2.1.1.jar:/failslow/kafka/bin/../connect/mirror/build/libs/connect-mirror-3.6.0.jar:/failslow/kafka/bin/../connect/mirror/build/dependant-libs/jetty-util-9.4.52.v20230823.jar:/failslow/kafka/bin/../connect/mirror/build/dependant-libs/lz4-java-1.8.0.jar:/failslow/kafka/bin/../connect/mirror/build/dependant-libs/jersey-client-2.39.1.jar:/failslow/kafka/bin/../connect/mirror/build/dependant-libs/jersey-common-2.39.1.jar:/failslow/kafka/bin/../connect/mirror/build/dependant-libs/snappy-java-1.1.10.4.jar:/failslow/kafka/bin/../connect/mirror/build/dependant-libs/jakarta.ws.rs-api-2.1.6.jar:/failslow/kafka/bin/../connect/mirror/build/dependant-libs/aopalliance-repackaged-2.6.1.jar:/failslow/kafka/bin/../connect/mirror/build/dependant-libs/javax.servlet-api-3.1.0.jar:/failslow/kafka/bin/../connect/mirror/build/dependant-libs/jakarta.xml.bind-api-2.3.3.jar:/failslow/kafka/bin/../connect/mirror/build/dependant-libs/jackson-jaxrs-json-provider-2.13.5.jar:/failslow/kafka/bin/../connect/mirror/build/dependant-libs/commons-lang3-3.8.1.jar:/failslow/kafka/bin/../connect/mirror/build/dependant-libs/jetty-http-9.4.52.v20230823.jar:/failslow/kafka/bin/../connect/mirror/build/dependant-libs/jetty-security-9.4.52.v20230823.jar:/failslow/kafka/bin/../connect/mirror/build/dependant-libs/jose4j-0.9.3.jar:/failslow/kafka/bin/../connect/mirror/build/dependant-libs/jaxb-api-2.3.1.jar:/failslow/kafka/bin/../connect/mirror/build/dependant-libs/jetty-util-ajax-9.4.52.v20230823.jar:/failslow/kafka/bin/../connect/mirror/build/dependant-libs/reflections-0.10.2.jar:/failslow/kafka/bin/../connect/mirror/build/dependant-libs/jetty-continuation-9.4.52.v20230823.jar:/failslow/kafka/bin/../connect/mirror/build/dependant-libs/jakarta.inject-2.6.1.jar:/failslow/kafka/bin/../connect/mirror/build/dependant-libs/jackson-core-2.13.5.jar:/failslow/kafka/bin/../connect/mirror/build/dependant-libs/activation-1.1.1.jar:/failslow/kafka/bin/../connect/mirror/build/dependant-libs/jakarta.validation-api-2.0.2.jar:/failslow/kafka/bin/../connect/mirror/build/dependant-libs/javassist-3.29.2-GA.jar:/failslow/kafka/bin/../connect/mirror/build/dependant-libs/jsr305-3.0.2.jar:/failslow/kafka/bin/../connect/mirror/build/dependant-libs/jetty-io-9.4.52.v20230823.jar:/failslow/kafka/bin/../connect/mirror/build/dependant-libs/jakarta.activation-api-1.2.2.jar:/failslow/kafka/bin/../connect/mirror/build/dependant-libs/jackson-jaxrs-base-2.13.5.jar:/failslow/kafka/bin/../connect/mirror/build/dependant-libs/jetty-servlets-9.4.52.v20230823.jar:/failslow/kafka/bin/../connect/mirror/build/dependant-libs/jersey-server-2.39.1.jar:/failslow/kafka/bin/../connect/mirror/build/dependant-libs/jetty-servlet-9.4.52.v20230823.jar:/failslow/kafka/bin/../connect/mirror/build/dependant-libs/jackson-databind-2.13.5.jar:/failslow/kafka/bin/../connect/mirror/build/dependant-libs/hk2-utils-2.6.1.jar:/failslow/kafka/bin/../connect/mirror/build/dependant-libs/javax.activation-api-1.2.0.jar:/failslow/kafka/bin/../connect/mirror/build/dependant-libs/jetty-server-9.4.52.v20230823.jar:/failslow/kafka/bin/../connect/mirror/build/dependant-libs/jersey-container-servlet-core-2.39.1.jar:/failslow/kafka/bin/../connect/mirror/build/dependant-libs/jakarta.annotation-api-1.3.5.jar:/failslow/kafka/bin/../connect/mirror/build/dependant-libs/argparse4j-0.7.0.jar:/failslow/kafka/bin/../connect/mirror/build/dependant-libs/jersey-hk2-2.39.1.jar:/failslow/kafka/bin/../connect/mirror/build/dependant-libs/jackson-annotations-2.13.5.jar:/failslow/kafka/bin/../connect/mirror/build/dependant-libs/jetty-client-9.4.52.v20230823.jar:/failslow/kafka/bin/../connect/mirror/build/dependant-libs/maven-artifact-3.8.8.jar:/failslow/kafka/bin/../connect/mirror/build/dependant-libs/hk2-locator-2.6.1.jar:/failslow/kafka/bin/../connect/mirror/build/dependant-libs/swagger-annotations-2.2.8.jar:/failslow/kafka/bin/../connect/mirror/build/dependant-libs/jackson-module-jaxb-annotations-2.13.5.jar:/failslow/kafka/bin/../connect/mirror/build/dependant-libs/jackson-datatype-jdk8-2.13.5.jar:/failslow/kafka/bin/../connect/mirror/build/dependant-libs/zstd-jni-1.5.5-1.jar:/failslow/kafka/bin/../connect/mirror/build/dependant-libs/plexus-utils-3.3.1.jar:/failslow/kafka/bin/../connect/mirror/build/dependant-libs/slf4j-api-1.7.36.jar:/failslow/kafka/bin/../connect/mirror/build/dependant-libs/hk2-api-2.6.1.jar:/failslow/kafka/bin/../connect/mirror/build/dependant-libs/jersey-container-servlet-2.39.1.jar:/failslow/kafka/bin/../connect/mirror/build/dependant-libs/osgi-resource-locator-1.0.3.jar:/failslow/kafka/bin/../connect/mirror/build/dependant-libs/reload4j-1.2.25.jar:/failslow/kafka/bin/../connect/mirror/build/dependant-libs/javax.ws.rs-api-2.1.1.jar:/failslow/kafka/bin/../connect/mirror-client/build/libs/connect-mirror-client-3.6.0.jar:/failslow/kafka/bin/../connect/mirror-client/build/dependant-libs/lz4-java-1.8.0.jar:/failslow/kafka/bin/../connect/mirror-client/build/dependant-libs/snappy-java-1.1.10.4.jar:/failslow/kafka/bin/../connect/mirror-client/build/dependant-libs/zstd-jni-1.5.5-1.jar:/failslow/kafka/bin/../connect/mirror-client/build/dependant-libs/slf4j-api-1.7.36.jar:/failslow/kafka/bin/../connect/mirror-client/build/dependant-libs/reload4j-1.2.25.jar:/failslow/kafka/bin/../connect/json/build/libs/connect-json-3.6.0.jar:/failslow/kafka/bin/../connect/json/build/dependant-libs/lz4-java-1.8.0.jar:/failslow/kafka/bin/../connect/json/build/dependant-libs/snappy-java-1.1.10.4.jar:/failslow/kafka/bin/../connect/json/build/dependant-libs/jackson-core-2.13.5.jar:/failslow/kafka/bin/../connect/json/build/dependant-libs/jackson-databind-2.13.5.jar:/failslow/kafka/bin/../connect/json/build/dependant-libs/jackson-annotations-2.13.5.jar:/failslow/kafka/bin/../connect/json/build/dependant-libs/jackson-datatype-jdk8-2.13.5.jar:/failslow/kafka/bin/../connect/json/build/dependant-libs/zstd-jni-1.5.5-1.jar:/failslow/kafka/bin/../connect/json/build/dependant-libs/slf4j-api-1.7.36.jar:/failslow/kafka/bin/../connect/json/build/dependant-libs/reload4j-1.2.25.jar:/failslow/kafka/bin/../connect/json/build/dependant-libs/javax.ws.rs-api-2.1.1.jar:/failslow/kafka/bin/../connect/basic-auth-extension/build/libs/connect-basic-auth-extension-3.6.0.jar:/failslow/kafka/bin/../connect/basic-auth-extension/build/dependant-libs/lz4-java-1.8.0.jar:/failslow/kafka/bin/../connect/basic-auth-extension/build/dependant-libs/snappy-java-1.1.10.4.jar:/failslow/kafka/bin/../connect/basic-auth-extension/build/dependant-libs/javax.annotation-api-1.3.2.jar:/failslow/kafka/bin/../connect/basic-auth-extension/build/dependant-libs/zstd-jni-1.5.5-1.jar:/failslow/kafka/bin/../connect/basic-auth-extension/build/dependant-libs/slf4j-api-1.7.36.jar:/failslow/kafka/bin/../connect/basic-auth-extension/build/dependant-libs/reload4j-1.2.25.jar:/failslow/kafka/bin/../connect/basic-auth-extension/build/dependant-libs/javax.ws.rs-api-2.1.1.jar:/failslow/kafka/bin/../core/build/libs/kafka_2.13-3.6.0.jar (org.apache.zookeeper.ZooKeeper)
[2024-07-05 02:11:13,865] INFO Client environment:java.library.path=/usr/java/packages/lib/amd64:/usr/lib/x86_64-linux-gnu/jni:/lib/x86_64-linux-gnu:/usr/lib/x86_64-linux-gnu:/usr/lib/jni:/lib:/usr/lib (org.apache.zookeeper.ZooKeeper)
[2024-07-05 02:11:13,865] INFO Client environment:java.io.tmpdir=/tmp (org.apache.zookeeper.ZooKeeper)
[2024-07-05 02:11:13,865] INFO Client environment:java.compiler=<NA> (org.apache.zookeeper.ZooKeeper)
[2024-07-05 02:11:13,865] INFO Client environment:os.name=Linux (org.apache.zookeeper.ZooKeeper)
[2024-07-05 02:11:13,865] INFO Client environment:os.arch=amd64 (org.apache.zookeeper.ZooKeeper)
[2024-07-05 02:11:13,865] INFO Client environment:os.version=5.4.0-152-generic (org.apache.zookeeper.ZooKeeper)
[2024-07-05 02:11:13,865] INFO Client environment:user.name=root (org.apache.zookeeper.ZooKeeper)
[2024-07-05 02:11:13,865] INFO Client environment:user.home=/root (org.apache.zookeeper.ZooKeeper)
[2024-07-05 02:11:13,865] INFO Client environment:user.dir=/failslow (org.apache.zookeeper.ZooKeeper)
[2024-07-05 02:11:13,865] INFO Client environment:os.memory.free=1005MB (org.apache.zookeeper.ZooKeeper)
[2024-07-05 02:11:13,865] INFO Client environment:os.memory.max=1024MB (org.apache.zookeeper.ZooKeeper)
[2024-07-05 02:11:13,865] INFO Client environment:os.memory.total=1024MB (org.apache.zookeeper.ZooKeeper)
[2024-07-05 02:11:13,867] INFO Initiating client connection, connectString=172.30.0.2:2181,172.30.0.3:2181,172.30.0.4:2181 sessionTimeout=18000 watcher=kafka.zookeeper.ZooKeeperClient$ZooKeeperClientWatcher$@581ac8a8 (org.apache.zookeeper.ZooKeeper)
[2024-07-05 02:11:13,870] INFO jute.maxbuffer value is 4194304 Bytes (org.apache.zookeeper.ClientCnxnSocket)
[2024-07-05 02:11:13,877] INFO zookeeper.request.timeout value is 0. feature enabled=false (org.apache.zookeeper.ClientCnxn)
[2024-07-05 02:11:13,878] INFO [ZooKeeperClient Kafka server] Waiting until connected. (kafka.zookeeper.ZooKeeperClient)
[2024-07-05 02:11:13,879] INFO Opening socket connection to server /172.30.0.4:2181. (org.apache.zookeeper.ClientCnxn)
[2024-07-05 02:11:13,883] INFO Socket connection established, initiating session, client: /172.30.0.2:42740, server: /172.30.0.4:2181 (org.apache.zookeeper.ClientCnxn)
[2024-07-05 02:11:13,898] INFO Session establishment complete on server /172.30.0.4:2181, session id = 0x30004336dc60000, negotiated timeout = 18000 (org.apache.zookeeper.ClientCnxn)
[2024-07-05 02:11:13,901] INFO [ZooKeeperClient Kafka server] Connected. (kafka.zookeeper.ZooKeeperClient)
[2024-07-05 02:11:14,212] INFO Cluster ID = rOhxHoQOQ0OKBLrxPaorcw (kafka.server.KafkaServer)
[2024-07-05 02:11:14,218] WARN No meta.properties file under dir /tmp/kafka-logs/meta.properties (kafka.server.BrokerMetadataCheckpoint)
[2024-07-05 02:11:14,270] INFO KafkaConfig values: 
	advertised.listeners = null
	alter.config.policy.class.name = null
	alter.log.dirs.replication.quota.window.num = 11
	alter.log.dirs.replication.quota.window.size.seconds = 1
	authorizer.class.name = 
	auto.create.topics.enable = true
	auto.include.jmx.reporter = true
	auto.leader.rebalance.enable = true
	background.threads = 10
	broker.heartbeat.interval.ms = 2000
	broker.id = 1
	broker.id.generation.enable = true
	broker.rack = null
	broker.session.timeout.ms = 9000
	client.quota.callback.class = null
	compression.type = producer
	connection.failed.authentication.delay.ms = 100
	connections.max.idle.ms = 600000
	connections.max.reauth.ms = 0
	control.plane.listener.name = null
	controlled.shutdown.enable = true
	controlled.shutdown.max.retries = 3
	controlled.shutdown.retry.backoff.ms = 5000
	controller.listener.names = null
	controller.quorum.append.linger.ms = 25
	controller.quorum.election.backoff.max.ms = 1000
	controller.quorum.election.timeout.ms = 1000
	controller.quorum.fetch.timeout.ms = 2000
	controller.quorum.request.timeout.ms = 2000
	controller.quorum.retry.backoff.ms = 20
	controller.quorum.voters = []
	controller.quota.window.num = 11
	controller.quota.window.size.seconds = 1
	controller.socket.timeout.ms = 30000
	create.topic.policy.class.name = null
	default.replication.factor = 2
	delegation.token.expiry.check.interval.ms = 3600000
	delegation.token.expiry.time.ms = 86400000
	delegation.token.master.key = null
	delegation.token.max.lifetime.ms = 604800000
	delegation.token.secret.key = null
	delete.records.purgatory.purge.interval.requests = 1
	delete.topic.enable = true
	early.start.listeners = null
	fetch.max.bytes = 57671680
	fetch.purgatory.purge.interval.requests = 1000
	group.consumer.assignors = [org.apache.kafka.coordinator.group.assignor.RangeAssignor]
	group.consumer.heartbeat.interval.ms = 5000
	group.consumer.max.heartbeat.interval.ms = 15000
	group.consumer.max.session.timeout.ms = 60000
	group.consumer.max.size = 2147483647
	group.consumer.min.heartbeat.interval.ms = 5000
	group.consumer.min.session.timeout.ms = 45000
	group.consumer.session.timeout.ms = 45000
	group.coordinator.new.enable = false
	group.coordinator.threads = 1
	group.initial.rebalance.delay.ms = 0
	group.max.session.timeout.ms = 1800000
	group.max.size = 2147483647
	group.min.session.timeout.ms = 6000
	initial.broker.registration.timeout.ms = 60000
	inter.broker.listener.name = null
	inter.broker.protocol.version = 3.6-IV2
	kafka.metrics.polling.interval.secs = 10
	kafka.metrics.reporters = []
	leader.imbalance.check.interval.seconds = 300
	leader.imbalance.per.broker.percentage = 10
	listener.security.protocol.map = PLAINTEXT:PLAINTEXT,SSL:SSL,SASL_PLAINTEXT:SASL_PLAINTEXT,SASL_SSL:SASL_SSL
	listeners = PLAINTEXT://:9092
	log.cleaner.backoff.ms = 15000
	log.cleaner.dedupe.buffer.size = 134217728
	log.cleaner.delete.retention.ms = 86400000
	log.cleaner.enable = true
	log.cleaner.io.buffer.load.factor = 0.9
	log.cleaner.io.buffer.size = 524288
	log.cleaner.io.max.bytes.per.second = 1.7976931348623157E308
	log.cleaner.max.compaction.lag.ms = 9223372036854775807
	log.cleaner.min.cleanable.ratio = 0.5
	log.cleaner.min.compaction.lag.ms = 0
	log.cleaner.threads = 1
	log.cleanup.policy = [delete]
	log.dir = /tmp/kafka-logs
	log.dirs = /tmp/kafka-logs
	log.flush.interval.messages = 9223372036854775807
	log.flush.interval.ms = null
	log.flush.offset.checkpoint.interval.ms = 60000
	log.flush.scheduler.interval.ms = 9223372036854775807
	log.flush.start.offset.checkpoint.interval.ms = 60000
	log.index.interval.bytes = 4096
	log.index.size.max.bytes = 10485760
	log.local.retention.bytes = -2
	log.local.retention.ms = -2
	log.message.downconversion.enable = true
	log.message.format.version = 3.0-IV1
	log.message.timestamp.after.max.ms = 9223372036854775807
	log.message.timestamp.before.max.ms = 9223372036854775807
	log.message.timestamp.difference.max.ms = 9223372036854775807
	log.message.timestamp.type = CreateTime
	log.preallocate = false
	log.retention.bytes = -1
	log.retention.check.interval.ms = 300000
	log.retention.hours = 168
	log.retention.minutes = null
	log.retention.ms = null
	log.roll.hours = 168
	log.roll.jitter.hours = 0
	log.roll.jitter.ms = null
	log.roll.ms = null
	log.segment.bytes = 1073741824
	log.segment.delete.delay.ms = 60000
	max.connection.creation.rate = 2147483647
	max.connections = 2147483647
	max.connections.per.ip = 2147483647
	max.connections.per.ip.overrides = 
	max.incremental.fetch.session.cache.slots = 1000
	message.max.bytes = 1048588
	metadata.log.dir = null
	metadata.log.max.record.bytes.between.snapshots = 20971520
	metadata.log.max.snapshot.interval.ms = 3600000
	metadata.log.segment.bytes = 1073741824
	metadata.log.segment.min.bytes = 8388608
	metadata.log.segment.ms = 604800000
	metadata.max.idle.interval.ms = 500
	metadata.max.retention.bytes = 104857600
	metadata.max.retention.ms = 604800000
	metric.reporters = []
	metrics.num.samples = 2
	metrics.recording.level = INFO
	metrics.sample.window.ms = 30000
	min.insync.replicas = 1
	node.id = 1
	num.io.threads = 8
	num.network.threads = 3
	num.partitions = 1
	num.recovery.threads.per.data.dir = 1
	num.replica.alter.log.dirs.threads = null
	num.replica.fetchers = 1
	offset.metadata.max.bytes = 4096
	offsets.commit.required.acks = -1
	offsets.commit.timeout.ms = 5000
	offsets.load.buffer.size = 5242880
	offsets.retention.check.interval.ms = 600000
	offsets.retention.minutes = 10080
	offsets.topic.compression.codec = 0
	offsets.topic.num.partitions = 50
	offsets.topic.replication.factor = 1
	offsets.topic.segment.bytes = 104857600
	password.encoder.cipher.algorithm = AES/CBC/PKCS5Padding
	password.encoder.iterations = 4096
	password.encoder.key.length = 128
	password.encoder.keyfactory.algorithm = null
	password.encoder.old.secret = null
	password.encoder.secret = null
	principal.builder.class = class org.apache.kafka.common.security.authenticator.DefaultKafkaPrincipalBuilder
	process.roles = []
	producer.id.expiration.check.interval.ms = 600000
	producer.id.expiration.ms = 86400000
	producer.purgatory.purge.interval.requests = 1000
	queued.max.request.bytes = -1
	queued.max.requests = 500
	quota.window.num = 11
	quota.window.size.seconds = 1
	remote.log.index.file.cache.total.size.bytes = 1073741824
	remote.log.manager.task.interval.ms = 30000
	remote.log.manager.task.retry.backoff.max.ms = 30000
	remote.log.manager.task.retry.backoff.ms = 500
	remote.log.manager.task.retry.jitter = 0.2
	remote.log.manager.thread.pool.size = 10
	remote.log.metadata.custom.metadata.max.bytes = 128
	remote.log.metadata.manager.class.name = org.apache.kafka.server.log.remote.metadata.storage.TopicBasedRemoteLogMetadataManager
	remote.log.metadata.manager.class.path = null
	remote.log.metadata.manager.impl.prefix = rlmm.config.
	remote.log.metadata.manager.listener.name = null
	remote.log.reader.max.pending.tasks = 100
	remote.log.reader.threads = 10
	remote.log.storage.manager.class.name = null
	remote.log.storage.manager.class.path = null
	remote.log.storage.manager.impl.prefix = rsm.config.
	remote.log.storage.system.enable = false
	replica.fetch.backoff.ms = 1000
	replica.fetch.max.bytes = 5242880
	replica.fetch.min.bytes = 1
	replica.fetch.response.max.bytes = 10485760
	replica.fetch.wait.max.ms = 500
	replica.high.watermark.checkpoint.interval.ms = 5000
	replica.lag.time.max.ms = 30000
	replica.selector.class = null
	replica.socket.receive.buffer.bytes = 65536
	replica.socket.timeout.ms = 30000
	replication.quota.window.num = 11
	replication.quota.window.size.seconds = 1
	request.timeout.ms = 30000
	reserved.broker.max.id = 1000
	sasl.client.callback.handler.class = null
	sasl.enabled.mechanisms = [GSSAPI]
	sasl.jaas.config = null
	sasl.kerberos.kinit.cmd = /usr/bin/kinit
	sasl.kerberos.min.time.before.relogin = 60000
	sasl.kerberos.principal.to.local.rules = [DEFAULT]
	sasl.kerberos.service.name = null
	sasl.kerberos.ticket.renew.jitter = 0.05
	sasl.kerberos.ticket.renew.window.factor = 0.8
	sasl.login.callback.handler.class = null
	sasl.login.class = null
	sasl.login.connect.timeout.ms = null
	sasl.login.read.timeout.ms = null
	sasl.login.refresh.buffer.seconds = 300
	sasl.login.refresh.min.period.seconds = 60
	sasl.login.refresh.window.factor = 0.8
	sasl.login.refresh.window.jitter = 0.05
	sasl.login.retry.backoff.max.ms = 10000
	sasl.login.retry.backoff.ms = 100
	sasl.mechanism.controller.protocol = GSSAPI
	sasl.mechanism.inter.broker.protocol = GSSAPI
	sasl.oauthbearer.clock.skew.seconds = 30
	sasl.oauthbearer.expected.audience = null
	sasl.oauthbearer.expected.issuer = null
	sasl.oauthbearer.jwks.endpoint.refresh.ms = 3600000
	sasl.oauthbearer.jwks.endpoint.retry.backoff.max.ms = 10000
	sasl.oauthbearer.jwks.endpoint.retry.backoff.ms = 100
	sasl.oauthbearer.jwks.endpoint.url = null
	sasl.oauthbearer.scope.claim.name = scope
	sasl.oauthbearer.sub.claim.name = sub
	sasl.oauthbearer.token.endpoint.url = null
	sasl.server.callback.handler.class = null
	sasl.server.max.receive.size = 524288
	security.inter.broker.protocol = PLAINTEXT
	security.providers = null
	server.max.startup.time.ms = 9223372036854775807
	socket.connection.setup.timeout.max.ms = 30000
	socket.connection.setup.timeout.ms = 10000
	socket.listen.backlog.size = 50
	socket.receive.buffer.bytes = 102400
	socket.request.max.bytes = 104857600
	socket.send.buffer.bytes = 102400
	ssl.cipher.suites = []
	ssl.client.auth = none
	ssl.enabled.protocols = [TLSv1.2]
	ssl.endpoint.identification.algorithm = https
	ssl.engine.factory.class = null
	ssl.key.password = null
	ssl.keymanager.algorithm = SunX509
	ssl.keystore.certificate.chain = null
	ssl.keystore.key = null
	ssl.keystore.location = null
	ssl.keystore.password = null
	ssl.keystore.type = JKS
	ssl.principal.mapping.rules = DEFAULT
	ssl.protocol = TLSv1.2
	ssl.provider = null
	ssl.secure.random.implementation = null
	ssl.trustmanager.algorithm = PKIX
	ssl.truststore.certificates = null
	ssl.truststore.location = null
	ssl.truststore.password = null
	ssl.truststore.type = JKS
	transaction.abort.timed.out.transaction.cleanup.interval.ms = 10000
	transaction.max.timeout.ms = 900000
	transaction.partition.verification.enable = true
	transaction.remove.expired.transaction.cleanup.interval.ms = 3600000
	transaction.state.log.load.buffer.size = 5242880
	transaction.state.log.min.isr = 1
	transaction.state.log.num.partitions = 50
	transaction.state.log.replication.factor = 1
	transaction.state.log.segment.bytes = 104857600
	transactional.id.expiration.ms = 604800000
	unclean.leader.election.enable = false
	unstable.api.versions.enable = false
	zookeeper.clientCnxnSocket = null
	zookeeper.connect = 172.30.0.2:2181,172.30.0.3:2181,172.30.0.4:2181
	zookeeper.connection.timeout.ms = 18000
	zookeeper.max.in.flight.requests = 10
	zookeeper.metadata.migration.enable = false
	zookeeper.session.timeout.ms = 18000
	zookeeper.set.acl = false
	zookeeper.ssl.cipher.suites = null
	zookeeper.ssl.client.enable = false
	zookeeper.ssl.crl.enable = false
	zookeeper.ssl.enabled.protocols = null
	zookeeper.ssl.endpoint.identification.algorithm = HTTPS
	zookeeper.ssl.keystore.location = null
	zookeeper.ssl.keystore.password = null
	zookeeper.ssl.keystore.type = null
	zookeeper.ssl.ocsp.enable = false
	zookeeper.ssl.protocol = TLSv1.2
	zookeeper.ssl.truststore.location = null
	zookeeper.ssl.truststore.password = null
	zookeeper.ssl.truststore.type = null
 (kafka.server.KafkaConfig)
[2024-07-05 02:11:14,304] INFO [ThrottledChannelReaper-Fetch]: Starting (kafka.server.ClientQuotaManager$ThrottledChannelReaper)
[2024-07-05 02:11:14,304] INFO [ThrottledChannelReaper-Produce]: Starting (kafka.server.ClientQuotaManager$ThrottledChannelReaper)
[2024-07-05 02:11:14,305] INFO [ThrottledChannelReaper-Request]: Starting (kafka.server.ClientQuotaManager$ThrottledChannelReaper)
[2024-07-05 02:11:14,308] INFO [ThrottledChannelReaper-ControllerMutation]: Starting (kafka.server.ClientQuotaManager$ThrottledChannelReaper)
[2024-07-05 02:11:14,349] INFO Loading logs from log dirs ArraySeq(/tmp/kafka-logs) (kafka.log.LogManager)
[2024-07-05 02:11:14,354] INFO No logs found to be loaded in /tmp/kafka-logs (kafka.log.LogManager)
[2024-07-05 02:11:14,364] INFO Loaded 0 logs in 14ms (kafka.log.LogManager)
[2024-07-05 02:11:14,366] INFO Starting log cleanup with a period of 300000 ms. (kafka.log.LogManager)
[2024-07-05 02:11:14,367] INFO Starting log flusher with a default period of 9223372036854775807 ms. (kafka.log.LogManager)
[2024-07-05 02:11:14,446] INFO [kafka-log-cleaner-thread-0]: Starting (kafka.log.LogCleaner$CleanerThread)
[2024-07-05 02:11:14,462] INFO [feature-zk-node-event-process-thread]: Starting (kafka.server.FinalizedFeatureChangeListener$ChangeNotificationProcessorThread)
[2024-07-05 02:11:14,474] INFO Feature ZK node at path: /feature does not exist (kafka.server.FinalizedFeatureChangeListener)
[2024-07-05 02:11:14,502] INFO [zk-broker-1-to-controller-forwarding-channel-manager]: Starting (kafka.server.BrokerToControllerRequestThread)
[2024-07-05 02:11:14,823] INFO Updated connection-accept-rate max connection creation rate to 2147483647 (kafka.network.ConnectionQuotas)
[2024-07-05 02:11:14,841] INFO [SocketServer listenerType=ZK_BROKER, nodeId=1] Created data-plane acceptor and processors for endpoint : ListenerName(PLAINTEXT) (kafka.network.SocketServer)
[2024-07-05 02:11:14,867] INFO [zk-broker-1-to-controller-alter-partition-channel-manager]: Starting (kafka.server.BrokerToControllerRequestThread)
[2024-07-05 02:11:14,905] INFO [ExpirationReaper-1-Produce]: Starting (kafka.server.DelayedOperationPurgatory$ExpiredOperationReaper)
[2024-07-05 02:11:14,906] INFO [ExpirationReaper-1-Fetch]: Starting (kafka.server.DelayedOperationPurgatory$ExpiredOperationReaper)
[2024-07-05 02:11:14,906] INFO [ExpirationReaper-1-DeleteRecords]: Starting (kafka.server.DelayedOperationPurgatory$ExpiredOperationReaper)
[2024-07-05 02:11:14,907] INFO [ExpirationReaper-1-ElectLeader]: Starting (kafka.server.DelayedOperationPurgatory$ExpiredOperationReaper)
[2024-07-05 02:11:14,907] INFO [ExpirationReaper-1-RemoteFetch]: Starting (kafka.server.DelayedOperationPurgatory$ExpiredOperationReaper)
[2024-07-05 02:11:14,921] INFO [LogDirFailureHandler]: Starting (kafka.server.ReplicaManager$LogDirFailureHandler)
[2024-07-05 02:11:14,922] INFO [AddPartitionsToTxnSenderThread-1]: Starting (kafka.server.AddPartitionsToTxnManager)
[2024-07-05 02:11:14,944] INFO Creating /brokers/ids/1 (is it secure? false) (kafka.zk.KafkaZkClient)
[2024-07-05 02:11:14,970] INFO Stat of the created znode at /brokers/ids/1 is: 4294967363,4294967363,1720145474958,1720145474958,1,0,0,216177401045319680,208,0,4294967363
 (kafka.zk.KafkaZkClient)
[2024-07-05 02:11:14,972] INFO Registered broker 1 at path /brokers/ids/1 with addresses: PLAINTEXT://e4164e6548dd:9092, czxid (broker epoch): 4294967363 (kafka.zk.KafkaZkClient)
[2024-07-05 02:11:15,055] INFO [ExpirationReaper-1-topic]: Starting (kafka.server.DelayedOperationPurgatory$ExpiredOperationReaper)
[2024-07-05 02:11:15,063] INFO [ExpirationReaper-1-Heartbeat]: Starting (kafka.server.DelayedOperationPurgatory$ExpiredOperationReaper)
[2024-07-05 02:11:15,063] INFO [ExpirationReaper-1-Rebalance]: Starting (kafka.server.DelayedOperationPurgatory$ExpiredOperationReaper)
[2024-07-05 02:11:15,125] INFO [GroupCoordinator 1]: Starting up. (kafka.coordinator.group.GroupCoordinator)
[2024-07-05 02:11:15,127] INFO Successfully created /controller_epoch with initial epoch 0 (kafka.zk.KafkaZkClient)
[2024-07-05 02:11:15,158] INFO [GroupCoordinator 1]: Startup complete. (kafka.coordinator.group.GroupCoordinator)
[2024-07-05 02:11:15,164] INFO Feature ZK node created at path: /feature (kafka.server.FinalizedFeatureChangeListener)
[2024-07-05 02:11:15,177] INFO [TransactionCoordinator id=1] Starting up. (kafka.coordinator.transaction.TransactionCoordinator)
[2024-07-05 02:11:15,180] INFO [TxnMarkerSenderThread-1]: Starting (kafka.coordinator.transaction.TransactionMarkerChannelManager)
[2024-07-05 02:11:15,180] INFO [TransactionCoordinator id=1] Startup complete. (kafka.coordinator.transaction.TransactionCoordinator)
[2024-07-05 02:11:15,202] INFO [MetadataCache brokerId=1] Updated cache from existing None to latest Features(version=3.6-IV2, finalizedFeatures={}, finalizedFeaturesEpoch=0). (kafka.server.metadata.ZkMetadataCache)
[2024-07-05 02:11:15,217] INFO [ExpirationReaper-1-AlterAcls]: Starting (kafka.server.DelayedOperationPurgatory$ExpiredOperationReaper)
[2024-07-05 02:11:15,244] INFO [/config/changes-event-process-thread]: Starting (kafka.common.ZkNodeChangeNotificationListener$ChangeEventProcessThread)
[2024-07-05 02:11:15,259] INFO [SocketServer listenerType=ZK_BROKER, nodeId=1] Enabling request processing. (kafka.network.SocketServer)
[2024-07-05 02:11:15,269] INFO Awaiting socket connections on 0.0.0.0:9092. (kafka.network.DataPlaneAcceptor)
[2024-07-05 02:11:15,276] INFO Kafka version: 3.6.0 (org.apache.kafka.common.utils.AppInfoParser)
[2024-07-05 02:11:15,276] INFO Kafka commitId: 60e845626d8a465a (org.apache.kafka.common.utils.AppInfoParser)
[2024-07-05 02:11:15,276] INFO Kafka startTimeMs: 1720145475272 (org.apache.kafka.common.utils.AppInfoParser)
[2024-07-05 02:11:15,277] INFO [KafkaServer id=1] started (kafka.server.KafkaServer)
[2024-07-05 02:11:35,439] INFO [zk-broker-1-to-controller-alter-partition-channel-manager]: Recorded new controller, from now on will use node 0b0b608d33af:9092 (id: 3 rack: null) (kafka.server.BrokerToControllerRequestThread)
[2024-07-05 02:11:35,440] INFO [zk-broker-1-to-controller-forwarding-channel-manager]: Recorded new controller, from now on will use node 0b0b608d33af:9092 (id: 3 rack: null) (kafka.server.BrokerToControllerRequestThread)
[2024-07-05 02:11:35,505] INFO [ReplicaFetcherManager on broker 1] Removed fetcher for partitions Set(test-0) (kafka.server.ReplicaFetcherManager)
[2024-07-05 02:11:35,560] INFO [LogLoader partition=test-0, dir=/tmp/kafka-logs] Loading producer state till offset 0 with message format version 2 (kafka.log.UnifiedLog$)
[2024-07-05 02:11:35,576] INFO Created log for partition test-0 in /tmp/kafka-logs/test-0 with properties {} (kafka.log.LogManager)
[2024-07-05 02:11:35,577] INFO [Partition test-0 broker=1] No checkpointed highwatermark is found for partition test-0 (kafka.cluster.Partition)
[2024-07-05 02:11:35,579] INFO [Partition test-0 broker=1] Log loaded for partition test-0 with initial high watermark 0 (kafka.cluster.Partition)
