ZooKeeper Transactional Log File with dbid 0 txnlog format version 2
2024-07-01 02:19:39,623 [myid:] - INFO  [main:o.a.z.ZookeeperBanner@42] - 
2024-07-01 02:19:39,625 [myid:] - INFO  [main:o.a.z.ZookeeperBanner@42] -   ______                  _                                          
2024-07-01 02:19:39,625 [myid:] - INFO  [main:o.a.z.ZookeeperBanner@42] -  |___  /                 | |                                         
2024-07-01 02:19:39,625 [myid:] - INFO  [main:o.a.z.ZookeeperBanner@42] -     / /    ___     ___   | | __   ___    ___   _ __     ___   _ __   
2024-07-01 02:19:39,625 [myid:] - INFO  [main:o.a.z.ZookeeperBanner@42] -    / /    / _ \   / _ \  | |/ /  / _ \  / _ \ | '_ \   / _ \ | '__|
2024-07-01 02:19:39,625 [myid:] - INFO  [main:o.a.z.ZookeeperBanner@42] -   / /__  | (_) | | (_) | |   <  |  __/ |  __/ | |_) | |  __/ | |    
2024-07-01 02:19:39,625 [myid:] - INFO  [main:o.a.z.ZookeeperBanner@42] -  /_____|  \___/   \___/  |_|\_\  \___|  \___| | .__/   \___| |_|
2024-07-01 02:19:39,625 [myid:] - INFO  [main:o.a.z.ZookeeperBanner@42] -                                               | |                     
2024-07-01 02:19:39,625 [myid:] - INFO  [main:o.a.z.ZookeeperBanner@42] -                                               |_|                     
2024-07-01 02:19:39,625 [myid:] - INFO  [main:o.a.z.ZookeeperBanner@42] - 
2024-07-01 02:19:39,627 [myid:] - INFO  [main:o.a.z.Environment@98] - Server environment:zookeeper.version=3.10.0-SNAPSHOT-317eb2cb1cb10b80a2c2f8bc3cc1cc74493a0106-dirty, built on 2024-07-01 02:08 UTC
2024-07-01 02:19:39,628 [myid:] - INFO  [main:o.a.z.Environment@98] - Server environment:host.name=e4164e6548dd
2024-07-01 02:19:39,628 [myid:] - INFO  [main:o.a.z.Environment@98] - Server environment:java.version=1.8.0_362
2024-07-01 02:19:39,628 [myid:] - INFO  [main:o.a.z.Environment@98] - Server environment:java.vendor=Private Build
2024-07-01 02:19:39,628 [myid:] - INFO  [main:o.a.z.Environment@98] - Server environment:java.home=/usr/lib/jvm/java-8-openjdk-amd64/jre
2024-07-01 02:19:39,628 [myid:] - INFO  [main:o.a.z.Environment@98] - Server environment:java.class.path=/apache-zookeeper-3.10.0-SNAPSHOT-bin/bin/../zookeeper-metrics-providers/zookeeper-prometheus-metrics/target/classes:/apache-zookeeper-3.10.0-SNAPSHOT-bin/bin/../zookeeper-server/target/classes:/apache-zookeeper-3.10.0-SNAPSHOT-bin/bin/../build/classes:/apache-zookeeper-3.10.0-SNAPSHOT-bin/bin/../zookeeper-metrics-providers/zookeeper-prometheus-metrics/target/lib/*.jar:/apache-zookeeper-3.10.0-SNAPSHOT-bin/bin/../zookeeper-server/target/lib/*.jar:/apache-zookeeper-3.10.0-SNAPSHOT-bin/bin/../build/lib/*.jar:/apache-zookeeper-3.10.0-SNAPSHOT-bin/bin/../lib/zookeeper-prometheus-metrics-3.10.0-SNAPSHOT.jar:/apache-zookeeper-3.10.0-SNAPSHOT-bin/bin/../lib/zookeeper-jute-3.10.0-SNAPSHOT.jar:/apache-zookeeper-3.10.0-SNAPSHOT-bin/bin/../lib/zookeeper-3.10.0-SNAPSHOT.jar:/apache-zookeeper-3.10.0-SNAPSHOT-bin/bin/../lib/snappy-java-1.1.10.5.jar:/apache-zookeeper-3.10.0-SNAPSHOT-bin/bin/../lib/slf4j-api-1.7.30.jar:/apache-zookeeper-3.10.0-SNAPSHOT-bin/bin/../lib/simpleclient_servlet-0.9.0.jar:/apache-zookeeper-3.10.0-SNAPSHOT-bin/bin/../lib/simpleclient_hotspot-0.9.0.jar:/apache-zookeeper-3.10.0-SNAPSHOT-bin/bin/../lib/simpleclient_common-0.9.0.jar:/apache-zookeeper-3.10.0-SNAPSHOT-bin/bin/../lib/simpleclient-0.9.0.jar:/apache-zookeeper-3.10.0-SNAPSHOT-bin/bin/../lib/netty-transport-native-unix-common-4.1.94.Final.jar:/apache-zookeeper-3.10.0-SNAPSHOT-bin/bin/../lib/netty-transport-native-epoll-4.1.94.Final-linux-x86_64.jar:/apache-zookeeper-3.10.0-SNAPSHOT-bin/bin/../lib/netty-transport-classes-epoll-4.1.94.Final.jar:/apache-zookeeper-3.10.0-SNAPSHOT-bin/bin/../lib/netty-transport-4.1.94.Final.jar:/apache-zookeeper-3.10.0-SNAPSHOT-bin/bin/../lib/netty-tcnative-classes-2.0.61.Final.jar:/apache-zookeeper-3.10.0-SNAPSHOT-bin/bin/../lib/netty-tcnative-boringssl-static-2.0.61.Final.jar:/apache-zookeeper-3.10.0-SNAPSHOT-bin/bin/../lib/netty-tcnative-boringssl-static-2.0.61.Final-windows-x86_64.jar:/apache-zookeeper-3.10.0-SNAPSHOT-bin/bin/../lib/netty-tcnative-boringssl-static-2.0.61.Final-osx-x86_64.jar:/apache-zookeeper-3.10.0-SNAPSHOT-bin/bin/../lib/netty-tcnative-boringssl-static-2.0.61.Final-osx-aarch_64.jar:/apache-zookeeper-3.10.0-SNAPSHOT-bin/bin/../lib/netty-tcnative-boringssl-static-2.0.61.Final-linux-x86_64.jar:/apache-zookeeper-3.10.0-SNAPSHOT-bin/bin/../lib/netty-tcnative-boringssl-static-2.0.61.Final-linux-aarch_64.jar:/apache-zookeeper-3.10.0-SNAPSHOT-bin/bin/../lib/netty-resolver-4.1.94.Final.jar:/apache-zookeeper-3.10.0-SNAPSHOT-bin/bin/../lib/netty-handler-4.1.94.Final.jar:/apache-zookeeper-3.10.0-SNAPSHOT-bin/bin/../lib/netty-common-4.1.94.Final.jar:/apache-zookeeper-3.10.0-SNAPSHOT-bin/bin/../lib/netty-codec-4.1.94.Final.jar:/apache-zookeeper-3.10.0-SNAPSHOT-bin/bin/../lib/netty-buffer-4.1.94.Final.jar:/apache-zookeeper-3.10.0-SNAPSHOT-bin/bin/../lib/metrics-core-4.1.12.1.jar:/apache-zookeeper-3.10.0-SNAPSHOT-bin/bin/../lib/logback-core-1.2.10.jar:/apache-zookeeper-3.10.0-SNAPSHOT-bin/bin/../lib/logback-classic-1.2.10.jar:/apache-zookeeper-3.10.0-SNAPSHOT-bin/bin/../lib/jline-2.14.6.jar:/apache-zookeeper-3.10.0-SNAPSHOT-bin/bin/../lib/jetty-util-ajax-9.4.52.v20230823.jar:/apache-zookeeper-3.10.0-SNAPSHOT-bin/bin/../lib/jetty-util-9.4.52.v20230823.jar:/apache-zookeeper-3.10.0-SNAPSHOT-bin/bin/../lib/jetty-servlet-9.4.52.v20230823.jar:/apache-zookeeper-3.10.0-SNAPSHOT-bin/bin/../lib/jetty-server-9.4.52.v20230823.jar:/apache-zookeeper-3.10.0-SNAPSHOT-bin/bin/../lib/jetty-security-9.4.52.v20230823.jar:/apache-zookeeper-3.10.0-SNAPSHOT-bin/bin/../lib/jetty-io-9.4.52.v20230823.jar:/apache-zookeeper-3.10.0-SNAPSHOT-bin/bin/../lib/jetty-http-9.4.52.v20230823.jar:/apache-zookeeper-3.10.0-SNAPSHOT-bin/bin/../lib/javax.servlet-api-3.1.0.jar:/apache-zookeeper-3.10.0-SNAPSHOT-bin/bin/../lib/jackson-databind-2.15.2.jar:/apache-zookeeper-3.10.0-SNAPSHOT-bin/bin/../lib/jackson-core-2.15.2.jar:/apache-zookeeper-3.10.0-SNAPSHOT-bin/bin/../lib/jackson-annotations-2.15.2.jar:/apache-zookeeper-3.10.0-SNAPSHOT-bin/bin/../lib/commons-io-2.11.0.jar:/apache-zookeeper-3.10.0-SNAPSHOT-bin/bin/../lib/commons-cli-1.5.0.jar:/apache-zookeeper-3.10.0-SNAPSHOT-bin/bin/../lib/audience-annotations-0.12.0.jar:/apache-zookeeper-3.10.0-SNAPSHOT-bin/bin/../zookeeper-*.jar:/apache-zookeeper-3.10.0-SNAPSHOT-bin/bin/../zookeeper-server/src/main/resources/lib/*.jar:/apache-zookeeper-3.10.0-SNAPSHOT-bin/bin/../conf:
2024-07-01 02:19:39,628 [myid:] - INFO  [main:o.a.z.Environment@98] - Server environment:java.library.path=/usr/java/packages/lib/amd64:/usr/lib/x86_64-linux-gnu/jni:/lib/x86_64-linux-gnu:/usr/lib/x86_64-linux-gnu:/usr/lib/jni:/lib:/usr/lib
2024-07-01 02:19:39,628 [myid:] - INFO  [main:o.a.z.Environment@98] - Server environment:java.io.tmpdir=/tmp
2024-07-01 02:19:39,628 [myid:] - INFO  [main:o.a.z.Environment@98] - Server environment:java.compiler=<NA>
2024-07-01 02:19:39,628 [myid:] - INFO  [main:o.a.z.Environment@98] - Server environment:os.name=Linux
2024-07-01 02:19:39,628 [myid:] - INFO  [main:o.a.z.Environment@98] - Server environment:os.arch=amd64
2024-07-01 02:19:39,628 [myid:] - INFO  [main:o.a.z.Environment@98] - Server environment:os.version=5.4.0-84-generic
2024-07-01 02:19:39,628 [myid:] - INFO  [main:o.a.z.Environment@98] - Server environment:user.name=root
2024-07-01 02:19:39,628 [myid:] - INFO  [main:o.a.z.Environment@98] - Server environment:user.home=/root
2024-07-01 02:19:39,628 [myid:] - INFO  [main:o.a.z.Environment@98] - Server environment:user.dir=/apache-zookeeper-3.10.0-SNAPSHOT-bin
2024-07-01 02:19:39,628 [myid:] - INFO  [main:o.a.z.Environment@98] - Server environment:os.memory.free=1919MB
2024-07-01 02:19:39,629 [myid:] - INFO  [main:o.a.z.Environment@98] - Server environment:os.memory.max=27305MB
2024-07-01 02:19:39,629 [myid:] - INFO  [main:o.a.z.Environment@98] - Server environment:os.memory.total=1963MB
2024-07-01 02:19:39,629 [myid:] - INFO  [main:o.a.z.s.ZooKeeperServer@149] - zookeeper.enableEagerACLCheck = false
2024-07-01 02:19:39,630 [myid:] - INFO  [main:o.a.z.s.ZooKeeperServer@162] - zookeeper.digest.enabled = true
2024-07-01 02:19:39,630 [myid:] - INFO  [main:o.a.z.s.ZooKeeperServer@166] - zookeeper.closeSessionTxn.enabled = true
2024-07-01 02:19:39,630 [myid:] - INFO  [main:o.a.z.s.ZooKeeperServer@2251] - zookeeper.serializeLastProcessedZxid.enabled = true
2024-07-01 02:19:39,630 [myid:] - INFO  [main:o.a.z.s.ZooKeeperServer@1594] - zookeeper.flushDelay = 0 ms
2024-07-01 02:19:39,630 [myid:] - INFO  [main:o.a.z.s.ZooKeeperServer@1603] - zookeeper.maxWriteQueuePollTime = 0 ms
2024-07-01 02:19:39,630 [myid:] - INFO  [main:o.a.z.s.ZooKeeperServer@1612] - zookeeper.maxBatchSize=1000
2024-07-01 02:19:39,630 [myid:] - INFO  [main:o.a.z.s.ZooKeeperServer@287] - zookeeper.intBufferStartingSizeBytes = 1024
7/1/24 2:19:32 AM GMT session 0x10041d0c8da0000 cxid 0x0 zxid 0x100000001 createSession 15000
7/1/24 2:19:32 AM GMT session 0x10041d0c8da0000 cxid 0x1 zxid 0x100000002 create /5,0,[31,s{'world,'anyone}
],false,1
7/1/24 2:19:32 AM GMT session 0x30041d0c8d70000 cxid 0x0 zxid 0x100000003 createSession 15000
7/1/24 2:19:32 AM GMT session 0x10041d0c8da0000 cxid 0x2 zxid 0x100000004 setACL '/5,v{s{30,s{'world,'anyone}}},1
7/1/24 2:19:32 AM GMT session 0x30041d0c8d70000 cxid 0x2 zxid 0x100000005 create /25,0,[31,s{'world,'anyone}
],false,2
7/1/24 2:19:33 AM GMT session 0x30041d0c8d70000 cxid 0x3 zxid 0x100000006 setACL '/25,v{s{30,s{'world,'anyone}}},1
7/1/24 2:19:33 AM GMT session 0x10041d0c8da0000 cxid 0x5 zxid 0x100000007 create /6,0,[31,s{'world,'anyone}
],false,3
7/1/24 2:19:33 AM GMT session 0x10041d0c8da0000 cxid 0x6 zxid 0x100000008 setACL '/6,v{s{27,s{'world,'anyone}}},1
7/1/24 2:19:33 AM GMT session 0x30041d0c8d70000 cxid 0x6 zxid 0x100000009 create /26,0,[31,s{'world,'anyone}
],false,4
7/1/24 2:19:33 AM GMT session 0x30041d0c8d70000 cxid 0x7 zxid 0x10000000a setACL '/26,v{s{29,s{'world,'anyone}}},1
7/1/24 2:19:33 AM GMT session 0x10041d0c8da0000 cxid 0x9 zxid 0x10000000b create /7,0,[31,s{'world,'anyone}
],false,5
7/1/24 2:19:33 AM GMT session 0x10041d0c8da0000 cxid 0xa zxid 0x10000000c setACL '/7,v{s{23,s{'world,'anyone}}},1
7/1/24 2:19:33 AM GMT session 0x30041d0c8d70000 cxid 0xa zxid 0x10000000d create /27,0,[31,s{'world,'anyone}
],false,6
7/1/24 2:19:33 AM GMT session 0x10041d0c8da0000 cxid 0xd zxid 0x10000000e create /8,0,[31,s{'world,'anyone}
],false,7
7/1/24 2:19:33 AM GMT session 0x30041d0c8d70000 cxid 0xb zxid 0x10000000f setACL '/27,v{s{23,s{'world,'anyone}}},1
7/1/24 2:19:33 AM GMT session 0x20041d0c8fa0000 cxid 0x0 zxid 0x100000010 createSession 15000
7/1/24 2:19:33 AM GMT session 0x10041d0c8da0000 cxid 0xe zxid 0x100000011 setACL '/8,v{s{27,s{'world,'anyone}}},1
7/1/24 2:19:33 AM GMT session 0x20041d0c8fa0000 cxid 0x3 zxid 0x100000012 create /16,0,[31,s{'world,'anyone}
],false,8
7/1/24 2:19:33 AM GMT session 0x30041d0c8d70000 cxid 0xe zxid 0x100000013 create /28,0,[31,s{'world,'anyone}
],false,9
7/1/24 2:19:33 AM GMT session 0x20041d0c8fa0000 cxid 0x4 zxid 0x100000014 setACL '/16,v{s{30,s{'world,'anyone}}},1
7/1/24 2:19:33 AM GMT session 0x10041d0c8da0000 cxid 0x11 zxid 0x100000015 create /9,0,[31,s{'world,'anyone}
],false,10
7/1/24 2:19:33 AM GMT session 0x30041d0c8d70000 cxid 0xf zxid 0x100000016 setACL '/28,v{s{30,s{'world,'anyone}}},1
7/1/24 2:19:33 AM GMT session 0x10041d0c8da0000 cxid 0x12 zxid 0x100000017 setACL '/9,v{s{30,s{'world,'anyone}}},1
7/1/24 2:19:34 AM GMT session 0x20041d0c8fa0000 cxid 0x7 zxid 0x100000018 create /17,0,[31,s{'world,'anyone}
],false,11
7/1/24 2:19:34 AM GMT session 0x30041d0c8d70000 cxid 0x12 zxid 0x100000019 create /29,0,[31,s{'world,'anyone}
],false,12
7/1/24 2:19:34 AM GMT session 0x20041d0c8fa0000 cxid 0x8 zxid 0x10000001a setACL '/17,v{s{23,s{'world,'anyone}}},1
7/1/24 2:19:34 AM GMT session 0x10041d0c8da0000 cxid 0x15 zxid 0x10000001b create /10,0,[31,s{'world,'anyone}
],false,13
7/1/24 2:19:34 AM GMT session 0x30041d0c8d70000 cxid 0x13 zxid 0x10000001c setACL '/29,v{s{29,s{'world,'anyone}}},1
7/1/24 2:19:34 AM GMT session 0x10041d0c8da0000 cxid 0x16 zxid 0x10000001d setACL '/10,v{s{29,s{'world,'anyone}}},1
7/1/24 2:19:34 AM GMT session 0x20041d0c8fa0000 cxid 0xb zxid 0x10000001e create /18,0,[31,s{'world,'anyone}
],false,14
7/1/24 2:19:34 AM GMT session 0x30041d0c8d70000 cxid 0x16 zxid 0x10000001f create /30,0,[31,s{'world,'anyone}
],false,15
7/1/24 2:19:34 AM GMT session 0x20041d0c8fa0000 cxid 0xc zxid 0x100000020 setACL '/18,v{s{29,s{'world,'anyone}}},1
7/1/24 2:19:34 AM GMT session 0x30041d0c8d70000 cxid 0x17 zxid 0x100000021 setACL '/30,v{s{29,s{'world,'anyone}}},1
7/1/24 2:19:34 AM GMT session 0x10041d0c8da0000 cxid 0x19 zxid 0x100000022 error -101
7/1/24 2:19:34 AM GMT session 0x10041d0c8da0000 cxid 0x1a zxid 0x100000023 error -101
7/1/24 2:19:34 AM GMT session 0x10041d0c8da0000 cxid 0x1b zxid 0x100000024 error -101
7/1/24 2:19:34 AM GMT session 0x20041d0c8fa0000 cxid 0xf zxid 0x100000025 create /19,0,[31,s{'world,'anyone}
],false,16
7/1/24 2:19:34 AM GMT session 0x30041d0c8d70000 cxid 0x1a zxid 0x100000026 error -101
7/1/24 2:19:34 AM GMT session 0x10041d0c8da0000 cxid 0x1c zxid 0x100000027 error -101
7/1/24 2:19:34 AM GMT session 0x20041d0c8fa0000 cxid 0x10 zxid 0x100000028 setACL '/19,v{s{30,s{'world,'anyone}}},1
7/1/24 2:19:34 AM GMT session 0x30041d0c8d70000 cxid 0x1b zxid 0x100000029 error -101
7/1/24 2:19:34 AM GMT session 0x10041d0c8da0000 cxid 0x1d zxid 0x10000002a error -101
7/1/24 2:19:34 AM GMT session 0x30041d0c8d70000 cxid 0x1c zxid 0x10000002b error -101
7/1/24 2:19:34 AM GMT session 0x10041d0c8da0000 cxid 0x1e zxid 0x10000002c error -101
7/1/24 2:19:34 AM GMT session 0x30041d0c8d70000 cxid 0x1d zxid 0x10000002d error -101
7/1/24 2:19:34 AM GMT session 0x20041d0c8fa0000 cxid 0x13 zxid 0x10000002e create /20,0,[31,s{'world,'anyone}
],false,17
7/1/24 2:19:34 AM GMT session 0x10041d0c8da0000 cxid 0x1f zxid 0x10000002f error -101
7/1/24 2:19:34 AM GMT session 0x30041d0c8d70000 cxid 0x1e zxid 0x100000030 error -101
7/1/24 2:19:34 AM GMT session 0x20041d0c8fa0000 cxid 0x14 zxid 0x100000031 setACL '/20,v{s{23,s{'world,'anyone}}},1
7/1/24 2:19:34 AM GMT session 0x10041d0c8da0000 cxid 0x20 zxid 0x100000032 error -101
7/1/24 2:19:34 AM GMT session 0x30041d0c8d70000 cxid 0x1f zxid 0x100000033 error -101
7/1/24 2:19:34 AM GMT session 0x10041d0c8da0000 cxid 0x21 zxid 0x100000034 setData /5,123,1
7/1/24 2:19:35 AM GMT session 0x30041d0c8d70000 cxid 0x20 zxid 0x100000035 error -101
7/1/24 2:19:35 AM GMT session 0x10041d0c8da0000 cxid 0x22 zxid 0x100000036 setData /5,456,2
7/1/24 2:19:35 AM GMT session 0x20041d0c8fa0000 cxid 0x17 zxid 0x100000037 error -101
7/1/24 2:19:35 AM GMT session 0x30041d0c8d70000 cxid 0x21 zxid 0x100000038 error -101
7/1/24 2:19:35 AM GMT session 0x10041d0c8da0000 cxid 0x23 zxid 0x100000039 setData /6,123,1
7/1/24 2:19:35 AM GMT session 0x20041d0c8fa0000 cxid 0x18 zxid 0x10000003a error -101
7/1/24 2:19:35 AM GMT session 0x30041d0c8d70000 cxid 0x22 zxid 0x10000003b setData /25,123,1
7/1/24 2:19:35 AM GMT session 0x20041d0c8fa0000 cxid 0x19 zxid 0x10000003c error -101
7/1/24 2:19:35 AM GMT session 0x30041d0c8d70000 cxid 0x23 zxid 0x10000003d setData /25,456,2
7/1/24 2:19:35 AM GMT session 0x20041d0c8fa0000 cxid 0x1a zxid 0x10000003e error -101
7/1/24 2:19:35 AM GMT session 0x10041d0c8da0000 cxid 0x24 zxid 0x10000003f setData /6,456,2
7/1/24 2:19:35 AM GMT session 0x30041d0c8d70000 cxid 0x24 zxid 0x100000040 error -102
7/1/24 2:19:35 AM GMT session 0x20041d0c8fa0000 cxid 0x1b zxid 0x100000041 error -101
7/1/24 2:19:35 AM GMT session 0x30041d0c8d70000 cxid 0x25 zxid 0x100000042 error -102
7/1/24 2:19:35 AM GMT session 0x10041d0c8da0000 cxid 0x25 zxid 0x100000043 setData /7,123,1
7/1/24 2:19:35 AM GMT session 0x20041d0c8fa0000 cxid 0x1c zxid 0x100000044 error -101
7/1/24 2:19:35 AM GMT session 0x30041d0c8d70000 cxid 0x26 zxid 0x100000045 setData /27,123,1
7/1/24 2:19:35 AM GMT session 0x20041d0c8fa0000 cxid 0x1d zxid 0x100000046 error -101
7/1/24 2:19:35 AM GMT session 0x10041d0c8da0000 cxid 0x26 zxid 0x100000047 setData /7,456,2
7/1/24 2:19:35 AM GMT session 0x20041d0c8fa0000 cxid 0x1e zxid 0x100000048 error -101
7/1/24 2:19:35 AM GMT session 0x30041d0c8d70000 cxid 0x27 zxid 0x100000049 setData /27,456,2
7/1/24 2:19:35 AM GMT session 0x10041d0c8da0000 cxid 0x27 zxid 0x10000004a setData /8,123,1
7/1/24 2:19:35 AM GMT session 0x20041d0c8fa0000 cxid 0x1f zxid 0x10000004b error -101
7/1/24 2:19:35 AM GMT session 0x30041d0c8d70000 cxid 0x28 zxid 0x10000004c setData /28,123,1
7/1/24 2:19:35 AM GMT session 0x10041d0c8da0000 cxid 0x28 zxid 0x10000004d setData /8,456,2
7/1/24 2:19:35 AM GMT session 0x20041d0c8fa0000 cxid 0x20 zxid 0x10000004e error -101
7/1/24 2:19:35 AM GMT session 0x30041d0c8d70000 cxid 0x29 zxid 0x10000004f setData /28,456,2
7/1/24 2:19:35 AM GMT session 0x20041d0c8fa0000 cxid 0x21 zxid 0x100000050 setData /16,123,1
7/1/24 2:19:35 AM GMT session 0x10041d0c8da0000 cxid 0x29 zxid 0x100000051 setData /9,123,1
7/1/24 2:19:35 AM GMT session 0x20041d0c8fa0000 cxid 0x22 zxid 0x100000052 setData /16,456,2
7/1/24 2:19:35 AM GMT session 0x30041d0c8d70000 cxid 0x2a zxid 0x100000053 error -102
7/1/24 2:19:35 AM GMT session 0x10041d0c8da0000 cxid 0x2a zxid 0x100000054 setData /9,456,2
7/1/24 2:19:35 AM GMT session 0x30041d0c8d70000 cxid 0x2b zxid 0x100000055 error -102
7/1/24 2:19:35 AM GMT session 0x20041d0c8fa0000 cxid 0x23 zxid 0x100000056 setData /17,123,1
7/1/24 2:19:35 AM GMT session 0x10041d0c8da0000 cxid 0x2b zxid 0x100000057 error -102
7/1/24 2:19:35 AM GMT session 0x20041d0c8fa0000 cxid 0x24 zxid 0x100000058 setData /17,456,2
7/1/24 2:19:35 AM GMT session 0x10041d0c8da0000 cxid 0x2c zxid 0x100000059 error -102
7/1/24 2:19:35 AM GMT session 0x30041d0c8d70000 cxid 0x2c zxid 0x10000005a error -102
7/1/24 2:19:35 AM GMT session 0x30041d0c8d70000 cxid 0x2d zxid 0x10000005b error -102
7/1/24 2:19:35 AM GMT session 0x20041d0c8fa0000 cxid 0x25 zxid 0x10000005c error -102
7/1/24 2:19:35 AM GMT session 0x10041d0c8da0000 cxid 0x2d zxid 0x10000005d create /1,0,[31,s{'world,'anyone}
],false,18
7/1/24 2:19:35 AM GMT session 0x30041d0c8d70000 cxid 0x2e zxid 0x10000005e create /21,0,[31,s{'world,'anyone}
],false,19
7/1/24 2:19:35 AM GMT session 0x20041d0c8fa0000 cxid 0x26 zxid 0x10000005f error -102
7/1/24 2:19:36 AM GMT session 0x20041d0c8fa0000 cxid 0x27 zxid 0x100000060 setData /19,123,1
7/1/24 2:19:36 AM GMT session 0x20041d0c8fa0000 cxid 0x28 zxid 0x100000061 setData /19,456,2
7/1/24 2:19:36 AM GMT session 0x20041d0c8fa0000 cxid 0x29 zxid 0x100000062 setData /20,123,1
7/1/24 2:19:36 AM GMT session 0x10041d0c8da0000 cxid 0x31 zxid 0x100000063 create /2,0,[31,s{'world,'anyone}
],false,20
7/1/24 2:19:36 AM GMT session 0x30041d0c8d70000 cxid 0x32 zxid 0x100000064 create /22,0,[31,s{'world,'anyone}
],false,21
7/1/24 2:19:36 AM GMT session 0x20041d0c8fa0000 cxid 0x2a zxid 0x100000065 setData /20,456,2
7/1/24 2:19:36 AM GMT session 0x20041d0c8fa0000 cxid 0x2b zxid 0x100000066 create /11,0,[31,s{'world,'anyone}
],false,22
7/1/24 2:19:36 AM GMT session 0x10041d0c8da0000 cxid 0x35 zxid 0x100000067 create /3,0,[31,s{'world,'anyone}
],false,23
7/1/24 2:19:36 AM GMT session 0x30041d0c8d70000 cxid 0x36 zxid 0x100000068 create /23,0,[31,s{'world,'anyone}
],false,24
7/1/24 2:19:36 AM GMT session 0x20041d0c8fa0000 cxid 0x2f zxid 0x100000069 create /12,0,[31,s{'world,'anyone}
],false,25
7/1/24 2:19:36 AM GMT session 0x10041d0c8da0000 cxid 0x39 zxid 0x10000006a create /4,0,[31,s{'world,'anyone}
],false,26
7/1/24 2:19:36 AM GMT session 0x30041d0c8d70000 cxid 0x3a zxid 0x10000006b create /24,0,[31,s{'world,'anyone}
],false,27
7/1/24 2:19:36 AM GMT session 0x20041d0c8fa0000 cxid 0x33 zxid 0x10000006c create /13,0,[31,s{'world,'anyone}
],false,28
7/1/24 2:19:36 AM GMT session 0x10041d0c8da0000 cxid 0x3d zxid 0x10000006d error -110
7/1/24 2:19:36 AM GMT session 0x30041d0c8d70000 cxid 0x3e zxid 0x10000006e error -110
7/1/24 2:19:37 AM GMT session 0x20041d0c8fa0000 cxid 0x37 zxid 0x10000006f create /14,0,[31,s{'world,'anyone}
],false,29
7/1/24 2:19:37 AM GMT session 0x10041d0c8da0000 cxid 0x41 zxid 0x100000070 error -110
7/1/24 2:19:37 AM GMT session 0x30041d0c8d70000 cxid 0x42 zxid 0x100000071 error -110
7/1/24 2:19:37 AM GMT session 0x20041d0c8fa0000 cxid 0x3b zxid 0x100000072 create /15,0,[31,s{'world,'anyone}
],false,30
7/1/24 2:19:37 AM GMT session 0x10041d0c8da0000 cxid 0x45 zxid 0x100000073 error -110
7/1/24 2:19:37 AM GMT session 0x30041d0c8d70000 cxid 0x46 zxid 0x100000074 error -110
7/1/24 2:19:37 AM GMT session 0x20041d0c8fa0000 cxid 0x3f zxid 0x100000075 error -110
7/1/24 2:19:37 AM GMT session 0x10041d0c8da0000 cxid 0x49 zxid 0x100000076 error -110
7/1/24 2:19:37 AM GMT session 0x30041d0c8d70000 cxid 0x4a zxid 0x100000077 error -110
7/1/24 2:19:37 AM GMT session 0x20041d0c8fa0000 cxid 0x43 zxid 0x100000078 error -110
7/1/24 2:19:37 AM GMT session 0x10041d0c8da0000 cxid 0x4d zxid 0x100000079 error -110
7/1/24 2:19:37 AM GMT session 0x30041d0c8d70000 cxid 0x4e zxid 0x10000007a error -110
7/1/24 2:19:38 AM GMT session 0x20041d0c8fa0000 cxid 0x47 zxid 0x10000007b error -110
7/1/24 2:19:38 AM GMT session 0x10041d0c8da0000 cxid 0x51 zxid 0x10000007c error -110
7/1/24 2:19:38 AM GMT session 0x30041d0c8d70000 cxid 0x52 zxid 0x10000007d error -110
7/1/24 2:19:38 AM GMT session 0x20041d0c8fa0000 cxid 0x4b zxid 0x10000007e error -110
7/1/24 2:19:38 AM GMT session 0x20041d0c8fa0000 cxid 0x4f zxid 0x10000007f error -110
EOF reached after 127 txns.
2024-07-01 02:19:00,865 [myid:] - INFO  [main:o.a.z.s.q.QuorumPeerConfig@177] - Reading configuration from: /apache-zookeeper-3.10.0-SNAPSHOT-bin/bin/../conf/zoo.cfg
2024-07-01 02:19:00,991 [myid:] - INFO  [main:o.a.z.s.q.QuorumPeerConfig@440] - clientPortAddress is 0.0.0.0:2181
2024-07-01 02:19:00,992 [myid:] - INFO  [main:o.a.z.s.q.QuorumPeerConfig@444] - secureClientPort is not set
2024-07-01 02:19:00,992 [myid:] - INFO  [main:o.a.z.s.q.QuorumPeerConfig@460] - observerMasterPort is not set
2024-07-01 02:19:00,992 [myid:] - INFO  [main:o.a.z.s.q.QuorumPeerConfig@477] - metricsProvider.className is org.apache.zookeeper.metrics.impl.DefaultMetricsProvider
2024-07-01 02:19:01,033 [myid:1] - INFO  [main:o.a.z.s.DatadirCleanupManager@78] - autopurge.snapRetainCount set to 3
2024-07-01 02:19:01,033 [myid:1] - INFO  [main:o.a.z.s.DatadirCleanupManager@79] - autopurge.purgeInterval set to 1
2024-07-01 02:19:01,034 [myid:] - INFO  [PurgeTask:o.a.z.s.DatadirCleanupManager$PurgeTask@139] - Purge task started.
2024-07-01 02:19:01,034 [myid:1] - INFO  [main:o.a.z.j.ManagedUtil@46] - Log4j 1.2 jmx support not found; jmx disabled.
2024-07-01 02:19:01,034 [myid:1] - INFO  [main:o.a.z.s.q.QuorumPeerMain@152] - Starting quorum peer, myid=1
2024-07-01 02:19:01,036 [myid:] - INFO  [PurgeTask:o.a.z.s.p.FileTxnSnapLog@124] - zookeeper.snapshot.trust.empty : false
2024-07-01 02:19:01,043 [myid:1] - INFO  [main:o.a.z.s.ServerMetrics@64] - ServerMetrics initialized with provider org.apache.zookeeper.metrics.impl.DefaultMetricsProvider@197d671
2024-07-01 02:19:01,045 [myid:1] - INFO  [main:o.a.z.s.a.DigestAuthenticationProvider@51] - ACL digest algorithm is: SHA1
2024-07-01 02:19:01,045 [myid:1] - INFO  [main:o.a.z.s.a.DigestAuthenticationProvider@65] - zookeeper.DigestAuthenticationProvider.enabled = true
2024-07-01 02:19:01,050 [myid:1] - INFO  [main:o.a.z.s.ServerCnxnFactory@169] - Using org.apache.zookeeper.server.NIOServerCnxnFactory as server connection factory
2024-07-01 02:19:01,051 [myid:1] - WARN  [main:o.a.z.s.ServerCnxnFactory@309] - maxCnxns is not configured, using default value 0.
2024-07-01 02:19:01,051 [myid:] - INFO  [PurgeTask:o.a.z.s.DatadirCleanupManager$PurgeTask@145] - Purge task completed.
2024-07-01 02:19:01,052 [myid:1] - INFO  [main:o.a.z.s.NIOServerCnxnFactory@665] - Configuring NIO connection handler with 10s sessionless connection timeout, 7 selector thread(s), 224 worker threads, and 64 kB direct buffers.
2024-07-01 02:19:01,064 [myid:1] - INFO  [main:o.a.z.s.NIOServerCnxnFactory@673] - binding to port 0.0.0.0/0.0.0.0:2181
2024-07-01 02:19:01,073 [myid:1] - INFO  [main:o.a.z.s.q.QuorumPeer@801] - zookeeper.quorumCnxnTimeoutMs=-1
2024-07-01 02:19:01,088 [myid:1] - INFO  [main:o.e.j.u.l.Log@170] - Logging initialized @566ms to org.eclipse.jetty.util.log.Slf4jLog
2024-07-01 02:19:01,148 [myid:1] - WARN  [main:o.e.j.s.h.ContextHandler@1662] - o.e.j.s.ServletContextHandler@c86b9e3{/,null,STOPPED} contextPath ends with /*
2024-07-01 02:19:01,148 [myid:1] - WARN  [main:o.e.j.s.h.ContextHandler@1673] - Empty contextPath
2024-07-01 02:19:01,160 [myid:1] - INFO  [main:o.a.z.c.X509Util@88] - Setting -D jdk.tls.rejectClientInitiatedRenegotiation=true to disable client-initiated TLS renegotiation
2024-07-01 02:19:01,271 [myid:1] - INFO  [main:o.a.z.c.X509Util@110] - Default TLS protocol is TLSv1.3, supported TLS protocols are [TLSv1.3, TLSv1.2, TLSv1.1, TLSv1, SSLv3, SSLv2Hello]
2024-07-01 02:19:01,275 [myid:1] - INFO  [main:o.a.z.s.p.FileTxnSnapLog@124] - zookeeper.snapshot.trust.empty : false
2024-07-01 02:19:01,285 [myid:1] - INFO  [main:o.a.z.s.q.QuorumPeer@1781] - Local sessions disabled
2024-07-01 02:19:01,285 [myid:1] - INFO  [main:o.a.z.s.q.QuorumPeer@1792] - Local session upgrading disabled
2024-07-01 02:19:01,285 [myid:1] - INFO  [main:o.a.z.s.q.QuorumPeer@1759] - tickTime set to 2000
2024-07-01 02:19:01,285 [myid:1] - INFO  [main:o.a.z.s.q.QuorumPeer@1803] - minSessionTimeout set to 4000
2024-07-01 02:19:01,285 [myid:1] - INFO  [main:o.a.z.s.q.QuorumPeer@1814] - maxSessionTimeout set to 40000
2024-07-01 02:19:01,285 [myid:1] - INFO  [main:o.a.z.s.q.QuorumPeer@1839] - initLimit set to 10
2024-07-01 02:19:01,285 [myid:1] - INFO  [main:o.a.z.s.q.QuorumPeer@2026] - syncLimit set to 5
2024-07-01 02:19:01,286 [myid:1] - INFO  [main:o.a.z.s.q.QuorumPeer@2041] - connectToLearnerMasterLimit set to 0
2024-07-01 02:19:01,296 [myid:1] - INFO  [main:o.a.z.ZookeeperBanner@42] - 
2024-07-01 02:19:01,297 [myid:1] - INFO  [main:o.a.z.ZookeeperBanner@42] -   ______                  _                                          
2024-07-01 02:19:01,297 [myid:1] - INFO  [main:o.a.z.ZookeeperBanner@42] -  |___  /                 | |                                         
2024-07-01 02:19:01,297 [myid:1] - INFO  [main:o.a.z.ZookeeperBanner@42] -     / /    ___     ___   | | __   ___    ___   _ __     ___   _ __   
2024-07-01 02:19:01,297 [myid:1] - INFO  [main:o.a.z.ZookeeperBanner@42] -    / /    / _ \   / _ \  | |/ /  / _ \  / _ \ | '_ \   / _ \ | '__|
2024-07-01 02:19:01,297 [myid:1] - INFO  [main:o.a.z.ZookeeperBanner@42] -   / /__  | (_) | | (_) | |   <  |  __/ |  __/ | |_) | |  __/ | |    
2024-07-01 02:19:01,297 [myid:1] - INFO  [main:o.a.z.ZookeeperBanner@42] -  /_____|  \___/   \___/  |_|\_\  \___|  \___| | .__/   \___| |_|
2024-07-01 02:19:01,297 [myid:1] - INFO  [main:o.a.z.ZookeeperBanner@42] -                                               | |                     
2024-07-01 02:19:01,297 [myid:1] - INFO  [main:o.a.z.ZookeeperBanner@42] -                                               |_|                     
2024-07-01 02:19:01,297 [myid:1] - INFO  [main:o.a.z.ZookeeperBanner@42] - 
2024-07-01 02:19:01,299 [myid:1] - INFO  [main:o.a.z.Environment@98] - Server environment:zookeeper.version=3.10.0-SNAPSHOT-317eb2cb1cb10b80a2c2f8bc3cc1cc74493a0106-dirty, built on 2024-07-01 02:08 UTC
2024-07-01 02:19:01,299 [myid:1] - INFO  [main:o.a.z.Environment@98] - Server environment:host.name=e4164e6548dd
2024-07-01 02:19:01,299 [myid:1] - INFO  [main:o.a.z.Environment@98] - Server environment:java.version=1.8.0_362
2024-07-01 02:19:01,299 [myid:1] - INFO  [main:o.a.z.Environment@98] - Server environment:java.vendor=Private Build
2024-07-01 02:19:01,299 [myid:1] - INFO  [main:o.a.z.Environment@98] - Server environment:java.home=/usr/lib/jvm/java-8-openjdk-amd64/jre
2024-07-01 02:19:01,299 [myid:1] - INFO  [main:o.a.z.Environment@98] - Server environment:java.class.path=/apache-zookeeper-3.10.0-SNAPSHOT-bin/bin/../zookeeper-metrics-providers/zookeeper-prometheus-metrics/target/classes:/apache-zookeeper-3.10.0-SNAPSHOT-bin/bin/../zookeeper-server/target/classes:/apache-zookeeper-3.10.0-SNAPSHOT-bin/bin/../build/classes:/apache-zookeeper-3.10.0-SNAPSHOT-bin/bin/../zookeeper-metrics-providers/zookeeper-prometheus-metrics/target/lib/*.jar:/apache-zookeeper-3.10.0-SNAPSHOT-bin/bin/../zookeeper-server/target/lib/*.jar:/apache-zookeeper-3.10.0-SNAPSHOT-bin/bin/../build/lib/*.jar:/apache-zookeeper-3.10.0-SNAPSHOT-bin/bin/../lib/zookeeper-prometheus-metrics-3.10.0-SNAPSHOT.jar:/apache-zookeeper-3.10.0-SNAPSHOT-bin/bin/../lib/zookeeper-jute-3.10.0-SNAPSHOT.jar:/apache-zookeeper-3.10.0-SNAPSHOT-bin/bin/../lib/zookeeper-3.10.0-SNAPSHOT.jar:/apache-zookeeper-3.10.0-SNAPSHOT-bin/bin/../lib/snappy-java-1.1.10.5.jar:/apache-zookeeper-3.10.0-SNAPSHOT-bin/bin/../lib/slf4j-api-1.7.30.jar:/apache-zookeeper-3.10.0-SNAPSHOT-bin/bin/../lib/simpleclient_servlet-0.9.0.jar:/apache-zookeeper-3.10.0-SNAPSHOT-bin/bin/../lib/simpleclient_hotspot-0.9.0.jar:/apache-zookeeper-3.10.0-SNAPSHOT-bin/bin/../lib/simpleclient_common-0.9.0.jar:/apache-zookeeper-3.10.0-SNAPSHOT-bin/bin/../lib/simpleclient-0.9.0.jar:/apache-zookeeper-3.10.0-SNAPSHOT-bin/bin/../lib/netty-transport-native-unix-common-4.1.94.Final.jar:/apache-zookeeper-3.10.0-SNAPSHOT-bin/bin/../lib/netty-transport-native-epoll-4.1.94.Final-linux-x86_64.jar:/apache-zookeeper-3.10.0-SNAPSHOT-bin/bin/../lib/netty-transport-classes-epoll-4.1.94.Final.jar:/apache-zookeeper-3.10.0-SNAPSHOT-bin/bin/../lib/netty-transport-4.1.94.Final.jar:/apache-zookeeper-3.10.0-SNAPSHOT-bin/bin/../lib/netty-tcnative-classes-2.0.61.Final.jar:/apache-zookeeper-3.10.0-SNAPSHOT-bin/bin/../lib/netty-tcnative-boringssl-static-2.0.61.Final.jar:/apache-zookeeper-3.10.0-SNAPSHOT-bin/bin/../lib/netty-tcnative-boringssl-static-2.0.61.Final-windows-x86_64.jar:/apache-zookeeper-3.10.0-SNAPSHOT-bin/bin/../lib/netty-tcnative-boringssl-static-2.0.61.Final-osx-x86_64.jar:/apache-zookeeper-3.10.0-SNAPSHOT-bin/bin/../lib/netty-tcnative-boringssl-static-2.0.61.Final-osx-aarch_64.jar:/apache-zookeeper-3.10.0-SNAPSHOT-bin/bin/../lib/netty-tcnative-boringssl-static-2.0.61.Final-linux-x86_64.jar:/apache-zookeeper-3.10.0-SNAPSHOT-bin/bin/../lib/netty-tcnative-boringssl-static-2.0.61.Final-linux-aarch_64.jar:/apache-zookeeper-3.10.0-SNAPSHOT-bin/bin/../lib/netty-resolver-4.1.94.Final.jar:/apache-zookeeper-3.10.0-SNAPSHOT-bin/bin/../lib/netty-handler-4.1.94.Final.jar:/apache-zookeeper-3.10.0-SNAPSHOT-bin/bin/../lib/netty-common-4.1.94.Final.jar:/apache-zookeeper-3.10.0-SNAPSHOT-bin/bin/../lib/netty-codec-4.1.94.Final.jar:/apache-zookeeper-3.10.0-SNAPSHOT-bin/bin/../lib/netty-buffer-4.1.94.Final.jar:/apache-zookeeper-3.10.0-SNAPSHOT-bin/bin/../lib/metrics-core-4.1.12.1.jar:/apache-zookeeper-3.10.0-SNAPSHOT-bin/bin/../lib/logback-core-1.2.10.jar:/apache-zookeeper-3.10.0-SNAPSHOT-bin/bin/../lib/logback-classic-1.2.10.jar:/apache-zookeeper-3.10.0-SNAPSHOT-bin/bin/../lib/jline-2.14.6.jar:/apache-zookeeper-3.10.0-SNAPSHOT-bin/bin/../lib/jetty-util-ajax-9.4.52.v20230823.jar:/apache-zookeeper-3.10.0-SNAPSHOT-bin/bin/../lib/jetty-util-9.4.52.v20230823.jar:/apache-zookeeper-3.10.0-SNAPSHOT-bin/bin/../lib/jetty-servlet-9.4.52.v20230823.jar:/apache-zookeeper-3.10.0-SNAPSHOT-bin/bin/../lib/jetty-server-9.4.52.v20230823.jar:/apache-zookeeper-3.10.0-SNAPSHOT-bin/bin/../lib/jetty-security-9.4.52.v20230823.jar:/apache-zookeeper-3.10.0-SNAPSHOT-bin/bin/../lib/jetty-io-9.4.52.v20230823.jar:/apache-zookeeper-3.10.0-SNAPSHOT-bin/bin/../lib/jetty-http-9.4.52.v20230823.jar:/apache-zookeeper-3.10.0-SNAPSHOT-bin/bin/../lib/javax.servlet-api-3.1.0.jar:/apache-zookeeper-3.10.0-SNAPSHOT-bin/bin/../lib/jackson-databind-2.15.2.jar:/apache-zookeeper-3.10.0-SNAPSHOT-bin/bin/../lib/jackson-core-2.15.2.jar:/apache-zookeeper-3.10.0-SNAPSHOT-bin/bin/../lib/jackson-annotations-2.15.2.jar:/apache-zookeeper-3.10.0-SNAPSHOT-bin/bin/../lib/commons-io-2.11.0.jar:/apache-zookeeper-3.10.0-SNAPSHOT-bin/bin/../lib/commons-cli-1.5.0.jar:/apache-zookeeper-3.10.0-SNAPSHOT-bin/bin/../lib/audience-annotations-0.12.0.jar:/apache-zookeeper-3.10.0-SNAPSHOT-bin/bin/../zookeeper-*.jar:/apache-zookeeper-3.10.0-SNAPSHOT-bin/bin/../zookeeper-server/src/main/resources/lib/*.jar:/apache-zookeeper-3.10.0-SNAPSHOT-bin/bin/../conf:
2024-07-01 02:19:01,299 [myid:1] - INFO  [main:o.a.z.Environment@98] - Server environment:java.library.path=/usr/java/packages/lib/amd64:/usr/lib/x86_64-linux-gnu/jni:/lib/x86_64-linux-gnu:/usr/lib/x86_64-linux-gnu:/usr/lib/jni:/lib:/usr/lib
2024-07-01 02:19:01,300 [myid:1] - INFO  [main:o.a.z.Environment@98] - Server environment:java.io.tmpdir=/tmp
2024-07-01 02:19:01,300 [myid:1] - INFO  [main:o.a.z.Environment@98] - Server environment:java.compiler=<NA>
2024-07-01 02:19:01,300 [myid:1] - INFO  [main:o.a.z.Environment@98] - Server environment:os.name=Linux
2024-07-01 02:19:01,300 [myid:1] - INFO  [main:o.a.z.Environment@98] - Server environment:os.arch=amd64
2024-07-01 02:19:01,300 [myid:1] - INFO  [main:o.a.z.Environment@98] - Server environment:os.version=5.4.0-84-generic
2024-07-01 02:19:01,300 [myid:1] - INFO  [main:o.a.z.Environment@98] - Server environment:user.name=root
2024-07-01 02:19:01,300 [myid:1] - INFO  [main:o.a.z.Environment@98] - Server environment:user.home=/root
2024-07-01 02:19:01,300 [myid:1] - INFO  [main:o.a.z.Environment@98] - Server environment:user.dir=/apache-zookeeper-3.10.0-SNAPSHOT-bin
2024-07-01 02:19:01,300 [myid:1] - INFO  [main:o.a.z.Environment@98] - Server environment:os.memory.free=889MB
2024-07-01 02:19:01,300 [myid:1] - INFO  [main:o.a.z.Environment@98] - Server environment:os.memory.max=958MB
2024-07-01 02:19:01,300 [myid:1] - INFO  [main:o.a.z.Environment@98] - Server environment:os.memory.total=958MB
2024-07-01 02:19:01,300 [myid:1] - INFO  [main:o.a.z.s.ZooKeeperServer@149] - zookeeper.enableEagerACLCheck = false
2024-07-01 02:19:01,300 [myid:1] - INFO  [main:o.a.z.s.ZooKeeperServer@162] - zookeeper.digest.enabled = true
2024-07-01 02:19:01,300 [myid:1] - INFO  [main:o.a.z.s.ZooKeeperServer@166] - zookeeper.closeSessionTxn.enabled = true
2024-07-01 02:19:01,300 [myid:1] - INFO  [main:o.a.z.s.ZooKeeperServer@2251] - zookeeper.serializeLastProcessedZxid.enabled = true
2024-07-01 02:19:01,300 [myid:1] - INFO  [main:o.a.z.s.ZooKeeperServer@1594] - zookeeper.flushDelay = 0 ms
2024-07-01 02:19:01,301 [myid:1] - INFO  [main:o.a.z.s.ZooKeeperServer@1603] - zookeeper.maxWriteQueuePollTime = 0 ms
2024-07-01 02:19:01,301 [myid:1] - INFO  [main:o.a.z.s.ZooKeeperServer@1612] - zookeeper.maxBatchSize=1000
2024-07-01 02:19:01,301 [myid:1] - INFO  [main:o.a.z.s.ZooKeeperServer@287] - zookeeper.intBufferStartingSizeBytes = 1024
2024-07-01 02:19:01,306 [myid:1] - INFO  [main:o.a.z.s.w.WatchManagerFactory@42] - Using org.apache.zookeeper.server.watch.WatchManager as watch manager
2024-07-01 02:19:01,306 [myid:1] - INFO  [main:o.a.z.s.w.WatchManagerFactory@42] - Using org.apache.zookeeper.server.watch.WatchManager as watch manager
2024-07-01 02:19:01,306 [myid:1] - INFO  [main:o.a.z.s.ZKDatabase@135] - zookeeper.snapshotSizeFactor = 0.33
2024-07-01 02:19:01,306 [myid:1] - INFO  [main:o.a.z.s.ZKDatabase@155] - zookeeper.commitLogCount=500
2024-07-01 02:19:01,326 [myid:1] - INFO  [main:o.a.z.s.q.QuorumPeer@2105] - Using insecure (non-TLS) quorum communication
2024-07-01 02:19:01,326 [myid:1] - INFO  [main:o.a.z.s.q.QuorumPeer@2111] - Port unification disabled
2024-07-01 02:19:01,326 [myid:1] - INFO  [main:o.a.z.s.q.QuorumPeer@184] - multiAddress.enabled set to false
2024-07-01 02:19:01,326 [myid:1] - INFO  [main:o.a.z.s.q.QuorumPeer@209] - multiAddress.reachabilityCheckEnabled set to true
2024-07-01 02:19:01,326 [myid:1] - INFO  [main:o.a.z.s.q.QuorumPeer@196] - multiAddress.reachabilityCheckTimeoutMs set to 1000
2024-07-01 02:19:01,326 [myid:1] - INFO  [main:o.a.z.s.q.QuorumPeer@2573] - QuorumPeer communication is not secured! (SASL auth disabled)
2024-07-01 02:19:01,326 [myid:1] - INFO  [main:o.a.z.s.q.QuorumPeer@2598] - quorum.cnxn.threads.size set to 20
2024-07-01 02:19:01,338 [myid:1] - INFO  [main:o.a.z.s.p.SnapStream@61] - zookeeper.snapshot.compression.method = CHECKED
2024-07-01 02:19:01,338 [myid:1] - INFO  [main:o.a.z.s.p.FileTxnSnapLog@480] - Snapshotting: 0x0 to /apache-zookeeper-3.10.0-SNAPSHOT-bin/data/version-2/snapshot.0
2024-07-01 02:19:01,359 [myid:1] - INFO  [main:o.a.z.s.ZKDatabase@292] - Snapshot loaded in 33 ms, highest zxid is 0x0, digest is 1371985504
2024-07-01 02:19:01,360 [myid:1] - INFO  [main:o.a.z.s.q.QuorumPeer@1161] - currentEpoch not found! Creating with a reasonable default of 0. This should only happen when you are upgrading your installation
2024-07-01 02:19:01,366 [myid:1] - INFO  [main:o.a.z.s.q.QuorumPeer@1189] - acceptedEpoch not found! Creating with a reasonable default of 0. This should only happen when you are upgrading your installation
2024-07-01 02:19:01,376 [myid:1] - INFO  [main:o.e.j.s.Server@375] - jetty-9.4.52.v20230823; built: 2023-08-23T19:29:37.669Z; git: abdcda73818a1a2c705da276edb0bf6581e7997e; jvm 1.8.0_362-8u372-ga~us1-0ubuntu1~18.04-b09
2024-07-01 02:19:01,403 [myid:1] - INFO  [main:o.e.j.s.s.DefaultSessionIdManager@334] - DefaultSessionIdManager workerName=node0
2024-07-01 02:19:01,404 [myid:1] - INFO  [main:o.e.j.s.s.DefaultSessionIdManager@339] - No SessionScavenger set, using defaults
2024-07-01 02:19:01,405 [myid:1] - INFO  [main:o.e.j.s.s.HouseKeeper@132] - node0 Scavenging every 660000ms
2024-07-01 02:19:01,407 [myid:1] - WARN  [main:o.e.j.s.ConstraintSecurityHandler@759] - ServletContext@o.e.j.s.ServletContextHandler@c86b9e3{/,null,STARTING} has uncovered http methods for path: /*
2024-07-01 02:19:01,414 [myid:1] - INFO  [main:o.e.j.s.h.ContextHandler@921] - Started o.e.j.s.ServletContextHandler@c86b9e3{/,null,AVAILABLE}
2024-07-01 02:19:01,423 [myid:1] - INFO  [main:o.e.j.s.AbstractConnector@333] - Started ServerConnector@f5958c9{HTTP/1.1, (http/1.1)}{0.0.0.0:8080}
2024-07-01 02:19:01,424 [myid:1] - INFO  [main:o.e.j.s.Server@415] - Started @903ms
2024-07-01 02:19:01,424 [myid:1] - INFO  [main:o.a.z.s.a.JettyAdminServer@201] - Started AdminServer on address 0.0.0.0, port 8080 and command URL /commands
2024-07-01 02:19:01,424 [myid:1] - INFO  [main:o.a.z.s.q.QuorumPeer@2615] - Using 10000ms as the quorum cnxn socket timeout
2024-07-01 02:19:01,429 [myid:1] - INFO  [main:o.a.z.s.q.QuorumCnxManager$Listener@924] - Election port bind maximum retries is 3
2024-07-01 02:19:01,432 [myid:1] - INFO  [main:o.a.z.s.q.FastLeaderElection@90] - zookeeper.fastleader.minNotificationInterval = 200 ms
2024-07-01 02:19:01,432 [myid:1] - INFO  [main:o.a.z.s.q.FastLeaderElection@92] - zookeeper.fastleader.maxNotificationInterval = 60000 ms
2024-07-01 02:19:01,436 [myid:1] - INFO  [main:o.a.z.a.ZKAuditProvider@42] - ZooKeeper audit is disabled.
2024-07-01 02:19:01,437 [myid:] - INFO  [ListenerHandler-/172.30.0.2:3888:o.a.z.s.q.QuorumCnxManager$Listener$ListenerHandler@1071] - 1 is accepting connections now, my election bind port: /172.30.0.2:3888
2024-07-01 02:19:01,450 [myid:] - INFO  [QuorumPeer[myid=1](plain=0.0.0.0:2181)(secure=disabled):o.a.z.s.q.QuorumPeer@1471] - LOOKING
2024-07-01 02:19:01,451 [myid:] - INFO  [QuorumPeer[myid=1](plain=0.0.0.0:2181)(secure=disabled):o.a.z.s.q.FastLeaderElection@946] - New election. My id = 1, proposed zxid=0x0
2024-07-01 02:19:01,499 [myid:] - INFO  [ListenerHandler-/172.30.0.2:3888:o.a.z.s.q.QuorumCnxManager$Listener$ListenerHandler@1076] - Received connection request from /172.30.0.3:57354
2024-07-01 02:19:01,500 [myid:] - INFO  [WorkerReceiver[myid=1]:o.a.z.s.q.FastLeaderElection$Messenger$WorkerReceiver@391] - Notification: my state:LOOKING; n.sid:1, n.state:LOOKING, n.leader:1, n.round:0x1, n.peerEpoch:0x0, n.zxid:0x0, message format version:0x2, n.config version:0x0
2024-07-01 02:19:01,504 [myid:] - INFO  [QuorumConnectionThread-[myid=1]-1:o.a.z.s.q.QuorumCnxManager@514] - Have smaller server identifier, so dropping the connection: (myId:1 --> sid:2)
2024-07-01 02:19:01,504 [myid:] - WARN  [QuorumConnectionThread-[myid=1]-2:o.a.z.s.q.QuorumCnxManager@401] - Cannot open channel to 3 at election address /172.30.0.4:3888
java.net.ConnectException: Connection refused (Connection refused)
	at java.net.PlainSocketImpl.socketConnect(Native Method)
	at java.net.AbstractPlainSocketImpl.doConnect(AbstractPlainSocketImpl.java:350)
	at java.net.AbstractPlainSocketImpl.connectToAddress(AbstractPlainSocketImpl.java:206)
	at java.net.AbstractPlainSocketImpl.connect(AbstractPlainSocketImpl.java:188)
	at java.net.SocksSocketImpl.connect(SocksSocketImpl.java:392)
	at java.net.Socket.connect(Socket.java:607)
	at org.apache.zookeeper.server.quorum.QuorumCnxManager.initiateConnection(QuorumCnxManager.java:384)
	at org.apache.zookeeper.server.quorum.QuorumCnxManager$QuorumConnectionReqThread.run(QuorumCnxManager.java:458)
	at java.util.concurrent.ThreadPoolExecutor.runWorker(ThreadPoolExecutor.java:1149)
	at java.util.concurrent.ThreadPoolExecutor$Worker.run(ThreadPoolExecutor.java:624)
	at java.lang.Thread.run(Thread.java:750)
2024-07-01 02:19:01,537 [myid:] - INFO  [WorkerReceiver[myid=1]:o.a.z.s.q.FastLeaderElection$Messenger$WorkerReceiver@391] - Notification: my state:LOOKING; n.sid:2, n.state:LOOKING, n.leader:2, n.round:0x1, n.peerEpoch:0x0, n.zxid:0x0, message format version:0x2, n.config version:0x0
2024-07-01 02:19:01,576 [myid:] - INFO  [WorkerReceiver[myid=1]:o.a.z.s.q.FastLeaderElection$Messenger$WorkerReceiver@391] - Notification: my state:LOOKING; n.sid:1, n.state:LOOKING, n.leader:2, n.round:0x1, n.peerEpoch:0x0, n.zxid:0x0, message format version:0x2, n.config version:0x0
2024-07-01 02:19:01,578 [myid:] - WARN  [QuorumConnectionThread-[myid=1]-3:o.a.z.s.q.QuorumCnxManager@401] - Cannot open channel to 3 at election address /172.30.0.4:3888
java.net.ConnectException: Connection refused (Connection refused)
	at java.net.PlainSocketImpl.socketConnect(Native Method)
	at java.net.AbstractPlainSocketImpl.doConnect(AbstractPlainSocketImpl.java:350)
	at java.net.AbstractPlainSocketImpl.connectToAddress(AbstractPlainSocketImpl.java:206)
	at java.net.AbstractPlainSocketImpl.connect(AbstractPlainSocketImpl.java:188)
	at java.net.SocksSocketImpl.connect(SocksSocketImpl.java:392)
	at java.net.Socket.connect(Socket.java:607)
	at org.apache.zookeeper.server.quorum.QuorumCnxManager.initiateConnection(QuorumCnxManager.java:384)
	at org.apache.zookeeper.server.quorum.QuorumCnxManager$QuorumConnectionReqThread.run(QuorumCnxManager.java:458)
	at java.util.concurrent.ThreadPoolExecutor.runWorker(ThreadPoolExecutor.java:1149)
	at java.util.concurrent.ThreadPoolExecutor$Worker.run(ThreadPoolExecutor.java:624)
	at java.lang.Thread.run(Thread.java:750)
2024-07-01 02:19:01,777 [myid:] - INFO  [QuorumPeer[myid=1](plain=0.0.0.0:2181)(secure=disabled):o.a.z.s.q.QuorumPeer@906] - Peer state changed: following
2024-07-01 02:19:01,778 [myid:] - INFO  [QuorumPeer[myid=1](plain=0.0.0.0:2181)(secure=disabled):o.a.z.s.q.QuorumPeer@1554] - FOLLOWING
2024-07-01 02:19:01,784 [myid:] - INFO  [QuorumPeer[myid=1](plain=0.0.0.0:2181)(secure=disabled):o.a.z.s.q.Learner@130] - leaderConnectDelayDuringRetryMs: 100
2024-07-01 02:19:01,784 [myid:] - INFO  [QuorumPeer[myid=1](plain=0.0.0.0:2181)(secure=disabled):o.a.z.s.q.Learner@131] - TCP NoDelay set to: true
2024-07-01 02:19:01,784 [myid:] - INFO  [QuorumPeer[myid=1](plain=0.0.0.0:2181)(secure=disabled):o.a.z.s.q.Learner@132] - zookeeper.learner.asyncSending = false
2024-07-01 02:19:01,784 [myid:] - INFO  [QuorumPeer[myid=1](plain=0.0.0.0:2181)(secure=disabled):o.a.z.s.q.Learner@133] - zookeeper.learner.closeSocketAsync = false
2024-07-01 02:19:01,786 [myid:] - INFO  [QuorumPeer[myid=1](plain=0.0.0.0:2181)(secure=disabled):o.a.z.s.BlueThrottle@141] - Weighed connection throttling is disabled
2024-07-01 02:19:01,786 [myid:] - INFO  [QuorumPeer[myid=1](plain=0.0.0.0:2181)(secure=disabled):o.a.z.s.AuthenticationHelper@66] - zookeeper.enforce.auth.enabled = false
2024-07-01 02:19:01,787 [myid:] - INFO  [QuorumPeer[myid=1](plain=0.0.0.0:2181)(secure=disabled):o.a.z.s.AuthenticationHelper@67] - zookeeper.enforce.auth.schemes = []
2024-07-01 02:19:01,789 [myid:] - INFO  [QuorumPeer[myid=1](plain=0.0.0.0:2181)(secure=disabled):o.a.z.s.ZooKeeperServer@1406] - minSessionTimeout set to 4000 ms
2024-07-01 02:19:01,790 [myid:] - INFO  [QuorumPeer[myid=1](plain=0.0.0.0:2181)(secure=disabled):o.a.z.s.ZooKeeperServer@1415] - maxSessionTimeout set to 40000 ms
2024-07-01 02:19:01,790 [myid:] - INFO  [QuorumPeer[myid=1](plain=0.0.0.0:2181)(secure=disabled):o.a.z.s.ResponseCache@45] - getData response cache size is initialized with value 400.
2024-07-01 02:19:01,791 [myid:] - INFO  [QuorumPeer[myid=1](plain=0.0.0.0:2181)(secure=disabled):o.a.z.s.ResponseCache@45] - getChildren response cache size is initialized with value 400.
2024-07-01 02:19:01,792 [myid:] - INFO  [QuorumPeer[myid=1](plain=0.0.0.0:2181)(secure=disabled):o.a.z.s.u.RequestPathMetricsCollector@109] - zookeeper.pathStats.slotCapacity = 60
2024-07-01 02:19:01,792 [myid:] - INFO  [QuorumPeer[myid=1](plain=0.0.0.0:2181)(secure=disabled):o.a.z.s.u.RequestPathMetricsCollector@110] - zookeeper.pathStats.slotDuration = 15
2024-07-01 02:19:01,792 [myid:] - INFO  [QuorumPeer[myid=1](plain=0.0.0.0:2181)(secure=disabled):o.a.z.s.u.RequestPathMetricsCollector@111] - zookeeper.pathStats.maxDepth = 6
2024-07-01 02:19:01,792 [myid:] - INFO  [QuorumPeer[myid=1](plain=0.0.0.0:2181)(secure=disabled):o.a.z.s.u.RequestPathMetricsCollector@112] - zookeeper.pathStats.initialDelay = 5
2024-07-01 02:19:01,792 [myid:] - INFO  [QuorumPeer[myid=1](plain=0.0.0.0:2181)(secure=disabled):o.a.z.s.u.RequestPathMetricsCollector@113] - zookeeper.pathStats.delay = 5
2024-07-01 02:19:01,792 [myid:] - INFO  [QuorumPeer[myid=1](plain=0.0.0.0:2181)(secure=disabled):o.a.z.s.u.RequestPathMetricsCollector@114] - zookeeper.pathStats.enabled = false
2024-07-01 02:19:01,794 [myid:] - INFO  [QuorumPeer[myid=1](plain=0.0.0.0:2181)(secure=disabled):o.a.z.s.ZooKeeperServer@1631] - The max bytes for all large requests are set to 104857600
2024-07-01 02:19:01,794 [myid:] - INFO  [QuorumPeer[myid=1](plain=0.0.0.0:2181)(secure=disabled):o.a.z.s.ZooKeeperServer@1645] - The large request threshold is set to -1
2024-07-01 02:19:01,794 [myid:] - INFO  [QuorumPeer[myid=1](plain=0.0.0.0:2181)(secure=disabled):o.a.z.s.ZooKeeperServer@385] - Created server with tickTime 2000 ms minSessionTimeout 4000 ms maxSessionTimeout 40000 ms clientPortListenBacklog -1 datadir /apache-zookeeper-3.10.0-SNAPSHOT-bin/logs/version-2 snapdir /apache-zookeeper-3.10.0-SNAPSHOT-bin/data/version-2
2024-07-01 02:19:01,795 [myid:] - INFO  [QuorumPeer[myid=1](plain=0.0.0.0:2181)(secure=disabled):o.a.z.s.q.Follower@77] - FOLLOWING - LEADER ELECTION TOOK - 344 MS
2024-07-01 02:19:01,797 [myid:] - INFO  [QuorumPeer[myid=1](plain=0.0.0.0:2181)(secure=disabled):o.a.z.s.q.QuorumPeer@920] - Peer state changed: following - discovery
2024-07-01 02:19:01,806 [myid:] - WARN  [LeaderConnector-/172.30.0.3:2888:o.a.z.s.q.Learner$LeaderConnector@444] - Unexpected exception, tries=0, remaining init limit=19999, connecting to /172.30.0.3:2888
java.net.ConnectException: Connection refused (Connection refused)
	at java.net.PlainSocketImpl.socketConnect(Native Method)
	at java.net.AbstractPlainSocketImpl.doConnect(AbstractPlainSocketImpl.java:350)
	at java.net.AbstractPlainSocketImpl.connectToAddress(AbstractPlainSocketImpl.java:206)
	at java.net.AbstractPlainSocketImpl.connect(AbstractPlainSocketImpl.java:188)
	at java.net.SocksSocketImpl.connect(SocksSocketImpl.java:392)
	at java.net.Socket.connect(Socket.java:607)
	at org.apache.zookeeper.server.quorum.Learner.sockConnect(Learner.java:301)
	at org.apache.zookeeper.server.quorum.Learner$LeaderConnector.connectToLeader(Learner.java:418)
	at org.apache.zookeeper.server.quorum.Learner$LeaderConnector.run(Learner.java:376)
	at java.util.concurrent.Executors$RunnableAdapter.call(Executors.java:511)
	at java.util.concurrent.FutureTask.run(FutureTask.java:266)
	at java.util.concurrent.ThreadPoolExecutor.runWorker(ThreadPoolExecutor.java:1149)
	at java.util.concurrent.ThreadPoolExecutor$Worker.run(ThreadPoolExecutor.java:624)
	at java.lang.Thread.run(Thread.java:750)
2024-07-01 02:19:01,911 [myid:] - INFO  [LeaderConnector-/172.30.0.3:2888:o.a.z.s.q.Learner$LeaderConnector@380] - Successfully connected to leader, using address: /172.30.0.3:2888
2024-07-01 02:19:02,629 [myid:] - INFO  [ListenerHandler-/172.30.0.2:3888:o.a.z.s.q.QuorumCnxManager$Listener$ListenerHandler@1076] - Received connection request from /172.30.0.4:34646
2024-07-01 02:19:02,658 [myid:] - INFO  [WorkerReceiver[myid=1]:o.a.z.s.q.FastLeaderElection$Messenger$WorkerReceiver@391] - Notification: my state:FOLLOWING; n.sid:3, n.state:LOOKING, n.leader:3, n.round:0x1, n.peerEpoch:0x0, n.zxid:0x0, message format version:0x2, n.config version:0x0
2024-07-01 02:19:05,352 [myid:] - WARN  [NIOWorkerThread-1:o.a.z.s.NIOServerCnxn@397] - Close of session 0x0
java.io.IOException: ZooKeeperServer not running
	at org.apache.zookeeper.server.NIOServerCnxn.readLength(NIOServerCnxn.java:576)
	at org.apache.zookeeper.server.NIOServerCnxn.doIO(NIOServerCnxn.java:350)
	at org.apache.zookeeper.server.NIOServerCnxnFactory$IOWorkRequest.doWork(NIOServerCnxnFactory.java:519)
	at org.apache.zookeeper.server.WorkerService$ScheduledWorkRequest.run(WorkerService.java:158)
	at java.util.concurrent.ThreadPoolExecutor.runWorker(ThreadPoolExecutor.java:1149)
	at java.util.concurrent.ThreadPoolExecutor$Worker.run(ThreadPoolExecutor.java:624)
	at java.lang.Thread.run(Thread.java:750)
2024-07-01 02:19:06,587 [myid:] - WARN  [NIOWorkerThread-2:o.a.z.s.NIOServerCnxn@397] - Close of session 0x0
java.io.IOException: ZooKeeperServer not running
	at org.apache.zookeeper.server.NIOServerCnxn.readLength(NIOServerCnxn.java:576)
	at org.apache.zookeeper.server.NIOServerCnxn.doIO(NIOServerCnxn.java:350)
	at org.apache.zookeeper.server.NIOServerCnxnFactory$IOWorkRequest.doWork(NIOServerCnxnFactory.java:519)
	at org.apache.zookeeper.server.WorkerService$ScheduledWorkRequest.run(WorkerService.java:158)
	at java.util.concurrent.ThreadPoolExecutor.runWorker(ThreadPoolExecutor.java:1149)
	at java.util.concurrent.ThreadPoolExecutor$Worker.run(ThreadPoolExecutor.java:624)
	at java.lang.Thread.run(Thread.java:750)
2024-07-01 02:19:08,174 [myid:] - WARN  [NIOWorkerThread-3:o.a.z.s.NIOServerCnxn@397] - Close of session 0x0
java.io.IOException: ZooKeeperServer not running
	at org.apache.zookeeper.server.NIOServerCnxn.readLength(NIOServerCnxn.java:576)
	at org.apache.zookeeper.server.NIOServerCnxn.doIO(NIOServerCnxn.java:350)
	at org.apache.zookeeper.server.NIOServerCnxnFactory$IOWorkRequest.doWork(NIOServerCnxnFactory.java:519)
	at org.apache.zookeeper.server.WorkerService$ScheduledWorkRequest.run(WorkerService.java:158)
	at java.util.concurrent.ThreadPoolExecutor.runWorker(ThreadPoolExecutor.java:1149)
	at java.util.concurrent.ThreadPoolExecutor$Worker.run(ThreadPoolExecutor.java:624)
	at java.lang.Thread.run(Thread.java:750)
2024-07-01 02:19:09,563 [myid:] - WARN  [NIOWorkerThread-4:o.a.z.s.NIOServerCnxn@397] - Close of session 0x0
java.io.IOException: ZooKeeperServer not running
	at org.apache.zookeeper.server.NIOServerCnxn.readLength(NIOServerCnxn.java:576)
	at org.apache.zookeeper.server.NIOServerCnxn.doIO(NIOServerCnxn.java:350)
	at org.apache.zookeeper.server.NIOServerCnxnFactory$IOWorkRequest.doWork(NIOServerCnxnFactory.java:519)
	at org.apache.zookeeper.server.WorkerService$ScheduledWorkRequest.run(WorkerService.java:158)
	at java.util.concurrent.ThreadPoolExecutor.runWorker(ThreadPoolExecutor.java:1149)
	at java.util.concurrent.ThreadPoolExecutor$Worker.run(ThreadPoolExecutor.java:624)
	at java.lang.Thread.run(Thread.java:750)
2024-07-01 02:19:10,941 [myid:] - WARN  [NIOWorkerThread-5:o.a.z.s.NIOServerCnxn@397] - Close of session 0x0
java.io.IOException: ZooKeeperServer not running
	at org.apache.zookeeper.server.NIOServerCnxn.readLength(NIOServerCnxn.java:576)
	at org.apache.zookeeper.server.NIOServerCnxn.doIO(NIOServerCnxn.java:350)
	at org.apache.zookeeper.server.NIOServerCnxnFactory$IOWorkRequest.doWork(NIOServerCnxnFactory.java:519)
	at org.apache.zookeeper.server.WorkerService$ScheduledWorkRequest.run(WorkerService.java:158)
	at java.util.concurrent.ThreadPoolExecutor.runWorker(ThreadPoolExecutor.java:1149)
	at java.util.concurrent.ThreadPoolExecutor$Worker.run(ThreadPoolExecutor.java:624)
	at java.lang.Thread.run(Thread.java:750)
2024-07-01 02:19:12,325 [myid:] - WARN  [NIOWorkerThread-6:o.a.z.s.NIOServerCnxn@397] - Close of session 0x0
java.io.IOException: ZooKeeperServer not running
	at org.apache.zookeeper.server.NIOServerCnxn.readLength(NIOServerCnxn.java:576)
	at org.apache.zookeeper.server.NIOServerCnxn.doIO(NIOServerCnxn.java:350)
	at org.apache.zookeeper.server.NIOServerCnxnFactory$IOWorkRequest.doWork(NIOServerCnxnFactory.java:519)
	at org.apache.zookeeper.server.WorkerService$ScheduledWorkRequest.run(WorkerService.java:158)
	at java.util.concurrent.ThreadPoolExecutor.runWorker(ThreadPoolExecutor.java:1149)
	at java.util.concurrent.ThreadPoolExecutor$Worker.run(ThreadPoolExecutor.java:624)
	at java.lang.Thread.run(Thread.java:750)
2024-07-01 02:19:14,416 [myid:] - WARN  [NIOWorkerThread-7:o.a.z.s.NIOServerCnxn@397] - Close of session 0x0
java.io.IOException: ZooKeeperServer not running
	at org.apache.zookeeper.server.NIOServerCnxn.readLength(NIOServerCnxn.java:576)
	at org.apache.zookeeper.server.NIOServerCnxn.doIO(NIOServerCnxn.java:350)
	at org.apache.zookeeper.server.NIOServerCnxnFactory$IOWorkRequest.doWork(NIOServerCnxnFactory.java:519)
	at org.apache.zookeeper.server.WorkerService$ScheduledWorkRequest.run(WorkerService.java:158)
	at java.util.concurrent.ThreadPoolExecutor.runWorker(ThreadPoolExecutor.java:1149)
	at java.util.concurrent.ThreadPoolExecutor$Worker.run(ThreadPoolExecutor.java:624)
	at java.lang.Thread.run(Thread.java:750)
2024-07-01 02:19:16,383 [myid:] - WARN  [NIOWorkerThread-8:o.a.z.s.NIOServerCnxn@397] - Close of session 0x0
java.io.IOException: ZooKeeperServer not running
	at org.apache.zookeeper.server.NIOServerCnxn.readLength(NIOServerCnxn.java:576)
	at org.apache.zookeeper.server.NIOServerCnxn.doIO(NIOServerCnxn.java:350)
	at org.apache.zookeeper.server.NIOServerCnxnFactory$IOWorkRequest.doWork(NIOServerCnxnFactory.java:519)
	at org.apache.zookeeper.server.WorkerService$ScheduledWorkRequest.run(WorkerService.java:158)
	at java.util.concurrent.ThreadPoolExecutor.runWorker(ThreadPoolExecutor.java:1149)
	at java.util.concurrent.ThreadPoolExecutor$Worker.run(ThreadPoolExecutor.java:624)
	at java.lang.Thread.run(Thread.java:750)
2024-07-01 02:19:18,140 [myid:] - WARN  [NIOWorkerThread-9:o.a.z.s.NIOServerCnxn@397] - Close of session 0x0
java.io.IOException: ZooKeeperServer not running
	at org.apache.zookeeper.server.NIOServerCnxn.readLength(NIOServerCnxn.java:576)
	at org.apache.zookeeper.server.NIOServerCnxn.doIO(NIOServerCnxn.java:350)
	at org.apache.zookeeper.server.NIOServerCnxnFactory$IOWorkRequest.doWork(NIOServerCnxnFactory.java:519)
	at org.apache.zookeeper.server.WorkerService$ScheduledWorkRequest.run(WorkerService.java:158)
	at java.util.concurrent.ThreadPoolExecutor.runWorker(ThreadPoolExecutor.java:1149)
	at java.util.concurrent.ThreadPoolExecutor$Worker.run(ThreadPoolExecutor.java:624)
	at java.lang.Thread.run(Thread.java:750)
2024-07-01 02:19:20,075 [myid:] - WARN  [NIOWorkerThread-10:o.a.z.s.NIOServerCnxn@397] - Close of session 0x0
java.io.IOException: ZooKeeperServer not running
	at org.apache.zookeeper.server.NIOServerCnxn.readLength(NIOServerCnxn.java:576)
	at org.apache.zookeeper.server.NIOServerCnxn.doIO(NIOServerCnxn.java:350)
	at org.apache.zookeeper.server.NIOServerCnxnFactory$IOWorkRequest.doWork(NIOServerCnxnFactory.java:519)
	at org.apache.zookeeper.server.WorkerService$ScheduledWorkRequest.run(WorkerService.java:158)
	at java.util.concurrent.ThreadPoolExecutor.runWorker(ThreadPoolExecutor.java:1149)
	at java.util.concurrent.ThreadPoolExecutor$Worker.run(ThreadPoolExecutor.java:624)
	at java.lang.Thread.run(Thread.java:750)
2024-07-01 02:19:21,939 [myid:] - WARN  [QuorumPeer[myid=1](plain=0.0.0.0:2181)(secure=disabled):o.a.z.s.q.Follower@128] - Exception when following the leader
java.net.SocketTimeoutException: Read timed out
	at java.net.SocketInputStream.socketRead0(Native Method)
	at java.net.SocketInputStream.socketRead(SocketInputStream.java:116)
	at java.net.SocketInputStream.read(SocketInputStream.java:171)
	at java.net.SocketInputStream.read(SocketInputStream.java:141)
	at java.io.BufferedInputStream.fill(BufferedInputStream.java:246)
	at java.io.BufferedInputStream.read(BufferedInputStream.java:265)
	at java.io.DataInputStream.readInt(DataInputStream.java:387)
	at org.apache.jute.BinaryInputArchive.readInt(BinaryInputArchive.java:96)
	at org.apache.zookeeper.server.quorum.QuorumPacket.deserialize(QuorumPacket.java:86)
	at org.apache.jute.BinaryInputArchive.readRecord(BinaryInputArchive.java:134)
	at org.apache.zookeeper.server.quorum.Learner.readPacket(Learner.java:228)
	at org.apache.zookeeper.server.quorum.Learner.registerWithLeader(Learner.java:501)
	at org.apache.zookeeper.server.quorum.Follower.followLeader(Follower.java:91)
	at org.apache.zookeeper.server.quorum.QuorumPeer.run(QuorumPeer.java:1556)
2024-07-01 02:19:21,942 [myid:] - INFO  [QuorumPeer[myid=1](plain=0.0.0.0:2181)(secure=disabled):o.a.z.s.q.Follower@142] - Disconnected from leader (with address: /172.30.0.3:2888). Was connected for 20028ms. Sync state: false
2024-07-01 02:19:21,942 [myid:] - INFO  [QuorumPeer[myid=1](plain=0.0.0.0:2181)(secure=disabled):o.a.z.s.q.Follower@286] - shutdown Follower
2024-07-01 02:19:21,942 [myid:] - INFO  [QuorumPeer[myid=1](plain=0.0.0.0:2181)(secure=disabled):o.a.z.s.q.QuorumPeer@920] - Peer state changed: looking
2024-07-01 02:19:21,943 [myid:] - WARN  [QuorumPeer[myid=1](plain=0.0.0.0:2181)(secure=disabled):o.a.z.s.q.QuorumPeer@1602] - PeerState set to LOOKING
2024-07-01 02:19:21,943 [myid:] - INFO  [QuorumPeer[myid=1](plain=0.0.0.0:2181)(secure=disabled):o.a.z.s.q.QuorumPeer@1471] - LOOKING
2024-07-01 02:19:21,943 [myid:] - INFO  [QuorumPeer[myid=1](plain=0.0.0.0:2181)(secure=disabled):o.a.z.s.q.FastLeaderElection@946] - New election. My id = 1, proposed zxid=0x0
2024-07-01 02:19:21,980 [myid:] - INFO  [WorkerReceiver[myid=1]:o.a.z.s.q.FastLeaderElection$Messenger$WorkerReceiver@391] - Notification: my state:LOOKING; n.sid:1, n.state:LOOKING, n.leader:1, n.round:0x2, n.peerEpoch:0x0, n.zxid:0x0, message format version:0x2, n.config version:0x0
2024-07-01 02:19:22,012 [myid:] - INFO  [WorkerReceiver[myid=1]:o.a.z.s.q.FastLeaderElection$Messenger$WorkerReceiver@391] - Notification: my state:LOOKING; n.sid:3, n.state:FOLLOWING, n.leader:2, n.round:0x1, n.peerEpoch:0x0, n.zxid:0x0, message format version:0x2, n.config version:0x0
2024-07-01 02:19:22,026 [myid:] - INFO  [WorkerReceiver[myid=1]:o.a.z.s.q.FastLeaderElection$Messenger$WorkerReceiver@391] - Notification: my state:LOOKING; n.sid:2, n.state:LEADING, n.leader:2, n.round:0x1, n.peerEpoch:0x0, n.zxid:0x0, message format version:0x2, n.config version:0x0
2024-07-01 02:19:22,026 [myid:] - INFO  [QuorumPeer[myid=1](plain=0.0.0.0:2181)(secure=disabled):o.a.z.s.q.QuorumPeer@906] - Peer state changed: following
2024-07-01 02:19:22,027 [myid:] - INFO  [QuorumPeer[myid=1](plain=0.0.0.0:2181)(secure=disabled):o.a.z.s.q.QuorumPeer@1554] - FOLLOWING
2024-07-01 02:19:22,027 [myid:] - INFO  [QuorumPeer[myid=1](plain=0.0.0.0:2181)(secure=disabled):o.a.z.s.AuthenticationHelper@66] - zookeeper.enforce.auth.enabled = false
2024-07-01 02:19:22,027 [myid:] - INFO  [QuorumPeer[myid=1](plain=0.0.0.0:2181)(secure=disabled):o.a.z.s.AuthenticationHelper@67] - zookeeper.enforce.auth.schemes = []
2024-07-01 02:19:22,028 [myid:] - INFO  [QuorumPeer[myid=1](plain=0.0.0.0:2181)(secure=disabled):o.a.z.s.ZooKeeperServer@1406] - minSessionTimeout set to 4000 ms
2024-07-01 02:19:22,029 [myid:] - INFO  [QuorumPeer[myid=1](plain=0.0.0.0:2181)(secure=disabled):o.a.z.s.ZooKeeperServer@1415] - maxSessionTimeout set to 40000 ms
2024-07-01 02:19:22,029 [myid:] - INFO  [QuorumPeer[myid=1](plain=0.0.0.0:2181)(secure=disabled):o.a.z.s.ResponseCache@45] - getData response cache size is initialized with value 400.
2024-07-01 02:19:22,029 [myid:] - INFO  [QuorumPeer[myid=1](plain=0.0.0.0:2181)(secure=disabled):o.a.z.s.ResponseCache@45] - getChildren response cache size is initialized with value 400.
2024-07-01 02:19:22,029 [myid:] - INFO  [QuorumPeer[myid=1](plain=0.0.0.0:2181)(secure=disabled):o.a.z.s.u.RequestPathMetricsCollector@109] - zookeeper.pathStats.slotCapacity = 60
2024-07-01 02:19:22,029 [myid:] - INFO  [QuorumPeer[myid=1](plain=0.0.0.0:2181)(secure=disabled):o.a.z.s.u.RequestPathMetricsCollector@110] - zookeeper.pathStats.slotDuration = 15
2024-07-01 02:19:22,029 [myid:] - INFO  [QuorumPeer[myid=1](plain=0.0.0.0:2181)(secure=disabled):o.a.z.s.u.RequestPathMetricsCollector@111] - zookeeper.pathStats.maxDepth = 6
2024-07-01 02:19:22,029 [myid:] - INFO  [QuorumPeer[myid=1](plain=0.0.0.0:2181)(secure=disabled):o.a.z.s.u.RequestPathMetricsCollector@112] - zookeeper.pathStats.initialDelay = 5
2024-07-01 02:19:22,030 [myid:] - INFO  [QuorumPeer[myid=1](plain=0.0.0.0:2181)(secure=disabled):o.a.z.s.u.RequestPathMetricsCollector@113] - zookeeper.pathStats.delay = 5
2024-07-01 02:19:22,030 [myid:] - INFO  [QuorumPeer[myid=1](plain=0.0.0.0:2181)(secure=disabled):o.a.z.s.u.RequestPathMetricsCollector@114] - zookeeper.pathStats.enabled = false
2024-07-01 02:19:22,030 [myid:] - INFO  [QuorumPeer[myid=1](plain=0.0.0.0:2181)(secure=disabled):o.a.z.s.ZooKeeperServer@1631] - The max bytes for all large requests are set to 104857600
2024-07-01 02:19:22,030 [myid:] - INFO  [QuorumPeer[myid=1](plain=0.0.0.0:2181)(secure=disabled):o.a.z.s.ZooKeeperServer@1645] - The large request threshold is set to -1
2024-07-01 02:19:22,030 [myid:] - INFO  [QuorumPeer[myid=1](plain=0.0.0.0:2181)(secure=disabled):o.a.z.s.ZooKeeperServer@385] - Created server with tickTime 2000 ms minSessionTimeout 4000 ms maxSessionTimeout 40000 ms clientPortListenBacklog -1 datadir /apache-zookeeper-3.10.0-SNAPSHOT-bin/logs/version-2 snapdir /apache-zookeeper-3.10.0-SNAPSHOT-bin/data/version-2
2024-07-01 02:19:22,031 [myid:] - INFO  [QuorumPeer[myid=1](plain=0.0.0.0:2181)(secure=disabled):o.a.z.s.q.Follower@77] - FOLLOWING - LEADER ELECTION TOOK - 87 MS
2024-07-01 02:19:22,031 [myid:] - INFO  [QuorumPeer[myid=1](plain=0.0.0.0:2181)(secure=disabled):o.a.z.s.q.QuorumPeer@920] - Peer state changed: following - discovery
2024-07-01 02:19:22,039 [myid:] - INFO  [LeaderConnector-/172.30.0.3:2888:o.a.z.s.q.Learner$LeaderConnector@380] - Successfully connected to leader, using address: /172.30.0.3:2888
2024-07-01 02:19:22,181 [myid:] - WARN  [NIOWorkerThread-11:o.a.z.s.NIOServerCnxn@397] - Close of session 0x0
java.io.IOException: ZooKeeperServer not running
	at org.apache.zookeeper.server.NIOServerCnxn.readLength(NIOServerCnxn.java:576)
	at org.apache.zookeeper.server.NIOServerCnxn.doIO(NIOServerCnxn.java:350)
	at org.apache.zookeeper.server.NIOServerCnxnFactory$IOWorkRequest.doWork(NIOServerCnxnFactory.java:519)
	at org.apache.zookeeper.server.WorkerService$ScheduledWorkRequest.run(WorkerService.java:158)
	at java.util.concurrent.ThreadPoolExecutor.runWorker(ThreadPoolExecutor.java:1149)
	at java.util.concurrent.ThreadPoolExecutor$Worker.run(ThreadPoolExecutor.java:624)
	at java.lang.Thread.run(Thread.java:750)
2024-07-01 02:19:22,817 [myid:] - INFO  [WorkerReceiver[myid=1]:o.a.z.s.q.FastLeaderElection$Messenger$WorkerReceiver@391] - Notification: my state:FOLLOWING; n.sid:3, n.state:LOOKING, n.leader:3, n.round:0x2, n.peerEpoch:0x0, n.zxid:0x0, message format version:0x2, n.config version:0x0
2024-07-01 02:19:24,279 [myid:] - WARN  [NIOWorkerThread-12:o.a.z.s.NIOServerCnxn@397] - Close of session 0x0
java.io.IOException: ZooKeeperServer not running
	at org.apache.zookeeper.server.NIOServerCnxn.readLength(NIOServerCnxn.java:576)
	at org.apache.zookeeper.server.NIOServerCnxn.doIO(NIOServerCnxn.java:350)
	at org.apache.zookeeper.server.NIOServerCnxnFactory$IOWorkRequest.doWork(NIOServerCnxnFactory.java:519)
	at org.apache.zookeeper.server.WorkerService$ScheduledWorkRequest.run(WorkerService.java:158)
	at java.util.concurrent.ThreadPoolExecutor.runWorker(ThreadPoolExecutor.java:1149)
	at java.util.concurrent.ThreadPoolExecutor$Worker.run(ThreadPoolExecutor.java:624)
	at java.lang.Thread.run(Thread.java:750)
2024-07-01 02:19:25,439 [myid:] - WARN  [NIOWorkerThread-13:o.a.z.s.NIOServerCnxn@397] - Close of session 0x0
java.io.IOException: ZooKeeperServer not running
	at org.apache.zookeeper.server.NIOServerCnxn.readLength(NIOServerCnxn.java:576)
	at org.apache.zookeeper.server.NIOServerCnxn.doIO(NIOServerCnxn.java:350)
	at org.apache.zookeeper.server.NIOServerCnxnFactory$IOWorkRequest.doWork(NIOServerCnxnFactory.java:519)
	at org.apache.zookeeper.server.WorkerService$ScheduledWorkRequest.run(WorkerService.java:158)
	at java.util.concurrent.ThreadPoolExecutor.runWorker(ThreadPoolExecutor.java:1149)
	at java.util.concurrent.ThreadPoolExecutor$Worker.run(ThreadPoolExecutor.java:624)
	at java.lang.Thread.run(Thread.java:750)
2024-07-01 02:19:27,503 [myid:] - WARN  [NIOWorkerThread-14:o.a.z.s.NIOServerCnxn@397] - Close of session 0x0
java.io.IOException: ZooKeeperServer not running
	at org.apache.zookeeper.server.NIOServerCnxn.readLength(NIOServerCnxn.java:576)
	at org.apache.zookeeper.server.NIOServerCnxn.doIO(NIOServerCnxn.java:350)
	at org.apache.zookeeper.server.NIOServerCnxnFactory$IOWorkRequest.doWork(NIOServerCnxnFactory.java:519)
	at org.apache.zookeeper.server.WorkerService$ScheduledWorkRequest.run(WorkerService.java:158)
	at java.util.concurrent.ThreadPoolExecutor.runWorker(ThreadPoolExecutor.java:1149)
	at java.util.concurrent.ThreadPoolExecutor$Worker.run(ThreadPoolExecutor.java:624)
	at java.lang.Thread.run(Thread.java:750)
2024-07-01 02:19:29,278 [myid:] - WARN  [NIOWorkerThread-15:o.a.z.s.NIOServerCnxn@397] - Close of session 0x0
java.io.IOException: ZooKeeperServer not running
	at org.apache.zookeeper.server.NIOServerCnxn.readLength(NIOServerCnxn.java:576)
	at org.apache.zookeeper.server.NIOServerCnxn.doIO(NIOServerCnxn.java:350)
	at org.apache.zookeeper.server.NIOServerCnxnFactory$IOWorkRequest.doWork(NIOServerCnxnFactory.java:519)
	at org.apache.zookeeper.server.WorkerService$ScheduledWorkRequest.run(WorkerService.java:158)
	at java.util.concurrent.ThreadPoolExecutor.runWorker(ThreadPoolExecutor.java:1149)
	at java.util.concurrent.ThreadPoolExecutor$Worker.run(ThreadPoolExecutor.java:624)
	at java.lang.Thread.run(Thread.java:750)
2024-07-01 02:19:31,032 [myid:] - WARN  [NIOWorkerThread-16:o.a.z.s.NIOServerCnxn@397] - Close of session 0x0
java.io.IOException: ZooKeeperServer not running
	at org.apache.zookeeper.server.NIOServerCnxn.readLength(NIOServerCnxn.java:576)
	at org.apache.zookeeper.server.NIOServerCnxn.doIO(NIOServerCnxn.java:350)
	at org.apache.zookeeper.server.NIOServerCnxnFactory$IOWorkRequest.doWork(NIOServerCnxnFactory.java:519)
	at org.apache.zookeeper.server.WorkerService$ScheduledWorkRequest.run(WorkerService.java:158)
	at java.util.concurrent.ThreadPoolExecutor.runWorker(ThreadPoolExecutor.java:1149)
	at java.util.concurrent.ThreadPoolExecutor$Worker.run(ThreadPoolExecutor.java:624)
	at java.lang.Thread.run(Thread.java:750)
2024-07-01 02:19:31,898 [myid:] - INFO  [QuorumPeer[myid=1](plain=0.0.0.0:2181)(secure=disabled):o.a.z.s.q.QuorumPeer@920] - Peer state changed: following - synchronization
2024-07-01 02:19:31,930 [myid:] - INFO  [QuorumPeer[myid=1](plain=0.0.0.0:2181)(secure=disabled):o.a.z.s.q.Learner@561] - Getting a diff from the leader 0x0
2024-07-01 02:19:31,930 [myid:] - INFO  [QuorumPeer[myid=1](plain=0.0.0.0:2181)(secure=disabled):o.a.z.s.q.QuorumPeer@925] - Peer state changed: following - synchronization - diff
2024-07-01 02:19:31,942 [myid:] - INFO  [QuorumPeer[myid=1](plain=0.0.0.0:2181)(secure=disabled):o.a.z.s.q.Learner@733] - Learner received NEWLEADER message
2024-07-01 02:19:31,955 [myid:] - INFO  [QuorumPeer[myid=1](plain=0.0.0.0:2181)(secure=disabled):o.a.z.s.q.QuorumPeer@1909] - Dynamic reconfig is disabled, we don't store the last seen config.
2024-07-01 02:19:31,959 [myid:] - INFO  [QuorumPeer[myid=1](plain=0.0.0.0:2181)(secure=disabled):o.a.z.s.q.QuorumPeer@925] - Peer state changed: following - synchronization
2024-07-01 02:19:31,964 [myid:] - INFO  [QuorumPeer[myid=1](plain=0.0.0.0:2181)(secure=disabled):o.a.z.s.q.CommitProcessor@489] - Configuring CommitProcessor with readBatchSize -1 commitBatchSize 1
2024-07-01 02:19:31,964 [myid:] - INFO  [QuorumPeer[myid=1](plain=0.0.0.0:2181)(secure=disabled):o.a.z.s.q.CommitProcessor@450] - Configuring CommitProcessor with 112 worker threads.
2024-07-01 02:19:31,966 [myid:] - INFO  [QuorumPeer[myid=1](plain=0.0.0.0:2181)(secure=disabled):o.a.z.s.q.FollowerRequestProcessor@59] - Initialized FollowerRequestProcessor with zookeeper.follower.skipLearnerRequestToNextProcessor as false
2024-07-01 02:19:31,968 [myid:] - INFO  [QuorumPeer[myid=1](plain=0.0.0.0:2181)(secure=disabled):o.a.z.s.RequestThrottler@75] - zookeeper.request_throttler.shutdownTimeout = 10000 ms
2024-07-01 02:19:32,014 [myid:] - INFO  [QuorumPeer[myid=1](plain=0.0.0.0:2181)(secure=disabled):o.a.z.s.q.Learner@717] - Learner received UPTODATE message
2024-07-01 02:19:32,015 [myid:] - INFO  [QuorumPeer[myid=1](plain=0.0.0.0:2181)(secure=disabled):o.a.z.s.q.QuorumPeer@920] - Peer state changed: following - broadcast
2024-07-01 02:19:32,591 [myid:] - WARN  [QuorumPeer[myid=1](plain=0.0.0.0:2181)(secure=disabled):o.a.z.s.q.Follower@169] - Got zxid 0x100000001 expected 0x1
2024-07-01 02:19:32,592 [myid:] - INFO  [SyncThread:1:o.a.z.s.p.FileTxnLog@284] - Creating new log file: log.100000001
2024-07-01 02:19:32,608 [myid:] - INFO  [CommitProcessor:1:o.a.z.s.q.LearnerSessionTracker@116] - Committing global session 0x10041d0c8da0000
2024-07-01 02:19:32,775 [myid:] - INFO  [CommitProcessor:1:o.a.z.s.q.LearnerSessionTracker@116] - Committing global session 0x30041d0c8d70000
2024-07-01 02:19:33,646 [myid:] - INFO  [CommitProcessor:1:o.a.z.s.q.LearnerSessionTracker@116] - Committing global session 0x20041d0c8fa0000
2024-07-01 02:19:38,678 [myid:] - INFO  [NIOWorkerThread-187:o.a.z.s.NIOServerCnxn@340] - Unable to read additional data from client, it probably closed the socket: address = /127.0.0.1:39352, session = 0x10041d0c8da0000
