ZooKeeper Transactional Log File with dbid 0 txnlog format version 2
2024-07-01 02:20:40,732 [myid:] - INFO  [main:o.a.z.ZookeeperBanner@42] - 
2024-07-01 02:20:40,734 [myid:] - INFO  [main:o.a.z.ZookeeperBanner@42] -   ______                  _                                          
2024-07-01 02:20:40,734 [myid:] - INFO  [main:o.a.z.ZookeeperBanner@42] -  |___  /                 | |                                         
2024-07-01 02:20:40,734 [myid:] - INFO  [main:o.a.z.ZookeeperBanner@42] -     / /    ___     ___   | | __   ___    ___   _ __     ___   _ __   
2024-07-01 02:20:40,734 [myid:] - INFO  [main:o.a.z.ZookeeperBanner@42] -    / /    / _ \   / _ \  | |/ /  / _ \  / _ \ | '_ \   / _ \ | '__|
2024-07-01 02:20:40,734 [myid:] - INFO  [main:o.a.z.ZookeeperBanner@42] -   / /__  | (_) | | (_) | |   <  |  __/ |  __/ | |_) | |  __/ | |    
2024-07-01 02:20:40,735 [myid:] - INFO  [main:o.a.z.ZookeeperBanner@42] -  /_____|  \___/   \___/  |_|\_\  \___|  \___| | .__/   \___| |_|
2024-07-01 02:20:40,735 [myid:] - INFO  [main:o.a.z.ZookeeperBanner@42] -                                               | |                     
2024-07-01 02:20:40,735 [myid:] - INFO  [main:o.a.z.ZookeeperBanner@42] -                                               |_|                     
2024-07-01 02:20:40,735 [myid:] - INFO  [main:o.a.z.ZookeeperBanner@42] - 
2024-07-01 02:20:40,737 [myid:] - INFO  [main:o.a.z.Environment@98] - Server environment:zookeeper.version=3.10.0-SNAPSHOT-317eb2cb1cb10b80a2c2f8bc3cc1cc74493a0106-dirty, built on 2024-07-01 02:08 UTC
2024-07-01 02:20:40,737 [myid:] - INFO  [main:o.a.z.Environment@98] - Server environment:host.name=0b0b608d33af
2024-07-01 02:20:40,737 [myid:] - INFO  [main:o.a.z.Environment@98] - Server environment:java.version=1.8.0_362
2024-07-01 02:20:40,737 [myid:] - INFO  [main:o.a.z.Environment@98] - Server environment:java.vendor=Private Build
2024-07-01 02:20:40,738 [myid:] - INFO  [main:o.a.z.Environment@98] - Server environment:java.home=/usr/lib/jvm/java-8-openjdk-amd64/jre
2024-07-01 02:20:40,738 [myid:] - INFO  [main:o.a.z.Environment@98] - Server environment:java.class.path=/apache-zookeeper-3.10.0-SNAPSHOT-bin/bin/../zookeeper-metrics-providers/zookeeper-prometheus-metrics/target/classes:/apache-zookeeper-3.10.0-SNAPSHOT-bin/bin/../zookeeper-server/target/classes:/apache-zookeeper-3.10.0-SNAPSHOT-bin/bin/../build/classes:/apache-zookeeper-3.10.0-SNAPSHOT-bin/bin/../zookeeper-metrics-providers/zookeeper-prometheus-metrics/target/lib/*.jar:/apache-zookeeper-3.10.0-SNAPSHOT-bin/bin/../zookeeper-server/target/lib/*.jar:/apache-zookeeper-3.10.0-SNAPSHOT-bin/bin/../build/lib/*.jar:/apache-zookeeper-3.10.0-SNAPSHOT-bin/bin/../lib/zookeeper-prometheus-metrics-3.10.0-SNAPSHOT.jar:/apache-zookeeper-3.10.0-SNAPSHOT-bin/bin/../lib/zookeeper-jute-3.10.0-SNAPSHOT.jar:/apache-zookeeper-3.10.0-SNAPSHOT-bin/bin/../lib/zookeeper-3.10.0-SNAPSHOT.jar:/apache-zookeeper-3.10.0-SNAPSHOT-bin/bin/../lib/snappy-java-1.1.10.5.jar:/apache-zookeeper-3.10.0-SNAPSHOT-bin/bin/../lib/slf4j-api-1.7.30.jar:/apache-zookeeper-3.10.0-SNAPSHOT-bin/bin/../lib/simpleclient_servlet-0.9.0.jar:/apache-zookeeper-3.10.0-SNAPSHOT-bin/bin/../lib/simpleclient_hotspot-0.9.0.jar:/apache-zookeeper-3.10.0-SNAPSHOT-bin/bin/../lib/simpleclient_common-0.9.0.jar:/apache-zookeeper-3.10.0-SNAPSHOT-bin/bin/../lib/simpleclient-0.9.0.jar:/apache-zookeeper-3.10.0-SNAPSHOT-bin/bin/../lib/netty-transport-native-unix-common-4.1.94.Final.jar:/apache-zookeeper-3.10.0-SNAPSHOT-bin/bin/../lib/netty-transport-native-epoll-4.1.94.Final-linux-x86_64.jar:/apache-zookeeper-3.10.0-SNAPSHOT-bin/bin/../lib/netty-transport-classes-epoll-4.1.94.Final.jar:/apache-zookeeper-3.10.0-SNAPSHOT-bin/bin/../lib/netty-transport-4.1.94.Final.jar:/apache-zookeeper-3.10.0-SNAPSHOT-bin/bin/../lib/netty-tcnative-classes-2.0.61.Final.jar:/apache-zookeeper-3.10.0-SNAPSHOT-bin/bin/../lib/netty-tcnative-boringssl-static-2.0.61.Final.jar:/apache-zookeeper-3.10.0-SNAPSHOT-bin/bin/../lib/netty-tcnative-boringssl-static-2.0.61.Final-windows-x86_64.jar:/apache-zookeeper-3.10.0-SNAPSHOT-bin/bin/../lib/netty-tcnative-boringssl-static-2.0.61.Final-osx-x86_64.jar:/apache-zookeeper-3.10.0-SNAPSHOT-bin/bin/../lib/netty-tcnative-boringssl-static-2.0.61.Final-osx-aarch_64.jar:/apache-zookeeper-3.10.0-SNAPSHOT-bin/bin/../lib/netty-tcnative-boringssl-static-2.0.61.Final-linux-x86_64.jar:/apache-zookeeper-3.10.0-SNAPSHOT-bin/bin/../lib/netty-tcnative-boringssl-static-2.0.61.Final-linux-aarch_64.jar:/apache-zookeeper-3.10.0-SNAPSHOT-bin/bin/../lib/netty-resolver-4.1.94.Final.jar:/apache-zookeeper-3.10.0-SNAPSHOT-bin/bin/../lib/netty-handler-4.1.94.Final.jar:/apache-zookeeper-3.10.0-SNAPSHOT-bin/bin/../lib/netty-common-4.1.94.Final.jar:/apache-zookeeper-3.10.0-SNAPSHOT-bin/bin/../lib/netty-codec-4.1.94.Final.jar:/apache-zookeeper-3.10.0-SNAPSHOT-bin/bin/../lib/netty-buffer-4.1.94.Final.jar:/apache-zookeeper-3.10.0-SNAPSHOT-bin/bin/../lib/metrics-core-4.1.12.1.jar:/apache-zookeeper-3.10.0-SNAPSHOT-bin/bin/../lib/logback-core-1.2.10.jar:/apache-zookeeper-3.10.0-SNAPSHOT-bin/bin/../lib/logback-classic-1.2.10.jar:/apache-zookeeper-3.10.0-SNAPSHOT-bin/bin/../lib/jline-2.14.6.jar:/apache-zookeeper-3.10.0-SNAPSHOT-bin/bin/../lib/jetty-util-ajax-9.4.52.v20230823.jar:/apache-zookeeper-3.10.0-SNAPSHOT-bin/bin/../lib/jetty-util-9.4.52.v20230823.jar:/apache-zookeeper-3.10.0-SNAPSHOT-bin/bin/../lib/jetty-servlet-9.4.52.v20230823.jar:/apache-zookeeper-3.10.0-SNAPSHOT-bin/bin/../lib/jetty-server-9.4.52.v20230823.jar:/apache-zookeeper-3.10.0-SNAPSHOT-bin/bin/../lib/jetty-security-9.4.52.v20230823.jar:/apache-zookeeper-3.10.0-SNAPSHOT-bin/bin/../lib/jetty-io-9.4.52.v20230823.jar:/apache-zookeeper-3.10.0-SNAPSHOT-bin/bin/../lib/jetty-http-9.4.52.v20230823.jar:/apache-zookeeper-3.10.0-SNAPSHOT-bin/bin/../lib/javax.servlet-api-3.1.0.jar:/apache-zookeeper-3.10.0-SNAPSHOT-bin/bin/../lib/jackson-databind-2.15.2.jar:/apache-zookeeper-3.10.0-SNAPSHOT-bin/bin/../lib/jackson-core-2.15.2.jar:/apache-zookeeper-3.10.0-SNAPSHOT-bin/bin/../lib/jackson-annotations-2.15.2.jar:/apache-zookeeper-3.10.0-SNAPSHOT-bin/bin/../lib/commons-io-2.11.0.jar:/apache-zookeeper-3.10.0-SNAPSHOT-bin/bin/../lib/commons-cli-1.5.0.jar:/apache-zookeeper-3.10.0-SNAPSHOT-bin/bin/../lib/audience-annotations-0.12.0.jar:/apache-zookeeper-3.10.0-SNAPSHOT-bin/bin/../zookeeper-*.jar:/apache-zookeeper-3.10.0-SNAPSHOT-bin/bin/../zookeeper-server/src/main/resources/lib/*.jar:/apache-zookeeper-3.10.0-SNAPSHOT-bin/bin/../conf:
2024-07-01 02:20:40,738 [myid:] - INFO  [main:o.a.z.Environment@98] - Server environment:java.library.path=/usr/java/packages/lib/amd64:/usr/lib/x86_64-linux-gnu/jni:/lib/x86_64-linux-gnu:/usr/lib/x86_64-linux-gnu:/usr/lib/jni:/lib:/usr/lib
2024-07-01 02:20:40,738 [myid:] - INFO  [main:o.a.z.Environment@98] - Server environment:java.io.tmpdir=/tmp
2024-07-01 02:20:40,738 [myid:] - INFO  [main:o.a.z.Environment@98] - Server environment:java.compiler=<NA>
2024-07-01 02:20:40,738 [myid:] - INFO  [main:o.a.z.Environment@98] - Server environment:os.name=Linux
2024-07-01 02:20:40,738 [myid:] - INFO  [main:o.a.z.Environment@98] - Server environment:os.arch=amd64
2024-07-01 02:20:40,738 [myid:] - INFO  [main:o.a.z.Environment@98] - Server environment:os.version=5.4.0-84-generic
2024-07-01 02:20:40,738 [myid:] - INFO  [main:o.a.z.Environment@98] - Server environment:user.name=root
2024-07-01 02:20:40,738 [myid:] - INFO  [main:o.a.z.Environment@98] - Server environment:user.home=/root
2024-07-01 02:20:40,738 [myid:] - INFO  [main:o.a.z.Environment@98] - Server environment:user.dir=/apache-zookeeper-3.10.0-SNAPSHOT-bin
2024-07-01 02:20:40,738 [myid:] - INFO  [main:o.a.z.Environment@98] - Server environment:os.memory.free=1919MB
2024-07-01 02:20:40,738 [myid:] - INFO  [main:o.a.z.Environment@98] - Server environment:os.memory.max=27305MB
2024-07-01 02:20:40,738 [myid:] - INFO  [main:o.a.z.Environment@98] - Server environment:os.memory.total=1963MB
2024-07-01 02:20:40,738 [myid:] - INFO  [main:o.a.z.s.ZooKeeperServer@149] - zookeeper.enableEagerACLCheck = false
2024-07-01 02:20:40,739 [myid:] - INFO  [main:o.a.z.s.ZooKeeperServer@162] - zookeeper.digest.enabled = true
2024-07-01 02:20:40,739 [myid:] - INFO  [main:o.a.z.s.ZooKeeperServer@166] - zookeeper.closeSessionTxn.enabled = true
2024-07-01 02:20:40,739 [myid:] - INFO  [main:o.a.z.s.ZooKeeperServer@2251] - zookeeper.serializeLastProcessedZxid.enabled = true
2024-07-01 02:20:40,740 [myid:] - INFO  [main:o.a.z.s.ZooKeeperServer@1594] - zookeeper.flushDelay = 0 ms
2024-07-01 02:20:40,740 [myid:] - INFO  [main:o.a.z.s.ZooKeeperServer@1603] - zookeeper.maxWriteQueuePollTime = 0 ms
2024-07-01 02:20:40,740 [myid:] - INFO  [main:o.a.z.s.ZooKeeperServer@1612] - zookeeper.maxBatchSize=1000
2024-07-01 02:20:40,740 [myid:] - INFO  [main:o.a.z.s.ZooKeeperServer@287] - zookeeper.intBufferStartingSizeBytes = 1024
7/1/24 2:20:34 AM GMT session 0x20041d1b9750000 cxid 0x0 zxid 0x200000001 createSession 15000
7/1/24 2:20:35 AM GMT session 0x10041d1bc360000 cxid 0x0 zxid 0x200000002 createSession 15000
7/1/24 2:20:35 AM GMT session 0x20041d1b9750000 cxid 0x3 zxid 0x200000003 create /19,0,[31,s{'world,'anyone}
],false,1
7/1/24 2:20:35 AM GMT session 0x30041d1b94a0000 cxid 0x0 zxid 0x200000004 createSession 15000
7/1/24 2:20:35 AM GMT session 0x20041d1b9750000 cxid 0x4 zxid 0x200000005 setACL '/19,v{s{30,s{'world,'anyone}}},1
7/1/24 2:20:35 AM GMT session 0x10041d1bc360000 cxid 0x2 zxid 0x200000006 create /9,0,[31,s{'world,'anyone}
],false,2
7/1/24 2:20:35 AM GMT session 0x30041d1b94a0000 cxid 0x2 zxid 0x200000007 create /29,0,[31,s{'world,'anyone}
],false,3
7/1/24 2:20:35 AM GMT session 0x10041d1bc360000 cxid 0x3 zxid 0x200000008 setACL '/9,v{s{30,s{'world,'anyone}}},1
7/1/24 2:20:35 AM GMT session 0x30041d1b94a0000 cxid 0x3 zxid 0x200000009 setACL '/29,v{s{29,s{'world,'anyone}}},1
7/1/24 2:20:35 AM GMT session 0x20041d1b9750000 cxid 0x7 zxid 0x20000000a create /20,0,[31,s{'world,'anyone}
],false,4
7/1/24 2:20:35 AM GMT session 0x20041d1b9750000 cxid 0x8 zxid 0x20000000b setACL '/20,v{s{23,s{'world,'anyone}}},1
7/1/24 2:20:35 AM GMT session 0x10041d1bc360000 cxid 0x6 zxid 0x20000000c create /10,0,[31,s{'world,'anyone}
],false,5
7/1/24 2:20:35 AM GMT session 0x30041d1b94a0000 cxid 0x6 zxid 0x20000000d create /30,0,[31,s{'world,'anyone}
],false,6
7/1/24 2:20:35 AM GMT session 0x10041d1bc360000 cxid 0x7 zxid 0x20000000e setACL '/10,v{s{29,s{'world,'anyone}}},1
7/1/24 2:20:35 AM GMT session 0x30041d1b94a0000 cxid 0x7 zxid 0x20000000f setACL '/30,v{s{29,s{'world,'anyone}}},1
7/1/24 2:20:35 AM GMT session 0x20041d1b9750000 cxid 0xb zxid 0x200000010 error -101
7/1/24 2:20:35 AM GMT session 0x20041d1b9750000 cxid 0xc zxid 0x200000011 error -101
7/1/24 2:20:35 AM GMT session 0x10041d1bc360000 cxid 0xa zxid 0x200000012 error -101
7/1/24 2:20:35 AM GMT session 0x20041d1b9750000 cxid 0xd zxid 0x200000013 error -101
7/1/24 2:20:35 AM GMT session 0x30041d1b94a0000 cxid 0xa zxid 0x200000014 error -101
7/1/24 2:20:35 AM GMT session 0x10041d1bc360000 cxid 0xb zxid 0x200000015 error -101
7/1/24 2:20:35 AM GMT session 0x20041d1b9750000 cxid 0xe zxid 0x200000016 error -101
7/1/24 2:20:35 AM GMT session 0x30041d1b94a0000 cxid 0xb zxid 0x200000017 error -101
7/1/24 2:20:36 AM GMT session 0x10041d1bc360000 cxid 0xc zxid 0x200000018 error -101
7/1/24 2:20:36 AM GMT session 0x20041d1b9750000 cxid 0xf zxid 0x200000019 error -101
7/1/24 2:20:36 AM GMT session 0x30041d1b94a0000 cxid 0xc zxid 0x20000001a error -101
7/1/24 2:20:36 AM GMT session 0x20041d1b9750000 cxid 0x10 zxid 0x20000001b error -101
7/1/24 2:20:36 AM GMT session 0x10041d1bc360000 cxid 0xd zxid 0x20000001c error -101
7/1/24 2:20:36 AM GMT session 0x30041d1b94a0000 cxid 0xd zxid 0x20000001d error -101
7/1/24 2:20:36 AM GMT session 0x20041d1b9750000 cxid 0x11 zxid 0x20000001e error -101
7/1/24 2:20:36 AM GMT session 0x10041d1bc360000 cxid 0xe zxid 0x20000001f error -101
7/1/24 2:20:36 AM GMT session 0x20041d1b9750000 cxid 0x12 zxid 0x200000020 error -101
7/1/24 2:20:36 AM GMT session 0x30041d1b94a0000 cxid 0xe zxid 0x200000021 error -101
7/1/24 2:20:36 AM GMT session 0x10041d1bc360000 cxid 0xf zxid 0x200000022 error -101
7/1/24 2:20:36 AM GMT session 0x20041d1b9750000 cxid 0x13 zxid 0x200000023 error -101
7/1/24 2:20:36 AM GMT session 0x30041d1b94a0000 cxid 0xf zxid 0x200000024 error -101
7/1/24 2:20:36 AM GMT session 0x20041d1b9750000 cxid 0x14 zxid 0x200000025 error -101
7/1/24 2:20:36 AM GMT session 0x10041d1bc360000 cxid 0x10 zxid 0x200000026 error -101
7/1/24 2:20:36 AM GMT session 0x30041d1b94a0000 cxid 0x10 zxid 0x200000027 error -101
7/1/24 2:20:36 AM GMT session 0x20041d1b9750000 cxid 0x15 zxid 0x200000028 error -101
7/1/24 2:20:36 AM GMT session 0x10041d1bc360000 cxid 0x11 zxid 0x200000029 error -101
7/1/24 2:20:36 AM GMT session 0x30041d1b94a0000 cxid 0x11 zxid 0x20000002a error -101
7/1/24 2:20:36 AM GMT session 0x20041d1b9750000 cxid 0x16 zxid 0x20000002b error -101
7/1/24 2:20:36 AM GMT session 0x10041d1bc360000 cxid 0x12 zxid 0x20000002c error -101
7/1/24 2:20:36 AM GMT session 0x30041d1b94a0000 cxid 0x12 zxid 0x20000002d error -101
7/1/24 2:20:36 AM GMT session 0x20041d1b9750000 cxid 0x17 zxid 0x20000002e error -101
7/1/24 2:20:36 AM GMT session 0x30041d1b94a0000 cxid 0x13 zxid 0x20000002f error -101
7/1/24 2:20:36 AM GMT session 0x10041d1bc360000 cxid 0x13 zxid 0x200000030 error -101
7/1/24 2:20:36 AM GMT session 0x20041d1b9750000 cxid 0x18 zxid 0x200000031 error -101
7/1/24 2:20:36 AM GMT session 0x30041d1b94a0000 cxid 0x14 zxid 0x200000032 error -101
7/1/24 2:20:36 AM GMT session 0x10041d1bc360000 cxid 0x14 zxid 0x200000033 error -101
7/1/24 2:20:36 AM GMT session 0x20041d1b9750000 cxid 0x19 zxid 0x200000034 error -101
7/1/24 2:20:36 AM GMT session 0x30041d1b94a0000 cxid 0x15 zxid 0x200000035 error -101
7/1/24 2:20:36 AM GMT session 0x10041d1bc360000 cxid 0x15 zxid 0x200000036 error -101
7/1/24 2:20:36 AM GMT session 0x20041d1b9750000 cxid 0x1a zxid 0x200000037 error -101
7/1/24 2:20:36 AM GMT session 0x30041d1b94a0000 cxid 0x16 zxid 0x200000038 error -101
7/1/24 2:20:36 AM GMT session 0x10041d1bc360000 cxid 0x16 zxid 0x200000039 error -101
7/1/24 2:20:36 AM GMT session 0x20041d1b9750000 cxid 0x1b zxid 0x20000003a setData /19,123,1
7/1/24 2:20:36 AM GMT session 0x30041d1b94a0000 cxid 0x17 zxid 0x20000003b error -101
7/1/24 2:20:36 AM GMT session 0x10041d1bc360000 cxid 0x17 zxid 0x20000003c error -101
7/1/24 2:20:36 AM GMT session 0x20041d1b9750000 cxid 0x1c zxid 0x20000003d setData /19,456,2
7/1/24 2:20:36 AM GMT session 0x30041d1b94a0000 cxid 0x18 zxid 0x20000003e error -101
7/1/24 2:20:36 AM GMT session 0x10041d1bc360000 cxid 0x18 zxid 0x20000003f error -101
7/1/24 2:20:36 AM GMT session 0x20041d1b9750000 cxid 0x1d zxid 0x200000040 setData /20,123,1
7/1/24 2:20:36 AM GMT session 0x30041d1b94a0000 cxid 0x19 zxid 0x200000041 error -101
7/1/24 2:20:36 AM GMT session 0x10041d1bc360000 cxid 0x19 zxid 0x200000042 error -101
7/1/24 2:20:36 AM GMT session 0x20041d1b9750000 cxid 0x1e zxid 0x200000043 setData /20,456,2
7/1/24 2:20:37 AM GMT session 0x30041d1b94a0000 cxid 0x1a zxid 0x200000044 error -102
7/1/24 2:20:37 AM GMT session 0x10041d1bc360000 cxid 0x1a zxid 0x200000045 setData /9,123,1
7/1/24 2:20:37 AM GMT session 0x20041d1b9750000 cxid 0x1f zxid 0x200000046 create /11,0,[31,s{'world,'anyone}
],false,7
7/1/24 2:20:37 AM GMT session 0x30041d1b94a0000 cxid 0x1b zxid 0x200000047 error -102
7/1/24 2:20:37 AM GMT session 0x10041d1bc360000 cxid 0x1b zxid 0x200000048 setData /9,456,2
7/1/24 2:20:37 AM GMT session 0x30041d1b94a0000 cxid 0x1c zxid 0x200000049 error -102
7/1/24 2:20:37 AM GMT session 0x10041d1bc360000 cxid 0x1c zxid 0x20000004a error -102
7/1/24 2:20:37 AM GMT session 0x30041d1b94a0000 cxid 0x1d zxid 0x20000004b error -102
7/1/24 2:20:37 AM GMT session 0x10041d1bc360000 cxid 0x1d zxid 0x20000004c error -102
7/1/24 2:20:37 AM GMT session 0x30041d1b94a0000 cxid 0x1e zxid 0x20000004d create /21,0,[31,s{'world,'anyone}
],false,8
7/1/24 2:20:37 AM GMT session 0x10041d1bc360000 cxid 0x1e zxid 0x20000004e create /1,0,[31,s{'world,'anyone}
],false,9
7/1/24 2:20:37 AM GMT session 0x20041d1b9750000 cxid 0x23 zxid 0x20000004f create /12,0,[31,s{'world,'anyone}
],false,10
7/1/24 2:20:37 AM GMT session 0x30041d1b94a0000 cxid 0x22 zxid 0x200000050 create /22,0,[31,s{'world,'anyone}
],false,11
7/1/24 2:20:37 AM GMT session 0x20041d1b9750000 cxid 0x27 zxid 0x200000051 create /13,0,[31,s{'world,'anyone}
],false,12
7/1/24 2:20:37 AM GMT session 0x10041d1bc360000 cxid 0x22 zxid 0x200000052 create /2,0,[31,s{'world,'anyone}
],false,13
7/1/24 2:20:37 AM GMT session 0x30041d1b94a0000 cxid 0x26 zxid 0x200000053 create /23,0,[31,s{'world,'anyone}
],false,14
7/1/24 2:20:37 AM GMT session 0x20041d1b9750000 cxid 0x2b zxid 0x200000054 create /14,0,[31,s{'world,'anyone}
],false,15
7/1/24 2:20:37 AM GMT session 0x10041d1bc360000 cxid 0x26 zxid 0x200000055 create /3,0,[31,s{'world,'anyone}
],false,16
7/1/24 2:20:37 AM GMT session 0x30041d1b94a0000 cxid 0x2a zxid 0x200000056 create /24,0,[31,s{'world,'anyone}
],false,17
7/1/24 2:20:38 AM GMT session 0x20041d1b9750000 cxid 0x2f zxid 0x200000057 create /15,0,[31,s{'world,'anyone}
],false,18
7/1/24 2:20:38 AM GMT session 0x10041d1bc360000 cxid 0x2a zxid 0x200000058 create /4,0,[31,s{'world,'anyone}
],false,19
7/1/24 2:20:38 AM GMT session 0x30041d1b94a0000 cxid 0x2e zxid 0x200000059 create /25,0,[31,s{'world,'anyone}
],false,20
7/1/24 2:20:38 AM GMT session 0x20041d1b9750000 cxid 0x33 zxid 0x20000005a create /16,0,[31,s{'world,'anyone}
],false,21
7/1/24 2:20:38 AM GMT session 0x10041d1bc360000 cxid 0x2e zxid 0x20000005b create /5,0,[31,s{'world,'anyone}
],false,22
7/1/24 2:20:38 AM GMT session 0x20041d1b9750000 cxid 0x37 zxid 0x20000005c create /17,0,[31,s{'world,'anyone}
],false,23
7/1/24 2:20:38 AM GMT session 0x30041d1b94a0000 cxid 0x32 zxid 0x20000005d create /26,0,[31,s{'world,'anyone}
],false,24
7/1/24 2:20:38 AM GMT session 0x10041d1bc360000 cxid 0x32 zxid 0x20000005e create /6,0,[31,s{'world,'anyone}
],false,25
7/1/24 2:20:38 AM GMT session 0x30041d1b94a0000 cxid 0x36 zxid 0x20000005f create /27,0,[31,s{'world,'anyone}
],false,26
7/1/24 2:20:38 AM GMT session 0x20041d1b9750000 cxid 0x3b zxid 0x200000060 create /18,0,[31,s{'world,'anyone}
],false,27
7/1/24 2:20:38 AM GMT session 0x10041d1bc360000 cxid 0x36 zxid 0x200000061 create /7,0,[31,s{'world,'anyone}
],false,28
7/1/24 2:20:38 AM GMT session 0x30041d1b94a0000 cxid 0x3a zxid 0x200000062 create /28,0,[31,s{'world,'anyone}
],false,29
7/1/24 2:20:39 AM GMT session 0x20041d1b9750000 cxid 0x3f zxid 0x200000063 error -110
7/1/24 2:20:39 AM GMT session 0x10041d1bc360000 cxid 0x3a zxid 0x200000064 create /8,0,[31,s{'world,'anyone}
],false,30
7/1/24 2:20:39 AM GMT session 0x30041d1b94a0000 cxid 0x3e zxid 0x200000065 error -110
7/1/24 2:20:39 AM GMT session 0x20041d1b9750000 cxid 0x43 zxid 0x200000066 error -110
7/1/24 2:20:39 AM GMT session 0x10041d1bc360000 cxid 0x3e zxid 0x200000067 error -110
7/1/24 2:20:39 AM GMT session 0x30041d1b94a0000 cxid 0x42 zxid 0x200000068 error -110
7/1/24 2:20:39 AM GMT session 0x10041d1bc360000 cxid 0x42 zxid 0x200000069 error -110
EOF reached after 105 txns.
2024-07-01 02:19:42,234 [myid:] - INFO  [main:o.a.z.s.q.QuorumPeerConfig@177] - Reading configuration from: /apache-zookeeper-3.10.0-SNAPSHOT-bin/bin/../conf/zoo.cfg
2024-07-01 02:19:42,391 [myid:] - INFO  [main:o.a.z.s.q.QuorumPeerConfig@440] - clientPortAddress is 0.0.0.0:2181
2024-07-01 02:19:42,392 [myid:] - INFO  [main:o.a.z.s.q.QuorumPeerConfig@444] - secureClientPort is not set
2024-07-01 02:19:42,393 [myid:] - INFO  [main:o.a.z.s.q.QuorumPeerConfig@460] - observerMasterPort is not set
2024-07-01 02:19:42,393 [myid:] - INFO  [main:o.a.z.s.q.QuorumPeerConfig@477] - metricsProvider.className is org.apache.zookeeper.metrics.impl.DefaultMetricsProvider
2024-07-01 02:19:42,421 [myid:3] - INFO  [main:o.a.z.s.DatadirCleanupManager@78] - autopurge.snapRetainCount set to 3
2024-07-01 02:19:42,421 [myid:3] - INFO  [main:o.a.z.s.DatadirCleanupManager@79] - autopurge.purgeInterval set to 1
2024-07-01 02:19:42,422 [myid:] - INFO  [PurgeTask:o.a.z.s.DatadirCleanupManager$PurgeTask@139] - Purge task started.
2024-07-01 02:19:42,422 [myid:3] - INFO  [main:o.a.z.j.ManagedUtil@46] - Log4j 1.2 jmx support not found; jmx disabled.
2024-07-01 02:19:42,422 [myid:3] - INFO  [main:o.a.z.s.q.QuorumPeerMain@152] - Starting quorum peer, myid=3
2024-07-01 02:19:42,426 [myid:] - INFO  [PurgeTask:o.a.z.s.p.FileTxnSnapLog@124] - zookeeper.snapshot.trust.empty : false
2024-07-01 02:19:42,431 [myid:3] - INFO  [main:o.a.z.s.ServerMetrics@64] - ServerMetrics initialized with provider org.apache.zookeeper.metrics.impl.DefaultMetricsProvider@197d671
2024-07-01 02:19:42,433 [myid:3] - INFO  [main:o.a.z.s.a.DigestAuthenticationProvider@51] - ACL digest algorithm is: SHA1
2024-07-01 02:19:42,433 [myid:3] - INFO  [main:o.a.z.s.a.DigestAuthenticationProvider@65] - zookeeper.DigestAuthenticationProvider.enabled = true
2024-07-01 02:19:42,442 [myid:] - INFO  [PurgeTask:o.a.z.s.DatadirCleanupManager$PurgeTask@145] - Purge task completed.
2024-07-01 02:19:42,444 [myid:3] - INFO  [main:o.a.z.s.ServerCnxnFactory@169] - Using org.apache.zookeeper.server.NIOServerCnxnFactory as server connection factory
2024-07-01 02:19:42,446 [myid:3] - WARN  [main:o.a.z.s.ServerCnxnFactory@309] - maxCnxns is not configured, using default value 0.
2024-07-01 02:19:42,449 [myid:3] - INFO  [main:o.a.z.s.NIOServerCnxnFactory@665] - Configuring NIO connection handler with 10s sessionless connection timeout, 7 selector thread(s), 224 worker threads, and 64 kB direct buffers.
2024-07-01 02:19:42,460 [myid:3] - INFO  [main:o.a.z.s.NIOServerCnxnFactory@673] - binding to port 0.0.0.0/0.0.0.0:2181
2024-07-01 02:19:42,470 [myid:3] - INFO  [main:o.a.z.s.q.QuorumPeer@801] - zookeeper.quorumCnxnTimeoutMs=-1
2024-07-01 02:19:42,494 [myid:3] - INFO  [main:o.e.j.u.l.Log@170] - Logging initialized @631ms to org.eclipse.jetty.util.log.Slf4jLog
2024-07-01 02:19:42,555 [myid:3] - WARN  [main:o.e.j.s.h.ContextHandler@1662] - o.e.j.s.ServletContextHandler@c86b9e3{/,null,STOPPED} contextPath ends with /*
2024-07-01 02:19:42,556 [myid:3] - WARN  [main:o.e.j.s.h.ContextHandler@1673] - Empty contextPath
2024-07-01 02:19:42,568 [myid:3] - INFO  [main:o.a.z.c.X509Util@88] - Setting -D jdk.tls.rejectClientInitiatedRenegotiation=true to disable client-initiated TLS renegotiation
2024-07-01 02:19:42,668 [myid:3] - INFO  [main:o.a.z.c.X509Util@110] - Default TLS protocol is TLSv1.3, supported TLS protocols are [TLSv1.3, TLSv1.2, TLSv1.1, TLSv1, SSLv3, SSLv2Hello]
2024-07-01 02:19:42,672 [myid:3] - INFO  [main:o.a.z.s.p.FileTxnSnapLog@124] - zookeeper.snapshot.trust.empty : false
2024-07-01 02:19:42,678 [myid:3] - INFO  [main:o.a.z.s.q.QuorumPeer@1781] - Local sessions disabled
2024-07-01 02:19:42,678 [myid:3] - INFO  [main:o.a.z.s.q.QuorumPeer@1792] - Local session upgrading disabled
2024-07-01 02:19:42,678 [myid:3] - INFO  [main:o.a.z.s.q.QuorumPeer@1759] - tickTime set to 2000
2024-07-01 02:19:42,678 [myid:3] - INFO  [main:o.a.z.s.q.QuorumPeer@1803] - minSessionTimeout set to 4000
2024-07-01 02:19:42,678 [myid:3] - INFO  [main:o.a.z.s.q.QuorumPeer@1814] - maxSessionTimeout set to 40000
2024-07-01 02:19:42,678 [myid:3] - INFO  [main:o.a.z.s.q.QuorumPeer@1839] - initLimit set to 10
2024-07-01 02:19:42,678 [myid:3] - INFO  [main:o.a.z.s.q.QuorumPeer@2026] - syncLimit set to 5
2024-07-01 02:19:42,678 [myid:3] - INFO  [main:o.a.z.s.q.QuorumPeer@2041] - connectToLearnerMasterLimit set to 0
2024-07-01 02:19:42,688 [myid:3] - INFO  [main:o.a.z.ZookeeperBanner@42] - 
2024-07-01 02:19:42,688 [myid:3] - INFO  [main:o.a.z.ZookeeperBanner@42] -   ______                  _                                          
2024-07-01 02:19:42,688 [myid:3] - INFO  [main:o.a.z.ZookeeperBanner@42] -  |___  /                 | |                                         
2024-07-01 02:19:42,688 [myid:3] - INFO  [main:o.a.z.ZookeeperBanner@42] -     / /    ___     ___   | | __   ___    ___   _ __     ___   _ __   
2024-07-01 02:19:42,688 [myid:3] - INFO  [main:o.a.z.ZookeeperBanner@42] -    / /    / _ \   / _ \  | |/ /  / _ \  / _ \ | '_ \   / _ \ | '__|
2024-07-01 02:19:42,688 [myid:3] - INFO  [main:o.a.z.ZookeeperBanner@42] -   / /__  | (_) | | (_) | |   <  |  __/ |  __/ | |_) | |  __/ | |    
2024-07-01 02:19:42,688 [myid:3] - INFO  [main:o.a.z.ZookeeperBanner@42] -  /_____|  \___/   \___/  |_|\_\  \___|  \___| | .__/   \___| |_|
2024-07-01 02:19:42,688 [myid:3] - INFO  [main:o.a.z.ZookeeperBanner@42] -                                               | |                     
2024-07-01 02:19:42,688 [myid:3] - INFO  [main:o.a.z.ZookeeperBanner@42] -                                               |_|                     
2024-07-01 02:19:42,688 [myid:3] - INFO  [main:o.a.z.ZookeeperBanner@42] - 
2024-07-01 02:19:42,690 [myid:3] - INFO  [main:o.a.z.Environment@98] - Server environment:zookeeper.version=3.10.0-SNAPSHOT-317eb2cb1cb10b80a2c2f8bc3cc1cc74493a0106-dirty, built on 2024-07-01 02:08 UTC
2024-07-01 02:19:42,690 [myid:3] - INFO  [main:o.a.z.Environment@98] - Server environment:host.name=0b0b608d33af
2024-07-01 02:19:42,690 [myid:3] - INFO  [main:o.a.z.Environment@98] - Server environment:java.version=1.8.0_362
2024-07-01 02:19:42,690 [myid:3] - INFO  [main:o.a.z.Environment@98] - Server environment:java.vendor=Private Build
2024-07-01 02:19:42,690 [myid:3] - INFO  [main:o.a.z.Environment@98] - Server environment:java.home=/usr/lib/jvm/java-8-openjdk-amd64/jre
2024-07-01 02:19:42,690 [myid:3] - INFO  [main:o.a.z.Environment@98] - Server environment:java.class.path=/apache-zookeeper-3.10.0-SNAPSHOT-bin/bin/../zookeeper-metrics-providers/zookeeper-prometheus-metrics/target/classes:/apache-zookeeper-3.10.0-SNAPSHOT-bin/bin/../zookeeper-server/target/classes:/apache-zookeeper-3.10.0-SNAPSHOT-bin/bin/../build/classes:/apache-zookeeper-3.10.0-SNAPSHOT-bin/bin/../zookeeper-metrics-providers/zookeeper-prometheus-metrics/target/lib/*.jar:/apache-zookeeper-3.10.0-SNAPSHOT-bin/bin/../zookeeper-server/target/lib/*.jar:/apache-zookeeper-3.10.0-SNAPSHOT-bin/bin/../build/lib/*.jar:/apache-zookeeper-3.10.0-SNAPSHOT-bin/bin/../lib/zookeeper-prometheus-metrics-3.10.0-SNAPSHOT.jar:/apache-zookeeper-3.10.0-SNAPSHOT-bin/bin/../lib/zookeeper-jute-3.10.0-SNAPSHOT.jar:/apache-zookeeper-3.10.0-SNAPSHOT-bin/bin/../lib/zookeeper-3.10.0-SNAPSHOT.jar:/apache-zookeeper-3.10.0-SNAPSHOT-bin/bin/../lib/snappy-java-1.1.10.5.jar:/apache-zookeeper-3.10.0-SNAPSHOT-bin/bin/../lib/slf4j-api-1.7.30.jar:/apache-zookeeper-3.10.0-SNAPSHOT-bin/bin/../lib/simpleclient_servlet-0.9.0.jar:/apache-zookeeper-3.10.0-SNAPSHOT-bin/bin/../lib/simpleclient_hotspot-0.9.0.jar:/apache-zookeeper-3.10.0-SNAPSHOT-bin/bin/../lib/simpleclient_common-0.9.0.jar:/apache-zookeeper-3.10.0-SNAPSHOT-bin/bin/../lib/simpleclient-0.9.0.jar:/apache-zookeeper-3.10.0-SNAPSHOT-bin/bin/../lib/netty-transport-native-unix-common-4.1.94.Final.jar:/apache-zookeeper-3.10.0-SNAPSHOT-bin/bin/../lib/netty-transport-native-epoll-4.1.94.Final-linux-x86_64.jar:/apache-zookeeper-3.10.0-SNAPSHOT-bin/bin/../lib/netty-transport-classes-epoll-4.1.94.Final.jar:/apache-zookeeper-3.10.0-SNAPSHOT-bin/bin/../lib/netty-transport-4.1.94.Final.jar:/apache-zookeeper-3.10.0-SNAPSHOT-bin/bin/../lib/netty-tcnative-classes-2.0.61.Final.jar:/apache-zookeeper-3.10.0-SNAPSHOT-bin/bin/../lib/netty-tcnative-boringssl-static-2.0.61.Final.jar:/apache-zookeeper-3.10.0-SNAPSHOT-bin/bin/../lib/netty-tcnative-boringssl-static-2.0.61.Final-windows-x86_64.jar:/apache-zookeeper-3.10.0-SNAPSHOT-bin/bin/../lib/netty-tcnative-boringssl-static-2.0.61.Final-osx-x86_64.jar:/apache-zookeeper-3.10.0-SNAPSHOT-bin/bin/../lib/netty-tcnative-boringssl-static-2.0.61.Final-osx-aarch_64.jar:/apache-zookeeper-3.10.0-SNAPSHOT-bin/bin/../lib/netty-tcnative-boringssl-static-2.0.61.Final-linux-x86_64.jar:/apache-zookeeper-3.10.0-SNAPSHOT-bin/bin/../lib/netty-tcnative-boringssl-static-2.0.61.Final-linux-aarch_64.jar:/apache-zookeeper-3.10.0-SNAPSHOT-bin/bin/../lib/netty-resolver-4.1.94.Final.jar:/apache-zookeeper-3.10.0-SNAPSHOT-bin/bin/../lib/netty-handler-4.1.94.Final.jar:/apache-zookeeper-3.10.0-SNAPSHOT-bin/bin/../lib/netty-common-4.1.94.Final.jar:/apache-zookeeper-3.10.0-SNAPSHOT-bin/bin/../lib/netty-codec-4.1.94.Final.jar:/apache-zookeeper-3.10.0-SNAPSHOT-bin/bin/../lib/netty-buffer-4.1.94.Final.jar:/apache-zookeeper-3.10.0-SNAPSHOT-bin/bin/../lib/metrics-core-4.1.12.1.jar:/apache-zookeeper-3.10.0-SNAPSHOT-bin/bin/../lib/logback-core-1.2.10.jar:/apache-zookeeper-3.10.0-SNAPSHOT-bin/bin/../lib/logback-classic-1.2.10.jar:/apache-zookeeper-3.10.0-SNAPSHOT-bin/bin/../lib/jline-2.14.6.jar:/apache-zookeeper-3.10.0-SNAPSHOT-bin/bin/../lib/jetty-util-ajax-9.4.52.v20230823.jar:/apache-zookeeper-3.10.0-SNAPSHOT-bin/bin/../lib/jetty-util-9.4.52.v20230823.jar:/apache-zookeeper-3.10.0-SNAPSHOT-bin/bin/../lib/jetty-servlet-9.4.52.v20230823.jar:/apache-zookeeper-3.10.0-SNAPSHOT-bin/bin/../lib/jetty-server-9.4.52.v20230823.jar:/apache-zookeeper-3.10.0-SNAPSHOT-bin/bin/../lib/jetty-security-9.4.52.v20230823.jar:/apache-zookeeper-3.10.0-SNAPSHOT-bin/bin/../lib/jetty-io-9.4.52.v20230823.jar:/apache-zookeeper-3.10.0-SNAPSHOT-bin/bin/../lib/jetty-http-9.4.52.v20230823.jar:/apache-zookeeper-3.10.0-SNAPSHOT-bin/bin/../lib/javax.servlet-api-3.1.0.jar:/apache-zookeeper-3.10.0-SNAPSHOT-bin/bin/../lib/jackson-databind-2.15.2.jar:/apache-zookeeper-3.10.0-SNAPSHOT-bin/bin/../lib/jackson-core-2.15.2.jar:/apache-zookeeper-3.10.0-SNAPSHOT-bin/bin/../lib/jackson-annotations-2.15.2.jar:/apache-zookeeper-3.10.0-SNAPSHOT-bin/bin/../lib/commons-io-2.11.0.jar:/apache-zookeeper-3.10.0-SNAPSHOT-bin/bin/../lib/commons-cli-1.5.0.jar:/apache-zookeeper-3.10.0-SNAPSHOT-bin/bin/../lib/audience-annotations-0.12.0.jar:/apache-zookeeper-3.10.0-SNAPSHOT-bin/bin/../zookeeper-*.jar:/apache-zookeeper-3.10.0-SNAPSHOT-bin/bin/../zookeeper-server/src/main/resources/lib/*.jar:/apache-zookeeper-3.10.0-SNAPSHOT-bin/bin/../conf:
2024-07-01 02:19:42,691 [myid:3] - INFO  [main:o.a.z.Environment@98] - Server environment:java.library.path=/usr/java/packages/lib/amd64:/usr/lib/x86_64-linux-gnu/jni:/lib/x86_64-linux-gnu:/usr/lib/x86_64-linux-gnu:/usr/lib/jni:/lib:/usr/lib
2024-07-01 02:19:42,691 [myid:3] - INFO  [main:o.a.z.Environment@98] - Server environment:java.io.tmpdir=/tmp
2024-07-01 02:19:42,691 [myid:3] - INFO  [main:o.a.z.Environment@98] - Server environment:java.compiler=<NA>
2024-07-01 02:19:42,691 [myid:3] - INFO  [main:o.a.z.Environment@98] - Server environment:os.name=Linux
2024-07-01 02:19:42,691 [myid:3] - INFO  [main:o.a.z.Environment@98] - Server environment:os.arch=amd64
2024-07-01 02:19:42,691 [myid:3] - INFO  [main:o.a.z.Environment@98] - Server environment:os.version=5.4.0-84-generic
2024-07-01 02:19:42,691 [myid:3] - INFO  [main:o.a.z.Environment@98] - Server environment:user.name=root
2024-07-01 02:19:42,691 [myid:3] - INFO  [main:o.a.z.Environment@98] - Server environment:user.home=/root
2024-07-01 02:19:42,691 [myid:3] - INFO  [main:o.a.z.Environment@98] - Server environment:user.dir=/apache-zookeeper-3.10.0-SNAPSHOT-bin
2024-07-01 02:19:42,691 [myid:3] - INFO  [main:o.a.z.Environment@98] - Server environment:os.memory.free=889MB
2024-07-01 02:19:42,691 [myid:3] - INFO  [main:o.a.z.Environment@98] - Server environment:os.memory.max=958MB
2024-07-01 02:19:42,691 [myid:3] - INFO  [main:o.a.z.Environment@98] - Server environment:os.memory.total=958MB
2024-07-01 02:19:42,691 [myid:3] - INFO  [main:o.a.z.s.ZooKeeperServer@149] - zookeeper.enableEagerACLCheck = false
2024-07-01 02:19:42,691 [myid:3] - INFO  [main:o.a.z.s.ZooKeeperServer@162] - zookeeper.digest.enabled = true
2024-07-01 02:19:42,692 [myid:3] - INFO  [main:o.a.z.s.ZooKeeperServer@166] - zookeeper.closeSessionTxn.enabled = true
2024-07-01 02:19:42,692 [myid:3] - INFO  [main:o.a.z.s.ZooKeeperServer@2251] - zookeeper.serializeLastProcessedZxid.enabled = true
2024-07-01 02:19:42,692 [myid:3] - INFO  [main:o.a.z.s.ZooKeeperServer@1594] - zookeeper.flushDelay = 0 ms
2024-07-01 02:19:42,692 [myid:3] - INFO  [main:o.a.z.s.ZooKeeperServer@1603] - zookeeper.maxWriteQueuePollTime = 0 ms
2024-07-01 02:19:42,692 [myid:3] - INFO  [main:o.a.z.s.ZooKeeperServer@1612] - zookeeper.maxBatchSize=1000
2024-07-01 02:19:42,692 [myid:3] - INFO  [main:o.a.z.s.ZooKeeperServer@287] - zookeeper.intBufferStartingSizeBytes = 1024
2024-07-01 02:19:42,697 [myid:3] - INFO  [main:o.a.z.s.w.WatchManagerFactory@42] - Using org.apache.zookeeper.server.watch.WatchManager as watch manager
2024-07-01 02:19:42,697 [myid:3] - INFO  [main:o.a.z.s.w.WatchManagerFactory@42] - Using org.apache.zookeeper.server.watch.WatchManager as watch manager
2024-07-01 02:19:42,697 [myid:3] - INFO  [main:o.a.z.s.ZKDatabase@135] - zookeeper.snapshotSizeFactor = 0.33
2024-07-01 02:19:42,697 [myid:3] - INFO  [main:o.a.z.s.ZKDatabase@155] - zookeeper.commitLogCount=500
2024-07-01 02:19:42,723 [myid:3] - INFO  [main:o.a.z.s.q.QuorumPeer@2105] - Using insecure (non-TLS) quorum communication
2024-07-01 02:19:42,723 [myid:3] - INFO  [main:o.a.z.s.q.QuorumPeer@2111] - Port unification disabled
2024-07-01 02:19:42,724 [myid:3] - INFO  [main:o.a.z.s.q.QuorumPeer@184] - multiAddress.enabled set to false
2024-07-01 02:19:42,724 [myid:3] - INFO  [main:o.a.z.s.q.QuorumPeer@209] - multiAddress.reachabilityCheckEnabled set to true
2024-07-01 02:19:42,724 [myid:3] - INFO  [main:o.a.z.s.q.QuorumPeer@196] - multiAddress.reachabilityCheckTimeoutMs set to 1000
2024-07-01 02:19:42,724 [myid:3] - INFO  [main:o.a.z.s.q.QuorumPeer@2573] - QuorumPeer communication is not secured! (SASL auth disabled)
2024-07-01 02:19:42,724 [myid:3] - INFO  [main:o.a.z.s.q.QuorumPeer@2598] - quorum.cnxn.threads.size set to 20
2024-07-01 02:19:42,734 [myid:3] - INFO  [main:o.a.z.s.p.SnapStream@61] - zookeeper.snapshot.compression.method = CHECKED
2024-07-01 02:19:42,734 [myid:3] - INFO  [main:o.a.z.s.p.FileTxnSnapLog@480] - Snapshotting: 0x0 to /apache-zookeeper-3.10.0-SNAPSHOT-bin/data/version-2/snapshot.0
2024-07-01 02:19:42,752 [myid:3] - INFO  [main:o.a.z.s.ZKDatabase@292] - Snapshot loaded in 28 ms, highest zxid is 0x0, digest is 1371985504
2024-07-01 02:19:42,753 [myid:3] - INFO  [main:o.a.z.s.q.QuorumPeer@1161] - currentEpoch not found! Creating with a reasonable default of 0. This should only happen when you are upgrading your installation
2024-07-01 02:19:42,759 [myid:3] - INFO  [main:o.a.z.s.q.QuorumPeer@1189] - acceptedEpoch not found! Creating with a reasonable default of 0. This should only happen when you are upgrading your installation
2024-07-01 02:19:42,769 [myid:3] - INFO  [main:o.e.j.s.Server@375] - jetty-9.4.52.v20230823; built: 2023-08-23T19:29:37.669Z; git: abdcda73818a1a2c705da276edb0bf6581e7997e; jvm 1.8.0_362-8u372-ga~us1-0ubuntu1~18.04-b09
2024-07-01 02:19:42,796 [myid:3] - INFO  [main:o.e.j.s.s.DefaultSessionIdManager@334] - DefaultSessionIdManager workerName=node0
2024-07-01 02:19:42,796 [myid:3] - INFO  [main:o.e.j.s.s.DefaultSessionIdManager@339] - No SessionScavenger set, using defaults
2024-07-01 02:19:42,797 [myid:3] - INFO  [main:o.e.j.s.s.HouseKeeper@132] - node0 Scavenging every 660000ms
2024-07-01 02:19:42,799 [myid:3] - WARN  [main:o.e.j.s.ConstraintSecurityHandler@759] - ServletContext@o.e.j.s.ServletContextHandler@c86b9e3{/,null,STARTING} has uncovered http methods for path: /*
2024-07-01 02:19:42,808 [myid:3] - INFO  [main:o.e.j.s.h.ContextHandler@921] - Started o.e.j.s.ServletContextHandler@c86b9e3{/,null,AVAILABLE}
2024-07-01 02:19:42,817 [myid:3] - INFO  [main:o.e.j.s.AbstractConnector@333] - Started ServerConnector@f5958c9{HTTP/1.1, (http/1.1)}{0.0.0.0:8080}
2024-07-01 02:19:42,817 [myid:3] - INFO  [main:o.e.j.s.Server@415] - Started @954ms
2024-07-01 02:19:42,817 [myid:3] - INFO  [main:o.a.z.s.a.JettyAdminServer@201] - Started AdminServer on address 0.0.0.0, port 8080 and command URL /commands
2024-07-01 02:19:42,818 [myid:3] - INFO  [main:o.a.z.s.q.QuorumPeer@2615] - Using 10000ms as the quorum cnxn socket timeout
2024-07-01 02:19:42,822 [myid:3] - INFO  [main:o.a.z.s.q.QuorumCnxManager$Listener@924] - Election port bind maximum retries is 3
2024-07-01 02:19:42,823 [myid:3] - INFO  [main:o.a.z.s.q.FastLeaderElection@90] - zookeeper.fastleader.minNotificationInterval = 200 ms
2024-07-01 02:19:42,823 [myid:3] - INFO  [main:o.a.z.s.q.FastLeaderElection@92] - zookeeper.fastleader.maxNotificationInterval = 60000 ms
2024-07-01 02:19:42,825 [myid:3] - INFO  [main:o.a.z.a.ZKAuditProvider@42] - ZooKeeper audit is disabled.
2024-07-01 02:19:42,830 [myid:] - INFO  [ListenerHandler-/172.30.0.4:3888:o.a.z.s.q.QuorumCnxManager$Listener$ListenerHandler@1071] - 3 is accepting connections now, my election bind port: /172.30.0.4:3888
2024-07-01 02:19:42,837 [myid:] - INFO  [QuorumPeer[myid=3](plain=0.0.0.0:2181)(secure=disabled):o.a.z.s.q.QuorumPeer@1471] - LOOKING
2024-07-01 02:19:42,838 [myid:] - INFO  [QuorumPeer[myid=3](plain=0.0.0.0:2181)(secure=disabled):o.a.z.s.q.FastLeaderElection@946] - New election. My id = 3, proposed zxid=0x0
2024-07-01 02:19:42,862 [myid:] - WARN  [QuorumConnectionThread-[myid=3]-1:o.a.z.s.q.QuorumCnxManager@401] - Cannot open channel to 1 at election address /172.30.0.2:3888
java.net.ConnectException: Connection refused (Connection refused)
	at java.net.PlainSocketImpl.socketConnect(Native Method)
	at java.net.AbstractPlainSocketImpl.doConnect(AbstractPlainSocketImpl.java:350)
	at java.net.AbstractPlainSocketImpl.connectToAddress(AbstractPlainSocketImpl.java:206)
	at java.net.AbstractPlainSocketImpl.connect(AbstractPlainSocketImpl.java:188)
	at java.net.SocksSocketImpl.connect(SocksSocketImpl.java:392)
	at java.net.Socket.connect(Socket.java:607)
	at org.apache.zookeeper.server.quorum.QuorumCnxManager.initiateConnection(QuorumCnxManager.java:384)
	at org.apache.zookeeper.server.quorum.QuorumCnxManager$QuorumConnectionReqThread.run(QuorumCnxManager.java:458)
	at java.util.concurrent.ThreadPoolExecutor.runWorker(ThreadPoolExecutor.java:1149)
	at java.util.concurrent.ThreadPoolExecutor$Worker.run(ThreadPoolExecutor.java:624)
	at java.lang.Thread.run(Thread.java:750)
2024-07-01 02:19:42,896 [myid:] - INFO  [WorkerReceiver[myid=3]:o.a.z.s.q.FastLeaderElection$Messenger$WorkerReceiver@391] - Notification: my state:LOOKING; n.sid:3, n.state:LOOKING, n.leader:3, n.round:0x1, n.peerEpoch:0x0, n.zxid:0x0, message format version:0x2, n.config version:0x0
2024-07-01 02:19:42,913 [myid:] - INFO  [WorkerReceiver[myid=3]:o.a.z.s.q.FastLeaderElection$Messenger$WorkerReceiver@391] - Notification: my state:LOOKING; n.sid:2, n.state:LOOKING, n.leader:2, n.round:0x1, n.peerEpoch:0x0, n.zxid:0x0, message format version:0x2, n.config version:0x0
2024-07-01 02:19:42,930 [myid:] - INFO  [ListenerHandler-/172.30.0.4:3888:o.a.z.s.q.QuorumCnxManager$Listener$ListenerHandler@1076] - Received connection request from /172.30.0.2:33654
2024-07-01 02:19:42,964 [myid:] - INFO  [WorkerReceiver[myid=3]:o.a.z.s.q.FastLeaderElection$Messenger$WorkerReceiver@391] - Notification: my state:LOOKING; n.sid:2, n.state:LOOKING, n.leader:3, n.round:0x1, n.peerEpoch:0x0, n.zxid:0x0, message format version:0x2, n.config version:0x0
2024-07-01 02:19:42,979 [myid:] - INFO  [WorkerReceiver[myid=3]:o.a.z.s.q.FastLeaderElection$Messenger$WorkerReceiver@391] - Notification: my state:LOOKING; n.sid:1, n.state:LOOKING, n.leader:1, n.round:0x1, n.peerEpoch:0x0, n.zxid:0x0, message format version:0x2, n.config version:0x0
2024-07-01 02:19:43,006 [myid:] - INFO  [WorkerReceiver[myid=3]:o.a.z.s.q.FastLeaderElection$Messenger$WorkerReceiver@391] - Notification: my state:LOOKING; n.sid:1, n.state:LOOKING, n.leader:3, n.round:0x1, n.peerEpoch:0x0, n.zxid:0x0, message format version:0x2, n.config version:0x0
2024-07-01 02:19:43,207 [myid:] - INFO  [QuorumPeer[myid=3](plain=0.0.0.0:2181)(secure=disabled):o.a.z.s.q.QuorumPeer@906] - Peer state changed: leading
2024-07-01 02:19:43,207 [myid:] - INFO  [QuorumPeer[myid=3](plain=0.0.0.0:2181)(secure=disabled):o.a.z.s.q.QuorumPeer@1566] - LEADING
2024-07-01 02:19:43,213 [myid:] - INFO  [QuorumPeer[myid=3](plain=0.0.0.0:2181)(secure=disabled):o.a.z.s.q.LearnerMaster@47] - zookeeper.leader.maxConcurrentSnapSyncs = 10
2024-07-01 02:19:43,213 [myid:] - INFO  [QuorumPeer[myid=3](plain=0.0.0.0:2181)(secure=disabled):o.a.z.s.q.LearnerMaster@50] - zookeeper.leader.maxConcurrentDiffSyncs = 100
2024-07-01 02:19:43,213 [myid:] - INFO  [QuorumPeer[myid=3](plain=0.0.0.0:2181)(secure=disabled):o.a.z.s.q.Leader@86] - TCP NoDelay set to: true
2024-07-01 02:19:43,213 [myid:] - INFO  [QuorumPeer[myid=3](plain=0.0.0.0:2181)(secure=disabled):o.a.z.s.q.Leader@107] - zookeeper.leader.ackLoggingFrequency = 1000
2024-07-01 02:19:43,213 [myid:] - INFO  [QuorumPeer[myid=3](plain=0.0.0.0:2181)(secure=disabled):o.a.z.s.q.Leader@1372] - zookeeper.leader.maxTimeToWaitForEpoch = -1ms
2024-07-01 02:19:43,216 [myid:] - INFO  [QuorumPeer[myid=3](plain=0.0.0.0:2181)(secure=disabled):o.a.z.s.BlueThrottle@141] - Weighed connection throttling is disabled
2024-07-01 02:19:43,217 [myid:] - INFO  [QuorumPeer[myid=3](plain=0.0.0.0:2181)(secure=disabled):o.a.z.s.AuthenticationHelper@66] - zookeeper.enforce.auth.enabled = false
2024-07-01 02:19:43,217 [myid:] - INFO  [QuorumPeer[myid=3](plain=0.0.0.0:2181)(secure=disabled):o.a.z.s.AuthenticationHelper@67] - zookeeper.enforce.auth.schemes = []
2024-07-01 02:19:43,219 [myid:] - INFO  [QuorumPeer[myid=3](plain=0.0.0.0:2181)(secure=disabled):o.a.z.s.ZooKeeperServer@1406] - minSessionTimeout set to 4000 ms
2024-07-01 02:19:43,219 [myid:] - INFO  [QuorumPeer[myid=3](plain=0.0.0.0:2181)(secure=disabled):o.a.z.s.ZooKeeperServer@1415] - maxSessionTimeout set to 40000 ms
2024-07-01 02:19:43,220 [myid:] - INFO  [QuorumPeer[myid=3](plain=0.0.0.0:2181)(secure=disabled):o.a.z.s.ResponseCache@45] - getData response cache size is initialized with value 400.
2024-07-01 02:19:43,220 [myid:] - INFO  [QuorumPeer[myid=3](plain=0.0.0.0:2181)(secure=disabled):o.a.z.s.ResponseCache@45] - getChildren response cache size is initialized with value 400.
2024-07-01 02:19:43,221 [myid:] - INFO  [QuorumPeer[myid=3](plain=0.0.0.0:2181)(secure=disabled):o.a.z.s.u.RequestPathMetricsCollector@109] - zookeeper.pathStats.slotCapacity = 60
2024-07-01 02:19:43,221 [myid:] - INFO  [QuorumPeer[myid=3](plain=0.0.0.0:2181)(secure=disabled):o.a.z.s.u.RequestPathMetricsCollector@110] - zookeeper.pathStats.slotDuration = 15
2024-07-01 02:19:43,221 [myid:] - INFO  [QuorumPeer[myid=3](plain=0.0.0.0:2181)(secure=disabled):o.a.z.s.u.RequestPathMetricsCollector@111] - zookeeper.pathStats.maxDepth = 6
2024-07-01 02:19:43,221 [myid:] - INFO  [QuorumPeer[myid=3](plain=0.0.0.0:2181)(secure=disabled):o.a.z.s.u.RequestPathMetricsCollector@112] - zookeeper.pathStats.initialDelay = 5
2024-07-01 02:19:43,221 [myid:] - INFO  [QuorumPeer[myid=3](plain=0.0.0.0:2181)(secure=disabled):o.a.z.s.u.RequestPathMetricsCollector@113] - zookeeper.pathStats.delay = 5
2024-07-01 02:19:43,221 [myid:] - INFO  [QuorumPeer[myid=3](plain=0.0.0.0:2181)(secure=disabled):o.a.z.s.u.RequestPathMetricsCollector@114] - zookeeper.pathStats.enabled = false
2024-07-01 02:19:43,223 [myid:] - INFO  [QuorumPeer[myid=3](plain=0.0.0.0:2181)(secure=disabled):o.a.z.s.ZooKeeperServer@1631] - The max bytes for all large requests are set to 104857600
2024-07-01 02:19:43,223 [myid:] - INFO  [QuorumPeer[myid=3](plain=0.0.0.0:2181)(secure=disabled):o.a.z.s.ZooKeeperServer@1645] - The large request threshold is set to -1
2024-07-01 02:19:43,224 [myid:] - INFO  [QuorumPeer[myid=3](plain=0.0.0.0:2181)(secure=disabled):o.a.z.s.ZooKeeperServer@385] - Created server with tickTime 2000 ms minSessionTimeout 4000 ms maxSessionTimeout 40000 ms clientPortListenBacklog -1 datadir /apache-zookeeper-3.10.0-SNAPSHOT-bin/logs/version-2 snapdir /apache-zookeeper-3.10.0-SNAPSHOT-bin/data/version-2
2024-07-01 02:19:43,226 [myid:] - INFO  [QuorumPeer[myid=3](plain=0.0.0.0:2181)(secure=disabled):o.a.z.s.q.Leader@591] - LEADING - LEADER ELECTION TOOK - 388 MS
2024-07-01 02:19:43,228 [myid:] - INFO  [QuorumPeer[myid=3](plain=0.0.0.0:2181)(secure=disabled):o.a.z.s.q.QuorumPeer@920] - Peer state changed: leading - discovery
2024-07-01 02:19:43,230 [myid:] - INFO  [QuorumPeer[myid=3](plain=0.0.0.0:2181)(secure=disabled):o.a.z.s.p.FileTxnSnapLog@480] - Snapshotting: 0x0 to /apache-zookeeper-3.10.0-SNAPSHOT-bin/data/version-2/snapshot.0
FailSlowAgent.java | isInject : true delayTime : 30000 thread id:39
java.lang.Exception
	at client.FailSlowAgent.report(FailSlowAgent.java:126)
	at org.apache.zookeeper.server.persistence.SnapStream.sealStream(SnapStream.java:165)
	at org.apache.zookeeper.server.persistence.FileSnap.serialize(FileSnap.java:263)
	at org.apache.zookeeper.server.persistence.FileTxnSnapLog.save(FileTxnSnapLog.java:482)
	at org.apache.zookeeper.server.ZooKeeperServer.takeSnapshot(ZooKeeperServer.java:577)
	at org.apache.zookeeper.server.ZooKeeperServer.takeSnapshot(ZooKeeperServer.java:557)
	at org.apache.zookeeper.server.ZooKeeperServer.takeSnapshot(ZooKeeperServer.java:553)
	at org.apache.zookeeper.server.ZooKeeperServer.loadData(ZooKeeperServer.java:549)
	at org.apache.zookeeper.server.quorum.Leader.lead(Leader.java:600)
	at org.apache.zookeeper.server.quorum.QuorumPeer.run(QuorumPeer.java:1569)
2024-07-01 02:19:46,512 [myid:] - WARN  [NIOWorkerThread-1:o.a.z.s.NIOServerCnxn@397] - Close of session 0x0
java.io.IOException: ZooKeeperServer not running
	at org.apache.zookeeper.server.NIOServerCnxn.readLength(NIOServerCnxn.java:576)
	at org.apache.zookeeper.server.NIOServerCnxn.doIO(NIOServerCnxn.java:350)
	at org.apache.zookeeper.server.NIOServerCnxnFactory$IOWorkRequest.doWork(NIOServerCnxnFactory.java:519)
	at org.apache.zookeeper.server.WorkerService$ScheduledWorkRequest.run(WorkerService.java:158)
	at java.util.concurrent.ThreadPoolExecutor.runWorker(ThreadPoolExecutor.java:1149)
	at java.util.concurrent.ThreadPoolExecutor$Worker.run(ThreadPoolExecutor.java:624)
	at java.lang.Thread.run(Thread.java:750)
2024-07-01 02:19:47,699 [myid:] - WARN  [NIOWorkerThread-2:o.a.z.s.NIOServerCnxn@397] - Close of session 0x0
java.io.IOException: ZooKeeperServer not running
	at org.apache.zookeeper.server.NIOServerCnxn.readLength(NIOServerCnxn.java:576)
	at org.apache.zookeeper.server.NIOServerCnxn.doIO(NIOServerCnxn.java:350)
	at org.apache.zookeeper.server.NIOServerCnxnFactory$IOWorkRequest.doWork(NIOServerCnxnFactory.java:519)
	at org.apache.zookeeper.server.WorkerService$ScheduledWorkRequest.run(WorkerService.java:158)
	at java.util.concurrent.ThreadPoolExecutor.runWorker(ThreadPoolExecutor.java:1149)
	at java.util.concurrent.ThreadPoolExecutor$Worker.run(ThreadPoolExecutor.java:624)
	at java.lang.Thread.run(Thread.java:750)
2024-07-01 02:19:49,260 [myid:] - WARN  [NIOWorkerThread-3:o.a.z.s.NIOServerCnxn@397] - Close of session 0x0
java.io.IOException: ZooKeeperServer not running
	at org.apache.zookeeper.server.NIOServerCnxn.readLength(NIOServerCnxn.java:576)
	at org.apache.zookeeper.server.NIOServerCnxn.doIO(NIOServerCnxn.java:350)
	at org.apache.zookeeper.server.NIOServerCnxnFactory$IOWorkRequest.doWork(NIOServerCnxnFactory.java:519)
	at org.apache.zookeeper.server.WorkerService$ScheduledWorkRequest.run(WorkerService.java:158)
	at java.util.concurrent.ThreadPoolExecutor.runWorker(ThreadPoolExecutor.java:1149)
	at java.util.concurrent.ThreadPoolExecutor$Worker.run(ThreadPoolExecutor.java:624)
	at java.lang.Thread.run(Thread.java:750)
2024-07-01 02:19:50,849 [myid:] - WARN  [NIOWorkerThread-4:o.a.z.s.NIOServerCnxn@397] - Close of session 0x0
java.io.IOException: ZooKeeperServer not running
	at org.apache.zookeeper.server.NIOServerCnxn.readLength(NIOServerCnxn.java:576)
	at org.apache.zookeeper.server.NIOServerCnxn.doIO(NIOServerCnxn.java:350)
	at org.apache.zookeeper.server.NIOServerCnxnFactory$IOWorkRequest.doWork(NIOServerCnxnFactory.java:519)
	at org.apache.zookeeper.server.WorkerService$ScheduledWorkRequest.run(WorkerService.java:158)
	at java.util.concurrent.ThreadPoolExecutor.runWorker(ThreadPoolExecutor.java:1149)
	at java.util.concurrent.ThreadPoolExecutor$Worker.run(ThreadPoolExecutor.java:624)
	at java.lang.Thread.run(Thread.java:750)
2024-07-01 02:19:52,315 [myid:] - WARN  [NIOWorkerThread-5:o.a.z.s.NIOServerCnxn@397] - Close of session 0x0
java.io.IOException: ZooKeeperServer not running
	at org.apache.zookeeper.server.NIOServerCnxn.readLength(NIOServerCnxn.java:576)
	at org.apache.zookeeper.server.NIOServerCnxn.doIO(NIOServerCnxn.java:350)
	at org.apache.zookeeper.server.NIOServerCnxnFactory$IOWorkRequest.doWork(NIOServerCnxnFactory.java:519)
	at org.apache.zookeeper.server.WorkerService$ScheduledWorkRequest.run(WorkerService.java:158)
	at java.util.concurrent.ThreadPoolExecutor.runWorker(ThreadPoolExecutor.java:1149)
	at java.util.concurrent.ThreadPoolExecutor$Worker.run(ThreadPoolExecutor.java:624)
	at java.lang.Thread.run(Thread.java:750)
2024-07-01 02:19:53,883 [myid:] - WARN  [NIOWorkerThread-6:o.a.z.s.NIOServerCnxn@397] - Close of session 0x0
java.io.IOException: ZooKeeperServer not running
	at org.apache.zookeeper.server.NIOServerCnxn.readLength(NIOServerCnxn.java:576)
	at org.apache.zookeeper.server.NIOServerCnxn.doIO(NIOServerCnxn.java:350)
	at org.apache.zookeeper.server.NIOServerCnxnFactory$IOWorkRequest.doWork(NIOServerCnxnFactory.java:519)
	at org.apache.zookeeper.server.WorkerService$ScheduledWorkRequest.run(WorkerService.java:158)
	at java.util.concurrent.ThreadPoolExecutor.runWorker(ThreadPoolExecutor.java:1149)
	at java.util.concurrent.ThreadPoolExecutor$Worker.run(ThreadPoolExecutor.java:624)
	at java.lang.Thread.run(Thread.java:750)
2024-07-01 02:19:55,372 [myid:] - WARN  [NIOWorkerThread-7:o.a.z.s.NIOServerCnxn@397] - Close of session 0x0
java.io.IOException: ZooKeeperServer not running
	at org.apache.zookeeper.server.NIOServerCnxn.readLength(NIOServerCnxn.java:576)
	at org.apache.zookeeper.server.NIOServerCnxn.doIO(NIOServerCnxn.java:350)
	at org.apache.zookeeper.server.NIOServerCnxnFactory$IOWorkRequest.doWork(NIOServerCnxnFactory.java:519)
	at org.apache.zookeeper.server.WorkerService$ScheduledWorkRequest.run(WorkerService.java:158)
	at java.util.concurrent.ThreadPoolExecutor.runWorker(ThreadPoolExecutor.java:1149)
	at java.util.concurrent.ThreadPoolExecutor$Worker.run(ThreadPoolExecutor.java:624)
	at java.lang.Thread.run(Thread.java:750)
2024-07-01 02:19:56,774 [myid:] - WARN  [NIOWorkerThread-8:o.a.z.s.NIOServerCnxn@397] - Close of session 0x0
java.io.IOException: ZooKeeperServer not running
	at org.apache.zookeeper.server.NIOServerCnxn.readLength(NIOServerCnxn.java:576)
	at org.apache.zookeeper.server.NIOServerCnxn.doIO(NIOServerCnxn.java:350)
	at org.apache.zookeeper.server.NIOServerCnxnFactory$IOWorkRequest.doWork(NIOServerCnxnFactory.java:519)
	at org.apache.zookeeper.server.WorkerService$ScheduledWorkRequest.run(WorkerService.java:158)
	at java.util.concurrent.ThreadPoolExecutor.runWorker(ThreadPoolExecutor.java:1149)
	at java.util.concurrent.ThreadPoolExecutor$Worker.run(ThreadPoolExecutor.java:624)
	at java.lang.Thread.run(Thread.java:750)
2024-07-01 02:19:58,555 [myid:] - WARN  [NIOWorkerThread-9:o.a.z.s.NIOServerCnxn@397] - Close of session 0x0
java.io.IOException: ZooKeeperServer not running
	at org.apache.zookeeper.server.NIOServerCnxn.readLength(NIOServerCnxn.java:576)
	at org.apache.zookeeper.server.NIOServerCnxn.doIO(NIOServerCnxn.java:350)
	at org.apache.zookeeper.server.NIOServerCnxnFactory$IOWorkRequest.doWork(NIOServerCnxnFactory.java:519)
	at org.apache.zookeeper.server.WorkerService$ScheduledWorkRequest.run(WorkerService.java:158)
	at java.util.concurrent.ThreadPoolExecutor.runWorker(ThreadPoolExecutor.java:1149)
	at java.util.concurrent.ThreadPoolExecutor$Worker.run(ThreadPoolExecutor.java:624)
	at java.lang.Thread.run(Thread.java:750)
2024-07-01 02:19:59,805 [myid:] - WARN  [NIOWorkerThread-10:o.a.z.s.NIOServerCnxn@397] - Close of session 0x0
java.io.IOException: ZooKeeperServer not running
	at org.apache.zookeeper.server.NIOServerCnxn.readLength(NIOServerCnxn.java:576)
	at org.apache.zookeeper.server.NIOServerCnxn.doIO(NIOServerCnxn.java:350)
	at org.apache.zookeeper.server.NIOServerCnxnFactory$IOWorkRequest.doWork(NIOServerCnxnFactory.java:519)
	at org.apache.zookeeper.server.WorkerService$ScheduledWorkRequest.run(WorkerService.java:158)
	at java.util.concurrent.ThreadPoolExecutor.runWorker(ThreadPoolExecutor.java:1149)
	at java.util.concurrent.ThreadPoolExecutor$Worker.run(ThreadPoolExecutor.java:624)
	at java.lang.Thread.run(Thread.java:750)
2024-07-01 02:20:01,030 [myid:] - WARN  [NIOWorkerThread-11:o.a.z.s.NIOServerCnxn@397] - Close of session 0x0
java.io.IOException: ZooKeeperServer not running
	at org.apache.zookeeper.server.NIOServerCnxn.readLength(NIOServerCnxn.java:576)
	at org.apache.zookeeper.server.NIOServerCnxn.doIO(NIOServerCnxn.java:350)
	at org.apache.zookeeper.server.NIOServerCnxnFactory$IOWorkRequest.doWork(NIOServerCnxnFactory.java:519)
	at org.apache.zookeeper.server.WorkerService$ScheduledWorkRequest.run(WorkerService.java:158)
	at java.util.concurrent.ThreadPoolExecutor.runWorker(ThreadPoolExecutor.java:1149)
	at java.util.concurrent.ThreadPoolExecutor$Worker.run(ThreadPoolExecutor.java:624)
	at java.lang.Thread.run(Thread.java:750)
2024-07-01 02:20:02,557 [myid:] - WARN  [NIOWorkerThread-12:o.a.z.s.NIOServerCnxn@397] - Close of session 0x0
java.io.IOException: ZooKeeperServer not running
	at org.apache.zookeeper.server.NIOServerCnxn.readLength(NIOServerCnxn.java:576)
	at org.apache.zookeeper.server.NIOServerCnxn.doIO(NIOServerCnxn.java:350)
	at org.apache.zookeeper.server.NIOServerCnxnFactory$IOWorkRequest.doWork(NIOServerCnxnFactory.java:519)
	at org.apache.zookeeper.server.WorkerService$ScheduledWorkRequest.run(WorkerService.java:158)
	at java.util.concurrent.ThreadPoolExecutor.runWorker(ThreadPoolExecutor.java:1149)
	at java.util.concurrent.ThreadPoolExecutor$Worker.run(ThreadPoolExecutor.java:624)
	at java.lang.Thread.run(Thread.java:750)
2024-07-01 02:20:03,303 [myid:] - INFO  [WorkerReceiver[myid=3]:o.a.z.s.q.FastLeaderElection$Messenger$WorkerReceiver@391] - Notification: my state:LEADING; n.sid:1, n.state:LOOKING, n.leader:1, n.round:0x2, n.peerEpoch:0x0, n.zxid:0x0, message format version:0x2, n.config version:0x0
2024-07-01 02:20:03,324 [myid:] - INFO  [WorkerReceiver[myid=3]:o.a.z.s.q.FastLeaderElection$Messenger$WorkerReceiver@391] - Notification: my state:LEADING; n.sid:2, n.state:LOOKING, n.leader:2, n.round:0x2, n.peerEpoch:0x0, n.zxid:0x0, message format version:0x2, n.config version:0x0
2024-07-01 02:20:03,342 [myid:] - INFO  [WorkerReceiver[myid=3]:o.a.z.s.q.FastLeaderElection$Messenger$WorkerReceiver@391] - Notification: my state:LEADING; n.sid:1, n.state:LOOKING, n.leader:2, n.round:0x2, n.peerEpoch:0x0, n.zxid:0x0, message format version:0x2, n.config version:0x0
2024-07-01 02:20:03,590 [myid:] - INFO  [WorkerReceiver[myid=3]:o.a.z.s.q.FastLeaderElection$Messenger$WorkerReceiver@391] - Notification: my state:LEADING; n.sid:2, n.state:LOOKING, n.leader:2, n.round:0x2, n.peerEpoch:0x0, n.zxid:0x0, message format version:0x2, n.config version:0x0
2024-07-01 02:20:03,620 [myid:] - INFO  [WorkerReceiver[myid=3]:o.a.z.s.q.FastLeaderElection$Messenger$WorkerReceiver@391] - Notification: my state:LEADING; n.sid:1, n.state:LOOKING, n.leader:2, n.round:0x2, n.peerEpoch:0x0, n.zxid:0x0, message format version:0x2, n.config version:0x0
2024-07-01 02:20:04,067 [myid:] - INFO  [WorkerReceiver[myid=3]:o.a.z.s.q.FastLeaderElection$Messenger$WorkerReceiver@391] - Notification: my state:LEADING; n.sid:2, n.state:LOOKING, n.leader:2, n.round:0x2, n.peerEpoch:0x0, n.zxid:0x0, message format version:0x2, n.config version:0x0
2024-07-01 02:20:04,104 [myid:] - INFO  [WorkerReceiver[myid=3]:o.a.z.s.q.FastLeaderElection$Messenger$WorkerReceiver@391] - Notification: my state:LEADING; n.sid:1, n.state:LOOKING, n.leader:2, n.round:0x2, n.peerEpoch:0x0, n.zxid:0x0, message format version:0x2, n.config version:0x0
2024-07-01 02:20:04,339 [myid:] - WARN  [NIOWorkerThread-13:o.a.z.s.NIOServerCnxn@397] - Close of session 0x0
java.io.IOException: ZooKeeperServer not running
	at org.apache.zookeeper.server.NIOServerCnxn.readLength(NIOServerCnxn.java:576)
	at org.apache.zookeeper.server.NIOServerCnxn.doIO(NIOServerCnxn.java:350)
	at org.apache.zookeeper.server.NIOServerCnxnFactory$IOWorkRequest.doWork(NIOServerCnxnFactory.java:519)
	at org.apache.zookeeper.server.WorkerService$ScheduledWorkRequest.run(WorkerService.java:158)
	at java.util.concurrent.ThreadPoolExecutor.runWorker(ThreadPoolExecutor.java:1149)
	at java.util.concurrent.ThreadPoolExecutor$Worker.run(ThreadPoolExecutor.java:624)
	at java.lang.Thread.run(Thread.java:750)
2024-07-01 02:20:04,973 [myid:] - INFO  [WorkerReceiver[myid=3]:o.a.z.s.q.FastLeaderElection$Messenger$WorkerReceiver@391] - Notification: my state:LEADING; n.sid:1, n.state:LOOKING, n.leader:2, n.round:0x2, n.peerEpoch:0x0, n.zxid:0x0, message format version:0x2, n.config version:0x0
2024-07-01 02:20:05,650 [myid:] - WARN  [NIOWorkerThread-14:o.a.z.s.NIOServerCnxn@397] - Close of session 0x0
java.io.IOException: ZooKeeperServer not running
	at org.apache.zookeeper.server.NIOServerCnxn.readLength(NIOServerCnxn.java:576)
	at org.apache.zookeeper.server.NIOServerCnxn.doIO(NIOServerCnxn.java:350)
	at org.apache.zookeeper.server.NIOServerCnxnFactory$IOWorkRequest.doWork(NIOServerCnxnFactory.java:519)
	at org.apache.zookeeper.server.WorkerService$ScheduledWorkRequest.run(WorkerService.java:158)
	at java.util.concurrent.ThreadPoolExecutor.runWorker(ThreadPoolExecutor.java:1149)
	at java.util.concurrent.ThreadPoolExecutor$Worker.run(ThreadPoolExecutor.java:624)
	at java.lang.Thread.run(Thread.java:750)
2024-07-01 02:20:06,659 [myid:] - INFO  [WorkerReceiver[myid=3]:o.a.z.s.q.FastLeaderElection$Messenger$WorkerReceiver@391] - Notification: my state:LEADING; n.sid:1, n.state:LOOKING, n.leader:2, n.round:0x2, n.peerEpoch:0x0, n.zxid:0x0, message format version:0x2, n.config version:0x0
2024-07-01 02:20:07,293 [myid:] - WARN  [NIOWorkerThread-15:o.a.z.s.NIOServerCnxn@397] - Close of session 0x0
java.io.IOException: ZooKeeperServer not running
	at org.apache.zookeeper.server.NIOServerCnxn.readLength(NIOServerCnxn.java:576)
	at org.apache.zookeeper.server.NIOServerCnxn.doIO(NIOServerCnxn.java:350)
	at org.apache.zookeeper.server.NIOServerCnxnFactory$IOWorkRequest.doWork(NIOServerCnxnFactory.java:519)
	at org.apache.zookeeper.server.WorkerService$ScheduledWorkRequest.run(WorkerService.java:158)
	at java.util.concurrent.ThreadPoolExecutor.runWorker(ThreadPoolExecutor.java:1149)
	at java.util.concurrent.ThreadPoolExecutor$Worker.run(ThreadPoolExecutor.java:624)
	at java.lang.Thread.run(Thread.java:750)
2024-07-01 02:20:08,686 [myid:] - WARN  [NIOWorkerThread-16:o.a.z.s.NIOServerCnxn@397] - Close of session 0x0
java.io.IOException: ZooKeeperServer not running
	at org.apache.zookeeper.server.NIOServerCnxn.readLength(NIOServerCnxn.java:576)
	at org.apache.zookeeper.server.NIOServerCnxn.doIO(NIOServerCnxn.java:350)
	at org.apache.zookeeper.server.NIOServerCnxnFactory$IOWorkRequest.doWork(NIOServerCnxnFactory.java:519)
	at org.apache.zookeeper.server.WorkerService$ScheduledWorkRequest.run(WorkerService.java:158)
	at java.util.concurrent.ThreadPoolExecutor.runWorker(ThreadPoolExecutor.java:1149)
	at java.util.concurrent.ThreadPoolExecutor$Worker.run(ThreadPoolExecutor.java:624)
	at java.lang.Thread.run(Thread.java:750)
2024-07-01 02:20:10,001 [myid:] - INFO  [WorkerReceiver[myid=3]:o.a.z.s.q.FastLeaderElection$Messenger$WorkerReceiver@391] - Notification: my state:LEADING; n.sid:1, n.state:LOOKING, n.leader:2, n.round:0x2, n.peerEpoch:0x0, n.zxid:0x0, message format version:0x2, n.config version:0x0
2024-07-01 02:20:10,196 [myid:] - WARN  [NIOWorkerThread-17:o.a.z.s.NIOServerCnxn@397] - Close of session 0x0
java.io.IOException: ZooKeeperServer not running
	at org.apache.zookeeper.server.NIOServerCnxn.readLength(NIOServerCnxn.java:576)
	at org.apache.zookeeper.server.NIOServerCnxn.doIO(NIOServerCnxn.java:350)
	at org.apache.zookeeper.server.NIOServerCnxnFactory$IOWorkRequest.doWork(NIOServerCnxnFactory.java:519)
	at org.apache.zookeeper.server.WorkerService$ScheduledWorkRequest.run(WorkerService.java:158)
	at java.util.concurrent.ThreadPoolExecutor.runWorker(ThreadPoolExecutor.java:1149)
	at java.util.concurrent.ThreadPoolExecutor$Worker.run(ThreadPoolExecutor.java:624)
	at java.lang.Thread.run(Thread.java:750)
2024-07-01 02:20:11,567 [myid:] - WARN  [NIOWorkerThread-18:o.a.z.s.NIOServerCnxn@397] - Close of session 0x0
java.io.IOException: ZooKeeperServer not running
	at org.apache.zookeeper.server.NIOServerCnxn.readLength(NIOServerCnxn.java:576)
	at org.apache.zookeeper.server.NIOServerCnxn.doIO(NIOServerCnxn.java:350)
	at org.apache.zookeeper.server.NIOServerCnxnFactory$IOWorkRequest.doWork(NIOServerCnxnFactory.java:519)
	at org.apache.zookeeper.server.WorkerService$ScheduledWorkRequest.run(WorkerService.java:158)
	at java.util.concurrent.ThreadPoolExecutor.runWorker(ThreadPoolExecutor.java:1149)
	at java.util.concurrent.ThreadPoolExecutor$Worker.run(ThreadPoolExecutor.java:624)
	at java.lang.Thread.run(Thread.java:750)
2024-07-01 02:20:13,244 [myid:] - INFO  [QuorumPeer[myid=3](plain=0.0.0.0:2181)(secure=disabled):o.a.z.s.ZooKeeperServer@589] - Snapshot taken in 30014 ms
2024-07-01 02:20:13,254 [myid:] - INFO  [LearnerCnxAcceptorHandler-/172.30.0.4:2888:o.a.z.s.q.LearnerHandler@76] - zookeeper.leader.closeSocketAsync = false
2024-07-01 02:20:13,269 [myid:] - INFO  [LearnerHandler-/172.30.0.2:32942:o.a.z.s.q.LearnerHandler@511] - Follower sid: 1 : info : 172.30.0.2:2888:3888:participant
2024-07-01 02:20:13,269 [myid:] - INFO  [LearnerHandler-/172.30.0.3:56058:o.a.z.s.q.LearnerHandler@511] - Follower sid: 2 : info : 172.30.0.3:2888:3888:participant
2024-07-01 02:20:13,274 [myid:] - ERROR [LearnerHandler-/172.30.0.2:32942:o.a.z.s.q.LearnerHandler@720] - Unexpected exception in LearnerHandler: 
java.io.EOFException: null
	at java.io.DataInputStream.readInt(DataInputStream.java:392)
	at org.apache.jute.BinaryInputArchive.readInt(BinaryInputArchive.java:96)
	at org.apache.zookeeper.server.quorum.QuorumPacket.deserialize(QuorumPacket.java:86)
	at org.apache.jute.BinaryInputArchive.readRecord(BinaryInputArchive.java:134)
	at org.apache.zookeeper.server.quorum.LearnerHandler.run(LearnerHandler.java:542)
2024-07-01 02:20:13,275 [myid:] - ERROR [LearnerHandler-/172.30.0.3:56058:o.a.z.s.q.LearnerHandler@720] - Unexpected exception in LearnerHandler: 
java.io.EOFException: null
	at java.io.DataInputStream.readInt(DataInputStream.java:392)
	at org.apache.jute.BinaryInputArchive.readInt(BinaryInputArchive.java:96)
	at org.apache.zookeeper.server.quorum.QuorumPacket.deserialize(QuorumPacket.java:86)
	at org.apache.jute.BinaryInputArchive.readRecord(BinaryInputArchive.java:134)
	at org.apache.zookeeper.server.quorum.LearnerHandler.run(LearnerHandler.java:542)
2024-07-01 02:20:13,275 [myid:] - INFO  [LearnerHandler-/172.30.0.2:32942:o.a.z.s.q.LearnerHandler@1160] - Synchronously closing socket to learner 1.
2024-07-01 02:20:13,275 [myid:] - INFO  [LearnerHandler-/172.30.0.3:56058:o.a.z.s.q.LearnerHandler@1160] - Synchronously closing socket to learner 2.
2024-07-01 02:20:13,277 [myid:] - WARN  [LearnerHandler-/172.30.0.2:32942:o.a.z.s.q.LearnerHandler@736] - ******* GOODBYE /172.30.0.2:32942 ********
2024-07-01 02:20:13,277 [myid:] - WARN  [LearnerHandler-/172.30.0.3:56058:o.a.z.s.q.LearnerHandler@736] - ******* GOODBYE /172.30.0.3:56058 ********
2024-07-01 02:20:13,298 [myid:] - INFO  [QuorumPeer[myid=3](plain=0.0.0.0:2181)(secure=disabled):o.a.z.s.q.QuorumPeer@1909] - Dynamic reconfig is disabled, we don't store the last seen config.
2024-07-01 02:20:13,440 [myid:] - WARN  [NIOWorkerThread-19:o.a.z.s.NIOServerCnxn@397] - Close of session 0x0
java.io.IOException: ZooKeeperServer not running
	at org.apache.zookeeper.server.NIOServerCnxn.readLength(NIOServerCnxn.java:576)
	at org.apache.zookeeper.server.NIOServerCnxn.doIO(NIOServerCnxn.java:350)
	at org.apache.zookeeper.server.NIOServerCnxnFactory$IOWorkRequest.doWork(NIOServerCnxnFactory.java:519)
	at org.apache.zookeeper.server.WorkerService$ScheduledWorkRequest.run(WorkerService.java:158)
	at java.util.concurrent.ThreadPoolExecutor.runWorker(ThreadPoolExecutor.java:1149)
	at java.util.concurrent.ThreadPoolExecutor$Worker.run(ThreadPoolExecutor.java:624)
	at java.lang.Thread.run(Thread.java:750)
2024-07-01 02:20:14,960 [myid:] - WARN  [NIOWorkerThread-20:o.a.z.s.NIOServerCnxn@397] - Close of session 0x0
java.io.IOException: ZooKeeperServer not running
	at org.apache.zookeeper.server.NIOServerCnxn.readLength(NIOServerCnxn.java:576)
	at org.apache.zookeeper.server.NIOServerCnxn.doIO(NIOServerCnxn.java:350)
	at org.apache.zookeeper.server.NIOServerCnxnFactory$IOWorkRequest.doWork(NIOServerCnxnFactory.java:519)
	at org.apache.zookeeper.server.WorkerService$ScheduledWorkRequest.run(WorkerService.java:158)
	at java.util.concurrent.ThreadPoolExecutor.runWorker(ThreadPoolExecutor.java:1149)
	at java.util.concurrent.ThreadPoolExecutor$Worker.run(ThreadPoolExecutor.java:624)
	at java.lang.Thread.run(Thread.java:750)
2024-07-01 02:20:16,494 [myid:] - INFO  [WorkerReceiver[myid=3]:o.a.z.s.q.FastLeaderElection$Messenger$WorkerReceiver@391] - Notification: my state:LEADING; n.sid:1, n.state:LOOKING, n.leader:2, n.round:0x2, n.peerEpoch:0x0, n.zxid:0x0, message format version:0x2, n.config version:0x0
2024-07-01 02:20:16,909 [myid:] - WARN  [NIOWorkerThread-21:o.a.z.s.NIOServerCnxn@397] - Close of session 0x0
java.io.IOException: ZooKeeperServer not running
	at org.apache.zookeeper.server.NIOServerCnxn.readLength(NIOServerCnxn.java:576)
	at org.apache.zookeeper.server.NIOServerCnxn.doIO(NIOServerCnxn.java:350)
	at org.apache.zookeeper.server.NIOServerCnxnFactory$IOWorkRequest.doWork(NIOServerCnxnFactory.java:519)
	at org.apache.zookeeper.server.WorkerService$ScheduledWorkRequest.run(WorkerService.java:158)
	at java.util.concurrent.ThreadPoolExecutor.runWorker(ThreadPoolExecutor.java:1149)
	at java.util.concurrent.ThreadPoolExecutor$Worker.run(ThreadPoolExecutor.java:624)
	at java.lang.Thread.run(Thread.java:750)
2024-07-01 02:20:18,243 [myid:] - WARN  [NIOWorkerThread-22:o.a.z.s.NIOServerCnxn@397] - Close of session 0x0
java.io.IOException: ZooKeeperServer not running
	at org.apache.zookeeper.server.NIOServerCnxn.readLength(NIOServerCnxn.java:576)
	at org.apache.zookeeper.server.NIOServerCnxn.doIO(NIOServerCnxn.java:350)
	at org.apache.zookeeper.server.NIOServerCnxnFactory$IOWorkRequest.doWork(NIOServerCnxnFactory.java:519)
	at org.apache.zookeeper.server.WorkerService$ScheduledWorkRequest.run(WorkerService.java:158)
	at java.util.concurrent.ThreadPoolExecutor.runWorker(ThreadPoolExecutor.java:1149)
	at java.util.concurrent.ThreadPoolExecutor$Worker.run(ThreadPoolExecutor.java:624)
	at java.lang.Thread.run(Thread.java:750)
2024-07-01 02:20:19,635 [myid:] - WARN  [NIOWorkerThread-23:o.a.z.s.NIOServerCnxn@397] - Close of session 0x0
java.io.IOException: ZooKeeperServer not running
	at org.apache.zookeeper.server.NIOServerCnxn.readLength(NIOServerCnxn.java:576)
	at org.apache.zookeeper.server.NIOServerCnxn.doIO(NIOServerCnxn.java:350)
	at org.apache.zookeeper.server.NIOServerCnxnFactory$IOWorkRequest.doWork(NIOServerCnxnFactory.java:519)
	at org.apache.zookeeper.server.WorkerService$ScheduledWorkRequest.run(WorkerService.java:158)
	at java.util.concurrent.ThreadPoolExecutor.runWorker(ThreadPoolExecutor.java:1149)
	at java.util.concurrent.ThreadPoolExecutor$Worker.run(ThreadPoolExecutor.java:624)
	at java.lang.Thread.run(Thread.java:750)
2024-07-01 02:20:21,520 [myid:] - WARN  [NIOWorkerThread-24:o.a.z.s.NIOServerCnxn@397] - Close of session 0x0
java.io.IOException: ZooKeeperServer not running
	at org.apache.zookeeper.server.NIOServerCnxn.readLength(NIOServerCnxn.java:576)
	at org.apache.zookeeper.server.NIOServerCnxn.doIO(NIOServerCnxn.java:350)
	at org.apache.zookeeper.server.NIOServerCnxnFactory$IOWorkRequest.doWork(NIOServerCnxnFactory.java:519)
	at org.apache.zookeeper.server.WorkerService$ScheduledWorkRequest.run(WorkerService.java:158)
	at java.util.concurrent.ThreadPoolExecutor.runWorker(ThreadPoolExecutor.java:1149)
	at java.util.concurrent.ThreadPoolExecutor$Worker.run(ThreadPoolExecutor.java:624)
	at java.lang.Thread.run(Thread.java:750)
2024-07-01 02:20:23,622 [myid:] - WARN  [NIOWorkerThread-25:o.a.z.s.NIOServerCnxn@397] - Close of session 0x0
java.io.IOException: ZooKeeperServer not running
	at org.apache.zookeeper.server.NIOServerCnxn.readLength(NIOServerCnxn.java:576)
	at org.apache.zookeeper.server.NIOServerCnxn.doIO(NIOServerCnxn.java:350)
	at org.apache.zookeeper.server.NIOServerCnxnFactory$IOWorkRequest.doWork(NIOServerCnxnFactory.java:519)
	at org.apache.zookeeper.server.WorkerService$ScheduledWorkRequest.run(WorkerService.java:158)
	at java.util.concurrent.ThreadPoolExecutor.runWorker(ThreadPoolExecutor.java:1149)
	at java.util.concurrent.ThreadPoolExecutor$Worker.run(ThreadPoolExecutor.java:624)
	at java.lang.Thread.run(Thread.java:750)
2024-07-01 02:20:24,386 [myid:] - INFO  [WorkerReceiver[myid=3]:o.a.z.s.q.FastLeaderElection$Messenger$WorkerReceiver@391] - Notification: my state:LEADING; n.sid:2, n.state:LOOKING, n.leader:2, n.round:0x3, n.peerEpoch:0x0, n.zxid:0x0, message format version:0x2, n.config version:0x0
2024-07-01 02:20:24,419 [myid:] - INFO  [WorkerReceiver[myid=3]:o.a.z.s.q.FastLeaderElection$Messenger$WorkerReceiver@391] - Notification: my state:LEADING; n.sid:1, n.state:LOOKING, n.leader:2, n.round:0x3, n.peerEpoch:0x0, n.zxid:0x0, message format version:0x2, n.config version:0x0
2024-07-01 02:20:24,680 [myid:] - INFO  [WorkerReceiver[myid=3]:o.a.z.s.q.FastLeaderElection$Messenger$WorkerReceiver@391] - Notification: my state:LEADING; n.sid:2, n.state:LOOKING, n.leader:2, n.round:0x3, n.peerEpoch:0x0, n.zxid:0x0, message format version:0x2, n.config version:0x0
2024-07-01 02:20:24,868 [myid:] - WARN  [NIOWorkerThread-26:o.a.z.s.NIOServerCnxn@397] - Close of session 0x0
java.io.IOException: ZooKeeperServer not running
	at org.apache.zookeeper.server.NIOServerCnxn.readLength(NIOServerCnxn.java:576)
	at org.apache.zookeeper.server.NIOServerCnxn.doIO(NIOServerCnxn.java:350)
	at org.apache.zookeeper.server.NIOServerCnxnFactory$IOWorkRequest.doWork(NIOServerCnxnFactory.java:519)
	at org.apache.zookeeper.server.WorkerService$ScheduledWorkRequest.run(WorkerService.java:158)
	at java.util.concurrent.ThreadPoolExecutor.runWorker(ThreadPoolExecutor.java:1149)
	at java.util.concurrent.ThreadPoolExecutor$Worker.run(ThreadPoolExecutor.java:624)
	at java.lang.Thread.run(Thread.java:750)
2024-07-01 02:20:25,154 [myid:] - INFO  [WorkerReceiver[myid=3]:o.a.z.s.q.FastLeaderElection$Messenger$WorkerReceiver@391] - Notification: my state:LEADING; n.sid:2, n.state:LOOKING, n.leader:2, n.round:0x3, n.peerEpoch:0x0, n.zxid:0x0, message format version:0x2, n.config version:0x0
2024-07-01 02:20:25,352 [myid:] - INFO  [WorkerReceiver[myid=3]:o.a.z.s.q.FastLeaderElection$Messenger$WorkerReceiver@391] - Notification: my state:LEADING; n.sid:1, n.state:LOOKING, n.leader:1, n.round:0x4, n.peerEpoch:0x0, n.zxid:0x0, message format version:0x2, n.config version:0x0
2024-07-01 02:20:25,383 [myid:] - INFO  [WorkerReceiver[myid=3]:o.a.z.s.q.FastLeaderElection$Messenger$WorkerReceiver@391] - Notification: my state:LEADING; n.sid:2, n.state:LOOKING, n.leader:2, n.round:0x4, n.peerEpoch:0x0, n.zxid:0x0, message format version:0x2, n.config version:0x0
2024-07-01 02:20:25,409 [myid:] - INFO  [WorkerReceiver[myid=3]:o.a.z.s.q.FastLeaderElection$Messenger$WorkerReceiver@391] - Notification: my state:LEADING; n.sid:1, n.state:LOOKING, n.leader:2, n.round:0x4, n.peerEpoch:0x0, n.zxid:0x0, message format version:0x2, n.config version:0x0
2024-07-01 02:20:25,670 [myid:] - INFO  [WorkerReceiver[myid=3]:o.a.z.s.q.FastLeaderElection$Messenger$WorkerReceiver@391] - Notification: my state:LEADING; n.sid:1, n.state:LOOKING, n.leader:2, n.round:0x4, n.peerEpoch:0x0, n.zxid:0x0, message format version:0x2, n.config version:0x0
2024-07-01 02:20:26,142 [myid:] - INFO  [WorkerReceiver[myid=3]:o.a.z.s.q.FastLeaderElection$Messenger$WorkerReceiver@391] - Notification: my state:LEADING; n.sid:1, n.state:LOOKING, n.leader:2, n.round:0x4, n.peerEpoch:0x0, n.zxid:0x0, message format version:0x2, n.config version:0x0
2024-07-01 02:20:26,220 [myid:] - WARN  [NIOWorkerThread-27:o.a.z.s.NIOServerCnxn@397] - Close of session 0x0
java.io.IOException: ZooKeeperServer not running
	at org.apache.zookeeper.server.NIOServerCnxn.readLength(NIOServerCnxn.java:576)
	at org.apache.zookeeper.server.NIOServerCnxn.doIO(NIOServerCnxn.java:350)
	at org.apache.zookeeper.server.NIOServerCnxnFactory$IOWorkRequest.doWork(NIOServerCnxnFactory.java:519)
	at org.apache.zookeeper.server.WorkerService$ScheduledWorkRequest.run(WorkerService.java:158)
	at java.util.concurrent.ThreadPoolExecutor.runWorker(ThreadPoolExecutor.java:1149)
	at java.util.concurrent.ThreadPoolExecutor$Worker.run(ThreadPoolExecutor.java:624)
	at java.lang.Thread.run(Thread.java:750)
2024-07-01 02:20:27,009 [myid:] - INFO  [WorkerReceiver[myid=3]:o.a.z.s.q.FastLeaderElection$Messenger$WorkerReceiver@391] - Notification: my state:LEADING; n.sid:1, n.state:LOOKING, n.leader:2, n.round:0x4, n.peerEpoch:0x0, n.zxid:0x0, message format version:0x2, n.config version:0x0
2024-07-01 02:20:27,506 [myid:] - WARN  [NIOWorkerThread-28:o.a.z.s.NIOServerCnxn@397] - Close of session 0x0
java.io.IOException: ZooKeeperServer not running
	at org.apache.zookeeper.server.NIOServerCnxn.readLength(NIOServerCnxn.java:576)
	at org.apache.zookeeper.server.NIOServerCnxn.doIO(NIOServerCnxn.java:350)
	at org.apache.zookeeper.server.NIOServerCnxnFactory$IOWorkRequest.doWork(NIOServerCnxnFactory.java:519)
	at org.apache.zookeeper.server.WorkerService$ScheduledWorkRequest.run(WorkerService.java:158)
	at java.util.concurrent.ThreadPoolExecutor.runWorker(ThreadPoolExecutor.java:1149)
	at java.util.concurrent.ThreadPoolExecutor$Worker.run(ThreadPoolExecutor.java:624)
	at java.lang.Thread.run(Thread.java:750)
2024-07-01 02:20:28,691 [myid:] - INFO  [WorkerReceiver[myid=3]:o.a.z.s.q.FastLeaderElection$Messenger$WorkerReceiver@391] - Notification: my state:LEADING; n.sid:1, n.state:LOOKING, n.leader:2, n.round:0x4, n.peerEpoch:0x0, n.zxid:0x0, message format version:0x2, n.config version:0x0
2024-07-01 02:20:29,271 [myid:] - WARN  [NIOWorkerThread-29:o.a.z.s.NIOServerCnxn@397] - Close of session 0x0
java.io.IOException: ZooKeeperServer not running
	at org.apache.zookeeper.server.NIOServerCnxn.readLength(NIOServerCnxn.java:576)
	at org.apache.zookeeper.server.NIOServerCnxn.doIO(NIOServerCnxn.java:350)
	at org.apache.zookeeper.server.NIOServerCnxnFactory$IOWorkRequest.doWork(NIOServerCnxnFactory.java:519)
	at org.apache.zookeeper.server.WorkerService$ScheduledWorkRequest.run(WorkerService.java:158)
	at java.util.concurrent.ThreadPoolExecutor.runWorker(ThreadPoolExecutor.java:1149)
	at java.util.concurrent.ThreadPoolExecutor$Worker.run(ThreadPoolExecutor.java:624)
	at java.lang.Thread.run(Thread.java:750)
2024-07-01 02:20:31,385 [myid:] - WARN  [NIOWorkerThread-30:o.a.z.s.NIOServerCnxn@397] - Close of session 0x0
java.io.IOException: ZooKeeperServer not running
	at org.apache.zookeeper.server.NIOServerCnxn.readLength(NIOServerCnxn.java:576)
	at org.apache.zookeeper.server.NIOServerCnxn.doIO(NIOServerCnxn.java:350)
	at org.apache.zookeeper.server.NIOServerCnxnFactory$IOWorkRequest.doWork(NIOServerCnxnFactory.java:519)
	at org.apache.zookeeper.server.WorkerService$ScheduledWorkRequest.run(WorkerService.java:158)
	at java.util.concurrent.ThreadPoolExecutor.runWorker(ThreadPoolExecutor.java:1149)
	at java.util.concurrent.ThreadPoolExecutor$Worker.run(ThreadPoolExecutor.java:624)
	at java.lang.Thread.run(Thread.java:750)
2024-07-01 02:20:31,974 [myid:] - INFO  [WorkerReceiver[myid=3]:o.a.z.s.q.FastLeaderElection$Messenger$WorkerReceiver@391] - Notification: my state:LEADING; n.sid:1, n.state:LOOKING, n.leader:2, n.round:0x4, n.peerEpoch:0x0, n.zxid:0x0, message format version:0x2, n.config version:0x0
2024-07-01 02:20:33,299 [myid:] - WARN  [QuorumPeer[myid=3](plain=0.0.0.0:2181)(secure=disabled):o.a.z.s.q.QuorumPeer@1572] - Unexpected exception
java.lang.InterruptedException: Timeout while waiting for epoch to be acked by quorum
	at org.apache.zookeeper.server.quorum.Leader.waitForEpochAck(Leader.java:1494)
	at org.apache.zookeeper.server.quorum.Leader.lead(Leader.java:664)
	at org.apache.zookeeper.server.quorum.QuorumPeer.run(QuorumPeer.java:1569)
2024-07-01 02:20:33,300 [myid:] - INFO  [QuorumPeer[myid=3](plain=0.0.0.0:2181)(secure=disabled):o.a.z.s.q.Leader@816] - Shutting down
2024-07-01 02:20:33,300 [myid:] - INFO  [QuorumPeer[myid=3](plain=0.0.0.0:2181)(secure=disabled):o.a.z.s.q.Leader@822] - Shutdown called. For the reason Forcing shutdown
2024-07-01 02:20:33,302 [myid:] - INFO  [QuorumPeer[myid=3](plain=0.0.0.0:2181)(secure=disabled):o.a.z.s.q.QuorumPeer@920] - Peer state changed: looking
2024-07-01 02:20:33,303 [myid:] - WARN  [QuorumPeer[myid=3](plain=0.0.0.0:2181)(secure=disabled):o.a.z.s.q.QuorumPeer@1602] - PeerState set to LOOKING
2024-07-01 02:20:33,303 [myid:] - INFO  [QuorumPeer[myid=3](plain=0.0.0.0:2181)(secure=disabled):o.a.z.s.q.QuorumPeer@1471] - LOOKING
2024-07-01 02:20:33,303 [myid:] - WARN  [LearnerCnxAcceptorHandler-/172.30.0.4:2888:o.a.z.s.q.Leader$LearnerCnxAcceptor$LearnerCnxAcceptorHandler@533] - Exception while shutting down acceptor.
java.net.SocketException: Socket closed
	at java.net.PlainSocketImpl.socketAccept(Native Method)
	at java.net.AbstractPlainSocketImpl.accept(AbstractPlainSocketImpl.java:409)
	at java.net.ServerSocket.implAccept(ServerSocket.java:560)
	at java.net.ServerSocket.accept(ServerSocket.java:528)
	at org.apache.zookeeper.server.quorum.Leader$LearnerCnxAcceptor$LearnerCnxAcceptorHandler.acceptConnections(Leader.java:520)
	at org.apache.zookeeper.server.quorum.Leader$LearnerCnxAcceptor$LearnerCnxAcceptorHandler.run(Leader.java:503)
	at java.util.concurrent.Executors$RunnableAdapter.call(Executors.java:511)
	at java.util.concurrent.FutureTask.run(FutureTask.java:266)
	at java.util.concurrent.ThreadPoolExecutor.runWorker(ThreadPoolExecutor.java:1149)
	at java.util.concurrent.ThreadPoolExecutor$Worker.run(ThreadPoolExecutor.java:624)
	at java.lang.Thread.run(Thread.java:750)
2024-07-01 02:20:33,303 [myid:] - INFO  [QuorumPeer[myid=3](plain=0.0.0.0:2181)(secure=disabled):o.a.z.s.q.FastLeaderElection@946] - New election. My id = 3, proposed zxid=0x0
2024-07-01 02:20:33,349 [myid:] - INFO  [WorkerReceiver[myid=3]:o.a.z.s.q.FastLeaderElection$Messenger$WorkerReceiver@391] - Notification: my state:LOOKING; n.sid:3, n.state:LOOKING, n.leader:3, n.round:0x2, n.peerEpoch:0x0, n.zxid:0x0, message format version:0x2, n.config version:0x0
2024-07-01 02:20:33,363 [myid:] - INFO  [WorkerReceiver[myid=3]:o.a.z.s.q.FastLeaderElection$Messenger$WorkerReceiver@391] - Notification: my state:LOOKING; n.sid:1, n.state:LOOKING, n.leader:2, n.round:0x4, n.peerEpoch:0x0, n.zxid:0x0, message format version:0x2, n.config version:0x0
2024-07-01 02:20:33,378 [myid:] - INFO  [WorkerReceiver[myid=3]:o.a.z.s.q.FastLeaderElection$Messenger$WorkerReceiver@391] - Notification: my state:LOOKING; n.sid:2, n.state:LEADING, n.leader:2, n.round:0x4, n.peerEpoch:0x0, n.zxid:0x0, message format version:0x2, n.config version:0x0
2024-07-01 02:20:33,389 [myid:] - INFO  [QuorumPeer[myid=3](plain=0.0.0.0:2181)(secure=disabled):o.a.z.s.q.QuorumPeer@906] - Peer state changed: following
2024-07-01 02:20:33,390 [myid:] - INFO  [QuorumPeer[myid=3](plain=0.0.0.0:2181)(secure=disabled):o.a.z.s.q.QuorumPeer@1554] - FOLLOWING
2024-07-01 02:20:33,395 [myid:] - INFO  [QuorumPeer[myid=3](plain=0.0.0.0:2181)(secure=disabled):o.a.z.s.q.Learner@130] - leaderConnectDelayDuringRetryMs: 100
2024-07-01 02:20:33,395 [myid:] - INFO  [QuorumPeer[myid=3](plain=0.0.0.0:2181)(secure=disabled):o.a.z.s.q.Learner@131] - TCP NoDelay set to: true
2024-07-01 02:20:33,395 [myid:] - INFO  [QuorumPeer[myid=3](plain=0.0.0.0:2181)(secure=disabled):o.a.z.s.q.Learner@132] - zookeeper.learner.asyncSending = false
2024-07-01 02:20:33,395 [myid:] - INFO  [QuorumPeer[myid=3](plain=0.0.0.0:2181)(secure=disabled):o.a.z.s.q.Learner@133] - zookeeper.learner.closeSocketAsync = false
2024-07-01 02:20:33,395 [myid:] - INFO  [QuorumPeer[myid=3](plain=0.0.0.0:2181)(secure=disabled):o.a.z.s.AuthenticationHelper@66] - zookeeper.enforce.auth.enabled = false
2024-07-01 02:20:33,396 [myid:] - INFO  [QuorumPeer[myid=3](plain=0.0.0.0:2181)(secure=disabled):o.a.z.s.AuthenticationHelper@67] - zookeeper.enforce.auth.schemes = []
2024-07-01 02:20:33,396 [myid:] - INFO  [QuorumPeer[myid=3](plain=0.0.0.0:2181)(secure=disabled):o.a.z.s.ZooKeeperServer@1406] - minSessionTimeout set to 4000 ms
2024-07-01 02:20:33,396 [myid:] - INFO  [QuorumPeer[myid=3](plain=0.0.0.0:2181)(secure=disabled):o.a.z.s.ZooKeeperServer@1415] - maxSessionTimeout set to 40000 ms
2024-07-01 02:20:33,396 [myid:] - INFO  [QuorumPeer[myid=3](plain=0.0.0.0:2181)(secure=disabled):o.a.z.s.ResponseCache@45] - getData response cache size is initialized with value 400.
2024-07-01 02:20:33,397 [myid:] - INFO  [QuorumPeer[myid=3](plain=0.0.0.0:2181)(secure=disabled):o.a.z.s.ResponseCache@45] - getChildren response cache size is initialized with value 400.
2024-07-01 02:20:33,397 [myid:] - INFO  [QuorumPeer[myid=3](plain=0.0.0.0:2181)(secure=disabled):o.a.z.s.u.RequestPathMetricsCollector@109] - zookeeper.pathStats.slotCapacity = 60
2024-07-01 02:20:33,397 [myid:] - INFO  [QuorumPeer[myid=3](plain=0.0.0.0:2181)(secure=disabled):o.a.z.s.u.RequestPathMetricsCollector@110] - zookeeper.pathStats.slotDuration = 15
2024-07-01 02:20:33,397 [myid:] - INFO  [QuorumPeer[myid=3](plain=0.0.0.0:2181)(secure=disabled):o.a.z.s.u.RequestPathMetricsCollector@111] - zookeeper.pathStats.maxDepth = 6
2024-07-01 02:20:33,397 [myid:] - INFO  [QuorumPeer[myid=3](plain=0.0.0.0:2181)(secure=disabled):o.a.z.s.u.RequestPathMetricsCollector@112] - zookeeper.pathStats.initialDelay = 5
2024-07-01 02:20:33,397 [myid:] - INFO  [QuorumPeer[myid=3](plain=0.0.0.0:2181)(secure=disabled):o.a.z.s.u.RequestPathMetricsCollector@113] - zookeeper.pathStats.delay = 5
2024-07-01 02:20:33,397 [myid:] - INFO  [QuorumPeer[myid=3](plain=0.0.0.0:2181)(secure=disabled):o.a.z.s.u.RequestPathMetricsCollector@114] - zookeeper.pathStats.enabled = false
2024-07-01 02:20:33,397 [myid:] - INFO  [QuorumPeer[myid=3](plain=0.0.0.0:2181)(secure=disabled):o.a.z.s.ZooKeeperServer@1631] - The max bytes for all large requests are set to 104857600
2024-07-01 02:20:33,397 [myid:] - INFO  [QuorumPeer[myid=3](plain=0.0.0.0:2181)(secure=disabled):o.a.z.s.ZooKeeperServer@1645] - The large request threshold is set to -1
2024-07-01 02:20:33,398 [myid:] - INFO  [QuorumPeer[myid=3](plain=0.0.0.0:2181)(secure=disabled):o.a.z.s.ZooKeeperServer@385] - Created server with tickTime 2000 ms minSessionTimeout 4000 ms maxSessionTimeout 40000 ms clientPortListenBacklog -1 datadir /apache-zookeeper-3.10.0-SNAPSHOT-bin/logs/version-2 snapdir /apache-zookeeper-3.10.0-SNAPSHOT-bin/data/version-2
2024-07-01 02:20:33,408 [myid:] - INFO  [QuorumPeer[myid=3](plain=0.0.0.0:2181)(secure=disabled):o.a.z.s.q.Follower@77] - FOLLOWING - LEADER ELECTION TOOK - 105 MS
2024-07-01 02:20:33,408 [myid:] - INFO  [WorkerReceiver[myid=3]:o.a.z.s.q.FastLeaderElection$Messenger$WorkerReceiver@391] - Notification: my state:FOLLOWING; n.sid:3, n.state:LOOKING, n.leader:3, n.round:0x4, n.peerEpoch:0x0, n.zxid:0x0, message format version:0x2, n.config version:0x0
2024-07-01 02:20:33,410 [myid:] - INFO  [QuorumPeer[myid=3](plain=0.0.0.0:2181)(secure=disabled):o.a.z.s.q.QuorumPeer@920] - Peer state changed: following - discovery
2024-07-01 02:20:33,418 [myid:] - INFO  [LeaderConnector-/172.30.0.3:2888:o.a.z.s.q.Learner$LeaderConnector@380] - Successfully connected to leader, using address: /172.30.0.3:2888
2024-07-01 02:20:33,433 [myid:] - INFO  [WorkerReceiver[myid=3]:o.a.z.s.q.FastLeaderElection$Messenger$WorkerReceiver@391] - Notification: my state:FOLLOWING; n.sid:2, n.state:LEADING, n.leader:2, n.round:0x4, n.peerEpoch:0x0, n.zxid:0x0, message format version:0x2, n.config version:0x0
2024-07-01 02:20:33,445 [myid:] - INFO  [WorkerReceiver[myid=3]:o.a.z.s.q.FastLeaderElection$Messenger$WorkerReceiver@391] - Notification: my state:FOLLOWING; n.sid:3, n.state:FOLLOWING, n.leader:2, n.round:0x4, n.peerEpoch:0x0, n.zxid:0x0, message format version:0x2, n.config version:0x0
2024-07-01 02:20:33,456 [myid:] - INFO  [WorkerReceiver[myid=3]:o.a.z.s.q.FastLeaderElection$Messenger$WorkerReceiver@391] - Notification: my state:FOLLOWING; n.sid:1, n.state:LOOKING, n.leader:3, n.round:0x4, n.peerEpoch:0x0, n.zxid:0x0, message format version:0x2, n.config version:0x0
2024-07-01 02:20:33,457 [myid:] - INFO  [QuorumPeer[myid=3](plain=0.0.0.0:2181)(secure=disabled):o.a.z.s.q.QuorumPeer@920] - Peer state changed: following - synchronization
2024-07-01 02:20:33,486 [myid:] - INFO  [QuorumPeer[myid=3](plain=0.0.0.0:2181)(secure=disabled):o.a.z.s.q.Learner@561] - Getting a diff from the leader 0x0
2024-07-01 02:20:33,486 [myid:] - INFO  [QuorumPeer[myid=3](plain=0.0.0.0:2181)(secure=disabled):o.a.z.s.q.QuorumPeer@925] - Peer state changed: following - synchronization - diff
2024-07-01 02:20:33,494 [myid:] - INFO  [QuorumPeer[myid=3](plain=0.0.0.0:2181)(secure=disabled):o.a.z.s.q.Learner@733] - Learner received NEWLEADER message
2024-07-01 02:20:33,505 [myid:] - INFO  [QuorumPeer[myid=3](plain=0.0.0.0:2181)(secure=disabled):o.a.z.s.q.QuorumPeer@1909] - Dynamic reconfig is disabled, we don't store the last seen config.
2024-07-01 02:20:33,507 [myid:] - WARN  [NIOWorkerThread-31:o.a.z.s.NIOServerCnxn@397] - Close of session 0x0
java.io.IOException: ZooKeeperServer not running
	at org.apache.zookeeper.server.NIOServerCnxn.readLength(NIOServerCnxn.java:576)
	at org.apache.zookeeper.server.NIOServerCnxn.doIO(NIOServerCnxn.java:350)
	at org.apache.zookeeper.server.NIOServerCnxnFactory$IOWorkRequest.doWork(NIOServerCnxnFactory.java:519)
	at org.apache.zookeeper.server.WorkerService$ScheduledWorkRequest.run(WorkerService.java:158)
	at java.util.concurrent.ThreadPoolExecutor.runWorker(ThreadPoolExecutor.java:1149)
	at java.util.concurrent.ThreadPoolExecutor$Worker.run(ThreadPoolExecutor.java:624)
	at java.lang.Thread.run(Thread.java:750)
2024-07-01 02:20:33,509 [myid:] - INFO  [QuorumPeer[myid=3](plain=0.0.0.0:2181)(secure=disabled):o.a.z.s.q.QuorumPeer@925] - Peer state changed: following - synchronization
2024-07-01 02:20:33,514 [myid:] - INFO  [QuorumPeer[myid=3](plain=0.0.0.0:2181)(secure=disabled):o.a.z.s.q.CommitProcessor@489] - Configuring CommitProcessor with readBatchSize -1 commitBatchSize 1
2024-07-01 02:20:33,514 [myid:] - INFO  [QuorumPeer[myid=3](plain=0.0.0.0:2181)(secure=disabled):o.a.z.s.q.CommitProcessor@450] - Configuring CommitProcessor with 112 worker threads.
2024-07-01 02:20:33,515 [myid:] - INFO  [QuorumPeer[myid=3](plain=0.0.0.0:2181)(secure=disabled):o.a.z.s.q.FollowerRequestProcessor@59] - Initialized FollowerRequestProcessor with zookeeper.follower.skipLearnerRequestToNextProcessor as false
2024-07-01 02:20:33,517 [myid:] - INFO  [QuorumPeer[myid=3](plain=0.0.0.0:2181)(secure=disabled):o.a.z.s.RequestThrottler@75] - zookeeper.request_throttler.shutdownTimeout = 10000 ms
2024-07-01 02:20:33,612 [myid:] - INFO  [QuorumPeer[myid=3](plain=0.0.0.0:2181)(secure=disabled):o.a.z.s.q.Learner@717] - Learner received UPTODATE message
2024-07-01 02:20:33,613 [myid:] - INFO  [QuorumPeer[myid=3](plain=0.0.0.0:2181)(secure=disabled):o.a.z.s.q.QuorumPeer@920] - Peer state changed: following - broadcast
2024-07-01 02:20:34,140 [myid:] - INFO  [WorkerReceiver[myid=3]:o.a.z.s.q.FastLeaderElection$Messenger$WorkerReceiver@391] - Notification: my state:FOLLOWING; n.sid:1, n.state:LOOKING, n.leader:1, n.round:0x5, n.peerEpoch:0x0, n.zxid:0x0, message format version:0x2, n.config version:0x0
2024-07-01 02:20:35,036 [myid:] - WARN  [QuorumPeer[myid=3](plain=0.0.0.0:2181)(secure=disabled):o.a.z.s.q.Follower@169] - Got zxid 0x200000001 expected 0x1
2024-07-01 02:20:35,039 [myid:] - INFO  [SyncThread:3:o.a.z.s.p.FileTxnLog@284] - Creating new log file: log.200000001
2024-07-01 02:20:35,039 [myid:] - INFO  [CommitProcessor:3:o.a.z.s.q.LearnerSessionTracker@116] - Committing global session 0x20041d1b9750000
2024-07-01 02:20:35,168 [myid:] - INFO  [CommitProcessor:3:o.a.z.s.q.LearnerSessionTracker@116] - Committing global session 0x10041d1bc360000
2024-07-01 02:20:35,206 [myid:] - INFO  [CommitProcessor:3:o.a.z.s.q.LearnerSessionTracker@116] - Committing global session 0x30041d1b94a0000
2024-07-01 02:20:40,006 [myid:] - INFO  [NIOWorkerThread-172:o.a.z.s.NIOServerCnxn@340] - Unable to read additional data from client, it probably closed the socket: address = /127.0.0.1:39758, session = 0x30041d1b94a0000
