ZooKeeper Transactional Log File with dbid 0 txnlog format version 2
2024-07-03 08:37:43,208 [myid:] - INFO  [main:o.a.z.ZookeeperBanner@42] - 
2024-07-03 08:37:43,210 [myid:] - INFO  [main:o.a.z.ZookeeperBanner@42] -   ______                  _                                          
2024-07-03 08:37:43,210 [myid:] - INFO  [main:o.a.z.ZookeeperBanner@42] -  |___  /                 | |                                         
2024-07-03 08:37:43,210 [myid:] - INFO  [main:o.a.z.ZookeeperBanner@42] -     / /    ___     ___   | | __   ___    ___   _ __     ___   _ __   
2024-07-03 08:37:43,211 [myid:] - INFO  [main:o.a.z.ZookeeperBanner@42] -    / /    / _ \   / _ \  | |/ /  / _ \  / _ \ | '_ \   / _ \ | '__|
2024-07-03 08:37:43,211 [myid:] - INFO  [main:o.a.z.ZookeeperBanner@42] -   / /__  | (_) | | (_) | |   <  |  __/ |  __/ | |_) | |  __/ | |    
2024-07-03 08:37:43,211 [myid:] - INFO  [main:o.a.z.ZookeeperBanner@42] -  /_____|  \___/   \___/  |_|\_\  \___|  \___| | .__/   \___| |_|
2024-07-03 08:37:43,211 [myid:] - INFO  [main:o.a.z.ZookeeperBanner@42] -                                               | |                     
2024-07-03 08:37:43,211 [myid:] - INFO  [main:o.a.z.ZookeeperBanner@42] -                                               |_|                     
2024-07-03 08:37:43,211 [myid:] - INFO  [main:o.a.z.ZookeeperBanner@42] - 
2024-07-03 08:37:43,213 [myid:] - INFO  [main:o.a.z.Environment@98] - Server environment:zookeeper.version=3.10.0-SNAPSHOT-317eb2cb1cb10b80a2c2f8bc3cc1cc74493a0106-dirty, built on 2024-07-01 02:08 UTC
2024-07-03 08:37:43,213 [myid:] - INFO  [main:o.a.z.Environment@98] - Server environment:host.name=35b030a92239
2024-07-03 08:37:43,214 [myid:] - INFO  [main:o.a.z.Environment@98] - Server environment:java.version=1.8.0_362
2024-07-03 08:37:43,214 [myid:] - INFO  [main:o.a.z.Environment@98] - Server environment:java.vendor=Private Build
2024-07-03 08:37:43,214 [myid:] - INFO  [main:o.a.z.Environment@98] - Server environment:java.home=/usr/lib/jvm/java-8-openjdk-amd64/jre
2024-07-03 08:37:43,214 [myid:] - INFO  [main:o.a.z.Environment@98] - Server environment:java.class.path=/apache-zookeeper-3.10.0-SNAPSHOT-bin/bin/../zookeeper-metrics-providers/zookeeper-prometheus-metrics/target/classes:/apache-zookeeper-3.10.0-SNAPSHOT-bin/bin/../zookeeper-server/target/classes:/apache-zookeeper-3.10.0-SNAPSHOT-bin/bin/../build/classes:/apache-zookeeper-3.10.0-SNAPSHOT-bin/bin/../zookeeper-metrics-providers/zookeeper-prometheus-metrics/target/lib/*.jar:/apache-zookeeper-3.10.0-SNAPSHOT-bin/bin/../zookeeper-server/target/lib/*.jar:/apache-zookeeper-3.10.0-SNAPSHOT-bin/bin/../build/lib/*.jar:/apache-zookeeper-3.10.0-SNAPSHOT-bin/bin/../lib/zookeeper-prometheus-metrics-3.10.0-SNAPSHOT.jar:/apache-zookeeper-3.10.0-SNAPSHOT-bin/bin/../lib/zookeeper-jute-3.10.0-SNAPSHOT.jar:/apache-zookeeper-3.10.0-SNAPSHOT-bin/bin/../lib/zookeeper-3.10.0-SNAPSHOT.jar:/apache-zookeeper-3.10.0-SNAPSHOT-bin/bin/../lib/snappy-java-1.1.10.5.jar:/apache-zookeeper-3.10.0-SNAPSHOT-bin/bin/../lib/slf4j-api-1.7.30.jar:/apache-zookeeper-3.10.0-SNAPSHOT-bin/bin/../lib/simpleclient_servlet-0.9.0.jar:/apache-zookeeper-3.10.0-SNAPSHOT-bin/bin/../lib/simpleclient_hotspot-0.9.0.jar:/apache-zookeeper-3.10.0-SNAPSHOT-bin/bin/../lib/simpleclient_common-0.9.0.jar:/apache-zookeeper-3.10.0-SNAPSHOT-bin/bin/../lib/simpleclient-0.9.0.jar:/apache-zookeeper-3.10.0-SNAPSHOT-bin/bin/../lib/netty-transport-native-unix-common-4.1.94.Final.jar:/apache-zookeeper-3.10.0-SNAPSHOT-bin/bin/../lib/netty-transport-native-epoll-4.1.94.Final-linux-x86_64.jar:/apache-zookeeper-3.10.0-SNAPSHOT-bin/bin/../lib/netty-transport-classes-epoll-4.1.94.Final.jar:/apache-zookeeper-3.10.0-SNAPSHOT-bin/bin/../lib/netty-transport-4.1.94.Final.jar:/apache-zookeeper-3.10.0-SNAPSHOT-bin/bin/../lib/netty-tcnative-classes-2.0.61.Final.jar:/apache-zookeeper-3.10.0-SNAPSHOT-bin/bin/../lib/netty-tcnative-boringssl-static-2.0.61.Final.jar:/apache-zookeeper-3.10.0-SNAPSHOT-bin/bin/../lib/netty-tcnative-boringssl-static-2.0.61.Final-windows-x86_64.jar:/apache-zookeeper-3.10.0-SNAPSHOT-bin/bin/../lib/netty-tcnative-boringssl-static-2.0.61.Final-osx-x86_64.jar:/apache-zookeeper-3.10.0-SNAPSHOT-bin/bin/../lib/netty-tcnative-boringssl-static-2.0.61.Final-osx-aarch_64.jar:/apache-zookeeper-3.10.0-SNAPSHOT-bin/bin/../lib/netty-tcnative-boringssl-static-2.0.61.Final-linux-x86_64.jar:/apache-zookeeper-3.10.0-SNAPSHOT-bin/bin/../lib/netty-tcnative-boringssl-static-2.0.61.Final-linux-aarch_64.jar:/apache-zookeeper-3.10.0-SNAPSHOT-bin/bin/../lib/netty-resolver-4.1.94.Final.jar:/apache-zookeeper-3.10.0-SNAPSHOT-bin/bin/../lib/netty-handler-4.1.94.Final.jar:/apache-zookeeper-3.10.0-SNAPSHOT-bin/bin/../lib/netty-common-4.1.94.Final.jar:/apache-zookeeper-3.10.0-SNAPSHOT-bin/bin/../lib/netty-codec-4.1.94.Final.jar:/apache-zookeeper-3.10.0-SNAPSHOT-bin/bin/../lib/netty-buffer-4.1.94.Final.jar:/apache-zookeeper-3.10.0-SNAPSHOT-bin/bin/../lib/metrics-core-4.1.12.1.jar:/apache-zookeeper-3.10.0-SNAPSHOT-bin/bin/../lib/logback-core-1.2.10.jar:/apache-zookeeper-3.10.0-SNAPSHOT-bin/bin/../lib/logback-classic-1.2.10.jar:/apache-zookeeper-3.10.0-SNAPSHOT-bin/bin/../lib/jline-2.14.6.jar:/apache-zookeeper-3.10.0-SNAPSHOT-bin/bin/../lib/jetty-util-ajax-9.4.52.v20230823.jar:/apache-zookeeper-3.10.0-SNAPSHOT-bin/bin/../lib/jetty-util-9.4.52.v20230823.jar:/apache-zookeeper-3.10.0-SNAPSHOT-bin/bin/../lib/jetty-servlet-9.4.52.v20230823.jar:/apache-zookeeper-3.10.0-SNAPSHOT-bin/bin/../lib/jetty-server-9.4.52.v20230823.jar:/apache-zookeeper-3.10.0-SNAPSHOT-bin/bin/../lib/jetty-security-9.4.52.v20230823.jar:/apache-zookeeper-3.10.0-SNAPSHOT-bin/bin/../lib/jetty-io-9.4.52.v20230823.jar:/apache-zookeeper-3.10.0-SNAPSHOT-bin/bin/../lib/jetty-http-9.4.52.v20230823.jar:/apache-zookeeper-3.10.0-SNAPSHOT-bin/bin/../lib/javax.servlet-api-3.1.0.jar:/apache-zookeeper-3.10.0-SNAPSHOT-bin/bin/../lib/jackson-databind-2.15.2.jar:/apache-zookeeper-3.10.0-SNAPSHOT-bin/bin/../lib/jackson-core-2.15.2.jar:/apache-zookeeper-3.10.0-SNAPSHOT-bin/bin/../lib/jackson-annotations-2.15.2.jar:/apache-zookeeper-3.10.0-SNAPSHOT-bin/bin/../lib/commons-io-2.11.0.jar:/apache-zookeeper-3.10.0-SNAPSHOT-bin/bin/../lib/commons-cli-1.5.0.jar:/apache-zookeeper-3.10.0-SNAPSHOT-bin/bin/../lib/audience-annotations-0.12.0.jar:/apache-zookeeper-3.10.0-SNAPSHOT-bin/bin/../zookeeper-*.jar:/apache-zookeeper-3.10.0-SNAPSHOT-bin/bin/../zookeeper-server/src/main/resources/lib/*.jar:/apache-zookeeper-3.10.0-SNAPSHOT-bin/bin/../conf:
2024-07-03 08:37:43,214 [myid:] - INFO  [main:o.a.z.Environment@98] - Server environment:java.library.path=/usr/java/packages/lib/amd64:/usr/lib/x86_64-linux-gnu/jni:/lib/x86_64-linux-gnu:/usr/lib/x86_64-linux-gnu:/usr/lib/jni:/lib:/usr/lib
2024-07-03 08:37:43,214 [myid:] - INFO  [main:o.a.z.Environment@98] - Server environment:java.io.tmpdir=/tmp
2024-07-03 08:37:43,214 [myid:] - INFO  [main:o.a.z.Environment@98] - Server environment:java.compiler=<NA>
2024-07-03 08:37:43,214 [myid:] - INFO  [main:o.a.z.Environment@98] - Server environment:os.name=Linux
2024-07-03 08:37:43,214 [myid:] - INFO  [main:o.a.z.Environment@98] - Server environment:os.arch=amd64
2024-07-03 08:37:43,214 [myid:] - INFO  [main:o.a.z.Environment@98] - Server environment:os.version=5.4.0-84-generic
2024-07-03 08:37:43,214 [myid:] - INFO  [main:o.a.z.Environment@98] - Server environment:user.name=root
2024-07-03 08:37:43,215 [myid:] - INFO  [main:o.a.z.Environment@98] - Server environment:user.home=/root
2024-07-03 08:37:43,215 [myid:] - INFO  [main:o.a.z.Environment@98] - Server environment:user.dir=/apache-zookeeper-3.10.0-SNAPSHOT-bin
2024-07-03 08:37:43,215 [myid:] - INFO  [main:o.a.z.Environment@98] - Server environment:os.memory.free=1908MB
2024-07-03 08:37:43,215 [myid:] - INFO  [main:o.a.z.Environment@98] - Server environment:os.memory.max=27305MB
2024-07-03 08:37:43,215 [myid:] - INFO  [main:o.a.z.Environment@98] - Server environment:os.memory.total=1963MB
2024-07-03 08:37:43,215 [myid:] - INFO  [main:o.a.z.s.ZooKeeperServer@149] - zookeeper.enableEagerACLCheck = false
2024-07-03 08:37:43,216 [myid:] - INFO  [main:o.a.z.s.ZooKeeperServer@162] - zookeeper.digest.enabled = true
2024-07-03 08:37:43,216 [myid:] - INFO  [main:o.a.z.s.ZooKeeperServer@166] - zookeeper.closeSessionTxn.enabled = true
2024-07-03 08:37:43,216 [myid:] - INFO  [main:o.a.z.s.ZooKeeperServer@2251] - zookeeper.serializeLastProcessedZxid.enabled = true
2024-07-03 08:37:43,216 [myid:] - INFO  [main:o.a.z.s.ZooKeeperServer@1594] - zookeeper.flushDelay = 0 ms
2024-07-03 08:37:43,217 [myid:] - INFO  [main:o.a.z.s.ZooKeeperServer@1603] - zookeeper.maxWriteQueuePollTime = 0 ms
2024-07-03 08:37:43,217 [myid:] - INFO  [main:o.a.z.s.ZooKeeperServer@1612] - zookeeper.maxBatchSize=1000
2024-07-03 08:37:43,217 [myid:] - INFO  [main:o.a.z.s.ZooKeeperServer@287] - zookeeper.intBufferStartingSizeBytes = 1024
7/3/24 8:37:38 AM GMT session 0x2004d77a8460000 cxid 0x0 zxid 0x100000069 createSession 15000
7/3/24 8:37:38 AM GMT session 0x2004d77a8460000 cxid 0x3 zxid 0x10000006a create /20,0,[31,s{'world,'anyone}
],false,21
7/3/24 8:37:38 AM GMT session 0x2004d77a8460000 cxid 0x4 zxid 0x10000006b setACL '/20,v{s{23,s{'world,'anyone}}},1
7/3/24 8:37:38 AM GMT session 0x2004d77a8460000 cxid 0x7 zxid 0x10000006c error -101
7/3/24 8:37:38 AM GMT session 0x2004d77a8460000 cxid 0x8 zxid 0x10000006d error -101
7/3/24 8:37:39 AM GMT session 0x2004d77a8460000 cxid 0x9 zxid 0x10000006e error -101
7/3/24 8:37:39 AM GMT session 0x2004d77a8460000 cxid 0xa zxid 0x10000006f error -101
7/3/24 8:37:39 AM GMT session 0x2004d77a8460000 cxid 0xb zxid 0x100000070 error -101
7/3/24 8:37:39 AM GMT session 0x2004d77a8460000 cxid 0xc zxid 0x100000071 error -101
7/3/24 8:37:39 AM GMT session 0x2004d77a8460000 cxid 0xd zxid 0x100000072 error -101
7/3/24 8:37:39 AM GMT session 0x2004d77a8460000 cxid 0xe zxid 0x100000073 error -101
7/3/24 8:37:39 AM GMT session 0x2004d77a8460000 cxid 0xf zxid 0x100000074 error -101
7/3/24 8:37:39 AM GMT session 0x2004d77a8460000 cxid 0x10 zxid 0x100000075 error -101
7/3/24 8:37:39 AM GMT session 0x2004d77a8460000 cxid 0x11 zxid 0x100000076 error -101
7/3/24 8:37:39 AM GMT session 0x2004d77a8460000 cxid 0x12 zxid 0x100000077 error -101
7/3/24 8:37:39 AM GMT session 0x2004d77a8460000 cxid 0x13 zxid 0x100000078 error -101
7/3/24 8:37:39 AM GMT session 0x2004d77a8460000 cxid 0x14 zxid 0x100000079 error -101
7/3/24 8:37:39 AM GMT session 0x2004d77a8460000 cxid 0x15 zxid 0x10000007a error -101
7/3/24 8:37:39 AM GMT session 0x2004d77a8460000 cxid 0x16 zxid 0x10000007b error -101
7/3/24 8:37:39 AM GMT session 0x2004d77a8460000 cxid 0x17 zxid 0x10000007c error -101
7/3/24 8:37:39 AM GMT session 0x2004d77a8460000 cxid 0x18 zxid 0x10000007d error -101
7/3/24 8:37:39 AM GMT session 0x2004d77a8460000 cxid 0x19 zxid 0x10000007e setData /20,123,1
7/3/24 8:37:40 AM GMT session 0x2004d77a8460000 cxid 0x1a zxid 0x10000007f setData /20,456,2
7/3/24 8:37:40 AM GMT session 0x2004d77a8460000 cxid 0x1b zxid 0x100000080 create /11,0,[31,s{'world,'anyone}
],false,22
7/3/24 8:37:40 AM GMT session 0x2004d77a8460000 cxid 0x1f zxid 0x100000081 create /12,0,[31,s{'world,'anyone}
],false,23
7/3/24 8:37:40 AM GMT session 0x2004d77a8460000 cxid 0x23 zxid 0x100000082 create /13,0,[31,s{'world,'anyone}
],false,24
7/3/24 8:37:40 AM GMT session 0x2004d77a8460000 cxid 0x27 zxid 0x100000083 create /14,0,[31,s{'world,'anyone}
],false,25
7/3/24 8:37:41 AM GMT session 0x2004d77a8460000 cxid 0x2b zxid 0x100000084 create /15,0,[31,s{'world,'anyone}
],false,26
7/3/24 8:37:41 AM GMT session 0x2004d77a8460000 cxid 0x2f zxid 0x100000085 create /16,0,[31,s{'world,'anyone}
],false,27
7/3/24 8:37:41 AM GMT session 0x2004d77a8460000 cxid 0x33 zxid 0x100000086 create /17,0,[31,s{'world,'anyone}
],false,28
7/3/24 8:37:41 AM GMT session 0x2004d77a8460000 cxid 0x37 zxid 0x100000087 create /18,0,[31,s{'world,'anyone}
],false,29
7/3/24 8:37:41 AM GMT session 0x2004d77a8460000 cxid 0x3b zxid 0x100000088 create /19,0,[31,s{'world,'anyone}
],false,30
7/3/24 8:37:42 AM GMT session 0x2004d77a8460000 cxid 0x3f zxid 0x100000089 error -110
EOF reached after 33 txns.
2024-07-03 08:36:36,201 [myid:] - INFO  [main:o.a.z.s.q.QuorumPeerConfig@177] - Reading configuration from: /apache-zookeeper-3.10.0-SNAPSHOT-bin/bin/../conf/zoo.cfg
2024-07-03 08:36:36,293 [myid:] - INFO  [main:o.a.z.s.q.QuorumPeerConfig@440] - clientPortAddress is 0.0.0.0:2181
2024-07-03 08:36:36,294 [myid:] - INFO  [main:o.a.z.s.q.QuorumPeerConfig@444] - secureClientPort is not set
2024-07-03 08:36:36,294 [myid:] - INFO  [main:o.a.z.s.q.QuorumPeerConfig@460] - observerMasterPort is not set
2024-07-03 08:36:36,294 [myid:] - INFO  [main:o.a.z.s.q.QuorumPeerConfig@477] - metricsProvider.className is org.apache.zookeeper.metrics.impl.DefaultMetricsProvider
2024-07-03 08:36:36,327 [myid:2] - INFO  [main:o.a.z.s.DatadirCleanupManager@78] - autopurge.snapRetainCount set to 3
2024-07-03 08:36:36,328 [myid:2] - INFO  [main:o.a.z.s.DatadirCleanupManager@79] - autopurge.purgeInterval set to 1
2024-07-03 08:36:36,328 [myid:] - INFO  [PurgeTask:o.a.z.s.DatadirCleanupManager$PurgeTask@139] - Purge task started.
2024-07-03 08:36:36,329 [myid:2] - INFO  [main:o.a.z.j.ManagedUtil@46] - Log4j 1.2 jmx support not found; jmx disabled.
2024-07-03 08:36:36,329 [myid:2] - INFO  [main:o.a.z.s.q.QuorumPeerMain@152] - Starting quorum peer, myid=2
2024-07-03 08:36:36,331 [myid:] - INFO  [PurgeTask:o.a.z.s.p.FileTxnSnapLog@124] - zookeeper.snapshot.trust.empty : false
2024-07-03 08:36:36,338 [myid:2] - INFO  [main:o.a.z.s.ServerMetrics@64] - ServerMetrics initialized with provider org.apache.zookeeper.metrics.impl.DefaultMetricsProvider@197d671
2024-07-03 08:36:36,340 [myid:2] - INFO  [main:o.a.z.s.a.DigestAuthenticationProvider@51] - ACL digest algorithm is: SHA1
2024-07-03 08:36:36,341 [myid:2] - INFO  [main:o.a.z.s.a.DigestAuthenticationProvider@65] - zookeeper.DigestAuthenticationProvider.enabled = true
2024-07-03 08:36:36,345 [myid:2] - INFO  [main:o.a.z.s.ServerCnxnFactory@169] - Using org.apache.zookeeper.server.NIOServerCnxnFactory as server connection factory
2024-07-03 08:36:36,346 [myid:] - INFO  [PurgeTask:o.a.z.s.DatadirCleanupManager$PurgeTask@145] - Purge task completed.
2024-07-03 08:36:36,346 [myid:2] - WARN  [main:o.a.z.s.ServerCnxnFactory@309] - maxCnxns is not configured, using default value 0.
2024-07-03 08:36:36,348 [myid:2] - INFO  [main:o.a.z.s.NIOServerCnxnFactory@665] - Configuring NIO connection handler with 10s sessionless connection timeout, 7 selector thread(s), 224 worker threads, and 64 kB direct buffers.
2024-07-03 08:36:36,358 [myid:2] - INFO  [main:o.a.z.s.NIOServerCnxnFactory@673] - binding to port 0.0.0.0/0.0.0.0:2181
2024-07-03 08:36:36,367 [myid:2] - INFO  [main:o.a.z.s.q.QuorumPeer@801] - zookeeper.quorumCnxnTimeoutMs=-1
2024-07-03 08:36:36,382 [myid:2] - INFO  [main:o.e.j.u.l.Log@170] - Logging initialized @505ms to org.eclipse.jetty.util.log.Slf4jLog
2024-07-03 08:36:36,451 [myid:2] - WARN  [main:o.e.j.s.h.ContextHandler@1662] - o.e.j.s.ServletContextHandler@c86b9e3{/,null,STOPPED} contextPath ends with /*
2024-07-03 08:36:36,451 [myid:2] - WARN  [main:o.e.j.s.h.ContextHandler@1673] - Empty contextPath
2024-07-03 08:36:36,463 [myid:2] - INFO  [main:o.a.z.c.X509Util@88] - Setting -D jdk.tls.rejectClientInitiatedRenegotiation=true to disable client-initiated TLS renegotiation
2024-07-03 08:36:36,567 [myid:2] - INFO  [main:o.a.z.c.X509Util@110] - Default TLS protocol is TLSv1.3, supported TLS protocols are [TLSv1.3, TLSv1.2, TLSv1.1, TLSv1, SSLv3, SSLv2Hello]
2024-07-03 08:36:36,571 [myid:2] - INFO  [main:o.a.z.s.p.FileTxnSnapLog@124] - zookeeper.snapshot.trust.empty : false
2024-07-03 08:36:36,577 [myid:2] - INFO  [main:o.a.z.s.q.QuorumPeer@1781] - Local sessions disabled
2024-07-03 08:36:36,577 [myid:2] - INFO  [main:o.a.z.s.q.QuorumPeer@1792] - Local session upgrading disabled
2024-07-03 08:36:36,577 [myid:2] - INFO  [main:o.a.z.s.q.QuorumPeer@1759] - tickTime set to 2000
2024-07-03 08:36:36,577 [myid:2] - INFO  [main:o.a.z.s.q.QuorumPeer@1803] - minSessionTimeout set to 4000
2024-07-03 08:36:36,577 [myid:2] - INFO  [main:o.a.z.s.q.QuorumPeer@1814] - maxSessionTimeout set to 40000
2024-07-03 08:36:36,577 [myid:2] - INFO  [main:o.a.z.s.q.QuorumPeer@1839] - initLimit set to 10
2024-07-03 08:36:36,578 [myid:2] - INFO  [main:o.a.z.s.q.QuorumPeer@2026] - syncLimit set to 5
2024-07-03 08:36:36,578 [myid:2] - INFO  [main:o.a.z.s.q.QuorumPeer@2041] - connectToLearnerMasterLimit set to 0
2024-07-03 08:36:36,587 [myid:2] - INFO  [main:o.a.z.ZookeeperBanner@42] - 
2024-07-03 08:36:36,587 [myid:2] - INFO  [main:o.a.z.ZookeeperBanner@42] -   ______                  _                                          
2024-07-03 08:36:36,587 [myid:2] - INFO  [main:o.a.z.ZookeeperBanner@42] -  |___  /                 | |                                         
2024-07-03 08:36:36,588 [myid:2] - INFO  [main:o.a.z.ZookeeperBanner@42] -     / /    ___     ___   | | __   ___    ___   _ __     ___   _ __   
2024-07-03 08:36:36,588 [myid:2] - INFO  [main:o.a.z.ZookeeperBanner@42] -    / /    / _ \   / _ \  | |/ /  / _ \  / _ \ | '_ \   / _ \ | '__|
2024-07-03 08:36:36,588 [myid:2] - INFO  [main:o.a.z.ZookeeperBanner@42] -   / /__  | (_) | | (_) | |   <  |  __/ |  __/ | |_) | |  __/ | |    
2024-07-03 08:36:36,588 [myid:2] - INFO  [main:o.a.z.ZookeeperBanner@42] -  /_____|  \___/   \___/  |_|\_\  \___|  \___| | .__/   \___| |_|
2024-07-03 08:36:36,588 [myid:2] - INFO  [main:o.a.z.ZookeeperBanner@42] -                                               | |                     
2024-07-03 08:36:36,588 [myid:2] - INFO  [main:o.a.z.ZookeeperBanner@42] -                                               |_|                     
2024-07-03 08:36:36,588 [myid:2] - INFO  [main:o.a.z.ZookeeperBanner@42] - 
2024-07-03 08:36:36,590 [myid:2] - INFO  [main:o.a.z.Environment@98] - Server environment:zookeeper.version=3.10.0-SNAPSHOT-317eb2cb1cb10b80a2c2f8bc3cc1cc74493a0106-dirty, built on 2024-07-01 02:08 UTC
2024-07-03 08:36:36,590 [myid:2] - INFO  [main:o.a.z.Environment@98] - Server environment:host.name=35b030a92239
2024-07-03 08:36:36,590 [myid:2] - INFO  [main:o.a.z.Environment@98] - Server environment:java.version=1.8.0_362
2024-07-03 08:36:36,590 [myid:2] - INFO  [main:o.a.z.Environment@98] - Server environment:java.vendor=Private Build
2024-07-03 08:36:36,590 [myid:2] - INFO  [main:o.a.z.Environment@98] - Server environment:java.home=/usr/lib/jvm/java-8-openjdk-amd64/jre
2024-07-03 08:36:36,590 [myid:2] - INFO  [main:o.a.z.Environment@98] - Server environment:java.class.path=/apache-zookeeper-3.10.0-SNAPSHOT-bin/bin/../zookeeper-metrics-providers/zookeeper-prometheus-metrics/target/classes:/apache-zookeeper-3.10.0-SNAPSHOT-bin/bin/../zookeeper-server/target/classes:/apache-zookeeper-3.10.0-SNAPSHOT-bin/bin/../build/classes:/apache-zookeeper-3.10.0-SNAPSHOT-bin/bin/../zookeeper-metrics-providers/zookeeper-prometheus-metrics/target/lib/*.jar:/apache-zookeeper-3.10.0-SNAPSHOT-bin/bin/../zookeeper-server/target/lib/*.jar:/apache-zookeeper-3.10.0-SNAPSHOT-bin/bin/../build/lib/*.jar:/apache-zookeeper-3.10.0-SNAPSHOT-bin/bin/../lib/zookeeper-prometheus-metrics-3.10.0-SNAPSHOT.jar:/apache-zookeeper-3.10.0-SNAPSHOT-bin/bin/../lib/zookeeper-jute-3.10.0-SNAPSHOT.jar:/apache-zookeeper-3.10.0-SNAPSHOT-bin/bin/../lib/zookeeper-3.10.0-SNAPSHOT.jar:/apache-zookeeper-3.10.0-SNAPSHOT-bin/bin/../lib/snappy-java-1.1.10.5.jar:/apache-zookeeper-3.10.0-SNAPSHOT-bin/bin/../lib/slf4j-api-1.7.30.jar:/apache-zookeeper-3.10.0-SNAPSHOT-bin/bin/../lib/simpleclient_servlet-0.9.0.jar:/apache-zookeeper-3.10.0-SNAPSHOT-bin/bin/../lib/simpleclient_hotspot-0.9.0.jar:/apache-zookeeper-3.10.0-SNAPSHOT-bin/bin/../lib/simpleclient_common-0.9.0.jar:/apache-zookeeper-3.10.0-SNAPSHOT-bin/bin/../lib/simpleclient-0.9.0.jar:/apache-zookeeper-3.10.0-SNAPSHOT-bin/bin/../lib/netty-transport-native-unix-common-4.1.94.Final.jar:/apache-zookeeper-3.10.0-SNAPSHOT-bin/bin/../lib/netty-transport-native-epoll-4.1.94.Final-linux-x86_64.jar:/apache-zookeeper-3.10.0-SNAPSHOT-bin/bin/../lib/netty-transport-classes-epoll-4.1.94.Final.jar:/apache-zookeeper-3.10.0-SNAPSHOT-bin/bin/../lib/netty-transport-4.1.94.Final.jar:/apache-zookeeper-3.10.0-SNAPSHOT-bin/bin/../lib/netty-tcnative-classes-2.0.61.Final.jar:/apache-zookeeper-3.10.0-SNAPSHOT-bin/bin/../lib/netty-tcnative-boringssl-static-2.0.61.Final.jar:/apache-zookeeper-3.10.0-SNAPSHOT-bin/bin/../lib/netty-tcnative-boringssl-static-2.0.61.Final-windows-x86_64.jar:/apache-zookeeper-3.10.0-SNAPSHOT-bin/bin/../lib/netty-tcnative-boringssl-static-2.0.61.Final-osx-x86_64.jar:/apache-zookeeper-3.10.0-SNAPSHOT-bin/bin/../lib/netty-tcnative-boringssl-static-2.0.61.Final-osx-aarch_64.jar:/apache-zookeeper-3.10.0-SNAPSHOT-bin/bin/../lib/netty-tcnative-boringssl-static-2.0.61.Final-linux-x86_64.jar:/apache-zookeeper-3.10.0-SNAPSHOT-bin/bin/../lib/netty-tcnative-boringssl-static-2.0.61.Final-linux-aarch_64.jar:/apache-zookeeper-3.10.0-SNAPSHOT-bin/bin/../lib/netty-resolver-4.1.94.Final.jar:/apache-zookeeper-3.10.0-SNAPSHOT-bin/bin/../lib/netty-handler-4.1.94.Final.jar:/apache-zookeeper-3.10.0-SNAPSHOT-bin/bin/../lib/netty-common-4.1.94.Final.jar:/apache-zookeeper-3.10.0-SNAPSHOT-bin/bin/../lib/netty-codec-4.1.94.Final.jar:/apache-zookeeper-3.10.0-SNAPSHOT-bin/bin/../lib/netty-buffer-4.1.94.Final.jar:/apache-zookeeper-3.10.0-SNAPSHOT-bin/bin/../lib/metrics-core-4.1.12.1.jar:/apache-zookeeper-3.10.0-SNAPSHOT-bin/bin/../lib/logback-core-1.2.10.jar:/apache-zookeeper-3.10.0-SNAPSHOT-bin/bin/../lib/logback-classic-1.2.10.jar:/apache-zookeeper-3.10.0-SNAPSHOT-bin/bin/../lib/jline-2.14.6.jar:/apache-zookeeper-3.10.0-SNAPSHOT-bin/bin/../lib/jetty-util-ajax-9.4.52.v20230823.jar:/apache-zookeeper-3.10.0-SNAPSHOT-bin/bin/../lib/jetty-util-9.4.52.v20230823.jar:/apache-zookeeper-3.10.0-SNAPSHOT-bin/bin/../lib/jetty-servlet-9.4.52.v20230823.jar:/apache-zookeeper-3.10.0-SNAPSHOT-bin/bin/../lib/jetty-server-9.4.52.v20230823.jar:/apache-zookeeper-3.10.0-SNAPSHOT-bin/bin/../lib/jetty-security-9.4.52.v20230823.jar:/apache-zookeeper-3.10.0-SNAPSHOT-bin/bin/../lib/jetty-io-9.4.52.v20230823.jar:/apache-zookeeper-3.10.0-SNAPSHOT-bin/bin/../lib/jetty-http-9.4.52.v20230823.jar:/apache-zookeeper-3.10.0-SNAPSHOT-bin/bin/../lib/javax.servlet-api-3.1.0.jar:/apache-zookeeper-3.10.0-SNAPSHOT-bin/bin/../lib/jackson-databind-2.15.2.jar:/apache-zookeeper-3.10.0-SNAPSHOT-bin/bin/../lib/jackson-core-2.15.2.jar:/apache-zookeeper-3.10.0-SNAPSHOT-bin/bin/../lib/jackson-annotations-2.15.2.jar:/apache-zookeeper-3.10.0-SNAPSHOT-bin/bin/../lib/commons-io-2.11.0.jar:/apache-zookeeper-3.10.0-SNAPSHOT-bin/bin/../lib/commons-cli-1.5.0.jar:/apache-zookeeper-3.10.0-SNAPSHOT-bin/bin/../lib/audience-annotations-0.12.0.jar:/apache-zookeeper-3.10.0-SNAPSHOT-bin/bin/../zookeeper-*.jar:/apache-zookeeper-3.10.0-SNAPSHOT-bin/bin/../zookeeper-server/src/main/resources/lib/*.jar:/apache-zookeeper-3.10.0-SNAPSHOT-bin/bin/../conf:
2024-07-03 08:36:36,590 [myid:2] - INFO  [main:o.a.z.Environment@98] - Server environment:java.library.path=/usr/java/packages/lib/amd64:/usr/lib/x86_64-linux-gnu/jni:/lib/x86_64-linux-gnu:/usr/lib/x86_64-linux-gnu:/usr/lib/jni:/lib:/usr/lib
2024-07-03 08:36:36,590 [myid:2] - INFO  [main:o.a.z.Environment@98] - Server environment:java.io.tmpdir=/tmp
2024-07-03 08:36:36,590 [myid:2] - INFO  [main:o.a.z.Environment@98] - Server environment:java.compiler=<NA>
2024-07-03 08:36:36,590 [myid:2] - INFO  [main:o.a.z.Environment@98] - Server environment:os.name=Linux
2024-07-03 08:36:36,590 [myid:2] - INFO  [main:o.a.z.Environment@98] - Server environment:os.arch=amd64
2024-07-03 08:36:36,590 [myid:2] - INFO  [main:o.a.z.Environment@98] - Server environment:os.version=5.4.0-84-generic
2024-07-03 08:36:36,590 [myid:2] - INFO  [main:o.a.z.Environment@98] - Server environment:user.name=root
2024-07-03 08:36:36,590 [myid:2] - INFO  [main:o.a.z.Environment@98] - Server environment:user.home=/root
2024-07-03 08:36:36,590 [myid:2] - INFO  [main:o.a.z.Environment@98] - Server environment:user.dir=/apache-zookeeper-3.10.0-SNAPSHOT-bin
2024-07-03 08:36:36,591 [myid:2] - INFO  [main:o.a.z.Environment@98] - Server environment:os.memory.free=889MB
2024-07-03 08:36:36,591 [myid:2] - INFO  [main:o.a.z.Environment@98] - Server environment:os.memory.max=958MB
2024-07-03 08:36:36,591 [myid:2] - INFO  [main:o.a.z.Environment@98] - Server environment:os.memory.total=958MB
2024-07-03 08:36:36,591 [myid:2] - INFO  [main:o.a.z.s.ZooKeeperServer@149] - zookeeper.enableEagerACLCheck = false
2024-07-03 08:36:36,591 [myid:2] - INFO  [main:o.a.z.s.ZooKeeperServer@162] - zookeeper.digest.enabled = true
2024-07-03 08:36:36,591 [myid:2] - INFO  [main:o.a.z.s.ZooKeeperServer@166] - zookeeper.closeSessionTxn.enabled = true
2024-07-03 08:36:36,591 [myid:2] - INFO  [main:o.a.z.s.ZooKeeperServer@2251] - zookeeper.serializeLastProcessedZxid.enabled = true
2024-07-03 08:36:36,591 [myid:2] - INFO  [main:o.a.z.s.ZooKeeperServer@1594] - zookeeper.flushDelay = 0 ms
2024-07-03 08:36:36,591 [myid:2] - INFO  [main:o.a.z.s.ZooKeeperServer@1603] - zookeeper.maxWriteQueuePollTime = 0 ms
2024-07-03 08:36:36,591 [myid:2] - INFO  [main:o.a.z.s.ZooKeeperServer@1612] - zookeeper.maxBatchSize=1000
2024-07-03 08:36:36,591 [myid:2] - INFO  [main:o.a.z.s.ZooKeeperServer@287] - zookeeper.intBufferStartingSizeBytes = 1024
2024-07-03 08:36:36,596 [myid:2] - INFO  [main:o.a.z.s.w.WatchManagerFactory@42] - Using org.apache.zookeeper.server.watch.WatchManager as watch manager
2024-07-03 08:36:36,596 [myid:2] - INFO  [main:o.a.z.s.w.WatchManagerFactory@42] - Using org.apache.zookeeper.server.watch.WatchManager as watch manager
2024-07-03 08:36:36,596 [myid:2] - INFO  [main:o.a.z.s.ZKDatabase@135] - zookeeper.snapshotSizeFactor = 0.33
2024-07-03 08:36:36,596 [myid:2] - INFO  [main:o.a.z.s.ZKDatabase@155] - zookeeper.commitLogCount=500
2024-07-03 08:36:36,616 [myid:2] - INFO  [main:o.a.z.s.q.QuorumPeer@2105] - Using insecure (non-TLS) quorum communication
2024-07-03 08:36:36,616 [myid:2] - INFO  [main:o.a.z.s.q.QuorumPeer@2111] - Port unification disabled
2024-07-03 08:36:36,616 [myid:2] - INFO  [main:o.a.z.s.q.QuorumPeer@184] - multiAddress.enabled set to false
2024-07-03 08:36:36,616 [myid:2] - INFO  [main:o.a.z.s.q.QuorumPeer@209] - multiAddress.reachabilityCheckEnabled set to true
2024-07-03 08:36:36,616 [myid:2] - INFO  [main:o.a.z.s.q.QuorumPeer@196] - multiAddress.reachabilityCheckTimeoutMs set to 1000
2024-07-03 08:36:36,616 [myid:2] - INFO  [main:o.a.z.s.q.QuorumPeer@2573] - QuorumPeer communication is not secured! (SASL auth disabled)
2024-07-03 08:36:36,616 [myid:2] - INFO  [main:o.a.z.s.q.QuorumPeer@2598] - quorum.cnxn.threads.size set to 20
2024-07-03 08:36:36,625 [myid:2] - INFO  [main:o.a.z.s.p.SnapStream@61] - zookeeper.snapshot.compression.method = CHECKED
2024-07-03 08:36:36,625 [myid:2] - INFO  [main:o.a.z.s.p.FileTxnSnapLog@480] - Snapshotting: 0x0 to /apache-zookeeper-3.10.0-SNAPSHOT-bin/data/version-2/snapshot.0
2024-07-03 08:36:36,640 [myid:2] - INFO  [main:o.a.z.s.ZKDatabase@292] - Snapshot loaded in 24 ms, highest zxid is 0x0, digest is 1371985504
2024-07-03 08:36:36,640 [myid:2] - INFO  [main:o.a.z.s.q.QuorumPeer@1161] - currentEpoch not found! Creating with a reasonable default of 0. This should only happen when you are upgrading your installation
2024-07-03 08:36:36,646 [myid:2] - INFO  [main:o.a.z.s.q.QuorumPeer@1189] - acceptedEpoch not found! Creating with a reasonable default of 0. This should only happen when you are upgrading your installation
2024-07-03 08:36:36,654 [myid:2] - INFO  [main:o.e.j.s.Server@375] - jetty-9.4.52.v20230823; built: 2023-08-23T19:29:37.669Z; git: abdcda73818a1a2c705da276edb0bf6581e7997e; jvm 1.8.0_362-8u372-ga~us1-0ubuntu1~18.04-b09
2024-07-03 08:36:36,677 [myid:2] - INFO  [main:o.e.j.s.s.DefaultSessionIdManager@334] - DefaultSessionIdManager workerName=node0
2024-07-03 08:36:36,677 [myid:2] - INFO  [main:o.e.j.s.s.DefaultSessionIdManager@339] - No SessionScavenger set, using defaults
2024-07-03 08:36:36,678 [myid:2] - INFO  [main:o.e.j.s.s.HouseKeeper@132] - node0 Scavenging every 600000ms
2024-07-03 08:36:36,680 [myid:2] - WARN  [main:o.e.j.s.ConstraintSecurityHandler@759] - ServletContext@o.e.j.s.ServletContextHandler@c86b9e3{/,null,STARTING} has uncovered http methods for path: /*
2024-07-03 08:36:36,688 [myid:2] - INFO  [main:o.e.j.s.h.ContextHandler@921] - Started o.e.j.s.ServletContextHandler@c86b9e3{/,null,AVAILABLE}
2024-07-03 08:36:36,698 [myid:2] - INFO  [main:o.e.j.s.AbstractConnector@333] - Started ServerConnector@f5958c9{HTTP/1.1, (http/1.1)}{0.0.0.0:8080}
2024-07-03 08:36:36,698 [myid:2] - INFO  [main:o.e.j.s.Server@415] - Started @821ms
2024-07-03 08:36:36,698 [myid:2] - INFO  [main:o.a.z.s.a.JettyAdminServer@201] - Started AdminServer on address 0.0.0.0, port 8080 and command URL /commands
2024-07-03 08:36:36,698 [myid:2] - INFO  [main:o.a.z.s.q.QuorumPeer@2615] - Using 10000ms as the quorum cnxn socket timeout
2024-07-03 08:36:36,703 [myid:2] - INFO  [main:o.a.z.s.q.QuorumCnxManager$Listener@924] - Election port bind maximum retries is 3
2024-07-03 08:36:36,704 [myid:2] - INFO  [main:o.a.z.s.q.FastLeaderElection@90] - zookeeper.fastleader.minNotificationInterval = 200 ms
2024-07-03 08:36:36,704 [myid:2] - INFO  [main:o.a.z.s.q.FastLeaderElection@92] - zookeeper.fastleader.maxNotificationInterval = 60000 ms
2024-07-03 08:36:36,707 [myid:2] - INFO  [main:o.a.z.a.ZKAuditProvider@42] - ZooKeeper audit is disabled.
2024-07-03 08:36:36,709 [myid:] - INFO  [ListenerHandler-/172.30.0.3:3888:o.a.z.s.q.QuorumCnxManager$Listener$ListenerHandler@1071] - 2 is accepting connections now, my election bind port: /172.30.0.3:3888
2024-07-03 08:36:36,713 [myid:] - INFO  [QuorumPeer[myid=2](plain=0.0.0.0:2181)(secure=disabled):o.a.z.s.q.QuorumPeer@1471] - LOOKING
2024-07-03 08:36:36,714 [myid:] - INFO  [QuorumPeer[myid=2](plain=0.0.0.0:2181)(secure=disabled):o.a.z.s.q.FastLeaderElection@946] - New election. My id = 2, proposed zxid=0x0
2024-07-03 08:36:36,738 [myid:] - WARN  [QuorumConnectionThread-[myid=2]-1:o.a.z.s.q.QuorumCnxManager@401] - Cannot open channel to 1 at election address /172.30.0.2:3888
java.net.ConnectException: Connection refused (Connection refused)
	at java.net.PlainSocketImpl.socketConnect(Native Method)
	at java.net.AbstractPlainSocketImpl.doConnect(AbstractPlainSocketImpl.java:350)
	at java.net.AbstractPlainSocketImpl.connectToAddress(AbstractPlainSocketImpl.java:206)
	at java.net.AbstractPlainSocketImpl.connect(AbstractPlainSocketImpl.java:188)
	at java.net.SocksSocketImpl.connect(SocksSocketImpl.java:392)
	at java.net.Socket.connect(Socket.java:607)
	at org.apache.zookeeper.server.quorum.QuorumCnxManager.initiateConnection(QuorumCnxManager.java:384)
	at org.apache.zookeeper.server.quorum.QuorumCnxManager$QuorumConnectionReqThread.run(QuorumCnxManager.java:458)
	at java.util.concurrent.ThreadPoolExecutor.runWorker(ThreadPoolExecutor.java:1149)
	at java.util.concurrent.ThreadPoolExecutor$Worker.run(ThreadPoolExecutor.java:624)
	at java.lang.Thread.run(Thread.java:750)
2024-07-03 08:36:36,750 [myid:] - INFO  [ListenerHandler-/172.30.0.3:3888:o.a.z.s.q.QuorumCnxManager$Listener$ListenerHandler@1076] - Received connection request from /172.30.0.4:44158
2024-07-03 08:36:36,756 [myid:] - INFO  [WorkerReceiver[myid=2]:o.a.z.s.q.FastLeaderElection$Messenger$WorkerReceiver@391] - Notification: my state:LOOKING; n.sid:2, n.state:LOOKING, n.leader:2, n.round:0x1, n.peerEpoch:0x0, n.zxid:0x0, message format version:0x2, n.config version:0x0
2024-07-03 08:36:36,758 [myid:] - INFO  [QuorumConnectionThread-[myid=2]-2:o.a.z.s.q.QuorumCnxManager@514] - Have smaller server identifier, so dropping the connection: (myId:2 --> sid:3)
2024-07-03 08:36:36,764 [myid:] - WARN  [SendWorker:3:o.a.z.s.q.QuorumCnxManager$SendWorker@1292] - Exception when using channel: for id 3 my id = 2
java.net.SocketException: Broken pipe (Write failed)
	at java.net.SocketOutputStream.socketWrite0(Native Method)
	at java.net.SocketOutputStream.socketWrite(SocketOutputStream.java:111)
	at java.net.SocketOutputStream.write(SocketOutputStream.java:134)
	at java.io.DataOutputStream.writeInt(DataOutputStream.java:198)
	at org.apache.zookeeper.server.quorum.QuorumCnxManager$SendWorker.send(QuorumCnxManager.java:1234)
	at org.apache.zookeeper.server.quorum.QuorumCnxManager$SendWorker.run(QuorumCnxManager.java:1285)
2024-07-03 08:36:36,765 [myid:] - WARN  [RecvWorker:3:o.a.z.s.q.QuorumCnxManager$RecvWorker@1402] - Connection broken for id 3, my id = 2
java.io.EOFException: null
	at java.io.DataInputStream.readInt(DataInputStream.java:392)
	at org.apache.zookeeper.server.quorum.QuorumCnxManager$RecvWorker.run(QuorumCnxManager.java:1390)
2024-07-03 08:36:36,766 [myid:] - WARN  [RecvWorker:3:o.a.z.s.q.QuorumCnxManager$RecvWorker@1408] - Interrupting SendWorker thread from RecvWorker. sid: 3. myId: 2
2024-07-03 08:36:36,766 [myid:] - INFO  [ListenerHandler-/172.30.0.3:3888:o.a.z.s.q.QuorumCnxManager$Listener$ListenerHandler@1076] - Received connection request from /172.30.0.4:44168
2024-07-03 08:36:36,767 [myid:] - WARN  [SendWorker:3:o.a.z.s.q.QuorumCnxManager$SendWorker@1300] - Send worker leaving thread id 3 my id = 2
2024-07-03 08:36:36,784 [myid:] - INFO  [WorkerReceiver[myid=2]:o.a.z.s.q.FastLeaderElection$Messenger$WorkerReceiver@391] - Notification: my state:LOOKING; n.sid:3, n.state:LOOKING, n.leader:3, n.round:0x1, n.peerEpoch:0x0, n.zxid:0x0, message format version:0x2, n.config version:0x0
2024-07-03 08:36:36,786 [myid:] - INFO  [ListenerHandler-/172.30.0.3:3888:o.a.z.s.q.QuorumCnxManager$Listener$ListenerHandler@1076] - Received connection request from /172.30.0.2:46422
2024-07-03 08:36:36,801 [myid:] - INFO  [WorkerReceiver[myid=2]:o.a.z.s.q.FastLeaderElection$Messenger$WorkerReceiver@391] - Notification: my state:LOOKING; n.sid:3, n.state:LOOKING, n.leader:3, n.round:0x1, n.peerEpoch:0x0, n.zxid:0x0, message format version:0x2, n.config version:0x0
2024-07-03 08:36:36,824 [myid:] - INFO  [WorkerReceiver[myid=2]:o.a.z.s.q.FastLeaderElection$Messenger$WorkerReceiver@391] - Notification: my state:LOOKING; n.sid:2, n.state:LOOKING, n.leader:3, n.round:0x1, n.peerEpoch:0x0, n.zxid:0x0, message format version:0x2, n.config version:0x0
2024-07-03 08:36:36,837 [myid:] - INFO  [WorkerReceiver[myid=2]:o.a.z.s.q.FastLeaderElection$Messenger$WorkerReceiver@391] - Notification: my state:LOOKING; n.sid:1, n.state:LOOKING, n.leader:1, n.round:0x1, n.peerEpoch:0x0, n.zxid:0x0, message format version:0x2, n.config version:0x0
2024-07-03 08:36:36,862 [myid:] - INFO  [WorkerReceiver[myid=2]:o.a.z.s.q.FastLeaderElection$Messenger$WorkerReceiver@391] - Notification: my state:LOOKING; n.sid:1, n.state:LOOKING, n.leader:3, n.round:0x1, n.peerEpoch:0x0, n.zxid:0x0, message format version:0x2, n.config version:0x0
2024-07-03 08:36:37,063 [myid:] - INFO  [QuorumPeer[myid=2](plain=0.0.0.0:2181)(secure=disabled):o.a.z.s.q.QuorumPeer@906] - Peer state changed: following
2024-07-03 08:36:37,064 [myid:] - INFO  [QuorumPeer[myid=2](plain=0.0.0.0:2181)(secure=disabled):o.a.z.s.q.QuorumPeer@1554] - FOLLOWING
2024-07-03 08:36:37,073 [myid:] - INFO  [QuorumPeer[myid=2](plain=0.0.0.0:2181)(secure=disabled):o.a.z.s.q.Learner@130] - leaderConnectDelayDuringRetryMs: 100
2024-07-03 08:36:37,074 [myid:] - INFO  [QuorumPeer[myid=2](plain=0.0.0.0:2181)(secure=disabled):o.a.z.s.q.Learner@131] - TCP NoDelay set to: true
2024-07-03 08:36:37,074 [myid:] - INFO  [QuorumPeer[myid=2](plain=0.0.0.0:2181)(secure=disabled):o.a.z.s.q.Learner@132] - zookeeper.learner.asyncSending = false
2024-07-03 08:36:37,074 [myid:] - INFO  [QuorumPeer[myid=2](plain=0.0.0.0:2181)(secure=disabled):o.a.z.s.q.Learner@133] - zookeeper.learner.closeSocketAsync = false
2024-07-03 08:36:37,075 [myid:] - INFO  [QuorumPeer[myid=2](plain=0.0.0.0:2181)(secure=disabled):o.a.z.s.BlueThrottle@141] - Weighed connection throttling is disabled
2024-07-03 08:36:37,076 [myid:] - INFO  [QuorumPeer[myid=2](plain=0.0.0.0:2181)(secure=disabled):o.a.z.s.AuthenticationHelper@66] - zookeeper.enforce.auth.enabled = false
2024-07-03 08:36:37,076 [myid:] - INFO  [QuorumPeer[myid=2](plain=0.0.0.0:2181)(secure=disabled):o.a.z.s.AuthenticationHelper@67] - zookeeper.enforce.auth.schemes = []
2024-07-03 08:36:37,078 [myid:] - INFO  [QuorumPeer[myid=2](plain=0.0.0.0:2181)(secure=disabled):o.a.z.s.ZooKeeperServer@1406] - minSessionTimeout set to 4000 ms
2024-07-03 08:36:37,078 [myid:] - INFO  [QuorumPeer[myid=2](plain=0.0.0.0:2181)(secure=disabled):o.a.z.s.ZooKeeperServer@1415] - maxSessionTimeout set to 40000 ms
2024-07-03 08:36:37,079 [myid:] - INFO  [QuorumPeer[myid=2](plain=0.0.0.0:2181)(secure=disabled):o.a.z.s.ResponseCache@45] - getData response cache size is initialized with value 400.
2024-07-03 08:36:37,079 [myid:] - INFO  [QuorumPeer[myid=2](plain=0.0.0.0:2181)(secure=disabled):o.a.z.s.ResponseCache@45] - getChildren response cache size is initialized with value 400.
2024-07-03 08:36:37,080 [myid:] - INFO  [QuorumPeer[myid=2](plain=0.0.0.0:2181)(secure=disabled):o.a.z.s.u.RequestPathMetricsCollector@109] - zookeeper.pathStats.slotCapacity = 60
2024-07-03 08:36:37,080 [myid:] - INFO  [QuorumPeer[myid=2](plain=0.0.0.0:2181)(secure=disabled):o.a.z.s.u.RequestPathMetricsCollector@110] - zookeeper.pathStats.slotDuration = 15
2024-07-03 08:36:37,080 [myid:] - INFO  [QuorumPeer[myid=2](plain=0.0.0.0:2181)(secure=disabled):o.a.z.s.u.RequestPathMetricsCollector@111] - zookeeper.pathStats.maxDepth = 6
2024-07-03 08:36:37,080 [myid:] - INFO  [QuorumPeer[myid=2](plain=0.0.0.0:2181)(secure=disabled):o.a.z.s.u.RequestPathMetricsCollector@112] - zookeeper.pathStats.initialDelay = 5
2024-07-03 08:36:37,080 [myid:] - INFO  [QuorumPeer[myid=2](plain=0.0.0.0:2181)(secure=disabled):o.a.z.s.u.RequestPathMetricsCollector@113] - zookeeper.pathStats.delay = 5
2024-07-03 08:36:37,080 [myid:] - INFO  [QuorumPeer[myid=2](plain=0.0.0.0:2181)(secure=disabled):o.a.z.s.u.RequestPathMetricsCollector@114] - zookeeper.pathStats.enabled = false
2024-07-03 08:36:37,082 [myid:] - INFO  [QuorumPeer[myid=2](plain=0.0.0.0:2181)(secure=disabled):o.a.z.s.ZooKeeperServer@1631] - The max bytes for all large requests are set to 104857600
2024-07-03 08:36:37,082 [myid:] - INFO  [QuorumPeer[myid=2](plain=0.0.0.0:2181)(secure=disabled):o.a.z.s.ZooKeeperServer@1645] - The large request threshold is set to -1
2024-07-03 08:36:37,082 [myid:] - INFO  [QuorumPeer[myid=2](plain=0.0.0.0:2181)(secure=disabled):o.a.z.s.ZooKeeperServer@385] - Created server with tickTime 2000 ms minSessionTimeout 4000 ms maxSessionTimeout 40000 ms clientPortListenBacklog -1 datadir /apache-zookeeper-3.10.0-SNAPSHOT-bin/logs/version-2 snapdir /apache-zookeeper-3.10.0-SNAPSHOT-bin/data/version-2
2024-07-03 08:36:37,083 [myid:] - INFO  [QuorumPeer[myid=2](plain=0.0.0.0:2181)(secure=disabled):o.a.z.s.q.Follower@77] - FOLLOWING - LEADER ELECTION TOOK - 368 MS
2024-07-03 08:36:37,085 [myid:] - INFO  [QuorumPeer[myid=2](plain=0.0.0.0:2181)(secure=disabled):o.a.z.s.q.QuorumPeer@920] - Peer state changed: following - discovery
2024-07-03 08:36:37,094 [myid:] - INFO  [LeaderConnector-/172.30.0.4:2888:o.a.z.s.q.Learner$LeaderConnector@380] - Successfully connected to leader, using address: /172.30.0.4:2888
2024-07-03 08:36:37,146 [myid:] - INFO  [QuorumPeer[myid=2](plain=0.0.0.0:2181)(secure=disabled):o.a.z.s.q.QuorumPeer@920] - Peer state changed: following - synchronization
2024-07-03 08:36:37,184 [myid:] - INFO  [QuorumPeer[myid=2](plain=0.0.0.0:2181)(secure=disabled):o.a.z.s.q.Learner@561] - Getting a diff from the leader 0x0
2024-07-03 08:36:37,185 [myid:] - INFO  [QuorumPeer[myid=2](plain=0.0.0.0:2181)(secure=disabled):o.a.z.s.q.QuorumPeer@925] - Peer state changed: following - synchronization - diff
2024-07-03 08:36:37,199 [myid:] - INFO  [QuorumPeer[myid=2](plain=0.0.0.0:2181)(secure=disabled):o.a.z.s.q.Learner@733] - Learner received NEWLEADER message
2024-07-03 08:36:37,211 [myid:] - INFO  [QuorumPeer[myid=2](plain=0.0.0.0:2181)(secure=disabled):o.a.z.s.q.QuorumPeer@1909] - Dynamic reconfig is disabled, we don't store the last seen config.
FailSlowAgent.java | isInject : true delayTime : 60000 thread id:39
java.lang.Exception
	at client.FailSlowAgent.report(FailSlowAgent.java:126)
	at org.apache.zookeeper.server.quorum.QuorumPeer.writeLongToFile(QuorumPeer.java:2232)
	at org.apache.zookeeper.server.quorum.QuorumPeer.setCurrentEpoch(QuorumPeer.java:2256)
	at org.apache.zookeeper.server.quorum.Learner.syncWithLeader(Learner.java:748)
	at org.apache.zookeeper.server.quorum.Follower.followLeader(Follower.java:108)
	at org.apache.zookeeper.server.quorum.QuorumPeer.run(QuorumPeer.java:1556)
2024-07-03 08:36:40,464 [myid:] - WARN  [NIOWorkerThread-1:o.a.z.s.NIOServerCnxn@397] - Close of session 0x0
java.io.IOException: ZooKeeperServer not running
	at org.apache.zookeeper.server.NIOServerCnxn.readLength(NIOServerCnxn.java:576)
	at org.apache.zookeeper.server.NIOServerCnxn.doIO(NIOServerCnxn.java:350)
	at org.apache.zookeeper.server.NIOServerCnxnFactory$IOWorkRequest.doWork(NIOServerCnxnFactory.java:519)
	at org.apache.zookeeper.server.WorkerService$ScheduledWorkRequest.run(WorkerService.java:158)
	at java.util.concurrent.ThreadPoolExecutor.runWorker(ThreadPoolExecutor.java:1149)
	at java.util.concurrent.ThreadPoolExecutor$Worker.run(ThreadPoolExecutor.java:624)
	at java.lang.Thread.run(Thread.java:750)
2024-07-03 08:36:41,911 [myid:] - WARN  [NIOWorkerThread-2:o.a.z.s.NIOServerCnxn@397] - Close of session 0x0
java.io.IOException: ZooKeeperServer not running
	at org.apache.zookeeper.server.NIOServerCnxn.readLength(NIOServerCnxn.java:576)
	at org.apache.zookeeper.server.NIOServerCnxn.doIO(NIOServerCnxn.java:350)
	at org.apache.zookeeper.server.NIOServerCnxnFactory$IOWorkRequest.doWork(NIOServerCnxnFactory.java:519)
	at org.apache.zookeeper.server.WorkerService$ScheduledWorkRequest.run(WorkerService.java:158)
	at java.util.concurrent.ThreadPoolExecutor.runWorker(ThreadPoolExecutor.java:1149)
	at java.util.concurrent.ThreadPoolExecutor$Worker.run(ThreadPoolExecutor.java:624)
	at java.lang.Thread.run(Thread.java:750)
2024-07-03 08:36:43,953 [myid:] - WARN  [NIOWorkerThread-3:o.a.z.s.NIOServerCnxn@397] - Close of session 0x0
java.io.IOException: ZooKeeperServer not running
	at org.apache.zookeeper.server.NIOServerCnxn.readLength(NIOServerCnxn.java:576)
	at org.apache.zookeeper.server.NIOServerCnxn.doIO(NIOServerCnxn.java:350)
	at org.apache.zookeeper.server.NIOServerCnxnFactory$IOWorkRequest.doWork(NIOServerCnxnFactory.java:519)
	at org.apache.zookeeper.server.WorkerService$ScheduledWorkRequest.run(WorkerService.java:158)
	at java.util.concurrent.ThreadPoolExecutor.runWorker(ThreadPoolExecutor.java:1149)
	at java.util.concurrent.ThreadPoolExecutor$Worker.run(ThreadPoolExecutor.java:624)
	at java.lang.Thread.run(Thread.java:750)
2024-07-03 08:36:45,139 [myid:] - WARN  [NIOWorkerThread-4:o.a.z.s.NIOServerCnxn@397] - Close of session 0x0
java.io.IOException: ZooKeeperServer not running
	at org.apache.zookeeper.server.NIOServerCnxn.readLength(NIOServerCnxn.java:576)
	at org.apache.zookeeper.server.NIOServerCnxn.doIO(NIOServerCnxn.java:350)
	at org.apache.zookeeper.server.NIOServerCnxnFactory$IOWorkRequest.doWork(NIOServerCnxnFactory.java:519)
	at org.apache.zookeeper.server.WorkerService$ScheduledWorkRequest.run(WorkerService.java:158)
	at java.util.concurrent.ThreadPoolExecutor.runWorker(ThreadPoolExecutor.java:1149)
	at java.util.concurrent.ThreadPoolExecutor$Worker.run(ThreadPoolExecutor.java:624)
	at java.lang.Thread.run(Thread.java:750)
2024-07-03 08:36:46,883 [myid:] - WARN  [NIOWorkerThread-5:o.a.z.s.NIOServerCnxn@397] - Close of session 0x0
java.io.IOException: ZooKeeperServer not running
	at org.apache.zookeeper.server.NIOServerCnxn.readLength(NIOServerCnxn.java:576)
	at org.apache.zookeeper.server.NIOServerCnxn.doIO(NIOServerCnxn.java:350)
	at org.apache.zookeeper.server.NIOServerCnxnFactory$IOWorkRequest.doWork(NIOServerCnxnFactory.java:519)
	at org.apache.zookeeper.server.WorkerService$ScheduledWorkRequest.run(WorkerService.java:158)
	at java.util.concurrent.ThreadPoolExecutor.runWorker(ThreadPoolExecutor.java:1149)
	at java.util.concurrent.ThreadPoolExecutor$Worker.run(ThreadPoolExecutor.java:624)
	at java.lang.Thread.run(Thread.java:750)
2024-07-03 08:36:48,152 [myid:] - WARN  [NIOWorkerThread-6:o.a.z.s.NIOServerCnxn@397] - Close of session 0x0
java.io.IOException: ZooKeeperServer not running
	at org.apache.zookeeper.server.NIOServerCnxn.readLength(NIOServerCnxn.java:576)
	at org.apache.zookeeper.server.NIOServerCnxn.doIO(NIOServerCnxn.java:350)
	at org.apache.zookeeper.server.NIOServerCnxnFactory$IOWorkRequest.doWork(NIOServerCnxnFactory.java:519)
	at org.apache.zookeeper.server.WorkerService$ScheduledWorkRequest.run(WorkerService.java:158)
	at java.util.concurrent.ThreadPoolExecutor.runWorker(ThreadPoolExecutor.java:1149)
	at java.util.concurrent.ThreadPoolExecutor$Worker.run(ThreadPoolExecutor.java:624)
	at java.lang.Thread.run(Thread.java:750)
2024-07-03 08:36:50,278 [myid:] - WARN  [NIOWorkerThread-7:o.a.z.s.NIOServerCnxn@397] - Close of session 0x0
java.io.IOException: ZooKeeperServer not running
	at org.apache.zookeeper.server.NIOServerCnxn.readLength(NIOServerCnxn.java:576)
	at org.apache.zookeeper.server.NIOServerCnxn.doIO(NIOServerCnxn.java:350)
	at org.apache.zookeeper.server.NIOServerCnxnFactory$IOWorkRequest.doWork(NIOServerCnxnFactory.java:519)
	at org.apache.zookeeper.server.WorkerService$ScheduledWorkRequest.run(WorkerService.java:158)
	at java.util.concurrent.ThreadPoolExecutor.runWorker(ThreadPoolExecutor.java:1149)
	at java.util.concurrent.ThreadPoolExecutor$Worker.run(ThreadPoolExecutor.java:624)
	at java.lang.Thread.run(Thread.java:750)
2024-07-03 08:36:52,336 [myid:] - WARN  [NIOWorkerThread-8:o.a.z.s.NIOServerCnxn@397] - Close of session 0x0
java.io.IOException: ZooKeeperServer not running
	at org.apache.zookeeper.server.NIOServerCnxn.readLength(NIOServerCnxn.java:576)
	at org.apache.zookeeper.server.NIOServerCnxn.doIO(NIOServerCnxn.java:350)
	at org.apache.zookeeper.server.NIOServerCnxnFactory$IOWorkRequest.doWork(NIOServerCnxnFactory.java:519)
	at org.apache.zookeeper.server.WorkerService$ScheduledWorkRequest.run(WorkerService.java:158)
	at java.util.concurrent.ThreadPoolExecutor.runWorker(ThreadPoolExecutor.java:1149)
	at java.util.concurrent.ThreadPoolExecutor$Worker.run(ThreadPoolExecutor.java:624)
	at java.lang.Thread.run(Thread.java:750)
2024-07-03 08:36:54,137 [myid:] - WARN  [NIOWorkerThread-9:o.a.z.s.NIOServerCnxn@397] - Close of session 0x0
java.io.IOException: ZooKeeperServer not running
	at org.apache.zookeeper.server.NIOServerCnxn.readLength(NIOServerCnxn.java:576)
	at org.apache.zookeeper.server.NIOServerCnxn.doIO(NIOServerCnxn.java:350)
	at org.apache.zookeeper.server.NIOServerCnxnFactory$IOWorkRequest.doWork(NIOServerCnxnFactory.java:519)
	at org.apache.zookeeper.server.WorkerService$ScheduledWorkRequest.run(WorkerService.java:158)
	at java.util.concurrent.ThreadPoolExecutor.runWorker(ThreadPoolExecutor.java:1149)
	at java.util.concurrent.ThreadPoolExecutor$Worker.run(ThreadPoolExecutor.java:624)
	at java.lang.Thread.run(Thread.java:750)
2024-07-03 08:36:55,730 [myid:] - WARN  [NIOWorkerThread-10:o.a.z.s.NIOServerCnxn@397] - Close of session 0x0
java.io.IOException: ZooKeeperServer not running
	at org.apache.zookeeper.server.NIOServerCnxn.readLength(NIOServerCnxn.java:576)
	at org.apache.zookeeper.server.NIOServerCnxn.doIO(NIOServerCnxn.java:350)
	at org.apache.zookeeper.server.NIOServerCnxnFactory$IOWorkRequest.doWork(NIOServerCnxnFactory.java:519)
	at org.apache.zookeeper.server.WorkerService$ScheduledWorkRequest.run(WorkerService.java:158)
	at java.util.concurrent.ThreadPoolExecutor.runWorker(ThreadPoolExecutor.java:1149)
	at java.util.concurrent.ThreadPoolExecutor$Worker.run(ThreadPoolExecutor.java:624)
	at java.lang.Thread.run(Thread.java:750)
2024-07-03 08:36:57,005 [myid:] - WARN  [NIOWorkerThread-11:o.a.z.s.NIOServerCnxn@397] - Close of session 0x0
java.io.IOException: ZooKeeperServer not running
	at org.apache.zookeeper.server.NIOServerCnxn.readLength(NIOServerCnxn.java:576)
	at org.apache.zookeeper.server.NIOServerCnxn.doIO(NIOServerCnxn.java:350)
	at org.apache.zookeeper.server.NIOServerCnxnFactory$IOWorkRequest.doWork(NIOServerCnxnFactory.java:519)
	at org.apache.zookeeper.server.WorkerService$ScheduledWorkRequest.run(WorkerService.java:158)
	at java.util.concurrent.ThreadPoolExecutor.runWorker(ThreadPoolExecutor.java:1149)
	at java.util.concurrent.ThreadPoolExecutor$Worker.run(ThreadPoolExecutor.java:624)
	at java.lang.Thread.run(Thread.java:750)
2024-07-03 08:36:58,637 [myid:] - WARN  [NIOWorkerThread-12:o.a.z.s.NIOServerCnxn@397] - Close of session 0x0
java.io.IOException: ZooKeeperServer not running
	at org.apache.zookeeper.server.NIOServerCnxn.readLength(NIOServerCnxn.java:576)
	at org.apache.zookeeper.server.NIOServerCnxn.doIO(NIOServerCnxn.java:350)
	at org.apache.zookeeper.server.NIOServerCnxnFactory$IOWorkRequest.doWork(NIOServerCnxnFactory.java:519)
	at org.apache.zookeeper.server.WorkerService$ScheduledWorkRequest.run(WorkerService.java:158)
	at java.util.concurrent.ThreadPoolExecutor.runWorker(ThreadPoolExecutor.java:1149)
	at java.util.concurrent.ThreadPoolExecutor$Worker.run(ThreadPoolExecutor.java:624)
	at java.lang.Thread.run(Thread.java:750)
2024-07-03 08:37:00,420 [myid:] - WARN  [NIOWorkerThread-13:o.a.z.s.NIOServerCnxn@397] - Close of session 0x0
java.io.IOException: ZooKeeperServer not running
	at org.apache.zookeeper.server.NIOServerCnxn.readLength(NIOServerCnxn.java:576)
	at org.apache.zookeeper.server.NIOServerCnxn.doIO(NIOServerCnxn.java:350)
	at org.apache.zookeeper.server.NIOServerCnxnFactory$IOWorkRequest.doWork(NIOServerCnxnFactory.java:519)
	at org.apache.zookeeper.server.WorkerService$ScheduledWorkRequest.run(WorkerService.java:158)
	at java.util.concurrent.ThreadPoolExecutor.runWorker(ThreadPoolExecutor.java:1149)
	at java.util.concurrent.ThreadPoolExecutor$Worker.run(ThreadPoolExecutor.java:624)
	at java.lang.Thread.run(Thread.java:750)
2024-07-03 08:37:01,678 [myid:] - WARN  [NIOWorkerThread-14:o.a.z.s.NIOServerCnxn@397] - Close of session 0x0
java.io.IOException: ZooKeeperServer not running
	at org.apache.zookeeper.server.NIOServerCnxn.readLength(NIOServerCnxn.java:576)
	at org.apache.zookeeper.server.NIOServerCnxn.doIO(NIOServerCnxn.java:350)
	at org.apache.zookeeper.server.NIOServerCnxnFactory$IOWorkRequest.doWork(NIOServerCnxnFactory.java:519)
	at org.apache.zookeeper.server.WorkerService$ScheduledWorkRequest.run(WorkerService.java:158)
	at java.util.concurrent.ThreadPoolExecutor.runWorker(ThreadPoolExecutor.java:1149)
	at java.util.concurrent.ThreadPoolExecutor$Worker.run(ThreadPoolExecutor.java:624)
	at java.lang.Thread.run(Thread.java:750)
2024-07-03 08:37:03,418 [myid:] - WARN  [NIOWorkerThread-15:o.a.z.s.NIOServerCnxn@397] - Close of session 0x0
java.io.IOException: ZooKeeperServer not running
	at org.apache.zookeeper.server.NIOServerCnxn.readLength(NIOServerCnxn.java:576)
	at org.apache.zookeeper.server.NIOServerCnxn.doIO(NIOServerCnxn.java:350)
	at org.apache.zookeeper.server.NIOServerCnxnFactory$IOWorkRequest.doWork(NIOServerCnxnFactory.java:519)
	at org.apache.zookeeper.server.WorkerService$ScheduledWorkRequest.run(WorkerService.java:158)
	at java.util.concurrent.ThreadPoolExecutor.runWorker(ThreadPoolExecutor.java:1149)
	at java.util.concurrent.ThreadPoolExecutor$Worker.run(ThreadPoolExecutor.java:624)
	at java.lang.Thread.run(Thread.java:750)
2024-07-03 08:37:04,751 [myid:] - WARN  [NIOWorkerThread-16:o.a.z.s.NIOServerCnxn@397] - Close of session 0x0
java.io.IOException: ZooKeeperServer not running
	at org.apache.zookeeper.server.NIOServerCnxn.readLength(NIOServerCnxn.java:576)
	at org.apache.zookeeper.server.NIOServerCnxn.doIO(NIOServerCnxn.java:350)
	at org.apache.zookeeper.server.NIOServerCnxnFactory$IOWorkRequest.doWork(NIOServerCnxnFactory.java:519)
	at org.apache.zookeeper.server.WorkerService$ScheduledWorkRequest.run(WorkerService.java:158)
	at java.util.concurrent.ThreadPoolExecutor.runWorker(ThreadPoolExecutor.java:1149)
	at java.util.concurrent.ThreadPoolExecutor$Worker.run(ThreadPoolExecutor.java:624)
	at java.lang.Thread.run(Thread.java:750)
2024-07-03 08:37:06,555 [myid:] - WARN  [NIOWorkerThread-17:o.a.z.s.NIOServerCnxn@397] - Close of session 0x0
java.io.IOException: ZooKeeperServer not running
	at org.apache.zookeeper.server.NIOServerCnxn.readLength(NIOServerCnxn.java:576)
	at org.apache.zookeeper.server.NIOServerCnxn.doIO(NIOServerCnxn.java:350)
	at org.apache.zookeeper.server.NIOServerCnxnFactory$IOWorkRequest.doWork(NIOServerCnxnFactory.java:519)
	at org.apache.zookeeper.server.WorkerService$ScheduledWorkRequest.run(WorkerService.java:158)
	at java.util.concurrent.ThreadPoolExecutor.runWorker(ThreadPoolExecutor.java:1149)
	at java.util.concurrent.ThreadPoolExecutor$Worker.run(ThreadPoolExecutor.java:624)
	at java.lang.Thread.run(Thread.java:750)
2024-07-03 08:37:08,689 [myid:] - WARN  [NIOWorkerThread-18:o.a.z.s.NIOServerCnxn@397] - Close of session 0x0
java.io.IOException: ZooKeeperServer not running
	at org.apache.zookeeper.server.NIOServerCnxn.readLength(NIOServerCnxn.java:576)
	at org.apache.zookeeper.server.NIOServerCnxn.doIO(NIOServerCnxn.java:350)
	at org.apache.zookeeper.server.NIOServerCnxnFactory$IOWorkRequest.doWork(NIOServerCnxnFactory.java:519)
	at org.apache.zookeeper.server.WorkerService$ScheduledWorkRequest.run(WorkerService.java:158)
	at java.util.concurrent.ThreadPoolExecutor.runWorker(ThreadPoolExecutor.java:1149)
	at java.util.concurrent.ThreadPoolExecutor$Worker.run(ThreadPoolExecutor.java:624)
	at java.lang.Thread.run(Thread.java:750)
2024-07-03 08:37:10,265 [myid:] - WARN  [NIOWorkerThread-19:o.a.z.s.NIOServerCnxn@397] - Close of session 0x0
java.io.IOException: ZooKeeperServer not running
	at org.apache.zookeeper.server.NIOServerCnxn.readLength(NIOServerCnxn.java:576)
	at org.apache.zookeeper.server.NIOServerCnxn.doIO(NIOServerCnxn.java:350)
	at org.apache.zookeeper.server.NIOServerCnxnFactory$IOWorkRequest.doWork(NIOServerCnxnFactory.java:519)
	at org.apache.zookeeper.server.WorkerService$ScheduledWorkRequest.run(WorkerService.java:158)
	at java.util.concurrent.ThreadPoolExecutor.runWorker(ThreadPoolExecutor.java:1149)
	at java.util.concurrent.ThreadPoolExecutor$Worker.run(ThreadPoolExecutor.java:624)
	at java.lang.Thread.run(Thread.java:750)
2024-07-03 08:37:12,011 [myid:] - WARN  [NIOWorkerThread-20:o.a.z.s.NIOServerCnxn@397] - Close of session 0x0
java.io.IOException: ZooKeeperServer not running
	at org.apache.zookeeper.server.NIOServerCnxn.readLength(NIOServerCnxn.java:576)
	at org.apache.zookeeper.server.NIOServerCnxn.doIO(NIOServerCnxn.java:350)
	at org.apache.zookeeper.server.NIOServerCnxnFactory$IOWorkRequest.doWork(NIOServerCnxnFactory.java:519)
	at org.apache.zookeeper.server.WorkerService$ScheduledWorkRequest.run(WorkerService.java:158)
	at java.util.concurrent.ThreadPoolExecutor.runWorker(ThreadPoolExecutor.java:1149)
	at java.util.concurrent.ThreadPoolExecutor$Worker.run(ThreadPoolExecutor.java:624)
	at java.lang.Thread.run(Thread.java:750)
2024-07-03 08:37:13,867 [myid:] - WARN  [NIOWorkerThread-21:o.a.z.s.NIOServerCnxn@397] - Close of session 0x0
java.io.IOException: ZooKeeperServer not running
	at org.apache.zookeeper.server.NIOServerCnxn.readLength(NIOServerCnxn.java:576)
	at org.apache.zookeeper.server.NIOServerCnxn.doIO(NIOServerCnxn.java:350)
	at org.apache.zookeeper.server.NIOServerCnxnFactory$IOWorkRequest.doWork(NIOServerCnxnFactory.java:519)
	at org.apache.zookeeper.server.WorkerService$ScheduledWorkRequest.run(WorkerService.java:158)
	at java.util.concurrent.ThreadPoolExecutor.runWorker(ThreadPoolExecutor.java:1149)
	at java.util.concurrent.ThreadPoolExecutor$Worker.run(ThreadPoolExecutor.java:624)
	at java.lang.Thread.run(Thread.java:750)
2024-07-03 08:37:15,320 [myid:] - WARN  [NIOWorkerThread-22:o.a.z.s.NIOServerCnxn@397] - Close of session 0x0
java.io.IOException: ZooKeeperServer not running
	at org.apache.zookeeper.server.NIOServerCnxn.readLength(NIOServerCnxn.java:576)
	at org.apache.zookeeper.server.NIOServerCnxn.doIO(NIOServerCnxn.java:350)
	at org.apache.zookeeper.server.NIOServerCnxnFactory$IOWorkRequest.doWork(NIOServerCnxnFactory.java:519)
	at org.apache.zookeeper.server.WorkerService$ScheduledWorkRequest.run(WorkerService.java:158)
	at java.util.concurrent.ThreadPoolExecutor.runWorker(ThreadPoolExecutor.java:1149)
	at java.util.concurrent.ThreadPoolExecutor$Worker.run(ThreadPoolExecutor.java:624)
	at java.lang.Thread.run(Thread.java:750)
2024-07-03 08:37:16,857 [myid:] - WARN  [NIOWorkerThread-23:o.a.z.s.NIOServerCnxn@397] - Close of session 0x0
java.io.IOException: ZooKeeperServer not running
	at org.apache.zookeeper.server.NIOServerCnxn.readLength(NIOServerCnxn.java:576)
	at org.apache.zookeeper.server.NIOServerCnxn.doIO(NIOServerCnxn.java:350)
	at org.apache.zookeeper.server.NIOServerCnxnFactory$IOWorkRequest.doWork(NIOServerCnxnFactory.java:519)
	at org.apache.zookeeper.server.WorkerService$ScheduledWorkRequest.run(WorkerService.java:158)
	at java.util.concurrent.ThreadPoolExecutor.runWorker(ThreadPoolExecutor.java:1149)
	at java.util.concurrent.ThreadPoolExecutor$Worker.run(ThreadPoolExecutor.java:624)
	at java.lang.Thread.run(Thread.java:750)
2024-07-03 08:37:18,387 [myid:] - WARN  [NIOWorkerThread-24:o.a.z.s.NIOServerCnxn@397] - Close of session 0x0
java.io.IOException: ZooKeeperServer not running
	at org.apache.zookeeper.server.NIOServerCnxn.readLength(NIOServerCnxn.java:576)
	at org.apache.zookeeper.server.NIOServerCnxn.doIO(NIOServerCnxn.java:350)
	at org.apache.zookeeper.server.NIOServerCnxnFactory$IOWorkRequest.doWork(NIOServerCnxnFactory.java:519)
	at org.apache.zookeeper.server.WorkerService$ScheduledWorkRequest.run(WorkerService.java:158)
	at java.util.concurrent.ThreadPoolExecutor.runWorker(ThreadPoolExecutor.java:1149)
	at java.util.concurrent.ThreadPoolExecutor$Worker.run(ThreadPoolExecutor.java:624)
	at java.lang.Thread.run(Thread.java:750)
2024-07-03 08:37:20,401 [myid:] - WARN  [NIOWorkerThread-25:o.a.z.s.NIOServerCnxn@397] - Close of session 0x0
java.io.IOException: ZooKeeperServer not running
	at org.apache.zookeeper.server.NIOServerCnxn.readLength(NIOServerCnxn.java:576)
	at org.apache.zookeeper.server.NIOServerCnxn.doIO(NIOServerCnxn.java:350)
	at org.apache.zookeeper.server.NIOServerCnxnFactory$IOWorkRequest.doWork(NIOServerCnxnFactory.java:519)
	at org.apache.zookeeper.server.WorkerService$ScheduledWorkRequest.run(WorkerService.java:158)
	at java.util.concurrent.ThreadPoolExecutor.runWorker(ThreadPoolExecutor.java:1149)
	at java.util.concurrent.ThreadPoolExecutor$Worker.run(ThreadPoolExecutor.java:624)
	at java.lang.Thread.run(Thread.java:750)
2024-07-03 08:37:21,934 [myid:] - WARN  [NIOWorkerThread-26:o.a.z.s.NIOServerCnxn@397] - Close of session 0x0
java.io.IOException: ZooKeeperServer not running
	at org.apache.zookeeper.server.NIOServerCnxn.readLength(NIOServerCnxn.java:576)
	at org.apache.zookeeper.server.NIOServerCnxn.doIO(NIOServerCnxn.java:350)
	at org.apache.zookeeper.server.NIOServerCnxnFactory$IOWorkRequest.doWork(NIOServerCnxnFactory.java:519)
	at org.apache.zookeeper.server.WorkerService$ScheduledWorkRequest.run(WorkerService.java:158)
	at java.util.concurrent.ThreadPoolExecutor.runWorker(ThreadPoolExecutor.java:1149)
	at java.util.concurrent.ThreadPoolExecutor$Worker.run(ThreadPoolExecutor.java:624)
	at java.lang.Thread.run(Thread.java:750)
2024-07-03 08:37:23,821 [myid:] - WARN  [NIOWorkerThread-27:o.a.z.s.NIOServerCnxn@397] - Close of session 0x0
java.io.IOException: ZooKeeperServer not running
	at org.apache.zookeeper.server.NIOServerCnxn.readLength(NIOServerCnxn.java:576)
	at org.apache.zookeeper.server.NIOServerCnxn.doIO(NIOServerCnxn.java:350)
	at org.apache.zookeeper.server.NIOServerCnxnFactory$IOWorkRequest.doWork(NIOServerCnxnFactory.java:519)
	at org.apache.zookeeper.server.WorkerService$ScheduledWorkRequest.run(WorkerService.java:158)
	at java.util.concurrent.ThreadPoolExecutor.runWorker(ThreadPoolExecutor.java:1149)
	at java.util.concurrent.ThreadPoolExecutor$Worker.run(ThreadPoolExecutor.java:624)
	at java.lang.Thread.run(Thread.java:750)
2024-07-03 08:37:25,488 [myid:] - WARN  [NIOWorkerThread-28:o.a.z.s.NIOServerCnxn@397] - Close of session 0x0
java.io.IOException: ZooKeeperServer not running
	at org.apache.zookeeper.server.NIOServerCnxn.readLength(NIOServerCnxn.java:576)
	at org.apache.zookeeper.server.NIOServerCnxn.doIO(NIOServerCnxn.java:350)
	at org.apache.zookeeper.server.NIOServerCnxnFactory$IOWorkRequest.doWork(NIOServerCnxnFactory.java:519)
	at org.apache.zookeeper.server.WorkerService$ScheduledWorkRequest.run(WorkerService.java:158)
	at java.util.concurrent.ThreadPoolExecutor.runWorker(ThreadPoolExecutor.java:1149)
	at java.util.concurrent.ThreadPoolExecutor$Worker.run(ThreadPoolExecutor.java:624)
	at java.lang.Thread.run(Thread.java:750)
2024-07-03 08:37:27,378 [myid:] - WARN  [NIOWorkerThread-29:o.a.z.s.NIOServerCnxn@397] - Close of session 0x0
java.io.IOException: ZooKeeperServer not running
	at org.apache.zookeeper.server.NIOServerCnxn.readLength(NIOServerCnxn.java:576)
	at org.apache.zookeeper.server.NIOServerCnxn.doIO(NIOServerCnxn.java:350)
	at org.apache.zookeeper.server.NIOServerCnxnFactory$IOWorkRequest.doWork(NIOServerCnxnFactory.java:519)
	at org.apache.zookeeper.server.WorkerService$ScheduledWorkRequest.run(WorkerService.java:158)
	at java.util.concurrent.ThreadPoolExecutor.runWorker(ThreadPoolExecutor.java:1149)
	at java.util.concurrent.ThreadPoolExecutor$Worker.run(ThreadPoolExecutor.java:624)
	at java.lang.Thread.run(Thread.java:750)
2024-07-03 08:37:29,491 [myid:] - WARN  [NIOWorkerThread-30:o.a.z.s.NIOServerCnxn@397] - Close of session 0x0
java.io.IOException: ZooKeeperServer not running
	at org.apache.zookeeper.server.NIOServerCnxn.readLength(NIOServerCnxn.java:576)
	at org.apache.zookeeper.server.NIOServerCnxn.doIO(NIOServerCnxn.java:350)
	at org.apache.zookeeper.server.NIOServerCnxnFactory$IOWorkRequest.doWork(NIOServerCnxnFactory.java:519)
	at org.apache.zookeeper.server.WorkerService$ScheduledWorkRequest.run(WorkerService.java:158)
	at java.util.concurrent.ThreadPoolExecutor.runWorker(ThreadPoolExecutor.java:1149)
	at java.util.concurrent.ThreadPoolExecutor$Worker.run(ThreadPoolExecutor.java:624)
	at java.lang.Thread.run(Thread.java:750)
2024-07-03 08:37:31,625 [myid:] - WARN  [NIOWorkerThread-31:o.a.z.s.NIOServerCnxn@397] - Close of session 0x0
java.io.IOException: ZooKeeperServer not running
	at org.apache.zookeeper.server.NIOServerCnxn.readLength(NIOServerCnxn.java:576)
	at org.apache.zookeeper.server.NIOServerCnxn.doIO(NIOServerCnxn.java:350)
	at org.apache.zookeeper.server.NIOServerCnxnFactory$IOWorkRequest.doWork(NIOServerCnxnFactory.java:519)
	at org.apache.zookeeper.server.WorkerService$ScheduledWorkRequest.run(WorkerService.java:158)
	at java.util.concurrent.ThreadPoolExecutor.runWorker(ThreadPoolExecutor.java:1149)
	at java.util.concurrent.ThreadPoolExecutor$Worker.run(ThreadPoolExecutor.java:624)
	at java.lang.Thread.run(Thread.java:750)
2024-07-03 08:37:33,478 [myid:] - WARN  [NIOWorkerThread-32:o.a.z.s.NIOServerCnxn@397] - Close of session 0x0
java.io.IOException: ZooKeeperServer not running
	at org.apache.zookeeper.server.NIOServerCnxn.readLength(NIOServerCnxn.java:576)
	at org.apache.zookeeper.server.NIOServerCnxn.doIO(NIOServerCnxn.java:350)
	at org.apache.zookeeper.server.NIOServerCnxnFactory$IOWorkRequest.doWork(NIOServerCnxnFactory.java:519)
	at org.apache.zookeeper.server.WorkerService$ScheduledWorkRequest.run(WorkerService.java:158)
	at java.util.concurrent.ThreadPoolExecutor.runWorker(ThreadPoolExecutor.java:1149)
	at java.util.concurrent.ThreadPoolExecutor$Worker.run(ThreadPoolExecutor.java:624)
	at java.lang.Thread.run(Thread.java:750)
2024-07-03 08:37:35,608 [myid:] - WARN  [NIOWorkerThread-33:o.a.z.s.NIOServerCnxn@397] - Close of session 0x0
java.io.IOException: ZooKeeperServer not running
	at org.apache.zookeeper.server.NIOServerCnxn.readLength(NIOServerCnxn.java:576)
	at org.apache.zookeeper.server.NIOServerCnxn.doIO(NIOServerCnxn.java:350)
	at org.apache.zookeeper.server.NIOServerCnxnFactory$IOWorkRequest.doWork(NIOServerCnxnFactory.java:519)
	at org.apache.zookeeper.server.WorkerService$ScheduledWorkRequest.run(WorkerService.java:158)
	at java.util.concurrent.ThreadPoolExecutor.runWorker(ThreadPoolExecutor.java:1149)
	at java.util.concurrent.ThreadPoolExecutor$Worker.run(ThreadPoolExecutor.java:624)
	at java.lang.Thread.run(Thread.java:750)
2024-07-03 08:37:37,044 [myid:] - WARN  [NIOWorkerThread-34:o.a.z.s.NIOServerCnxn@397] - Close of session 0x0
java.io.IOException: ZooKeeperServer not running
	at org.apache.zookeeper.server.NIOServerCnxn.readLength(NIOServerCnxn.java:576)
	at org.apache.zookeeper.server.NIOServerCnxn.doIO(NIOServerCnxn.java:350)
	at org.apache.zookeeper.server.NIOServerCnxnFactory$IOWorkRequest.doWork(NIOServerCnxnFactory.java:519)
	at org.apache.zookeeper.server.WorkerService$ScheduledWorkRequest.run(WorkerService.java:158)
	at java.util.concurrent.ThreadPoolExecutor.runWorker(ThreadPoolExecutor.java:1149)
	at java.util.concurrent.ThreadPoolExecutor$Worker.run(ThreadPoolExecutor.java:624)
	at java.lang.Thread.run(Thread.java:750)
2024-07-03 08:37:37,220 [myid:] - INFO  [QuorumPeer[myid=2](plain=0.0.0.0:2181)(secure=disabled):o.a.z.s.q.QuorumPeer@925] - Peer state changed: following - synchronization
2024-07-03 08:37:37,230 [myid:] - INFO  [QuorumPeer[myid=2](plain=0.0.0.0:2181)(secure=disabled):o.a.z.s.q.CommitProcessor@489] - Configuring CommitProcessor with readBatchSize -1 commitBatchSize 1
2024-07-03 08:37:37,230 [myid:] - INFO  [QuorumPeer[myid=2](plain=0.0.0.0:2181)(secure=disabled):o.a.z.s.q.CommitProcessor@450] - Configuring CommitProcessor with 112 worker threads.
2024-07-03 08:37:37,231 [myid:] - INFO  [QuorumPeer[myid=2](plain=0.0.0.0:2181)(secure=disabled):o.a.z.s.q.FollowerRequestProcessor@59] - Initialized FollowerRequestProcessor with zookeeper.follower.skipLearnerRequestToNextProcessor as false
2024-07-03 08:37:37,233 [myid:] - INFO  [QuorumPeer[myid=2](plain=0.0.0.0:2181)(secure=disabled):o.a.z.s.RequestThrottler@75] - zookeeper.request_throttler.shutdownTimeout = 10000 ms
2024-07-03 08:37:37,247 [myid:] - WARN  [QuorumPeer[myid=2](plain=0.0.0.0:2181)(secure=disabled):o.a.z.s.q.Learner@633] - Got zxid 0x100000001 expected 0x1
2024-07-03 08:37:37,351 [myid:] - WARN  [QuorumPeer[myid=2](plain=0.0.0.0:2181)(secure=disabled):o.a.z.s.q.Follower@128] - Exception when following the leader
java.io.EOFException: null
	at java.io.DataInputStream.readInt(DataInputStream.java:392)
	at org.apache.jute.BinaryInputArchive.readInt(BinaryInputArchive.java:96)
	at org.apache.zookeeper.server.quorum.QuorumPacket.deserialize(QuorumPacket.java:86)
	at org.apache.jute.BinaryInputArchive.readRecord(BinaryInputArchive.java:134)
	at org.apache.zookeeper.server.quorum.Learner.readPacket(Learner.java:228)
	at org.apache.zookeeper.server.quorum.Learner.syncWithLeader(Learner.java:624)
	at org.apache.zookeeper.server.quorum.Follower.followLeader(Follower.java:108)
	at org.apache.zookeeper.server.quorum.QuorumPeer.run(QuorumPeer.java:1556)
2024-07-03 08:37:37,351 [myid:] - INFO  [QuorumPeer[myid=2](plain=0.0.0.0:2181)(secure=disabled):o.a.z.s.q.Follower@142] - Disconnected from leader (with address: /172.30.0.4:2888). Was connected for 60255ms. Sync state: false
2024-07-03 08:37:37,352 [myid:] - INFO  [QuorumPeer[myid=2](plain=0.0.0.0:2181)(secure=disabled):o.a.z.s.q.Follower@286] - shutdown Follower
2024-07-03 08:37:37,352 [myid:] - INFO  [QuorumPeer[myid=2](plain=0.0.0.0:2181)(secure=disabled):o.a.z.s.q.QuorumPeer@920] - Peer state changed: looking
2024-07-03 08:37:37,352 [myid:] - WARN  [QuorumPeer[myid=2](plain=0.0.0.0:2181)(secure=disabled):o.a.z.s.q.QuorumPeer@1602] - PeerState set to LOOKING
2024-07-03 08:37:37,352 [myid:] - INFO  [QuorumPeer[myid=2](plain=0.0.0.0:2181)(secure=disabled):o.a.z.s.q.QuorumPeer@1471] - LOOKING
2024-07-03 08:37:37,352 [myid:] - INFO  [QuorumPeer[myid=2](plain=0.0.0.0:2181)(secure=disabled):o.a.z.s.q.FastLeaderElection@946] - New election. My id = 2, proposed zxid=0x0
2024-07-03 08:37:37,377 [myid:] - INFO  [WorkerReceiver[myid=2]:o.a.z.s.q.FastLeaderElection$Messenger$WorkerReceiver@391] - Notification: my state:LOOKING; n.sid:2, n.state:LOOKING, n.leader:2, n.round:0x2, n.peerEpoch:0x1, n.zxid:0x0, message format version:0x2, n.config version:0x0
2024-07-03 08:37:37,395 [myid:] - INFO  [WorkerReceiver[myid=2]:o.a.z.s.q.FastLeaderElection$Messenger$WorkerReceiver@391] - Notification: my state:LOOKING; n.sid:1, n.state:FOLLOWING, n.leader:3, n.round:0x1, n.peerEpoch:0x1, n.zxid:0x0, message format version:0x2, n.config version:0x0
2024-07-03 08:37:37,405 [myid:] - INFO  [WorkerReceiver[myid=2]:o.a.z.s.q.FastLeaderElection$Messenger$WorkerReceiver@391] - Notification: my state:LOOKING; n.sid:3, n.state:LEADING, n.leader:3, n.round:0x1, n.peerEpoch:0x1, n.zxid:0x0, message format version:0x2, n.config version:0x0
2024-07-03 08:37:37,406 [myid:] - INFO  [QuorumPeer[myid=2](plain=0.0.0.0:2181)(secure=disabled):o.a.z.s.q.QuorumPeer@906] - Peer state changed: following
2024-07-03 08:37:37,406 [myid:] - INFO  [QuorumPeer[myid=2](plain=0.0.0.0:2181)(secure=disabled):o.a.z.s.q.QuorumPeer@1554] - FOLLOWING
2024-07-03 08:37:37,406 [myid:] - INFO  [QuorumPeer[myid=2](plain=0.0.0.0:2181)(secure=disabled):o.a.z.s.AuthenticationHelper@66] - zookeeper.enforce.auth.enabled = false
2024-07-03 08:37:37,406 [myid:] - INFO  [QuorumPeer[myid=2](plain=0.0.0.0:2181)(secure=disabled):o.a.z.s.AuthenticationHelper@67] - zookeeper.enforce.auth.schemes = []
2024-07-03 08:37:37,407 [myid:] - INFO  [QuorumPeer[myid=2](plain=0.0.0.0:2181)(secure=disabled):o.a.z.s.ZooKeeperServer@1406] - minSessionTimeout set to 4000 ms
2024-07-03 08:37:37,407 [myid:] - INFO  [QuorumPeer[myid=2](plain=0.0.0.0:2181)(secure=disabled):o.a.z.s.ZooKeeperServer@1415] - maxSessionTimeout set to 40000 ms
2024-07-03 08:37:37,407 [myid:] - INFO  [QuorumPeer[myid=2](plain=0.0.0.0:2181)(secure=disabled):o.a.z.s.ResponseCache@45] - getData response cache size is initialized with value 400.
2024-07-03 08:37:37,407 [myid:] - INFO  [QuorumPeer[myid=2](plain=0.0.0.0:2181)(secure=disabled):o.a.z.s.ResponseCache@45] - getChildren response cache size is initialized with value 400.
2024-07-03 08:37:37,407 [myid:] - INFO  [QuorumPeer[myid=2](plain=0.0.0.0:2181)(secure=disabled):o.a.z.s.u.RequestPathMetricsCollector@109] - zookeeper.pathStats.slotCapacity = 60
2024-07-03 08:37:37,407 [myid:] - INFO  [QuorumPeer[myid=2](plain=0.0.0.0:2181)(secure=disabled):o.a.z.s.u.RequestPathMetricsCollector@110] - zookeeper.pathStats.slotDuration = 15
2024-07-03 08:37:37,407 [myid:] - INFO  [QuorumPeer[myid=2](plain=0.0.0.0:2181)(secure=disabled):o.a.z.s.u.RequestPathMetricsCollector@111] - zookeeper.pathStats.maxDepth = 6
2024-07-03 08:37:37,407 [myid:] - INFO  [QuorumPeer[myid=2](plain=0.0.0.0:2181)(secure=disabled):o.a.z.s.u.RequestPathMetricsCollector@112] - zookeeper.pathStats.initialDelay = 5
2024-07-03 08:37:37,407 [myid:] - INFO  [QuorumPeer[myid=2](plain=0.0.0.0:2181)(secure=disabled):o.a.z.s.u.RequestPathMetricsCollector@113] - zookeeper.pathStats.delay = 5
2024-07-03 08:37:37,407 [myid:] - INFO  [QuorumPeer[myid=2](plain=0.0.0.0:2181)(secure=disabled):o.a.z.s.u.RequestPathMetricsCollector@114] - zookeeper.pathStats.enabled = false
2024-07-03 08:37:37,407 [myid:] - INFO  [QuorumPeer[myid=2](plain=0.0.0.0:2181)(secure=disabled):o.a.z.s.ZooKeeperServer@1631] - The max bytes for all large requests are set to 104857600
2024-07-03 08:37:37,407 [myid:] - INFO  [QuorumPeer[myid=2](plain=0.0.0.0:2181)(secure=disabled):o.a.z.s.ZooKeeperServer@1645] - The large request threshold is set to -1
2024-07-03 08:37:37,408 [myid:] - INFO  [QuorumPeer[myid=2](plain=0.0.0.0:2181)(secure=disabled):o.a.z.s.ZooKeeperServer@385] - Created server with tickTime 2000 ms minSessionTimeout 4000 ms maxSessionTimeout 40000 ms clientPortListenBacklog -1 datadir /apache-zookeeper-3.10.0-SNAPSHOT-bin/logs/version-2 snapdir /apache-zookeeper-3.10.0-SNAPSHOT-bin/data/version-2
2024-07-03 08:37:37,408 [myid:] - INFO  [QuorumPeer[myid=2](plain=0.0.0.0:2181)(secure=disabled):o.a.z.s.q.Follower@77] - FOLLOWING - LEADER ELECTION TOOK - 56 MS
2024-07-03 08:37:37,408 [myid:] - INFO  [QuorumPeer[myid=2](plain=0.0.0.0:2181)(secure=disabled):o.a.z.s.q.QuorumPeer@920] - Peer state changed: following - discovery
2024-07-03 08:37:37,412 [myid:] - INFO  [LeaderConnector-/172.30.0.4:2888:o.a.z.s.q.Learner$LeaderConnector@380] - Successfully connected to leader, using address: /172.30.0.4:2888
2024-07-03 08:37:37,423 [myid:] - INFO  [QuorumPeer[myid=2](plain=0.0.0.0:2181)(secure=disabled):o.a.z.s.q.QuorumPeer@920] - Peer state changed: following - synchronization
2024-07-03 08:37:37,434 [myid:] - INFO  [QuorumPeer[myid=2](plain=0.0.0.0:2181)(secure=disabled):o.a.z.s.q.QuorumPeer@925] - Peer state changed: following - synchronization - snap
2024-07-03 08:37:37,434 [myid:] - INFO  [QuorumPeer[myid=2](plain=0.0.0.0:2181)(secure=disabled):o.a.z.s.q.Learner@572] - Getting a snapshot from leader 0x100000068
2024-07-03 08:37:37,435 [myid:] - INFO  [QuorumPeer[myid=2](plain=0.0.0.0:2181)(secure=disabled):o.a.z.s.w.WatchManagerFactory@42] - Using org.apache.zookeeper.server.watch.WatchManager as watch manager
2024-07-03 08:37:37,436 [myid:] - INFO  [QuorumPeer[myid=2](plain=0.0.0.0:2181)(secure=disabled):o.a.z.s.w.WatchManagerFactory@42] - Using org.apache.zookeeper.server.watch.WatchManager as watch manager
deserialize:
aclIndex:15
2024-07-03 08:37:37,491 [myid:] - INFO  [QuorumPeer[myid=2](plain=0.0.0.0:2181)(secure=disabled):o.a.z.s.q.Learner@733] - Learner received NEWLEADER message
2024-07-03 08:37:37,499 [myid:] - INFO  [QuorumPeer[myid=2](plain=0.0.0.0:2181)(secure=disabled):o.a.z.s.q.QuorumPeer@1909] - Dynamic reconfig is disabled, we don't store the last seen config.
2024-07-03 08:37:37,500 [myid:] - INFO  [QuorumPeer[myid=2](plain=0.0.0.0:2181)(secure=disabled):o.a.z.s.p.FileTxnSnapLog@480] - Snapshotting: 0x100000068 to /apache-zookeeper-3.10.0-SNAPSHOT-bin/data/version-2/snapshot.100000068
2024-07-03 08:37:37,524 [myid:] - INFO  [QuorumPeer[myid=2](plain=0.0.0.0:2181)(secure=disabled):o.a.z.s.ZooKeeperServer@589] - Snapshot taken in 25 ms
2024-07-03 08:37:37,526 [myid:] - INFO  [QuorumPeer[myid=2](plain=0.0.0.0:2181)(secure=disabled):o.a.z.s.q.QuorumPeer@925] - Peer state changed: following - synchronization
2024-07-03 08:37:37,527 [myid:] - INFO  [QuorumPeer[myid=2](plain=0.0.0.0:2181)(secure=disabled):o.a.z.s.q.CommitProcessor@489] - Configuring CommitProcessor with readBatchSize -1 commitBatchSize 1
2024-07-03 08:37:37,527 [myid:] - INFO  [QuorumPeer[myid=2](plain=0.0.0.0:2181)(secure=disabled):o.a.z.s.q.CommitProcessor@450] - Configuring CommitProcessor with 112 worker threads.
2024-07-03 08:37:37,527 [myid:] - INFO  [QuorumPeer[myid=2](plain=0.0.0.0:2181)(secure=disabled):o.a.z.s.q.FollowerRequestProcessor@59] - Initialized FollowerRequestProcessor with zookeeper.follower.skipLearnerRequestToNextProcessor as false
2024-07-03 08:37:37,528 [myid:] - WARN  [QuorumPeer[myid=2](plain=0.0.0.0:2181)(secure=disabled):o.a.z.j.MBeanRegistry@110] - Failed to register MBean InMemoryDataTree
2024-07-03 08:37:37,528 [myid:] - WARN  [QuorumPeer[myid=2](plain=0.0.0.0:2181)(secure=disabled):o.a.z.s.q.LearnerZooKeeperServer@104] - Failed to register with JMX
javax.management.InstanceAlreadyExistsException: org.apache.ZooKeeperService:name0=ReplicatedServer_id2,name1=replica.2,name2=Follower,name3=InMemoryDataTree
	at com.sun.jmx.mbeanserver.Repository.addMBean(Repository.java:437)
	at com.sun.jmx.interceptor.DefaultMBeanServerInterceptor.registerWithRepository(DefaultMBeanServerInterceptor.java:1898)
	at com.sun.jmx.interceptor.DefaultMBeanServerInterceptor.registerDynamicMBean(DefaultMBeanServerInterceptor.java:966)
	at com.sun.jmx.interceptor.DefaultMBeanServerInterceptor.registerObject(DefaultMBeanServerInterceptor.java:900)
	at com.sun.jmx.interceptor.DefaultMBeanServerInterceptor.registerMBean(DefaultMBeanServerInterceptor.java:324)
	at com.sun.jmx.mbeanserver.JmxMBeanServer.registerMBean(JmxMBeanServer.java:522)
	at org.apache.zookeeper.jmx.MBeanRegistry.register(MBeanRegistry.java:106)
	at org.apache.zookeeper.server.quorum.LearnerZooKeeperServer.registerJMX(LearnerZooKeeperServer.java:102)
	at org.apache.zookeeper.server.ZooKeeperServer.startupWithServerState(ZooKeeperServer.java:817)
	at org.apache.zookeeper.server.ZooKeeperServer.startupWithoutServing(ZooKeeperServer.java:800)
	at org.apache.zookeeper.server.quorum.Learner.syncWithLeader(Learner.java:756)
	at org.apache.zookeeper.server.quorum.Follower.followLeader(Follower.java:108)
	at org.apache.zookeeper.server.quorum.QuorumPeer.run(QuorumPeer.java:1556)
2024-07-03 08:37:37,532 [myid:] - INFO  [QuorumPeer[myid=2](plain=0.0.0.0:2181)(secure=disabled):o.a.z.s.q.Learner@717] - Learner received UPTODATE message
2024-07-03 08:37:37,533 [myid:] - INFO  [QuorumPeer[myid=2](plain=0.0.0.0:2181)(secure=disabled):o.a.z.s.q.QuorumPeer@920] - Peer state changed: following - broadcast
2024-07-03 08:37:38,431 [myid:] - WARN  [QuorumPeer[myid=2](plain=0.0.0.0:2181)(secure=disabled):o.a.z.s.q.Follower@169] - Got zxid 0x100000069 expected 0x1
2024-07-03 08:37:38,432 [myid:] - INFO  [SyncThread:2:o.a.z.s.p.FileTxnLog@284] - Creating new log file: log.100000069
2024-07-03 08:37:38,444 [myid:] - INFO  [CommitProcessor:2:o.a.z.s.q.LearnerSessionTracker@116] - Committing global session 0x2004d77a8460000
2024-07-03 08:37:42,631 [myid:] - INFO  [NIOWorkerThread-169:o.a.z.s.NIOServerCnxn@340] - Unable to read additional data from client, it probably closed the socket: address = /127.0.0.1:40770, session = 0x2004d77a8460000
