ZooKeeper Transactional Log File with dbid 0 txnlog format version 2
2024-07-03 08:35:21,939 [myid:] - INFO  [main:o.a.z.ZookeeperBanner@42] - 
2024-07-03 08:35:21,940 [myid:] - INFO  [main:o.a.z.ZookeeperBanner@42] -   ______                  _                                          
2024-07-03 08:35:21,941 [myid:] - INFO  [main:o.a.z.ZookeeperBanner@42] -  |___  /                 | |                                         
2024-07-03 08:35:21,941 [myid:] - INFO  [main:o.a.z.ZookeeperBanner@42] -     / /    ___     ___   | | __   ___    ___   _ __     ___   _ __   
2024-07-03 08:35:21,941 [myid:] - INFO  [main:o.a.z.ZookeeperBanner@42] -    / /    / _ \   / _ \  | |/ /  / _ \  / _ \ | '_ \   / _ \ | '__|
2024-07-03 08:35:21,941 [myid:] - INFO  [main:o.a.z.ZookeeperBanner@42] -   / /__  | (_) | | (_) | |   <  |  __/ |  __/ | |_) | |  __/ | |    
2024-07-03 08:35:21,941 [myid:] - INFO  [main:o.a.z.ZookeeperBanner@42] -  /_____|  \___/   \___/  |_|\_\  \___|  \___| | .__/   \___| |_|
2024-07-03 08:35:21,941 [myid:] - INFO  [main:o.a.z.ZookeeperBanner@42] -                                               | |                     
2024-07-03 08:35:21,941 [myid:] - INFO  [main:o.a.z.ZookeeperBanner@42] -                                               |_|                     
2024-07-03 08:35:21,941 [myid:] - INFO  [main:o.a.z.ZookeeperBanner@42] - 
2024-07-03 08:35:21,943 [myid:] - INFO  [main:o.a.z.Environment@98] - Server environment:zookeeper.version=3.10.0-SNAPSHOT-317eb2cb1cb10b80a2c2f8bc3cc1cc74493a0106-dirty, built on 2024-07-01 02:08 UTC
2024-07-03 08:35:21,944 [myid:] - INFO  [main:o.a.z.Environment@98] - Server environment:host.name=35b030a92239
2024-07-03 08:35:21,944 [myid:] - INFO  [main:o.a.z.Environment@98] - Server environment:java.version=1.8.0_362
2024-07-03 08:35:21,944 [myid:] - INFO  [main:o.a.z.Environment@98] - Server environment:java.vendor=Private Build
2024-07-03 08:35:21,944 [myid:] - INFO  [main:o.a.z.Environment@98] - Server environment:java.home=/usr/lib/jvm/java-8-openjdk-amd64/jre
2024-07-03 08:35:21,944 [myid:] - INFO  [main:o.a.z.Environment@98] - Server environment:java.class.path=/apache-zookeeper-3.10.0-SNAPSHOT-bin/bin/../zookeeper-metrics-providers/zookeeper-prometheus-metrics/target/classes:/apache-zookeeper-3.10.0-SNAPSHOT-bin/bin/../zookeeper-server/target/classes:/apache-zookeeper-3.10.0-SNAPSHOT-bin/bin/../build/classes:/apache-zookeeper-3.10.0-SNAPSHOT-bin/bin/../zookeeper-metrics-providers/zookeeper-prometheus-metrics/target/lib/*.jar:/apache-zookeeper-3.10.0-SNAPSHOT-bin/bin/../zookeeper-server/target/lib/*.jar:/apache-zookeeper-3.10.0-SNAPSHOT-bin/bin/../build/lib/*.jar:/apache-zookeeper-3.10.0-SNAPSHOT-bin/bin/../lib/zookeeper-prometheus-metrics-3.10.0-SNAPSHOT.jar:/apache-zookeeper-3.10.0-SNAPSHOT-bin/bin/../lib/zookeeper-jute-3.10.0-SNAPSHOT.jar:/apache-zookeeper-3.10.0-SNAPSHOT-bin/bin/../lib/zookeeper-3.10.0-SNAPSHOT.jar:/apache-zookeeper-3.10.0-SNAPSHOT-bin/bin/../lib/snappy-java-1.1.10.5.jar:/apache-zookeeper-3.10.0-SNAPSHOT-bin/bin/../lib/slf4j-api-1.7.30.jar:/apache-zookeeper-3.10.0-SNAPSHOT-bin/bin/../lib/simpleclient_servlet-0.9.0.jar:/apache-zookeeper-3.10.0-SNAPSHOT-bin/bin/../lib/simpleclient_hotspot-0.9.0.jar:/apache-zookeeper-3.10.0-SNAPSHOT-bin/bin/../lib/simpleclient_common-0.9.0.jar:/apache-zookeeper-3.10.0-SNAPSHOT-bin/bin/../lib/simpleclient-0.9.0.jar:/apache-zookeeper-3.10.0-SNAPSHOT-bin/bin/../lib/netty-transport-native-unix-common-4.1.94.Final.jar:/apache-zookeeper-3.10.0-SNAPSHOT-bin/bin/../lib/netty-transport-native-epoll-4.1.94.Final-linux-x86_64.jar:/apache-zookeeper-3.10.0-SNAPSHOT-bin/bin/../lib/netty-transport-classes-epoll-4.1.94.Final.jar:/apache-zookeeper-3.10.0-SNAPSHOT-bin/bin/../lib/netty-transport-4.1.94.Final.jar:/apache-zookeeper-3.10.0-SNAPSHOT-bin/bin/../lib/netty-tcnative-classes-2.0.61.Final.jar:/apache-zookeeper-3.10.0-SNAPSHOT-bin/bin/../lib/netty-tcnative-boringssl-static-2.0.61.Final.jar:/apache-zookeeper-3.10.0-SNAPSHOT-bin/bin/../lib/netty-tcnative-boringssl-static-2.0.61.Final-windows-x86_64.jar:/apache-zookeeper-3.10.0-SNAPSHOT-bin/bin/../lib/netty-tcnative-boringssl-static-2.0.61.Final-osx-x86_64.jar:/apache-zookeeper-3.10.0-SNAPSHOT-bin/bin/../lib/netty-tcnative-boringssl-static-2.0.61.Final-osx-aarch_64.jar:/apache-zookeeper-3.10.0-SNAPSHOT-bin/bin/../lib/netty-tcnative-boringssl-static-2.0.61.Final-linux-x86_64.jar:/apache-zookeeper-3.10.0-SNAPSHOT-bin/bin/../lib/netty-tcnative-boringssl-static-2.0.61.Final-linux-aarch_64.jar:/apache-zookeeper-3.10.0-SNAPSHOT-bin/bin/../lib/netty-resolver-4.1.94.Final.jar:/apache-zookeeper-3.10.0-SNAPSHOT-bin/bin/../lib/netty-handler-4.1.94.Final.jar:/apache-zookeeper-3.10.0-SNAPSHOT-bin/bin/../lib/netty-common-4.1.94.Final.jar:/apache-zookeeper-3.10.0-SNAPSHOT-bin/bin/../lib/netty-codec-4.1.94.Final.jar:/apache-zookeeper-3.10.0-SNAPSHOT-bin/bin/../lib/netty-buffer-4.1.94.Final.jar:/apache-zookeeper-3.10.0-SNAPSHOT-bin/bin/../lib/metrics-core-4.1.12.1.jar:/apache-zookeeper-3.10.0-SNAPSHOT-bin/bin/../lib/logback-core-1.2.10.jar:/apache-zookeeper-3.10.0-SNAPSHOT-bin/bin/../lib/logback-classic-1.2.10.jar:/apache-zookeeper-3.10.0-SNAPSHOT-bin/bin/../lib/jline-2.14.6.jar:/apache-zookeeper-3.10.0-SNAPSHOT-bin/bin/../lib/jetty-util-ajax-9.4.52.v20230823.jar:/apache-zookeeper-3.10.0-SNAPSHOT-bin/bin/../lib/jetty-util-9.4.52.v20230823.jar:/apache-zookeeper-3.10.0-SNAPSHOT-bin/bin/../lib/jetty-servlet-9.4.52.v20230823.jar:/apache-zookeeper-3.10.0-SNAPSHOT-bin/bin/../lib/jetty-server-9.4.52.v20230823.jar:/apache-zookeeper-3.10.0-SNAPSHOT-bin/bin/../lib/jetty-security-9.4.52.v20230823.jar:/apache-zookeeper-3.10.0-SNAPSHOT-bin/bin/../lib/jetty-io-9.4.52.v20230823.jar:/apache-zookeeper-3.10.0-SNAPSHOT-bin/bin/../lib/jetty-http-9.4.52.v20230823.jar:/apache-zookeeper-3.10.0-SNAPSHOT-bin/bin/../lib/javax.servlet-api-3.1.0.jar:/apache-zookeeper-3.10.0-SNAPSHOT-bin/bin/../lib/jackson-databind-2.15.2.jar:/apache-zookeeper-3.10.0-SNAPSHOT-bin/bin/../lib/jackson-core-2.15.2.jar:/apache-zookeeper-3.10.0-SNAPSHOT-bin/bin/../lib/jackson-annotations-2.15.2.jar:/apache-zookeeper-3.10.0-SNAPSHOT-bin/bin/../lib/commons-io-2.11.0.jar:/apache-zookeeper-3.10.0-SNAPSHOT-bin/bin/../lib/commons-cli-1.5.0.jar:/apache-zookeeper-3.10.0-SNAPSHOT-bin/bin/../lib/audience-annotations-0.12.0.jar:/apache-zookeeper-3.10.0-SNAPSHOT-bin/bin/../zookeeper-*.jar:/apache-zookeeper-3.10.0-SNAPSHOT-bin/bin/../zookeeper-server/src/main/resources/lib/*.jar:/apache-zookeeper-3.10.0-SNAPSHOT-bin/bin/../conf:
2024-07-03 08:35:21,944 [myid:] - INFO  [main:o.a.z.Environment@98] - Server environment:java.library.path=/usr/java/packages/lib/amd64:/usr/lib/x86_64-linux-gnu/jni:/lib/x86_64-linux-gnu:/usr/lib/x86_64-linux-gnu:/usr/lib/jni:/lib:/usr/lib
2024-07-03 08:35:21,944 [myid:] - INFO  [main:o.a.z.Environment@98] - Server environment:java.io.tmpdir=/tmp
2024-07-03 08:35:21,944 [myid:] - INFO  [main:o.a.z.Environment@98] - Server environment:java.compiler=<NA>
2024-07-03 08:35:21,944 [myid:] - INFO  [main:o.a.z.Environment@98] - Server environment:os.name=Linux
2024-07-03 08:35:21,944 [myid:] - INFO  [main:o.a.z.Environment@98] - Server environment:os.arch=amd64
2024-07-03 08:35:21,944 [myid:] - INFO  [main:o.a.z.Environment@98] - Server environment:os.version=5.4.0-84-generic
2024-07-03 08:35:21,944 [myid:] - INFO  [main:o.a.z.Environment@98] - Server environment:user.name=root
2024-07-03 08:35:21,944 [myid:] - INFO  [main:o.a.z.Environment@98] - Server environment:user.home=/root
2024-07-03 08:35:21,944 [myid:] - INFO  [main:o.a.z.Environment@98] - Server environment:user.dir=/apache-zookeeper-3.10.0-SNAPSHOT-bin
2024-07-03 08:35:21,944 [myid:] - INFO  [main:o.a.z.Environment@98] - Server environment:os.memory.free=1919MB
2024-07-03 08:35:21,944 [myid:] - INFO  [main:o.a.z.Environment@98] - Server environment:os.memory.max=27305MB
2024-07-03 08:35:21,945 [myid:] - INFO  [main:o.a.z.Environment@98] - Server environment:os.memory.total=1963MB
2024-07-03 08:35:21,945 [myid:] - INFO  [main:o.a.z.s.ZooKeeperServer@149] - zookeeper.enableEagerACLCheck = false
2024-07-03 08:35:21,946 [myid:] - INFO  [main:o.a.z.s.ZooKeeperServer@162] - zookeeper.digest.enabled = true
2024-07-03 08:35:21,946 [myid:] - INFO  [main:o.a.z.s.ZooKeeperServer@166] - zookeeper.closeSessionTxn.enabled = true
2024-07-03 08:35:21,946 [myid:] - INFO  [main:o.a.z.s.ZooKeeperServer@2251] - zookeeper.serializeLastProcessedZxid.enabled = true
2024-07-03 08:35:21,946 [myid:] - INFO  [main:o.a.z.s.ZooKeeperServer@1594] - zookeeper.flushDelay = 0 ms
2024-07-03 08:35:21,946 [myid:] - INFO  [main:o.a.z.s.ZooKeeperServer@1603] - zookeeper.maxWriteQueuePollTime = 0 ms
2024-07-03 08:35:21,946 [myid:] - INFO  [main:o.a.z.s.ZooKeeperServer@1612] - zookeeper.maxBatchSize=1000
2024-07-03 08:35:21,946 [myid:] - INFO  [main:o.a.z.s.ZooKeeperServer@287] - zookeeper.intBufferStartingSizeBytes = 1024
7/3/24 8:35:16 AM GMT session 0x2004d7582100000 cxid 0x0 zxid 0x100000069 createSession 15000
7/3/24 8:35:16 AM GMT session 0x2004d7582100000 cxid 0x3 zxid 0x10000006a create /20,0,[31,s{'world,'anyone}
],false,21
7/3/24 8:35:17 AM GMT session 0x2004d7582100000 cxid 0x4 zxid 0x10000006b setACL '/20,v{s{23,s{'world,'anyone}}},1
7/3/24 8:35:17 AM GMT session 0x2004d7582100000 cxid 0x7 zxid 0x10000006c error -101
7/3/24 8:35:17 AM GMT session 0x2004d7582100000 cxid 0x8 zxid 0x10000006d error -101
7/3/24 8:35:17 AM GMT session 0x2004d7582100000 cxid 0x9 zxid 0x10000006e error -101
7/3/24 8:35:17 AM GMT session 0x2004d7582100000 cxid 0xa zxid 0x10000006f error -101
7/3/24 8:35:17 AM GMT session 0x2004d7582100000 cxid 0xb zxid 0x100000070 error -101
7/3/24 8:35:17 AM GMT session 0x2004d7582100000 cxid 0xc zxid 0x100000071 error -101
7/3/24 8:35:17 AM GMT session 0x2004d7582100000 cxid 0xd zxid 0x100000072 error -101
7/3/24 8:35:17 AM GMT session 0x2004d7582100000 cxid 0xe zxid 0x100000073 error -101
7/3/24 8:35:17 AM GMT session 0x2004d7582100000 cxid 0xf zxid 0x100000074 error -101
7/3/24 8:35:17 AM GMT session 0x2004d7582100000 cxid 0x10 zxid 0x100000075 error -101
7/3/24 8:35:17 AM GMT session 0x2004d7582100000 cxid 0x11 zxid 0x100000076 error -101
7/3/24 8:35:18 AM GMT session 0x2004d7582100000 cxid 0x12 zxid 0x100000077 error -101
7/3/24 8:35:18 AM GMT session 0x2004d7582100000 cxid 0x13 zxid 0x100000078 error -101
7/3/24 8:35:18 AM GMT session 0x2004d7582100000 cxid 0x14 zxid 0x100000079 error -101
7/3/24 8:35:18 AM GMT session 0x2004d7582100000 cxid 0x15 zxid 0x10000007a error -101
7/3/24 8:35:18 AM GMT session 0x2004d7582100000 cxid 0x16 zxid 0x10000007b error -101
7/3/24 8:35:18 AM GMT session 0x2004d7582100000 cxid 0x17 zxid 0x10000007c error -101
7/3/24 8:35:18 AM GMT session 0x2004d7582100000 cxid 0x18 zxid 0x10000007d error -101
7/3/24 8:35:18 AM GMT session 0x2004d7582100000 cxid 0x19 zxid 0x10000007e setData /20,123,1
7/3/24 8:35:18 AM GMT session 0x2004d7582100000 cxid 0x1a zxid 0x10000007f setData /20,456,2
7/3/24 8:35:18 AM GMT session 0x2004d7582100000 cxid 0x1b zxid 0x100000080 create /11,0,[31,s{'world,'anyone}
],false,22
7/3/24 8:35:18 AM GMT session 0x2004d7582100000 cxid 0x1f zxid 0x100000081 create /12,0,[31,s{'world,'anyone}
],false,23
7/3/24 8:35:19 AM GMT session 0x2004d7582100000 cxid 0x23 zxid 0x100000082 create /13,0,[31,s{'world,'anyone}
],false,24
7/3/24 8:35:19 AM GMT session 0x2004d7582100000 cxid 0x27 zxid 0x100000083 create /14,0,[31,s{'world,'anyone}
],false,25
7/3/24 8:35:19 AM GMT session 0x2004d7582100000 cxid 0x2b zxid 0x100000084 create /15,0,[31,s{'world,'anyone}
],false,26
7/3/24 8:35:19 AM GMT session 0x2004d7582100000 cxid 0x2f zxid 0x100000085 create /16,0,[31,s{'world,'anyone}
],false,27
7/3/24 8:35:20 AM GMT session 0x2004d7582100000 cxid 0x33 zxid 0x100000086 create /17,0,[31,s{'world,'anyone}
],false,28
7/3/24 8:35:20 AM GMT session 0x2004d7582100000 cxid 0x37 zxid 0x100000087 create /18,0,[31,s{'world,'anyone}
],false,29
7/3/24 8:35:20 AM GMT session 0x2004d7582100000 cxid 0x3b zxid 0x100000088 create /19,0,[31,s{'world,'anyone}
],false,30
7/3/24 8:35:20 AM GMT session 0x2004d7582100000 cxid 0x3f zxid 0x100000089 error -110
EOF reached after 33 txns.
2024-07-03 08:34:15,462 [myid:] - INFO  [main:o.a.z.s.q.QuorumPeerConfig@177] - Reading configuration from: /apache-zookeeper-3.10.0-SNAPSHOT-bin/bin/../conf/zoo.cfg
2024-07-03 08:34:15,581 [myid:] - INFO  [main:o.a.z.s.q.QuorumPeerConfig@440] - clientPortAddress is 0.0.0.0:2181
2024-07-03 08:34:15,582 [myid:] - INFO  [main:o.a.z.s.q.QuorumPeerConfig@444] - secureClientPort is not set
2024-07-03 08:34:15,582 [myid:] - INFO  [main:o.a.z.s.q.QuorumPeerConfig@460] - observerMasterPort is not set
2024-07-03 08:34:15,582 [myid:] - INFO  [main:o.a.z.s.q.QuorumPeerConfig@477] - metricsProvider.className is org.apache.zookeeper.metrics.impl.DefaultMetricsProvider
2024-07-03 08:34:15,618 [myid:2] - INFO  [main:o.a.z.s.DatadirCleanupManager@78] - autopurge.snapRetainCount set to 3
2024-07-03 08:34:15,618 [myid:2] - INFO  [main:o.a.z.s.DatadirCleanupManager@79] - autopurge.purgeInterval set to 1
2024-07-03 08:34:15,619 [myid:] - INFO  [PurgeTask:o.a.z.s.DatadirCleanupManager$PurgeTask@139] - Purge task started.
2024-07-03 08:34:15,619 [myid:2] - INFO  [main:o.a.z.j.ManagedUtil@46] - Log4j 1.2 jmx support not found; jmx disabled.
2024-07-03 08:34:15,619 [myid:2] - INFO  [main:o.a.z.s.q.QuorumPeerMain@152] - Starting quorum peer, myid=2
2024-07-03 08:34:15,621 [myid:] - INFO  [PurgeTask:o.a.z.s.p.FileTxnSnapLog@124] - zookeeper.snapshot.trust.empty : false
2024-07-03 08:34:15,629 [myid:2] - INFO  [main:o.a.z.s.ServerMetrics@64] - ServerMetrics initialized with provider org.apache.zookeeper.metrics.impl.DefaultMetricsProvider@197d671
2024-07-03 08:34:15,631 [myid:2] - INFO  [main:o.a.z.s.a.DigestAuthenticationProvider@51] - ACL digest algorithm is: SHA1
2024-07-03 08:34:15,631 [myid:2] - INFO  [main:o.a.z.s.a.DigestAuthenticationProvider@65] - zookeeper.DigestAuthenticationProvider.enabled = true
2024-07-03 08:34:15,635 [myid:] - INFO  [PurgeTask:o.a.z.s.DatadirCleanupManager$PurgeTask@145] - Purge task completed.
2024-07-03 08:34:15,636 [myid:2] - INFO  [main:o.a.z.s.ServerCnxnFactory@169] - Using org.apache.zookeeper.server.NIOServerCnxnFactory as server connection factory
2024-07-03 08:34:15,637 [myid:2] - WARN  [main:o.a.z.s.ServerCnxnFactory@309] - maxCnxns is not configured, using default value 0.
2024-07-03 08:34:15,638 [myid:2] - INFO  [main:o.a.z.s.NIOServerCnxnFactory@665] - Configuring NIO connection handler with 10s sessionless connection timeout, 7 selector thread(s), 224 worker threads, and 64 kB direct buffers.
2024-07-03 08:34:15,650 [myid:2] - INFO  [main:o.a.z.s.NIOServerCnxnFactory@673] - binding to port 0.0.0.0/0.0.0.0:2181
2024-07-03 08:34:15,660 [myid:2] - INFO  [main:o.a.z.s.q.QuorumPeer@801] - zookeeper.quorumCnxnTimeoutMs=-1
2024-07-03 08:34:15,675 [myid:2] - INFO  [main:o.e.j.u.l.Log@170] - Logging initialized @536ms to org.eclipse.jetty.util.log.Slf4jLog
2024-07-03 08:34:15,739 [myid:2] - WARN  [main:o.e.j.s.h.ContextHandler@1662] - o.e.j.s.ServletContextHandler@c86b9e3{/,null,STOPPED} contextPath ends with /*
2024-07-03 08:34:15,739 [myid:2] - WARN  [main:o.e.j.s.h.ContextHandler@1673] - Empty contextPath
2024-07-03 08:34:15,752 [myid:2] - INFO  [main:o.a.z.c.X509Util@88] - Setting -D jdk.tls.rejectClientInitiatedRenegotiation=true to disable client-initiated TLS renegotiation
2024-07-03 08:34:15,854 [myid:2] - INFO  [main:o.a.z.c.X509Util@110] - Default TLS protocol is TLSv1.3, supported TLS protocols are [TLSv1.3, TLSv1.2, TLSv1.1, TLSv1, SSLv3, SSLv2Hello]
2024-07-03 08:34:15,858 [myid:2] - INFO  [main:o.a.z.s.p.FileTxnSnapLog@124] - zookeeper.snapshot.trust.empty : false
2024-07-03 08:34:15,870 [myid:2] - INFO  [main:o.a.z.s.q.QuorumPeer@1781] - Local sessions disabled
2024-07-03 08:34:15,871 [myid:2] - INFO  [main:o.a.z.s.q.QuorumPeer@1792] - Local session upgrading disabled
2024-07-03 08:34:15,871 [myid:2] - INFO  [main:o.a.z.s.q.QuorumPeer@1759] - tickTime set to 2000
2024-07-03 08:34:15,871 [myid:2] - INFO  [main:o.a.z.s.q.QuorumPeer@1803] - minSessionTimeout set to 4000
2024-07-03 08:34:15,872 [myid:2] - INFO  [main:o.a.z.s.q.QuorumPeer@1814] - maxSessionTimeout set to 40000
2024-07-03 08:34:15,872 [myid:2] - INFO  [main:o.a.z.s.q.QuorumPeer@1839] - initLimit set to 10
2024-07-03 08:34:15,872 [myid:2] - INFO  [main:o.a.z.s.q.QuorumPeer@2026] - syncLimit set to 5
2024-07-03 08:34:15,872 [myid:2] - INFO  [main:o.a.z.s.q.QuorumPeer@2041] - connectToLearnerMasterLimit set to 0
2024-07-03 08:34:15,892 [myid:2] - INFO  [main:o.a.z.ZookeeperBanner@42] - 
2024-07-03 08:34:15,892 [myid:2] - INFO  [main:o.a.z.ZookeeperBanner@42] -   ______                  _                                          
2024-07-03 08:34:15,892 [myid:2] - INFO  [main:o.a.z.ZookeeperBanner@42] -  |___  /                 | |                                         
2024-07-03 08:34:15,892 [myid:2] - INFO  [main:o.a.z.ZookeeperBanner@42] -     / /    ___     ___   | | __   ___    ___   _ __     ___   _ __   
2024-07-03 08:34:15,892 [myid:2] - INFO  [main:o.a.z.ZookeeperBanner@42] -    / /    / _ \   / _ \  | |/ /  / _ \  / _ \ | '_ \   / _ \ | '__|
2024-07-03 08:34:15,892 [myid:2] - INFO  [main:o.a.z.ZookeeperBanner@42] -   / /__  | (_) | | (_) | |   <  |  __/ |  __/ | |_) | |  __/ | |    
2024-07-03 08:34:15,892 [myid:2] - INFO  [main:o.a.z.ZookeeperBanner@42] -  /_____|  \___/   \___/  |_|\_\  \___|  \___| | .__/   \___| |_|
2024-07-03 08:34:15,892 [myid:2] - INFO  [main:o.a.z.ZookeeperBanner@42] -                                               | |                     
2024-07-03 08:34:15,893 [myid:2] - INFO  [main:o.a.z.ZookeeperBanner@42] -                                               |_|                     
2024-07-03 08:34:15,893 [myid:2] - INFO  [main:o.a.z.ZookeeperBanner@42] - 
2024-07-03 08:34:15,895 [myid:2] - INFO  [main:o.a.z.Environment@98] - Server environment:zookeeper.version=3.10.0-SNAPSHOT-317eb2cb1cb10b80a2c2f8bc3cc1cc74493a0106-dirty, built on 2024-07-01 02:08 UTC
2024-07-03 08:34:15,895 [myid:2] - INFO  [main:o.a.z.Environment@98] - Server environment:host.name=35b030a92239
2024-07-03 08:34:15,895 [myid:2] - INFO  [main:o.a.z.Environment@98] - Server environment:java.version=1.8.0_362
2024-07-03 08:34:15,895 [myid:2] - INFO  [main:o.a.z.Environment@98] - Server environment:java.vendor=Private Build
2024-07-03 08:34:15,895 [myid:2] - INFO  [main:o.a.z.Environment@98] - Server environment:java.home=/usr/lib/jvm/java-8-openjdk-amd64/jre
2024-07-03 08:34:15,895 [myid:2] - INFO  [main:o.a.z.Environment@98] - Server environment:java.class.path=/apache-zookeeper-3.10.0-SNAPSHOT-bin/bin/../zookeeper-metrics-providers/zookeeper-prometheus-metrics/target/classes:/apache-zookeeper-3.10.0-SNAPSHOT-bin/bin/../zookeeper-server/target/classes:/apache-zookeeper-3.10.0-SNAPSHOT-bin/bin/../build/classes:/apache-zookeeper-3.10.0-SNAPSHOT-bin/bin/../zookeeper-metrics-providers/zookeeper-prometheus-metrics/target/lib/*.jar:/apache-zookeeper-3.10.0-SNAPSHOT-bin/bin/../zookeeper-server/target/lib/*.jar:/apache-zookeeper-3.10.0-SNAPSHOT-bin/bin/../build/lib/*.jar:/apache-zookeeper-3.10.0-SNAPSHOT-bin/bin/../lib/zookeeper-prometheus-metrics-3.10.0-SNAPSHOT.jar:/apache-zookeeper-3.10.0-SNAPSHOT-bin/bin/../lib/zookeeper-jute-3.10.0-SNAPSHOT.jar:/apache-zookeeper-3.10.0-SNAPSHOT-bin/bin/../lib/zookeeper-3.10.0-SNAPSHOT.jar:/apache-zookeeper-3.10.0-SNAPSHOT-bin/bin/../lib/snappy-java-1.1.10.5.jar:/apache-zookeeper-3.10.0-SNAPSHOT-bin/bin/../lib/slf4j-api-1.7.30.jar:/apache-zookeeper-3.10.0-SNAPSHOT-bin/bin/../lib/simpleclient_servlet-0.9.0.jar:/apache-zookeeper-3.10.0-SNAPSHOT-bin/bin/../lib/simpleclient_hotspot-0.9.0.jar:/apache-zookeeper-3.10.0-SNAPSHOT-bin/bin/../lib/simpleclient_common-0.9.0.jar:/apache-zookeeper-3.10.0-SNAPSHOT-bin/bin/../lib/simpleclient-0.9.0.jar:/apache-zookeeper-3.10.0-SNAPSHOT-bin/bin/../lib/netty-transport-native-unix-common-4.1.94.Final.jar:/apache-zookeeper-3.10.0-SNAPSHOT-bin/bin/../lib/netty-transport-native-epoll-4.1.94.Final-linux-x86_64.jar:/apache-zookeeper-3.10.0-SNAPSHOT-bin/bin/../lib/netty-transport-classes-epoll-4.1.94.Final.jar:/apache-zookeeper-3.10.0-SNAPSHOT-bin/bin/../lib/netty-transport-4.1.94.Final.jar:/apache-zookeeper-3.10.0-SNAPSHOT-bin/bin/../lib/netty-tcnative-classes-2.0.61.Final.jar:/apache-zookeeper-3.10.0-SNAPSHOT-bin/bin/../lib/netty-tcnative-boringssl-static-2.0.61.Final.jar:/apache-zookeeper-3.10.0-SNAPSHOT-bin/bin/../lib/netty-tcnative-boringssl-static-2.0.61.Final-windows-x86_64.jar:/apache-zookeeper-3.10.0-SNAPSHOT-bin/bin/../lib/netty-tcnative-boringssl-static-2.0.61.Final-osx-x86_64.jar:/apache-zookeeper-3.10.0-SNAPSHOT-bin/bin/../lib/netty-tcnative-boringssl-static-2.0.61.Final-osx-aarch_64.jar:/apache-zookeeper-3.10.0-SNAPSHOT-bin/bin/../lib/netty-tcnative-boringssl-static-2.0.61.Final-linux-x86_64.jar:/apache-zookeeper-3.10.0-SNAPSHOT-bin/bin/../lib/netty-tcnative-boringssl-static-2.0.61.Final-linux-aarch_64.jar:/apache-zookeeper-3.10.0-SNAPSHOT-bin/bin/../lib/netty-resolver-4.1.94.Final.jar:/apache-zookeeper-3.10.0-SNAPSHOT-bin/bin/../lib/netty-handler-4.1.94.Final.jar:/apache-zookeeper-3.10.0-SNAPSHOT-bin/bin/../lib/netty-common-4.1.94.Final.jar:/apache-zookeeper-3.10.0-SNAPSHOT-bin/bin/../lib/netty-codec-4.1.94.Final.jar:/apache-zookeeper-3.10.0-SNAPSHOT-bin/bin/../lib/netty-buffer-4.1.94.Final.jar:/apache-zookeeper-3.10.0-SNAPSHOT-bin/bin/../lib/metrics-core-4.1.12.1.jar:/apache-zookeeper-3.10.0-SNAPSHOT-bin/bin/../lib/logback-core-1.2.10.jar:/apache-zookeeper-3.10.0-SNAPSHOT-bin/bin/../lib/logback-classic-1.2.10.jar:/apache-zookeeper-3.10.0-SNAPSHOT-bin/bin/../lib/jline-2.14.6.jar:/apache-zookeeper-3.10.0-SNAPSHOT-bin/bin/../lib/jetty-util-ajax-9.4.52.v20230823.jar:/apache-zookeeper-3.10.0-SNAPSHOT-bin/bin/../lib/jetty-util-9.4.52.v20230823.jar:/apache-zookeeper-3.10.0-SNAPSHOT-bin/bin/../lib/jetty-servlet-9.4.52.v20230823.jar:/apache-zookeeper-3.10.0-SNAPSHOT-bin/bin/../lib/jetty-server-9.4.52.v20230823.jar:/apache-zookeeper-3.10.0-SNAPSHOT-bin/bin/../lib/jetty-security-9.4.52.v20230823.jar:/apache-zookeeper-3.10.0-SNAPSHOT-bin/bin/../lib/jetty-io-9.4.52.v20230823.jar:/apache-zookeeper-3.10.0-SNAPSHOT-bin/bin/../lib/jetty-http-9.4.52.v20230823.jar:/apache-zookeeper-3.10.0-SNAPSHOT-bin/bin/../lib/javax.servlet-api-3.1.0.jar:/apache-zookeeper-3.10.0-SNAPSHOT-bin/bin/../lib/jackson-databind-2.15.2.jar:/apache-zookeeper-3.10.0-SNAPSHOT-bin/bin/../lib/jackson-core-2.15.2.jar:/apache-zookeeper-3.10.0-SNAPSHOT-bin/bin/../lib/jackson-annotations-2.15.2.jar:/apache-zookeeper-3.10.0-SNAPSHOT-bin/bin/../lib/commons-io-2.11.0.jar:/apache-zookeeper-3.10.0-SNAPSHOT-bin/bin/../lib/commons-cli-1.5.0.jar:/apache-zookeeper-3.10.0-SNAPSHOT-bin/bin/../lib/audience-annotations-0.12.0.jar:/apache-zookeeper-3.10.0-SNAPSHOT-bin/bin/../zookeeper-*.jar:/apache-zookeeper-3.10.0-SNAPSHOT-bin/bin/../zookeeper-server/src/main/resources/lib/*.jar:/apache-zookeeper-3.10.0-SNAPSHOT-bin/bin/../conf:
2024-07-03 08:34:15,895 [myid:2] - INFO  [main:o.a.z.Environment@98] - Server environment:java.library.path=/usr/java/packages/lib/amd64:/usr/lib/x86_64-linux-gnu/jni:/lib/x86_64-linux-gnu:/usr/lib/x86_64-linux-gnu:/usr/lib/jni:/lib:/usr/lib
2024-07-03 08:34:15,895 [myid:2] - INFO  [main:o.a.z.Environment@98] - Server environment:java.io.tmpdir=/tmp
2024-07-03 08:34:15,895 [myid:2] - INFO  [main:o.a.z.Environment@98] - Server environment:java.compiler=<NA>
2024-07-03 08:34:15,895 [myid:2] - INFO  [main:o.a.z.Environment@98] - Server environment:os.name=Linux
2024-07-03 08:34:15,896 [myid:2] - INFO  [main:o.a.z.Environment@98] - Server environment:os.arch=amd64
2024-07-03 08:34:15,896 [myid:2] - INFO  [main:o.a.z.Environment@98] - Server environment:os.version=5.4.0-84-generic
2024-07-03 08:34:15,896 [myid:2] - INFO  [main:o.a.z.Environment@98] - Server environment:user.name=root
2024-07-03 08:34:15,896 [myid:2] - INFO  [main:o.a.z.Environment@98] - Server environment:user.home=/root
2024-07-03 08:34:15,896 [myid:2] - INFO  [main:o.a.z.Environment@98] - Server environment:user.dir=/apache-zookeeper-3.10.0-SNAPSHOT-bin
2024-07-03 08:34:15,896 [myid:2] - INFO  [main:o.a.z.Environment@98] - Server environment:os.memory.free=889MB
2024-07-03 08:34:15,896 [myid:2] - INFO  [main:o.a.z.Environment@98] - Server environment:os.memory.max=958MB
2024-07-03 08:34:15,896 [myid:2] - INFO  [main:o.a.z.Environment@98] - Server environment:os.memory.total=958MB
2024-07-03 08:34:15,896 [myid:2] - INFO  [main:o.a.z.s.ZooKeeperServer@149] - zookeeper.enableEagerACLCheck = false
2024-07-03 08:34:15,896 [myid:2] - INFO  [main:o.a.z.s.ZooKeeperServer@162] - zookeeper.digest.enabled = true
2024-07-03 08:34:15,896 [myid:2] - INFO  [main:o.a.z.s.ZooKeeperServer@166] - zookeeper.closeSessionTxn.enabled = true
2024-07-03 08:34:15,896 [myid:2] - INFO  [main:o.a.z.s.ZooKeeperServer@2251] - zookeeper.serializeLastProcessedZxid.enabled = true
2024-07-03 08:34:15,897 [myid:2] - INFO  [main:o.a.z.s.ZooKeeperServer@1594] - zookeeper.flushDelay = 0 ms
2024-07-03 08:34:15,897 [myid:2] - INFO  [main:o.a.z.s.ZooKeeperServer@1603] - zookeeper.maxWriteQueuePollTime = 0 ms
2024-07-03 08:34:15,897 [myid:2] - INFO  [main:o.a.z.s.ZooKeeperServer@1612] - zookeeper.maxBatchSize=1000
2024-07-03 08:34:15,897 [myid:2] - INFO  [main:o.a.z.s.ZooKeeperServer@287] - zookeeper.intBufferStartingSizeBytes = 1024
2024-07-03 08:34:15,902 [myid:2] - INFO  [main:o.a.z.s.w.WatchManagerFactory@42] - Using org.apache.zookeeper.server.watch.WatchManager as watch manager
2024-07-03 08:34:15,902 [myid:2] - INFO  [main:o.a.z.s.w.WatchManagerFactory@42] - Using org.apache.zookeeper.server.watch.WatchManager as watch manager
2024-07-03 08:34:15,902 [myid:2] - INFO  [main:o.a.z.s.ZKDatabase@135] - zookeeper.snapshotSizeFactor = 0.33
2024-07-03 08:34:15,902 [myid:2] - INFO  [main:o.a.z.s.ZKDatabase@155] - zookeeper.commitLogCount=500
2024-07-03 08:34:15,928 [myid:2] - INFO  [main:o.a.z.s.q.QuorumPeer@2105] - Using insecure (non-TLS) quorum communication
2024-07-03 08:34:15,928 [myid:2] - INFO  [main:o.a.z.s.q.QuorumPeer@2111] - Port unification disabled
2024-07-03 08:34:15,929 [myid:2] - INFO  [main:o.a.z.s.q.QuorumPeer@184] - multiAddress.enabled set to false
2024-07-03 08:34:15,929 [myid:2] - INFO  [main:o.a.z.s.q.QuorumPeer@209] - multiAddress.reachabilityCheckEnabled set to true
2024-07-03 08:34:15,929 [myid:2] - INFO  [main:o.a.z.s.q.QuorumPeer@196] - multiAddress.reachabilityCheckTimeoutMs set to 1000
2024-07-03 08:34:15,929 [myid:2] - INFO  [main:o.a.z.s.q.QuorumPeer@2573] - QuorumPeer communication is not secured! (SASL auth disabled)
2024-07-03 08:34:15,929 [myid:2] - INFO  [main:o.a.z.s.q.QuorumPeer@2598] - quorum.cnxn.threads.size set to 20
2024-07-03 08:34:15,939 [myid:2] - INFO  [main:o.a.z.s.p.SnapStream@61] - zookeeper.snapshot.compression.method = CHECKED
2024-07-03 08:34:15,939 [myid:2] - INFO  [main:o.a.z.s.p.FileTxnSnapLog@480] - Snapshotting: 0x0 to /apache-zookeeper-3.10.0-SNAPSHOT-bin/data/version-2/snapshot.0
2024-07-03 08:34:15,955 [myid:2] - INFO  [main:o.a.z.s.ZKDatabase@292] - Snapshot loaded in 26 ms, highest zxid is 0x0, digest is 1371985504
2024-07-03 08:34:15,956 [myid:2] - INFO  [main:o.a.z.s.q.QuorumPeer@1161] - currentEpoch not found! Creating with a reasonable default of 0. This should only happen when you are upgrading your installation
2024-07-03 08:34:15,961 [myid:2] - INFO  [main:o.a.z.s.q.QuorumPeer@1189] - acceptedEpoch not found! Creating with a reasonable default of 0. This should only happen when you are upgrading your installation
2024-07-03 08:34:15,971 [myid:2] - INFO  [main:o.e.j.s.Server@375] - jetty-9.4.52.v20230823; built: 2023-08-23T19:29:37.669Z; git: abdcda73818a1a2c705da276edb0bf6581e7997e; jvm 1.8.0_362-8u372-ga~us1-0ubuntu1~18.04-b09
2024-07-03 08:34:15,995 [myid:2] - INFO  [main:o.e.j.s.s.DefaultSessionIdManager@334] - DefaultSessionIdManager workerName=node0
2024-07-03 08:34:15,996 [myid:2] - INFO  [main:o.e.j.s.s.DefaultSessionIdManager@339] - No SessionScavenger set, using defaults
2024-07-03 08:34:15,997 [myid:2] - INFO  [main:o.e.j.s.s.HouseKeeper@132] - node0 Scavenging every 600000ms
2024-07-03 08:34:16,000 [myid:2] - WARN  [main:o.e.j.s.ConstraintSecurityHandler@759] - ServletContext@o.e.j.s.ServletContextHandler@c86b9e3{/,null,STARTING} has uncovered http methods for path: /*
2024-07-03 08:34:16,008 [myid:2] - INFO  [main:o.e.j.s.h.ContextHandler@921] - Started o.e.j.s.ServletContextHandler@c86b9e3{/,null,AVAILABLE}
2024-07-03 08:34:16,018 [myid:2] - INFO  [main:o.e.j.s.AbstractConnector@333] - Started ServerConnector@f5958c9{HTTP/1.1, (http/1.1)}{0.0.0.0:8080}
2024-07-03 08:34:16,018 [myid:2] - INFO  [main:o.e.j.s.Server@415] - Started @880ms
2024-07-03 08:34:16,018 [myid:2] - INFO  [main:o.a.z.s.a.JettyAdminServer@201] - Started AdminServer on address 0.0.0.0, port 8080 and command URL /commands
2024-07-03 08:34:16,019 [myid:2] - INFO  [main:o.a.z.s.q.QuorumPeer@2615] - Using 10000ms as the quorum cnxn socket timeout
2024-07-03 08:34:16,023 [myid:2] - INFO  [main:o.a.z.s.q.QuorumCnxManager$Listener@924] - Election port bind maximum retries is 3
2024-07-03 08:34:16,025 [myid:2] - INFO  [main:o.a.z.s.q.FastLeaderElection@90] - zookeeper.fastleader.minNotificationInterval = 200 ms
2024-07-03 08:34:16,025 [myid:2] - INFO  [main:o.a.z.s.q.FastLeaderElection@92] - zookeeper.fastleader.maxNotificationInterval = 60000 ms
2024-07-03 08:34:16,028 [myid:2] - INFO  [main:o.a.z.a.ZKAuditProvider@42] - ZooKeeper audit is disabled.
2024-07-03 08:34:16,031 [myid:] - INFO  [ListenerHandler-/172.30.0.3:3888:o.a.z.s.q.QuorumCnxManager$Listener$ListenerHandler@1071] - 2 is accepting connections now, my election bind port: /172.30.0.3:3888
2024-07-03 08:34:16,034 [myid:] - INFO  [ListenerHandler-/172.30.0.3:3888:o.a.z.s.q.QuorumCnxManager$Listener$ListenerHandler@1076] - Received connection request from /172.30.0.2:45838
2024-07-03 08:34:16,039 [myid:] - INFO  [QuorumPeer[myid=2](plain=0.0.0.0:2181)(secure=disabled):o.a.z.s.q.QuorumPeer@1471] - LOOKING
2024-07-03 08:34:16,040 [myid:] - INFO  [QuorumPeer[myid=2](plain=0.0.0.0:2181)(secure=disabled):o.a.z.s.q.FastLeaderElection@946] - New election. My id = 2, proposed zxid=0x0
2024-07-03 08:34:16,060 [myid:] - INFO  [ListenerHandler-/172.30.0.3:3888:o.a.z.s.q.QuorumCnxManager$Listener$ListenerHandler@1076] - Received connection request from /172.30.0.4:43608
2024-07-03 08:34:16,079 [myid:] - INFO  [WorkerReceiver[myid=2]:o.a.z.s.q.FastLeaderElection$Messenger$WorkerReceiver@391] - Notification: my state:LOOKING; n.sid:1, n.state:LOOKING, n.leader:1, n.round:0x1, n.peerEpoch:0x0, n.zxid:0x0, message format version:0x2, n.config version:0x0
2024-07-03 08:34:16,096 [myid:] - INFO  [WorkerReceiver[myid=2]:o.a.z.s.q.FastLeaderElection$Messenger$WorkerReceiver@391] - Notification: my state:LOOKING; n.sid:2, n.state:LOOKING, n.leader:2, n.round:0x1, n.peerEpoch:0x0, n.zxid:0x0, message format version:0x2, n.config version:0x0
2024-07-03 08:34:16,114 [myid:] - INFO  [WorkerReceiver[myid=2]:o.a.z.s.q.FastLeaderElection$Messenger$WorkerReceiver@391] - Notification: my state:LOOKING; n.sid:3, n.state:LOOKING, n.leader:3, n.round:0x1, n.peerEpoch:0x0, n.zxid:0x0, message format version:0x2, n.config version:0x0
2024-07-03 08:34:16,134 [myid:] - INFO  [WorkerReceiver[myid=2]:o.a.z.s.q.FastLeaderElection$Messenger$WorkerReceiver@391] - Notification: my state:LOOKING; n.sid:1, n.state:LOOKING, n.leader:2, n.round:0x1, n.peerEpoch:0x0, n.zxid:0x0, message format version:0x2, n.config version:0x0
2024-07-03 08:34:16,155 [myid:] - INFO  [WorkerReceiver[myid=2]:o.a.z.s.q.FastLeaderElection$Messenger$WorkerReceiver@391] - Notification: my state:LOOKING; n.sid:1, n.state:LOOKING, n.leader:3, n.round:0x1, n.peerEpoch:0x0, n.zxid:0x0, message format version:0x2, n.config version:0x0
2024-07-03 08:34:16,169 [myid:] - INFO  [WorkerReceiver[myid=2]:o.a.z.s.q.FastLeaderElection$Messenger$WorkerReceiver@391] - Notification: my state:LOOKING; n.sid:2, n.state:LOOKING, n.leader:3, n.round:0x1, n.peerEpoch:0x0, n.zxid:0x0, message format version:0x2, n.config version:0x0
2024-07-03 08:34:16,370 [myid:] - INFO  [QuorumPeer[myid=2](plain=0.0.0.0:2181)(secure=disabled):o.a.z.s.q.QuorumPeer@906] - Peer state changed: following
2024-07-03 08:34:16,371 [myid:] - INFO  [QuorumPeer[myid=2](plain=0.0.0.0:2181)(secure=disabled):o.a.z.s.q.QuorumPeer@1554] - FOLLOWING
2024-07-03 08:34:16,381 [myid:] - INFO  [QuorumPeer[myid=2](plain=0.0.0.0:2181)(secure=disabled):o.a.z.s.q.Learner@130] - leaderConnectDelayDuringRetryMs: 100
2024-07-03 08:34:16,381 [myid:] - INFO  [QuorumPeer[myid=2](plain=0.0.0.0:2181)(secure=disabled):o.a.z.s.q.Learner@131] - TCP NoDelay set to: true
2024-07-03 08:34:16,382 [myid:] - INFO  [QuorumPeer[myid=2](plain=0.0.0.0:2181)(secure=disabled):o.a.z.s.q.Learner@132] - zookeeper.learner.asyncSending = false
2024-07-03 08:34:16,382 [myid:] - INFO  [QuorumPeer[myid=2](plain=0.0.0.0:2181)(secure=disabled):o.a.z.s.q.Learner@133] - zookeeper.learner.closeSocketAsync = false
2024-07-03 08:34:16,383 [myid:] - INFO  [QuorumPeer[myid=2](plain=0.0.0.0:2181)(secure=disabled):o.a.z.s.BlueThrottle@141] - Weighed connection throttling is disabled
2024-07-03 08:34:16,383 [myid:] - INFO  [QuorumPeer[myid=2](plain=0.0.0.0:2181)(secure=disabled):o.a.z.s.AuthenticationHelper@66] - zookeeper.enforce.auth.enabled = false
2024-07-03 08:34:16,384 [myid:] - INFO  [QuorumPeer[myid=2](plain=0.0.0.0:2181)(secure=disabled):o.a.z.s.AuthenticationHelper@67] - zookeeper.enforce.auth.schemes = []
2024-07-03 08:34:16,385 [myid:] - INFO  [QuorumPeer[myid=2](plain=0.0.0.0:2181)(secure=disabled):o.a.z.s.ZooKeeperServer@1406] - minSessionTimeout set to 4000 ms
2024-07-03 08:34:16,385 [myid:] - INFO  [QuorumPeer[myid=2](plain=0.0.0.0:2181)(secure=disabled):o.a.z.s.ZooKeeperServer@1415] - maxSessionTimeout set to 40000 ms
2024-07-03 08:34:16,386 [myid:] - INFO  [QuorumPeer[myid=2](plain=0.0.0.0:2181)(secure=disabled):o.a.z.s.ResponseCache@45] - getData response cache size is initialized with value 400.
2024-07-03 08:34:16,386 [myid:] - INFO  [QuorumPeer[myid=2](plain=0.0.0.0:2181)(secure=disabled):o.a.z.s.ResponseCache@45] - getChildren response cache size is initialized with value 400.
2024-07-03 08:34:16,387 [myid:] - INFO  [QuorumPeer[myid=2](plain=0.0.0.0:2181)(secure=disabled):o.a.z.s.u.RequestPathMetricsCollector@109] - zookeeper.pathStats.slotCapacity = 60
2024-07-03 08:34:16,387 [myid:] - INFO  [QuorumPeer[myid=2](plain=0.0.0.0:2181)(secure=disabled):o.a.z.s.u.RequestPathMetricsCollector@110] - zookeeper.pathStats.slotDuration = 15
2024-07-03 08:34:16,387 [myid:] - INFO  [QuorumPeer[myid=2](plain=0.0.0.0:2181)(secure=disabled):o.a.z.s.u.RequestPathMetricsCollector@111] - zookeeper.pathStats.maxDepth = 6
2024-07-03 08:34:16,387 [myid:] - INFO  [QuorumPeer[myid=2](plain=0.0.0.0:2181)(secure=disabled):o.a.z.s.u.RequestPathMetricsCollector@112] - zookeeper.pathStats.initialDelay = 5
2024-07-03 08:34:16,387 [myid:] - INFO  [QuorumPeer[myid=2](plain=0.0.0.0:2181)(secure=disabled):o.a.z.s.u.RequestPathMetricsCollector@113] - zookeeper.pathStats.delay = 5
2024-07-03 08:34:16,387 [myid:] - INFO  [QuorumPeer[myid=2](plain=0.0.0.0:2181)(secure=disabled):o.a.z.s.u.RequestPathMetricsCollector@114] - zookeeper.pathStats.enabled = false
2024-07-03 08:34:16,389 [myid:] - INFO  [QuorumPeer[myid=2](plain=0.0.0.0:2181)(secure=disabled):o.a.z.s.ZooKeeperServer@1631] - The max bytes for all large requests are set to 104857600
2024-07-03 08:34:16,389 [myid:] - INFO  [QuorumPeer[myid=2](plain=0.0.0.0:2181)(secure=disabled):o.a.z.s.ZooKeeperServer@1645] - The large request threshold is set to -1
2024-07-03 08:34:16,389 [myid:] - INFO  [QuorumPeer[myid=2](plain=0.0.0.0:2181)(secure=disabled):o.a.z.s.ZooKeeperServer@385] - Created server with tickTime 2000 ms minSessionTimeout 4000 ms maxSessionTimeout 40000 ms clientPortListenBacklog -1 datadir /apache-zookeeper-3.10.0-SNAPSHOT-bin/logs/version-2 snapdir /apache-zookeeper-3.10.0-SNAPSHOT-bin/data/version-2
2024-07-03 08:34:16,390 [myid:] - INFO  [QuorumPeer[myid=2](plain=0.0.0.0:2181)(secure=disabled):o.a.z.s.q.Follower@77] - FOLLOWING - LEADER ELECTION TOOK - 351 MS
2024-07-03 08:34:16,392 [myid:] - INFO  [QuorumPeer[myid=2](plain=0.0.0.0:2181)(secure=disabled):o.a.z.s.q.QuorumPeer@920] - Peer state changed: following - discovery
2024-07-03 08:34:16,398 [myid:] - INFO  [LeaderConnector-/172.30.0.4:2888:o.a.z.s.q.Learner$LeaderConnector@380] - Successfully connected to leader, using address: /172.30.0.4:2888
FailSlowAgent.java | isInject : true delayTime : 60000 thread id:39
java.lang.Exception
	at client.FailSlowAgent.report(FailSlowAgent.java:126)
	at org.apache.zookeeper.server.quorum.QuorumPeer.writeLongToFile(QuorumPeer.java:2232)
	at org.apache.zookeeper.server.quorum.QuorumPeer.setAcceptedEpoch(QuorumPeer.java:2262)
	at org.apache.zookeeper.server.quorum.Learner.registerWithLeader(Learner.java:510)
	at org.apache.zookeeper.server.quorum.Follower.followLeader(Follower.java:91)
	at org.apache.zookeeper.server.quorum.QuorumPeer.run(QuorumPeer.java:1556)
2024-07-03 08:34:19,725 [myid:] - WARN  [NIOWorkerThread-1:o.a.z.s.NIOServerCnxn@397] - Close of session 0x0
java.io.IOException: ZooKeeperServer not running
	at org.apache.zookeeper.server.NIOServerCnxn.readLength(NIOServerCnxn.java:576)
	at org.apache.zookeeper.server.NIOServerCnxn.doIO(NIOServerCnxn.java:350)
	at org.apache.zookeeper.server.NIOServerCnxnFactory$IOWorkRequest.doWork(NIOServerCnxnFactory.java:519)
	at org.apache.zookeeper.server.WorkerService$ScheduledWorkRequest.run(WorkerService.java:158)
	at java.util.concurrent.ThreadPoolExecutor.runWorker(ThreadPoolExecutor.java:1149)
	at java.util.concurrent.ThreadPoolExecutor$Worker.run(ThreadPoolExecutor.java:624)
	at java.lang.Thread.run(Thread.java:750)
2024-07-03 08:34:21,152 [myid:] - WARN  [NIOWorkerThread-2:o.a.z.s.NIOServerCnxn@397] - Close of session 0x0
java.io.IOException: ZooKeeperServer not running
	at org.apache.zookeeper.server.NIOServerCnxn.readLength(NIOServerCnxn.java:576)
	at org.apache.zookeeper.server.NIOServerCnxn.doIO(NIOServerCnxn.java:350)
	at org.apache.zookeeper.server.NIOServerCnxnFactory$IOWorkRequest.doWork(NIOServerCnxnFactory.java:519)
	at org.apache.zookeeper.server.WorkerService$ScheduledWorkRequest.run(WorkerService.java:158)
	at java.util.concurrent.ThreadPoolExecutor.runWorker(ThreadPoolExecutor.java:1149)
	at java.util.concurrent.ThreadPoolExecutor$Worker.run(ThreadPoolExecutor.java:624)
	at java.lang.Thread.run(Thread.java:750)
2024-07-03 08:34:23,293 [myid:] - WARN  [NIOWorkerThread-3:o.a.z.s.NIOServerCnxn@397] - Close of session 0x0
java.io.IOException: ZooKeeperServer not running
	at org.apache.zookeeper.server.NIOServerCnxn.readLength(NIOServerCnxn.java:576)
	at org.apache.zookeeper.server.NIOServerCnxn.doIO(NIOServerCnxn.java:350)
	at org.apache.zookeeper.server.NIOServerCnxnFactory$IOWorkRequest.doWork(NIOServerCnxnFactory.java:519)
	at org.apache.zookeeper.server.WorkerService$ScheduledWorkRequest.run(WorkerService.java:158)
	at java.util.concurrent.ThreadPoolExecutor.runWorker(ThreadPoolExecutor.java:1149)
	at java.util.concurrent.ThreadPoolExecutor$Worker.run(ThreadPoolExecutor.java:624)
	at java.lang.Thread.run(Thread.java:750)
2024-07-03 08:34:24,861 [myid:] - WARN  [NIOWorkerThread-4:o.a.z.s.NIOServerCnxn@397] - Close of session 0x0
java.io.IOException: ZooKeeperServer not running
	at org.apache.zookeeper.server.NIOServerCnxn.readLength(NIOServerCnxn.java:576)
	at org.apache.zookeeper.server.NIOServerCnxn.doIO(NIOServerCnxn.java:350)
	at org.apache.zookeeper.server.NIOServerCnxnFactory$IOWorkRequest.doWork(NIOServerCnxnFactory.java:519)
	at org.apache.zookeeper.server.WorkerService$ScheduledWorkRequest.run(WorkerService.java:158)
	at java.util.concurrent.ThreadPoolExecutor.runWorker(ThreadPoolExecutor.java:1149)
	at java.util.concurrent.ThreadPoolExecutor$Worker.run(ThreadPoolExecutor.java:624)
	at java.lang.Thread.run(Thread.java:750)
2024-07-03 08:34:26,499 [myid:] - WARN  [NIOWorkerThread-5:o.a.z.s.NIOServerCnxn@397] - Close of session 0x0
java.io.IOException: ZooKeeperServer not running
	at org.apache.zookeeper.server.NIOServerCnxn.readLength(NIOServerCnxn.java:576)
	at org.apache.zookeeper.server.NIOServerCnxn.doIO(NIOServerCnxn.java:350)
	at org.apache.zookeeper.server.NIOServerCnxnFactory$IOWorkRequest.doWork(NIOServerCnxnFactory.java:519)
	at org.apache.zookeeper.server.WorkerService$ScheduledWorkRequest.run(WorkerService.java:158)
	at java.util.concurrent.ThreadPoolExecutor.runWorker(ThreadPoolExecutor.java:1149)
	at java.util.concurrent.ThreadPoolExecutor$Worker.run(ThreadPoolExecutor.java:624)
	at java.lang.Thread.run(Thread.java:750)
2024-07-03 08:34:28,405 [myid:] - WARN  [NIOWorkerThread-6:o.a.z.s.NIOServerCnxn@397] - Close of session 0x0
java.io.IOException: ZooKeeperServer not running
	at org.apache.zookeeper.server.NIOServerCnxn.readLength(NIOServerCnxn.java:576)
	at org.apache.zookeeper.server.NIOServerCnxn.doIO(NIOServerCnxn.java:350)
	at org.apache.zookeeper.server.NIOServerCnxnFactory$IOWorkRequest.doWork(NIOServerCnxnFactory.java:519)
	at org.apache.zookeeper.server.WorkerService$ScheduledWorkRequest.run(WorkerService.java:158)
	at java.util.concurrent.ThreadPoolExecutor.runWorker(ThreadPoolExecutor.java:1149)
	at java.util.concurrent.ThreadPoolExecutor$Worker.run(ThreadPoolExecutor.java:624)
	at java.lang.Thread.run(Thread.java:750)
2024-07-03 08:34:30,062 [myid:] - WARN  [NIOWorkerThread-7:o.a.z.s.NIOServerCnxn@397] - Close of session 0x0
java.io.IOException: ZooKeeperServer not running
	at org.apache.zookeeper.server.NIOServerCnxn.readLength(NIOServerCnxn.java:576)
	at org.apache.zookeeper.server.NIOServerCnxn.doIO(NIOServerCnxn.java:350)
	at org.apache.zookeeper.server.NIOServerCnxnFactory$IOWorkRequest.doWork(NIOServerCnxnFactory.java:519)
	at org.apache.zookeeper.server.WorkerService$ScheduledWorkRequest.run(WorkerService.java:158)
	at java.util.concurrent.ThreadPoolExecutor.runWorker(ThreadPoolExecutor.java:1149)
	at java.util.concurrent.ThreadPoolExecutor$Worker.run(ThreadPoolExecutor.java:624)
	at java.lang.Thread.run(Thread.java:750)
2024-07-03 08:34:31,891 [myid:] - WARN  [NIOWorkerThread-8:o.a.z.s.NIOServerCnxn@397] - Close of session 0x0
java.io.IOException: ZooKeeperServer not running
	at org.apache.zookeeper.server.NIOServerCnxn.readLength(NIOServerCnxn.java:576)
	at org.apache.zookeeper.server.NIOServerCnxn.doIO(NIOServerCnxn.java:350)
	at org.apache.zookeeper.server.NIOServerCnxnFactory$IOWorkRequest.doWork(NIOServerCnxnFactory.java:519)
	at org.apache.zookeeper.server.WorkerService$ScheduledWorkRequest.run(WorkerService.java:158)
	at java.util.concurrent.ThreadPoolExecutor.runWorker(ThreadPoolExecutor.java:1149)
	at java.util.concurrent.ThreadPoolExecutor$Worker.run(ThreadPoolExecutor.java:624)
	at java.lang.Thread.run(Thread.java:750)
2024-07-03 08:34:33,452 [myid:] - WARN  [NIOWorkerThread-9:o.a.z.s.NIOServerCnxn@397] - Close of session 0x0
java.io.IOException: ZooKeeperServer not running
	at org.apache.zookeeper.server.NIOServerCnxn.readLength(NIOServerCnxn.java:576)
	at org.apache.zookeeper.server.NIOServerCnxn.doIO(NIOServerCnxn.java:350)
	at org.apache.zookeeper.server.NIOServerCnxnFactory$IOWorkRequest.doWork(NIOServerCnxnFactory.java:519)
	at org.apache.zookeeper.server.WorkerService$ScheduledWorkRequest.run(WorkerService.java:158)
	at java.util.concurrent.ThreadPoolExecutor.runWorker(ThreadPoolExecutor.java:1149)
	at java.util.concurrent.ThreadPoolExecutor$Worker.run(ThreadPoolExecutor.java:624)
	at java.lang.Thread.run(Thread.java:750)
2024-07-03 08:34:35,525 [myid:] - WARN  [NIOWorkerThread-10:o.a.z.s.NIOServerCnxn@397] - Close of session 0x0
java.io.IOException: ZooKeeperServer not running
	at org.apache.zookeeper.server.NIOServerCnxn.readLength(NIOServerCnxn.java:576)
	at org.apache.zookeeper.server.NIOServerCnxn.doIO(NIOServerCnxn.java:350)
	at org.apache.zookeeper.server.NIOServerCnxnFactory$IOWorkRequest.doWork(NIOServerCnxnFactory.java:519)
	at org.apache.zookeeper.server.WorkerService$ScheduledWorkRequest.run(WorkerService.java:158)
	at java.util.concurrent.ThreadPoolExecutor.runWorker(ThreadPoolExecutor.java:1149)
	at java.util.concurrent.ThreadPoolExecutor$Worker.run(ThreadPoolExecutor.java:624)
	at java.lang.Thread.run(Thread.java:750)
2024-07-03 08:34:37,553 [myid:] - WARN  [NIOWorkerThread-11:o.a.z.s.NIOServerCnxn@397] - Close of session 0x0
java.io.IOException: ZooKeeperServer not running
	at org.apache.zookeeper.server.NIOServerCnxn.readLength(NIOServerCnxn.java:576)
	at org.apache.zookeeper.server.NIOServerCnxn.doIO(NIOServerCnxn.java:350)
	at org.apache.zookeeper.server.NIOServerCnxnFactory$IOWorkRequest.doWork(NIOServerCnxnFactory.java:519)
	at org.apache.zookeeper.server.WorkerService$ScheduledWorkRequest.run(WorkerService.java:158)
	at java.util.concurrent.ThreadPoolExecutor.runWorker(ThreadPoolExecutor.java:1149)
	at java.util.concurrent.ThreadPoolExecutor$Worker.run(ThreadPoolExecutor.java:624)
	at java.lang.Thread.run(Thread.java:750)
2024-07-03 08:34:39,446 [myid:] - WARN  [NIOWorkerThread-12:o.a.z.s.NIOServerCnxn@397] - Close of session 0x0
java.io.IOException: ZooKeeperServer not running
	at org.apache.zookeeper.server.NIOServerCnxn.readLength(NIOServerCnxn.java:576)
	at org.apache.zookeeper.server.NIOServerCnxn.doIO(NIOServerCnxn.java:350)
	at org.apache.zookeeper.server.NIOServerCnxnFactory$IOWorkRequest.doWork(NIOServerCnxnFactory.java:519)
	at org.apache.zookeeper.server.WorkerService$ScheduledWorkRequest.run(WorkerService.java:158)
	at java.util.concurrent.ThreadPoolExecutor.runWorker(ThreadPoolExecutor.java:1149)
	at java.util.concurrent.ThreadPoolExecutor$Worker.run(ThreadPoolExecutor.java:624)
	at java.lang.Thread.run(Thread.java:750)
2024-07-03 08:34:41,557 [myid:] - WARN  [NIOWorkerThread-13:o.a.z.s.NIOServerCnxn@397] - Close of session 0x0
java.io.IOException: ZooKeeperServer not running
	at org.apache.zookeeper.server.NIOServerCnxn.readLength(NIOServerCnxn.java:576)
	at org.apache.zookeeper.server.NIOServerCnxn.doIO(NIOServerCnxn.java:350)
	at org.apache.zookeeper.server.NIOServerCnxnFactory$IOWorkRequest.doWork(NIOServerCnxnFactory.java:519)
	at org.apache.zookeeper.server.WorkerService$ScheduledWorkRequest.run(WorkerService.java:158)
	at java.util.concurrent.ThreadPoolExecutor.runWorker(ThreadPoolExecutor.java:1149)
	at java.util.concurrent.ThreadPoolExecutor$Worker.run(ThreadPoolExecutor.java:624)
	at java.lang.Thread.run(Thread.java:750)
2024-07-03 08:34:42,861 [myid:] - WARN  [NIOWorkerThread-14:o.a.z.s.NIOServerCnxn@397] - Close of session 0x0
java.io.IOException: ZooKeeperServer not running
	at org.apache.zookeeper.server.NIOServerCnxn.readLength(NIOServerCnxn.java:576)
	at org.apache.zookeeper.server.NIOServerCnxn.doIO(NIOServerCnxn.java:350)
	at org.apache.zookeeper.server.NIOServerCnxnFactory$IOWorkRequest.doWork(NIOServerCnxnFactory.java:519)
	at org.apache.zookeeper.server.WorkerService$ScheduledWorkRequest.run(WorkerService.java:158)
	at java.util.concurrent.ThreadPoolExecutor.runWorker(ThreadPoolExecutor.java:1149)
	at java.util.concurrent.ThreadPoolExecutor$Worker.run(ThreadPoolExecutor.java:624)
	at java.lang.Thread.run(Thread.java:750)
2024-07-03 08:34:44,158 [myid:] - WARN  [NIOWorkerThread-15:o.a.z.s.NIOServerCnxn@397] - Close of session 0x0
java.io.IOException: ZooKeeperServer not running
	at org.apache.zookeeper.server.NIOServerCnxn.readLength(NIOServerCnxn.java:576)
	at org.apache.zookeeper.server.NIOServerCnxn.doIO(NIOServerCnxn.java:350)
	at org.apache.zookeeper.server.NIOServerCnxnFactory$IOWorkRequest.doWork(NIOServerCnxnFactory.java:519)
	at org.apache.zookeeper.server.WorkerService$ScheduledWorkRequest.run(WorkerService.java:158)
	at java.util.concurrent.ThreadPoolExecutor.runWorker(ThreadPoolExecutor.java:1149)
	at java.util.concurrent.ThreadPoolExecutor$Worker.run(ThreadPoolExecutor.java:624)
	at java.lang.Thread.run(Thread.java:750)
2024-07-03 08:34:45,743 [myid:] - WARN  [NIOWorkerThread-16:o.a.z.s.NIOServerCnxn@397] - Close of session 0x0
java.io.IOException: ZooKeeperServer not running
	at org.apache.zookeeper.server.NIOServerCnxn.readLength(NIOServerCnxn.java:576)
	at org.apache.zookeeper.server.NIOServerCnxn.doIO(NIOServerCnxn.java:350)
	at org.apache.zookeeper.server.NIOServerCnxnFactory$IOWorkRequest.doWork(NIOServerCnxnFactory.java:519)
	at org.apache.zookeeper.server.WorkerService$ScheduledWorkRequest.run(WorkerService.java:158)
	at java.util.concurrent.ThreadPoolExecutor.runWorker(ThreadPoolExecutor.java:1149)
	at java.util.concurrent.ThreadPoolExecutor$Worker.run(ThreadPoolExecutor.java:624)
	at java.lang.Thread.run(Thread.java:750)
2024-07-03 08:34:47,276 [myid:] - WARN  [NIOWorkerThread-17:o.a.z.s.NIOServerCnxn@397] - Close of session 0x0
java.io.IOException: ZooKeeperServer not running
	at org.apache.zookeeper.server.NIOServerCnxn.readLength(NIOServerCnxn.java:576)
	at org.apache.zookeeper.server.NIOServerCnxn.doIO(NIOServerCnxn.java:350)
	at org.apache.zookeeper.server.NIOServerCnxnFactory$IOWorkRequest.doWork(NIOServerCnxnFactory.java:519)
	at org.apache.zookeeper.server.WorkerService$ScheduledWorkRequest.run(WorkerService.java:158)
	at java.util.concurrent.ThreadPoolExecutor.runWorker(ThreadPoolExecutor.java:1149)
	at java.util.concurrent.ThreadPoolExecutor$Worker.run(ThreadPoolExecutor.java:624)
	at java.lang.Thread.run(Thread.java:750)
2024-07-03 08:34:49,151 [myid:] - WARN  [NIOWorkerThread-18:o.a.z.s.NIOServerCnxn@397] - Close of session 0x0
java.io.IOException: ZooKeeperServer not running
	at org.apache.zookeeper.server.NIOServerCnxn.readLength(NIOServerCnxn.java:576)
	at org.apache.zookeeper.server.NIOServerCnxn.doIO(NIOServerCnxn.java:350)
	at org.apache.zookeeper.server.NIOServerCnxnFactory$IOWorkRequest.doWork(NIOServerCnxnFactory.java:519)
	at org.apache.zookeeper.server.WorkerService$ScheduledWorkRequest.run(WorkerService.java:158)
	at java.util.concurrent.ThreadPoolExecutor.runWorker(ThreadPoolExecutor.java:1149)
	at java.util.concurrent.ThreadPoolExecutor$Worker.run(ThreadPoolExecutor.java:624)
	at java.lang.Thread.run(Thread.java:750)
2024-07-03 08:34:50,428 [myid:] - WARN  [NIOWorkerThread-19:o.a.z.s.NIOServerCnxn@397] - Close of session 0x0
java.io.IOException: ZooKeeperServer not running
	at org.apache.zookeeper.server.NIOServerCnxn.readLength(NIOServerCnxn.java:576)
	at org.apache.zookeeper.server.NIOServerCnxn.doIO(NIOServerCnxn.java:350)
	at org.apache.zookeeper.server.NIOServerCnxnFactory$IOWorkRequest.doWork(NIOServerCnxnFactory.java:519)
	at org.apache.zookeeper.server.WorkerService$ScheduledWorkRequest.run(WorkerService.java:158)
	at java.util.concurrent.ThreadPoolExecutor.runWorker(ThreadPoolExecutor.java:1149)
	at java.util.concurrent.ThreadPoolExecutor$Worker.run(ThreadPoolExecutor.java:624)
	at java.lang.Thread.run(Thread.java:750)
2024-07-03 08:34:52,139 [myid:] - WARN  [NIOWorkerThread-20:o.a.z.s.NIOServerCnxn@397] - Close of session 0x0
java.io.IOException: ZooKeeperServer not running
	at org.apache.zookeeper.server.NIOServerCnxn.readLength(NIOServerCnxn.java:576)
	at org.apache.zookeeper.server.NIOServerCnxn.doIO(NIOServerCnxn.java:350)
	at org.apache.zookeeper.server.NIOServerCnxnFactory$IOWorkRequest.doWork(NIOServerCnxnFactory.java:519)
	at org.apache.zookeeper.server.WorkerService$ScheduledWorkRequest.run(WorkerService.java:158)
	at java.util.concurrent.ThreadPoolExecutor.runWorker(ThreadPoolExecutor.java:1149)
	at java.util.concurrent.ThreadPoolExecutor$Worker.run(ThreadPoolExecutor.java:624)
	at java.lang.Thread.run(Thread.java:750)
2024-07-03 08:34:53,952 [myid:] - WARN  [NIOWorkerThread-21:o.a.z.s.NIOServerCnxn@397] - Close of session 0x0
java.io.IOException: ZooKeeperServer not running
	at org.apache.zookeeper.server.NIOServerCnxn.readLength(NIOServerCnxn.java:576)
	at org.apache.zookeeper.server.NIOServerCnxn.doIO(NIOServerCnxn.java:350)
	at org.apache.zookeeper.server.NIOServerCnxnFactory$IOWorkRequest.doWork(NIOServerCnxnFactory.java:519)
	at org.apache.zookeeper.server.WorkerService$ScheduledWorkRequest.run(WorkerService.java:158)
	at java.util.concurrent.ThreadPoolExecutor.runWorker(ThreadPoolExecutor.java:1149)
	at java.util.concurrent.ThreadPoolExecutor$Worker.run(ThreadPoolExecutor.java:624)
	at java.lang.Thread.run(Thread.java:750)
2024-07-03 08:34:55,749 [myid:] - WARN  [NIOWorkerThread-22:o.a.z.s.NIOServerCnxn@397] - Close of session 0x0
java.io.IOException: ZooKeeperServer not running
	at org.apache.zookeeper.server.NIOServerCnxn.readLength(NIOServerCnxn.java:576)
	at org.apache.zookeeper.server.NIOServerCnxn.doIO(NIOServerCnxn.java:350)
	at org.apache.zookeeper.server.NIOServerCnxnFactory$IOWorkRequest.doWork(NIOServerCnxnFactory.java:519)
	at org.apache.zookeeper.server.WorkerService$ScheduledWorkRequest.run(WorkerService.java:158)
	at java.util.concurrent.ThreadPoolExecutor.runWorker(ThreadPoolExecutor.java:1149)
	at java.util.concurrent.ThreadPoolExecutor$Worker.run(ThreadPoolExecutor.java:624)
	at java.lang.Thread.run(Thread.java:750)
2024-07-03 08:34:57,665 [myid:] - WARN  [NIOWorkerThread-23:o.a.z.s.NIOServerCnxn@397] - Close of session 0x0
java.io.IOException: ZooKeeperServer not running
	at org.apache.zookeeper.server.NIOServerCnxn.readLength(NIOServerCnxn.java:576)
	at org.apache.zookeeper.server.NIOServerCnxn.doIO(NIOServerCnxn.java:350)
	at org.apache.zookeeper.server.NIOServerCnxnFactory$IOWorkRequest.doWork(NIOServerCnxnFactory.java:519)
	at org.apache.zookeeper.server.WorkerService$ScheduledWorkRequest.run(WorkerService.java:158)
	at java.util.concurrent.ThreadPoolExecutor.runWorker(ThreadPoolExecutor.java:1149)
	at java.util.concurrent.ThreadPoolExecutor$Worker.run(ThreadPoolExecutor.java:624)
	at java.lang.Thread.run(Thread.java:750)
2024-07-03 08:34:59,515 [myid:] - WARN  [NIOWorkerThread-24:o.a.z.s.NIOServerCnxn@397] - Close of session 0x0
java.io.IOException: ZooKeeperServer not running
	at org.apache.zookeeper.server.NIOServerCnxn.readLength(NIOServerCnxn.java:576)
	at org.apache.zookeeper.server.NIOServerCnxn.doIO(NIOServerCnxn.java:350)
	at org.apache.zookeeper.server.NIOServerCnxnFactory$IOWorkRequest.doWork(NIOServerCnxnFactory.java:519)
	at org.apache.zookeeper.server.WorkerService$ScheduledWorkRequest.run(WorkerService.java:158)
	at java.util.concurrent.ThreadPoolExecutor.runWorker(ThreadPoolExecutor.java:1149)
	at java.util.concurrent.ThreadPoolExecutor$Worker.run(ThreadPoolExecutor.java:624)
	at java.lang.Thread.run(Thread.java:750)
2024-07-03 08:35:01,229 [myid:] - WARN  [NIOWorkerThread-25:o.a.z.s.NIOServerCnxn@397] - Close of session 0x0
java.io.IOException: ZooKeeperServer not running
	at org.apache.zookeeper.server.NIOServerCnxn.readLength(NIOServerCnxn.java:576)
	at org.apache.zookeeper.server.NIOServerCnxn.doIO(NIOServerCnxn.java:350)
	at org.apache.zookeeper.server.NIOServerCnxnFactory$IOWorkRequest.doWork(NIOServerCnxnFactory.java:519)
	at org.apache.zookeeper.server.WorkerService$ScheduledWorkRequest.run(WorkerService.java:158)
	at java.util.concurrent.ThreadPoolExecutor.runWorker(ThreadPoolExecutor.java:1149)
	at java.util.concurrent.ThreadPoolExecutor$Worker.run(ThreadPoolExecutor.java:624)
	at java.lang.Thread.run(Thread.java:750)
2024-07-03 08:35:02,615 [myid:] - WARN  [NIOWorkerThread-26:o.a.z.s.NIOServerCnxn@397] - Close of session 0x0
java.io.IOException: ZooKeeperServer not running
	at org.apache.zookeeper.server.NIOServerCnxn.readLength(NIOServerCnxn.java:576)
	at org.apache.zookeeper.server.NIOServerCnxn.doIO(NIOServerCnxn.java:350)
	at org.apache.zookeeper.server.NIOServerCnxnFactory$IOWorkRequest.doWork(NIOServerCnxnFactory.java:519)
	at org.apache.zookeeper.server.WorkerService$ScheduledWorkRequest.run(WorkerService.java:158)
	at java.util.concurrent.ThreadPoolExecutor.runWorker(ThreadPoolExecutor.java:1149)
	at java.util.concurrent.ThreadPoolExecutor$Worker.run(ThreadPoolExecutor.java:624)
	at java.lang.Thread.run(Thread.java:750)
2024-07-03 08:35:04,028 [myid:] - WARN  [NIOWorkerThread-27:o.a.z.s.NIOServerCnxn@397] - Close of session 0x0
java.io.IOException: ZooKeeperServer not running
	at org.apache.zookeeper.server.NIOServerCnxn.readLength(NIOServerCnxn.java:576)
	at org.apache.zookeeper.server.NIOServerCnxn.doIO(NIOServerCnxn.java:350)
	at org.apache.zookeeper.server.NIOServerCnxnFactory$IOWorkRequest.doWork(NIOServerCnxnFactory.java:519)
	at org.apache.zookeeper.server.WorkerService$ScheduledWorkRequest.run(WorkerService.java:158)
	at java.util.concurrent.ThreadPoolExecutor.runWorker(ThreadPoolExecutor.java:1149)
	at java.util.concurrent.ThreadPoolExecutor$Worker.run(ThreadPoolExecutor.java:624)
	at java.lang.Thread.run(Thread.java:750)
2024-07-03 08:35:05,875 [myid:] - WARN  [NIOWorkerThread-28:o.a.z.s.NIOServerCnxn@397] - Close of session 0x0
java.io.IOException: ZooKeeperServer not running
	at org.apache.zookeeper.server.NIOServerCnxn.readLength(NIOServerCnxn.java:576)
	at org.apache.zookeeper.server.NIOServerCnxn.doIO(NIOServerCnxn.java:350)
	at org.apache.zookeeper.server.NIOServerCnxnFactory$IOWorkRequest.doWork(NIOServerCnxnFactory.java:519)
	at org.apache.zookeeper.server.WorkerService$ScheduledWorkRequest.run(WorkerService.java:158)
	at java.util.concurrent.ThreadPoolExecutor.runWorker(ThreadPoolExecutor.java:1149)
	at java.util.concurrent.ThreadPoolExecutor$Worker.run(ThreadPoolExecutor.java:624)
	at java.lang.Thread.run(Thread.java:750)
2024-07-03 08:35:07,281 [myid:] - WARN  [NIOWorkerThread-29:o.a.z.s.NIOServerCnxn@397] - Close of session 0x0
java.io.IOException: ZooKeeperServer not running
	at org.apache.zookeeper.server.NIOServerCnxn.readLength(NIOServerCnxn.java:576)
	at org.apache.zookeeper.server.NIOServerCnxn.doIO(NIOServerCnxn.java:350)
	at org.apache.zookeeper.server.NIOServerCnxnFactory$IOWorkRequest.doWork(NIOServerCnxnFactory.java:519)
	at org.apache.zookeeper.server.WorkerService$ScheduledWorkRequest.run(WorkerService.java:158)
	at java.util.concurrent.ThreadPoolExecutor.runWorker(ThreadPoolExecutor.java:1149)
	at java.util.concurrent.ThreadPoolExecutor$Worker.run(ThreadPoolExecutor.java:624)
	at java.lang.Thread.run(Thread.java:750)
2024-07-03 08:35:08,580 [myid:] - WARN  [NIOWorkerThread-30:o.a.z.s.NIOServerCnxn@397] - Close of session 0x0
java.io.IOException: ZooKeeperServer not running
	at org.apache.zookeeper.server.NIOServerCnxn.readLength(NIOServerCnxn.java:576)
	at org.apache.zookeeper.server.NIOServerCnxn.doIO(NIOServerCnxn.java:350)
	at org.apache.zookeeper.server.NIOServerCnxnFactory$IOWorkRequest.doWork(NIOServerCnxnFactory.java:519)
	at org.apache.zookeeper.server.WorkerService$ScheduledWorkRequest.run(WorkerService.java:158)
	at java.util.concurrent.ThreadPoolExecutor.runWorker(ThreadPoolExecutor.java:1149)
	at java.util.concurrent.ThreadPoolExecutor$Worker.run(ThreadPoolExecutor.java:624)
	at java.lang.Thread.run(Thread.java:750)
2024-07-03 08:35:10,092 [myid:] - WARN  [NIOWorkerThread-31:o.a.z.s.NIOServerCnxn@397] - Close of session 0x0
java.io.IOException: ZooKeeperServer not running
	at org.apache.zookeeper.server.NIOServerCnxn.readLength(NIOServerCnxn.java:576)
	at org.apache.zookeeper.server.NIOServerCnxn.doIO(NIOServerCnxn.java:350)
	at org.apache.zookeeper.server.NIOServerCnxnFactory$IOWorkRequest.doWork(NIOServerCnxnFactory.java:519)
	at org.apache.zookeeper.server.WorkerService$ScheduledWorkRequest.run(WorkerService.java:158)
	at java.util.concurrent.ThreadPoolExecutor.runWorker(ThreadPoolExecutor.java:1149)
	at java.util.concurrent.ThreadPoolExecutor$Worker.run(ThreadPoolExecutor.java:624)
	at java.lang.Thread.run(Thread.java:750)
2024-07-03 08:35:11,481 [myid:] - WARN  [NIOWorkerThread-32:o.a.z.s.NIOServerCnxn@397] - Close of session 0x0
java.io.IOException: ZooKeeperServer not running
	at org.apache.zookeeper.server.NIOServerCnxn.readLength(NIOServerCnxn.java:576)
	at org.apache.zookeeper.server.NIOServerCnxn.doIO(NIOServerCnxn.java:350)
	at org.apache.zookeeper.server.NIOServerCnxnFactory$IOWorkRequest.doWork(NIOServerCnxnFactory.java:519)
	at org.apache.zookeeper.server.WorkerService$ScheduledWorkRequest.run(WorkerService.java:158)
	at java.util.concurrent.ThreadPoolExecutor.runWorker(ThreadPoolExecutor.java:1149)
	at java.util.concurrent.ThreadPoolExecutor$Worker.run(ThreadPoolExecutor.java:624)
	at java.lang.Thread.run(Thread.java:750)
2024-07-03 08:35:13,398 [myid:] - WARN  [NIOWorkerThread-33:o.a.z.s.NIOServerCnxn@397] - Close of session 0x0
java.io.IOException: ZooKeeperServer not running
	at org.apache.zookeeper.server.NIOServerCnxn.readLength(NIOServerCnxn.java:576)
	at org.apache.zookeeper.server.NIOServerCnxn.doIO(NIOServerCnxn.java:350)
	at org.apache.zookeeper.server.NIOServerCnxnFactory$IOWorkRequest.doWork(NIOServerCnxnFactory.java:519)
	at org.apache.zookeeper.server.WorkerService$ScheduledWorkRequest.run(WorkerService.java:158)
	at java.util.concurrent.ThreadPoolExecutor.runWorker(ThreadPoolExecutor.java:1149)
	at java.util.concurrent.ThreadPoolExecutor$Worker.run(ThreadPoolExecutor.java:624)
	at java.lang.Thread.run(Thread.java:750)
2024-07-03 08:35:15,014 [myid:] - WARN  [NIOWorkerThread-34:o.a.z.s.NIOServerCnxn@397] - Close of session 0x0
java.io.IOException: ZooKeeperServer not running
	at org.apache.zookeeper.server.NIOServerCnxn.readLength(NIOServerCnxn.java:576)
	at org.apache.zookeeper.server.NIOServerCnxn.doIO(NIOServerCnxn.java:350)
	at org.apache.zookeeper.server.NIOServerCnxnFactory$IOWorkRequest.doWork(NIOServerCnxnFactory.java:519)
	at org.apache.zookeeper.server.WorkerService$ScheduledWorkRequest.run(WorkerService.java:158)
	at java.util.concurrent.ThreadPoolExecutor.runWorker(ThreadPoolExecutor.java:1149)
	at java.util.concurrent.ThreadPoolExecutor$Worker.run(ThreadPoolExecutor.java:624)
	at java.lang.Thread.run(Thread.java:750)
2024-07-03 08:35:16,456 [myid:] - INFO  [QuorumPeer[myid=2](plain=0.0.0.0:2181)(secure=disabled):o.a.z.s.q.QuorumPeer@920] - Peer state changed: following - synchronization
2024-07-03 08:35:16,458 [myid:] - WARN  [QuorumPeer[myid=2](plain=0.0.0.0:2181)(secure=disabled):o.a.z.s.q.Follower@128] - Exception when following the leader
java.io.EOFException: null
	at java.io.DataInputStream.readInt(DataInputStream.java:392)
	at org.apache.jute.BinaryInputArchive.readInt(BinaryInputArchive.java:96)
	at org.apache.zookeeper.server.quorum.QuorumPacket.deserialize(QuorumPacket.java:86)
	at org.apache.jute.BinaryInputArchive.readRecord(BinaryInputArchive.java:134)
	at org.apache.zookeeper.server.quorum.Learner.readPacket(Learner.java:228)
	at org.apache.zookeeper.server.quorum.Learner.syncWithLeader(Learner.java:556)
	at org.apache.zookeeper.server.quorum.Follower.followLeader(Follower.java:108)
	at org.apache.zookeeper.server.quorum.QuorumPeer.run(QuorumPeer.java:1556)
2024-07-03 08:35:16,459 [myid:] - INFO  [QuorumPeer[myid=2](plain=0.0.0.0:2181)(secure=disabled):o.a.z.s.q.Follower@142] - Disconnected from leader (with address: /172.30.0.4:2888). Was connected for 60060ms. Sync state: false
2024-07-03 08:35:16,460 [myid:] - INFO  [QuorumPeer[myid=2](plain=0.0.0.0:2181)(secure=disabled):o.a.z.s.q.Follower@286] - shutdown Follower
2024-07-03 08:35:16,460 [myid:] - INFO  [QuorumPeer[myid=2](plain=0.0.0.0:2181)(secure=disabled):o.a.z.s.q.QuorumPeer@920] - Peer state changed: looking
2024-07-03 08:35:16,460 [myid:] - WARN  [QuorumPeer[myid=2](plain=0.0.0.0:2181)(secure=disabled):o.a.z.s.q.QuorumPeer@1602] - PeerState set to LOOKING
2024-07-03 08:35:16,460 [myid:] - INFO  [QuorumPeer[myid=2](plain=0.0.0.0:2181)(secure=disabled):o.a.z.s.q.QuorumPeer@1471] - LOOKING
2024-07-03 08:35:16,460 [myid:] - INFO  [QuorumPeer[myid=2](plain=0.0.0.0:2181)(secure=disabled):o.a.z.s.q.FastLeaderElection@946] - New election. My id = 2, proposed zxid=0x0
2024-07-03 08:35:16,493 [myid:] - INFO  [WorkerReceiver[myid=2]:o.a.z.s.q.FastLeaderElection$Messenger$WorkerReceiver@391] - Notification: my state:LOOKING; n.sid:2, n.state:LOOKING, n.leader:2, n.round:0x2, n.peerEpoch:0x0, n.zxid:0x0, message format version:0x2, n.config version:0x0
2024-07-03 08:35:16,521 [myid:] - INFO  [WorkerReceiver[myid=2]:o.a.z.s.q.FastLeaderElection$Messenger$WorkerReceiver@391] - Notification: my state:LOOKING; n.sid:1, n.state:FOLLOWING, n.leader:3, n.round:0x1, n.peerEpoch:0x1, n.zxid:0x0, message format version:0x2, n.config version:0x0
2024-07-03 08:35:16,531 [myid:] - INFO  [WorkerReceiver[myid=2]:o.a.z.s.q.FastLeaderElection$Messenger$WorkerReceiver@391] - Notification: my state:LOOKING; n.sid:3, n.state:LEADING, n.leader:3, n.round:0x1, n.peerEpoch:0x1, n.zxid:0x0, message format version:0x2, n.config version:0x0
2024-07-03 08:35:16,531 [myid:] - INFO  [QuorumPeer[myid=2](plain=0.0.0.0:2181)(secure=disabled):o.a.z.s.q.QuorumPeer@906] - Peer state changed: following
2024-07-03 08:35:16,532 [myid:] - INFO  [QuorumPeer[myid=2](plain=0.0.0.0:2181)(secure=disabled):o.a.z.s.q.QuorumPeer@1554] - FOLLOWING
2024-07-03 08:35:16,532 [myid:] - INFO  [QuorumPeer[myid=2](plain=0.0.0.0:2181)(secure=disabled):o.a.z.s.AuthenticationHelper@66] - zookeeper.enforce.auth.enabled = false
2024-07-03 08:35:16,532 [myid:] - INFO  [QuorumPeer[myid=2](plain=0.0.0.0:2181)(secure=disabled):o.a.z.s.AuthenticationHelper@67] - zookeeper.enforce.auth.schemes = []
2024-07-03 08:35:16,533 [myid:] - INFO  [QuorumPeer[myid=2](plain=0.0.0.0:2181)(secure=disabled):o.a.z.s.ZooKeeperServer@1406] - minSessionTimeout set to 4000 ms
2024-07-03 08:35:16,533 [myid:] - INFO  [QuorumPeer[myid=2](plain=0.0.0.0:2181)(secure=disabled):o.a.z.s.ZooKeeperServer@1415] - maxSessionTimeout set to 40000 ms
2024-07-03 08:35:16,533 [myid:] - INFO  [QuorumPeer[myid=2](plain=0.0.0.0:2181)(secure=disabled):o.a.z.s.ResponseCache@45] - getData response cache size is initialized with value 400.
2024-07-03 08:35:16,533 [myid:] - INFO  [QuorumPeer[myid=2](plain=0.0.0.0:2181)(secure=disabled):o.a.z.s.ResponseCache@45] - getChildren response cache size is initialized with value 400.
2024-07-03 08:35:16,533 [myid:] - INFO  [QuorumPeer[myid=2](plain=0.0.0.0:2181)(secure=disabled):o.a.z.s.u.RequestPathMetricsCollector@109] - zookeeper.pathStats.slotCapacity = 60
2024-07-03 08:35:16,533 [myid:] - INFO  [QuorumPeer[myid=2](plain=0.0.0.0:2181)(secure=disabled):o.a.z.s.u.RequestPathMetricsCollector@110] - zookeeper.pathStats.slotDuration = 15
2024-07-03 08:35:16,533 [myid:] - INFO  [QuorumPeer[myid=2](plain=0.0.0.0:2181)(secure=disabled):o.a.z.s.u.RequestPathMetricsCollector@111] - zookeeper.pathStats.maxDepth = 6
2024-07-03 08:35:16,533 [myid:] - INFO  [QuorumPeer[myid=2](plain=0.0.0.0:2181)(secure=disabled):o.a.z.s.u.RequestPathMetricsCollector@112] - zookeeper.pathStats.initialDelay = 5
2024-07-03 08:35:16,534 [myid:] - INFO  [QuorumPeer[myid=2](plain=0.0.0.0:2181)(secure=disabled):o.a.z.s.u.RequestPathMetricsCollector@113] - zookeeper.pathStats.delay = 5
2024-07-03 08:35:16,534 [myid:] - INFO  [QuorumPeer[myid=2](plain=0.0.0.0:2181)(secure=disabled):o.a.z.s.u.RequestPathMetricsCollector@114] - zookeeper.pathStats.enabled = false
2024-07-03 08:35:16,534 [myid:] - INFO  [QuorumPeer[myid=2](plain=0.0.0.0:2181)(secure=disabled):o.a.z.s.ZooKeeperServer@1631] - The max bytes for all large requests are set to 104857600
2024-07-03 08:35:16,534 [myid:] - INFO  [QuorumPeer[myid=2](plain=0.0.0.0:2181)(secure=disabled):o.a.z.s.ZooKeeperServer@1645] - The large request threshold is set to -1
2024-07-03 08:35:16,534 [myid:] - INFO  [QuorumPeer[myid=2](plain=0.0.0.0:2181)(secure=disabled):o.a.z.s.ZooKeeperServer@385] - Created server with tickTime 2000 ms minSessionTimeout 4000 ms maxSessionTimeout 40000 ms clientPortListenBacklog -1 datadir /apache-zookeeper-3.10.0-SNAPSHOT-bin/logs/version-2 snapdir /apache-zookeeper-3.10.0-SNAPSHOT-bin/data/version-2
2024-07-03 08:35:16,534 [myid:] - INFO  [QuorumPeer[myid=2](plain=0.0.0.0:2181)(secure=disabled):o.a.z.s.q.Follower@77] - FOLLOWING - LEADER ELECTION TOOK - 74 MS
2024-07-03 08:35:16,535 [myid:] - INFO  [QuorumPeer[myid=2](plain=0.0.0.0:2181)(secure=disabled):o.a.z.s.q.QuorumPeer@920] - Peer state changed: following - discovery
2024-07-03 08:35:16,542 [myid:] - INFO  [LeaderConnector-/172.30.0.4:2888:o.a.z.s.q.Learner$LeaderConnector@380] - Successfully connected to leader, using address: /172.30.0.4:2888
2024-07-03 08:35:16,554 [myid:] - INFO  [QuorumPeer[myid=2](plain=0.0.0.0:2181)(secure=disabled):o.a.z.s.q.QuorumPeer@920] - Peer state changed: following - synchronization
2024-07-03 08:35:16,568 [myid:] - INFO  [QuorumPeer[myid=2](plain=0.0.0.0:2181)(secure=disabled):o.a.z.s.q.QuorumPeer@925] - Peer state changed: following - synchronization - snap
2024-07-03 08:35:16,568 [myid:] - INFO  [QuorumPeer[myid=2](plain=0.0.0.0:2181)(secure=disabled):o.a.z.s.q.Learner@572] - Getting a snapshot from leader 0x100000068
2024-07-03 08:35:16,570 [myid:] - INFO  [QuorumPeer[myid=2](plain=0.0.0.0:2181)(secure=disabled):o.a.z.s.w.WatchManagerFactory@42] - Using org.apache.zookeeper.server.watch.WatchManager as watch manager
2024-07-03 08:35:16,570 [myid:] - INFO  [QuorumPeer[myid=2](plain=0.0.0.0:2181)(secure=disabled):o.a.z.s.w.WatchManagerFactory@42] - Using org.apache.zookeeper.server.watch.WatchManager as watch manager
deserialize:
aclIndex:16
2024-07-03 08:35:16,636 [myid:] - INFO  [QuorumPeer[myid=2](plain=0.0.0.0:2181)(secure=disabled):o.a.z.s.q.Learner@733] - Learner received NEWLEADER message
2024-07-03 08:35:16,647 [myid:] - INFO  [QuorumPeer[myid=2](plain=0.0.0.0:2181)(secure=disabled):o.a.z.s.q.QuorumPeer@1909] - Dynamic reconfig is disabled, we don't store the last seen config.
2024-07-03 08:35:16,648 [myid:] - INFO  [QuorumPeer[myid=2](plain=0.0.0.0:2181)(secure=disabled):o.a.z.s.p.FileTxnSnapLog@480] - Snapshotting: 0x100000068 to /apache-zookeeper-3.10.0-SNAPSHOT-bin/data/version-2/snapshot.100000068
2024-07-03 08:35:16,676 [myid:] - INFO  [QuorumPeer[myid=2](plain=0.0.0.0:2181)(secure=disabled):o.a.z.s.ZooKeeperServer@589] - Snapshot taken in 28 ms
2024-07-03 08:35:16,679 [myid:] - INFO  [QuorumPeer[myid=2](plain=0.0.0.0:2181)(secure=disabled):o.a.z.s.q.QuorumPeer@925] - Peer state changed: following - synchronization
2024-07-03 08:35:16,683 [myid:] - INFO  [QuorumPeer[myid=2](plain=0.0.0.0:2181)(secure=disabled):o.a.z.s.q.CommitProcessor@489] - Configuring CommitProcessor with readBatchSize -1 commitBatchSize 1
2024-07-03 08:35:16,684 [myid:] - INFO  [QuorumPeer[myid=2](plain=0.0.0.0:2181)(secure=disabled):o.a.z.s.q.CommitProcessor@450] - Configuring CommitProcessor with 112 worker threads.
2024-07-03 08:35:16,685 [myid:] - INFO  [QuorumPeer[myid=2](plain=0.0.0.0:2181)(secure=disabled):o.a.z.s.q.FollowerRequestProcessor@59] - Initialized FollowerRequestProcessor with zookeeper.follower.skipLearnerRequestToNextProcessor as false
2024-07-03 08:35:16,687 [myid:] - INFO  [QuorumPeer[myid=2](plain=0.0.0.0:2181)(secure=disabled):o.a.z.s.RequestThrottler@75] - zookeeper.request_throttler.shutdownTimeout = 10000 ms
2024-07-03 08:35:16,701 [myid:] - INFO  [QuorumPeer[myid=2](plain=0.0.0.0:2181)(secure=disabled):o.a.z.s.q.Learner@717] - Learner received UPTODATE message
2024-07-03 08:35:16,702 [myid:] - INFO  [QuorumPeer[myid=2](plain=0.0.0.0:2181)(secure=disabled):o.a.z.s.q.QuorumPeer@920] - Peer state changed: following - broadcast
2024-07-03 08:35:16,742 [myid:] - WARN  [QuorumPeer[myid=2](plain=0.0.0.0:2181)(secure=disabled):o.a.z.s.q.Follower@169] - Got zxid 0x100000069 expected 0x1
2024-07-03 08:35:16,743 [myid:] - INFO  [SyncThread:2:o.a.z.s.p.FileTxnLog@284] - Creating new log file: log.100000069
2024-07-03 08:35:16,754 [myid:] - INFO  [CommitProcessor:2:o.a.z.s.q.LearnerSessionTracker@116] - Committing global session 0x2004d7582100000
2024-07-03 08:35:21,305 [myid:] - INFO  [NIOWorkerThread-169:o.a.z.s.NIOServerCnxn@340] - Unable to read additional data from client, it probably closed the socket: address = /127.0.0.1:40188, session = 0x2004d7582100000
